[2023-11-29T19:00:23.464+0000] {manager.py:487} INFO - Processing files using up to 2 processes at a time 
[2023-11-29T19:00:23.491+0000] {manager.py:488} INFO - Process each file at most once every 30 seconds
[2023-11-29T19:00:23.491+0000] {manager.py:489} INFO - Checking for new files in /opt/airflow/dags every 300 seconds
[2023-11-29T19:00:23.491+0000] {manager.py:755} INFO - Searching for files in /opt/airflow/dags
[2023-11-29T19:00:23.651+0000] {manager.py:758} INFO - There are 5 files in /opt/airflow/dags
[2023-11-29T19:42:54.292+0000] {manager.py:487} INFO - Processing files using up to 2 processes at a time 
[2023-11-29T19:42:54.293+0000] {manager.py:488} INFO - Process each file at most once every 30 seconds
[2023-11-29T19:42:54.294+0000] {manager.py:489} INFO - Checking for new files in /opt/airflow/dags every 300 seconds
[2023-11-29T19:42:54.294+0000] {manager.py:755} INFO - Searching for files in /opt/airflow/dags
[2023-11-29T19:42:54.321+0000] {manager.py:758} INFO - There are 5 files in /opt/airflow/dags
[2023-11-29T20:27:35.202+0000] {manager.py:487} INFO - Processing files using up to 2 processes at a time 
[2023-11-29T20:27:35.203+0000] {manager.py:488} INFO - Process each file at most once every 30 seconds
[2023-11-29T20:27:35.203+0000] {manager.py:489} INFO - Checking for new files in /opt/airflow/dags every 300 seconds
[2023-11-29T20:27:35.203+0000] {manager.py:755} INFO - Searching for files in /opt/airflow/dags
[2023-11-29T20:27:35.401+0000] {manager.py:758} INFO - There are 5 files in /opt/airflow/dags
[2023-11-29T20:27:35.565+0000] {manager.py:765} ERROR - Error removing old import errors
Traceback (most recent call last):
  File "/usr/local/lib/python3.11/site-packages/sqlalchemy/engine/base.py", line 3371, in _wrap_pool_connect
    return fn()
           ^^^^
  File "/usr/local/lib/python3.11/site-packages/sqlalchemy/pool/base.py", line 327, in connect
    return _ConnectionFairy._checkout(self)
           ^^^^^^^^^^^^^^^^^^^^^^^^^^^^^^^^
  File "/usr/local/lib/python3.11/site-packages/sqlalchemy/pool/base.py", line 894, in _checkout
    fairy = _ConnectionRecord.checkout(pool)
            ^^^^^^^^^^^^^^^^^^^^^^^^^^^^^^^^
  File "/usr/local/lib/python3.11/site-packages/sqlalchemy/pool/base.py", line 493, in checkout
    rec = pool._do_get()
          ^^^^^^^^^^^^^^
  File "/usr/local/lib/python3.11/site-packages/sqlalchemy/pool/impl.py", line 145, in _do_get
    with util.safe_reraise():
  File "/usr/local/lib/python3.11/site-packages/sqlalchemy/util/langhelpers.py", line 70, in __exit__
    compat.raise_(
  File "/usr/local/lib/python3.11/site-packages/sqlalchemy/util/compat.py", line 211, in raise_
    raise exception
  File "/usr/local/lib/python3.11/site-packages/sqlalchemy/pool/impl.py", line 143, in _do_get
    return self._create_connection()
           ^^^^^^^^^^^^^^^^^^^^^^^^^
  File "/usr/local/lib/python3.11/site-packages/sqlalchemy/pool/base.py", line 273, in _create_connection
    return _ConnectionRecord(self)
           ^^^^^^^^^^^^^^^^^^^^^^^
  File "/usr/local/lib/python3.11/site-packages/sqlalchemy/pool/base.py", line 388, in __init__
    self.__connect()
  File "/usr/local/lib/python3.11/site-packages/sqlalchemy/pool/base.py", line 690, in __connect
    with util.safe_reraise():
  File "/usr/local/lib/python3.11/site-packages/sqlalchemy/util/langhelpers.py", line 70, in __exit__
    compat.raise_(
  File "/usr/local/lib/python3.11/site-packages/sqlalchemy/util/compat.py", line 211, in raise_
    raise exception
  File "/usr/local/lib/python3.11/site-packages/sqlalchemy/pool/base.py", line 686, in __connect
    self.dbapi_connection = connection = pool._invoke_creator(self)
                                         ^^^^^^^^^^^^^^^^^^^^^^^^^^
  File "/usr/local/lib/python3.11/site-packages/sqlalchemy/engine/create.py", line 574, in connect
    return dialect.connect(*cargs, **cparams)
           ^^^^^^^^^^^^^^^^^^^^^^^^^^^^^^^^^^
  File "/usr/local/lib/python3.11/site-packages/sqlalchemy/engine/default.py", line 598, in connect
    return self.dbapi.connect(*cargs, **cparams)
           ^^^^^^^^^^^^^^^^^^^^^^^^^^^^^^^^^^^^^
  File "/usr/local/lib/python3.11/site-packages/psycopg2/__init__.py", line 122, in connect
    conn = _connect(dsn, connection_factory=connection_factory, **kwasync)
           ^^^^^^^^^^^^^^^^^^^^^^^^^^^^^^^^^^^^^^^^^^^^^^^^^^^^^^^^^^^^^^^
psycopg2.OperationalError: connection to server at "postgres" (172.18.0.2), port 5432 failed: Connection refused
	Is the server running on that host and accepting TCP/IP connections?


The above exception was the direct cause of the following exception:

Traceback (most recent call last):
  File "/usr/local/lib/python3.11/site-packages/airflow/dag_processing/manager.py", line 763, in _refresh_dag_dir
    DagFileProcessorManager.clear_nonexistent_import_errors(file_paths=self._file_paths)
  File "/usr/local/lib/python3.11/site-packages/airflow/api_internal/internal_api_call.py", line 114, in wrapper
    return func(*args, **kwargs)
           ^^^^^^^^^^^^^^^^^^^^^
  File "/usr/local/lib/python3.11/site-packages/airflow/utils/session.py", line 77, in wrapper
    return func(*args, session=session, **kwargs)
           ^^^^^^^^^^^^^^^^^^^^^^^^^^^^^^^^^^^^^^
  File "/usr/local/lib/python3.11/site-packages/airflow/dag_processing/manager.py", line 823, in clear_nonexistent_import_errors
    query.delete(synchronize_session="fetch")
  File "/usr/local/lib/python3.11/site-packages/sqlalchemy/orm/query.py", line 3222, in delete
    result = self.session.execute(
             ^^^^^^^^^^^^^^^^^^^^^
  File "/usr/local/lib/python3.11/site-packages/sqlalchemy/orm/session.py", line 1716, in execute
    conn = self._connection_for_bind(bind)
           ^^^^^^^^^^^^^^^^^^^^^^^^^^^^^^^
  File "/usr/local/lib/python3.11/site-packages/sqlalchemy/orm/session.py", line 1555, in _connection_for_bind
    return self._transaction._connection_for_bind(
           ^^^^^^^^^^^^^^^^^^^^^^^^^^^^^^^^^^^^^^^
  File "/usr/local/lib/python3.11/site-packages/sqlalchemy/orm/session.py", line 750, in _connection_for_bind
    conn = bind.connect()
           ^^^^^^^^^^^^^^
  File "/usr/local/lib/python3.11/site-packages/sqlalchemy/future/engine.py", line 406, in connect
    return super(Engine, self).connect()
           ^^^^^^^^^^^^^^^^^^^^^^^^^^^^^
  File "/usr/local/lib/python3.11/site-packages/sqlalchemy/engine/base.py", line 3325, in connect
    return self._connection_cls(self, close_with_result=close_with_result)
           ^^^^^^^^^^^^^^^^^^^^^^^^^^^^^^^^^^^^^^^^^^^^^^^^^^^^^^^^^^^^^^^
  File "/usr/local/lib/python3.11/site-packages/sqlalchemy/engine/base.py", line 96, in __init__
    else engine.raw_connection()
         ^^^^^^^^^^^^^^^^^^^^^^^
  File "/usr/local/lib/python3.11/site-packages/sqlalchemy/engine/base.py", line 3404, in raw_connection
    return self._wrap_pool_connect(self.pool.connect, _connection)
           ^^^^^^^^^^^^^^^^^^^^^^^^^^^^^^^^^^^^^^^^^^^^^^^^^^^^^^^
  File "/usr/local/lib/python3.11/site-packages/sqlalchemy/engine/base.py", line 3374, in _wrap_pool_connect
    Connection._handle_dbapi_exception_noconnection(
  File "/usr/local/lib/python3.11/site-packages/sqlalchemy/engine/base.py", line 2208, in _handle_dbapi_exception_noconnection
    util.raise_(
  File "/usr/local/lib/python3.11/site-packages/sqlalchemy/util/compat.py", line 211, in raise_
    raise exception
  File "/usr/local/lib/python3.11/site-packages/sqlalchemy/engine/base.py", line 3371, in _wrap_pool_connect
    return fn()
           ^^^^
  File "/usr/local/lib/python3.11/site-packages/sqlalchemy/pool/base.py", line 327, in connect
    return _ConnectionFairy._checkout(self)
           ^^^^^^^^^^^^^^^^^^^^^^^^^^^^^^^^
  File "/usr/local/lib/python3.11/site-packages/sqlalchemy/pool/base.py", line 894, in _checkout
    fairy = _ConnectionRecord.checkout(pool)
            ^^^^^^^^^^^^^^^^^^^^^^^^^^^^^^^^
  File "/usr/local/lib/python3.11/site-packages/sqlalchemy/pool/base.py", line 493, in checkout
    rec = pool._do_get()
          ^^^^^^^^^^^^^^
  File "/usr/local/lib/python3.11/site-packages/sqlalchemy/pool/impl.py", line 145, in _do_get
    with util.safe_reraise():
  File "/usr/local/lib/python3.11/site-packages/sqlalchemy/util/langhelpers.py", line 70, in __exit__
    compat.raise_(
  File "/usr/local/lib/python3.11/site-packages/sqlalchemy/util/compat.py", line 211, in raise_
    raise exception
  File "/usr/local/lib/python3.11/site-packages/sqlalchemy/pool/impl.py", line 143, in _do_get
    return self._create_connection()
           ^^^^^^^^^^^^^^^^^^^^^^^^^
  File "/usr/local/lib/python3.11/site-packages/sqlalchemy/pool/base.py", line 273, in _create_connection
    return _ConnectionRecord(self)
           ^^^^^^^^^^^^^^^^^^^^^^^
  File "/usr/local/lib/python3.11/site-packages/sqlalchemy/pool/base.py", line 388, in __init__
    self.__connect()
  File "/usr/local/lib/python3.11/site-packages/sqlalchemy/pool/base.py", line 690, in __connect
    with util.safe_reraise():
  File "/usr/local/lib/python3.11/site-packages/sqlalchemy/util/langhelpers.py", line 70, in __exit__
    compat.raise_(
  File "/usr/local/lib/python3.11/site-packages/sqlalchemy/util/compat.py", line 211, in raise_
    raise exception
  File "/usr/local/lib/python3.11/site-packages/sqlalchemy/pool/base.py", line 686, in __connect
    self.dbapi_connection = connection = pool._invoke_creator(self)
                                         ^^^^^^^^^^^^^^^^^^^^^^^^^^
  File "/usr/local/lib/python3.11/site-packages/sqlalchemy/engine/create.py", line 574, in connect
    return dialect.connect(*cargs, **cparams)
           ^^^^^^^^^^^^^^^^^^^^^^^^^^^^^^^^^^
  File "/usr/local/lib/python3.11/site-packages/sqlalchemy/engine/default.py", line 598, in connect
    return self.dbapi.connect(*cargs, **cparams)
           ^^^^^^^^^^^^^^^^^^^^^^^^^^^^^^^^^^^^^
  File "/usr/local/lib/python3.11/site-packages/psycopg2/__init__.py", line 122, in connect
    conn = _connect(dsn, connection_factory=connection_factory, **kwasync)
           ^^^^^^^^^^^^^^^^^^^^^^^^^^^^^^^^^^^^^^^^^^^^^^^^^^^^^^^^^^^^^^^
sqlalchemy.exc.OperationalError: (psycopg2.OperationalError) connection to server at "postgres" (172.18.0.2), port 5432 failed: Connection refused
	Is the server running on that host and accepting TCP/IP connections?

(Background on this error at: https://sqlalche.me/e/14/e3q8)
[2023-11-30T13:01:59.628+0000] {manager.py:487} INFO - Processing files using up to 2 processes at a time 
[2023-11-30T13:01:59.660+0000] {manager.py:488} INFO - Process each file at most once every 30 seconds
[2023-11-30T13:01:59.660+0000] {manager.py:489} INFO - Checking for new files in /opt/airflow/dags every 300 seconds
[2023-11-30T13:01:59.661+0000] {manager.py:755} INFO - Searching for files in /opt/airflow/dags
[2023-11-30T13:01:59.664+0000] {manager.py:758} INFO - There are 5 files in /opt/airflow/dags
[2023-11-30T13:02:00.302+0000] {manager.py:887} INFO - 
================================================================================
DAG File Processing Stats

File Path                                   PID  Runtime      # DAGs    # Errors  Last Runtime    Last Run
----------------------------------------  -----  ---------  --------  ----------  --------------  ----------
/opt/airflow/dags/ETL_clustered_ideas.py     10  0.48s             0           0
/opt/airflow/dags/ETL_companies.py           11  0.47s             0           0
/opt/airflow/dags/ETL_goals.py                                     0           0
/opt/airflow/dags/ETL_ideas.py                                     0           0
/opt/airflow/dags/ETL_users.py                                     0           0
================================================================================
[2023-11-30T13:02:31.135+0000] {manager.py:887} INFO - 
================================================================================
DAG File Processing Stats

File Path                                   PID  Runtime      # DAGs    # Errors  Last Runtime    Last Run
----------------------------------------  -----  ---------  --------  ----------  --------------  -------------------
/opt/airflow/dags/ETL_clustered_ideas.py     21  0.12s             1           0  0.97s           2023-11-30T13:02:00
/opt/airflow/dags/ETL_companies.py           22  0.06s             1           0  0.78s           2023-11-30T13:02:00
/opt/airflow/dags/ETL_goals.py                                     1           0  0.39s           2023-11-30T13:02:00
/opt/airflow/dags/ETL_ideas.py                                     1           0  0.82s           2023-11-30T13:02:01
/opt/airflow/dags/ETL_users.py                                     1           0  0.69s           2023-11-30T13:02:01
================================================================================
[2023-11-30T13:02:48.180+0000] {manager.py:469} INFO - Exiting gracefully upon receiving signal 15
[2023-11-30T13:04:13.852+0000] {manager.py:487} INFO - Processing files using up to 2 processes at a time 
[2023-11-30T13:04:13.875+0000] {manager.py:488} INFO - Process each file at most once every 30 seconds
[2023-11-30T13:04:13.875+0000] {manager.py:489} INFO - Checking for new files in /opt/airflow/dags every 300 seconds
[2023-11-30T13:04:13.876+0000] {manager.py:755} INFO - Searching for files in /opt/airflow/dags
[2023-11-30T13:04:13.878+0000] {manager.py:758} INFO - There are 5 files in /opt/airflow/dags
[2023-11-30T13:04:14.294+0000] {manager.py:887} INFO - 
================================================================================
DAG File Processing Stats

File Path                                   PID  Runtime      # DAGs    # Errors  Last Runtime    Last Run
----------------------------------------  -----  ---------  --------  ----------  --------------  ----------
/opt/airflow/dags/ETL_clustered_ideas.py      9  0.23s             0           0
/opt/airflow/dags/ETL_companies.py           10  0.19s             0           0
/opt/airflow/dags/ETL_goals.py                                     0           0
/opt/airflow/dags/ETL_ideas.py                                     0           0
/opt/airflow/dags/ETL_users.py                                     0           0
================================================================================
[2023-11-30T13:04:44.542+0000] {manager.py:887} INFO - 
================================================================================
DAG File Processing Stats

File Path                                 PID    Runtime      # DAGs    # Errors  Last Runtime    Last Run
----------------------------------------  -----  ---------  --------  ----------  --------------  -------------------
/opt/airflow/dags/ETL_clustered_ideas.py                           1           0  0.52s           2023-11-30T13:04:14
/opt/airflow/dags/ETL_companies.py                                 1           0  0.62s           2023-11-30T13:04:14
/opt/airflow/dags/ETL_goals.py                                     1           0  0.50s           2023-11-30T13:04:15
/opt/airflow/dags/ETL_ideas.py                                     1           0  0.50s           2023-11-30T13:04:15
/opt/airflow/dags/ETL_users.py                                     1           0  0.34s           2023-11-30T13:04:15
================================================================================
[2023-11-30T13:05:14.643+0000] {manager.py:887} INFO - 
================================================================================
DAG File Processing Stats

File Path                                 PID    Runtime      # DAGs    # Errors  Last Runtime    Last Run
----------------------------------------  -----  ---------  --------  ----------  --------------  -------------------
/opt/airflow/dags/ETL_clustered_ideas.py                           1           0  0.14s           2023-11-30T13:04:44
/opt/airflow/dags/ETL_companies.py                                 1           0  0.24s           2023-11-30T13:04:45
/opt/airflow/dags/ETL_goals.py                                     1           0  0.54s           2023-11-30T13:04:46
/opt/airflow/dags/ETL_ideas.py                                     1           0  0.48s           2023-11-30T13:04:46
/opt/airflow/dags/ETL_users.py                                     1           0  0.29s           2023-11-30T13:04:46
================================================================================
[2023-11-30T13:07:13.163+0000] {manager.py:487} INFO - Processing files using up to 2 processes at a time 
[2023-11-30T13:07:13.177+0000] {manager.py:488} INFO - Process each file at most once every 30 seconds
[2023-11-30T13:07:13.178+0000] {manager.py:489} INFO - Checking for new files in /opt/airflow/dags every 300 seconds
[2023-11-30T13:07:13.178+0000] {manager.py:755} INFO - Searching for files in /opt/airflow/dags
[2023-11-30T13:07:13.185+0000] {manager.py:758} INFO - There are 5 files in /opt/airflow/dags
[2023-11-30T13:07:13.756+0000] {manager.py:887} INFO - 
================================================================================
DAG File Processing Stats

File Path                                   PID  Runtime      # DAGs    # Errors  Last Runtime    Last Run
----------------------------------------  -----  ---------  --------  ----------  --------------  ----------
/opt/airflow/dags/ETL_clustered_ideas.py     10  0.47s             0           0
/opt/airflow/dags/ETL_companies.py           11  0.46s             0           0
/opt/airflow/dags/ETL_goals.py                                     0           0
/opt/airflow/dags/ETL_ideas.py                                     0           0
/opt/airflow/dags/ETL_users.py                                     0           0
================================================================================
[2023-11-30T13:07:44.057+0000] {manager.py:887} INFO - 
================================================================================
DAG File Processing Stats

File Path                                   PID  Runtime      # DAGs    # Errors  Last Runtime    Last Run
----------------------------------------  -----  ---------  --------  ----------  --------------  -------------------
/opt/airflow/dags/ETL_clustered_ideas.py     21  0.01s             1           0  0.67s           2023-11-30T13:07:13
/opt/airflow/dags/ETL_companies.py                                 1           0  0.77s           2023-11-30T13:07:14
/opt/airflow/dags/ETL_goals.py                                     1           0  0.35s           2023-11-30T13:07:14
/opt/airflow/dags/ETL_ideas.py                                     1           0  0.39s           2023-11-30T13:07:14
/opt/airflow/dags/ETL_users.py                                     1           0  0.40s           2023-11-30T13:07:14
================================================================================
[2023-11-30T13:08:15.121+0000] {manager.py:887} INFO - 
================================================================================
DAG File Processing Stats

File Path                                   PID  Runtime      # DAGs    # Errors  Last Runtime    Last Run
----------------------------------------  -----  ---------  --------  ----------  --------------  -------------------
/opt/airflow/dags/ETL_clustered_ideas.py     33  0.05s             1           0  0.20s           2023-11-30T13:07:44
/opt/airflow/dags/ETL_companies.py           34  0.01s             1           0  0.28s           2023-11-30T13:07:44
/opt/airflow/dags/ETL_goals.py                                     1           0  0.25s           2023-11-30T13:07:45
/opt/airflow/dags/ETL_ideas.py                                     1           0  0.30s           2023-11-30T13:07:45
/opt/airflow/dags/ETL_users.py                                     1           0  0.16s           2023-11-30T13:07:45
================================================================================
[2023-11-30T13:08:45.545+0000] {manager.py:887} INFO - 
================================================================================
DAG File Processing Stats

File Path                                   PID  Runtime      # DAGs    # Errors  Last Runtime    Last Run
----------------------------------------  -----  ---------  --------  ----------  --------------  -------------------
/opt/airflow/dags/ETL_clustered_ideas.py     44  0.03s             1           0  0.44s           2023-11-30T13:08:15
/opt/airflow/dags/ETL_companies.py                                 1           0  0.57s           2023-11-30T13:08:15
/opt/airflow/dags/ETL_goals.py                                     1           0  0.54s           2023-11-30T13:08:16
/opt/airflow/dags/ETL_ideas.py                                     1           0  0.84s           2023-11-30T13:08:16
/opt/airflow/dags/ETL_users.py                                     1           0  0.92s           2023-11-30T13:08:17
================================================================================
[2023-11-30T13:09:15.945+0000] {manager.py:887} INFO - 
================================================================================
DAG File Processing Stats

File Path                                 PID    Runtime      # DAGs    # Errors  Last Runtime    Last Run
----------------------------------------  -----  ---------  --------  ----------  --------------  -------------------
/opt/airflow/dags/ETL_clustered_ideas.py                           1           0  0.98s           2023-11-30T13:08:46
/opt/airflow/dags/ETL_companies.py                                 1           0  0.81s           2023-11-30T13:08:46
/opt/airflow/dags/ETL_goals.py                                     1           0  0.95s           2023-11-30T13:08:47
/opt/airflow/dags/ETL_ideas.py                                     1           0  0.77s           2023-11-30T13:08:47
/opt/airflow/dags/ETL_users.py                                     1           0  0.57s           2023-11-30T13:08:47
================================================================================
[2023-11-30T13:09:46.504+0000] {manager.py:887} INFO - 
================================================================================
DAG File Processing Stats

File Path                                 PID    Runtime      # DAGs    # Errors  Last Runtime    Last Run
----------------------------------------  -----  ---------  --------  ----------  --------------  -------------------
/opt/airflow/dags/ETL_clustered_ideas.py                           1           0  4.57s           2023-11-30T13:09:21
/opt/airflow/dags/ETL_companies.py                                 1           0  5.10s           2023-11-30T13:09:22
/opt/airflow/dags/ETL_goals.py                                     1           0  2.50s           2023-11-30T13:09:24
/opt/airflow/dags/ETL_ideas.py                                     1           0  3.02s           2023-11-30T13:09:24
/opt/airflow/dags/ETL_users.py                                     1           0  0.89s           2023-11-30T13:09:25
================================================================================
[2023-11-30T13:50:13.606+0000] {manager.py:487} INFO - Processing files using up to 2 processes at a time 
[2023-11-30T13:50:13.609+0000] {manager.py:488} INFO - Process each file at most once every 30 seconds
[2023-11-30T13:50:13.609+0000] {manager.py:489} INFO - Checking for new files in /opt/airflow/dags every 300 seconds
[2023-11-30T13:50:13.610+0000] {manager.py:755} INFO - Searching for files in /opt/airflow/dags
[2023-11-30T13:50:13.625+0000] {manager.py:758} INFO - There are 5 files in /opt/airflow/dags
[2023-11-30T13:50:14.139+0000] {manager.py:887} INFO - 
================================================================================
DAG File Processing Stats

File Path                                   PID  Runtime      # DAGs    # Errors  Last Runtime    Last Run
----------------------------------------  -----  ---------  --------  ----------  --------------  ----------
/opt/airflow/dags/ETL_clustered_ideas.py     10  0.30s             0           0
/opt/airflow/dags/ETL_companies.py           11  0.28s             0           0
/opt/airflow/dags/ETL_goals.py                                     0           0
/opt/airflow/dags/ETL_ideas.py                                     0           0
/opt/airflow/dags/ETL_users.py                                     0           0
================================================================================
[2023-11-30T13:50:45.040+0000] {manager.py:887} INFO - 
================================================================================
DAG File Processing Stats

File Path                                   PID  Runtime      # DAGs    # Errors  Last Runtime    Last Run
----------------------------------------  -----  ---------  --------  ----------  --------------  -------------------
/opt/airflow/dags/ETL_clustered_ideas.py     21  0.07s             1           0  0.79s           2023-11-30T13:50:14
/opt/airflow/dags/ETL_companies.py           22  0.05s             1           0  0.69s           2023-11-30T13:50:14
/opt/airflow/dags/ETL_goals.py                                     1           0  0.72s           2023-11-30T13:50:15
/opt/airflow/dags/ETL_ideas.py                                     1           0  0.91s           2023-11-30T13:50:15
/opt/airflow/dags/ETL_users.py                                     1           0  0.37s           2023-11-30T13:50:15
================================================================================
[2023-11-30T13:51:15.323+0000] {manager.py:887} INFO - 
================================================================================
DAG File Processing Stats

File Path                                 PID    Runtime      # DAGs    # Errors  Last Runtime    Last Run
----------------------------------------  -----  ---------  --------  ----------  --------------  -------------------
/opt/airflow/dags/ETL_clustered_ideas.py                           1           0  0.50s           2023-11-30T13:50:45
/opt/airflow/dags/ETL_companies.py                                 1           0  0.39s           2023-11-30T13:50:45
/opt/airflow/dags/ETL_goals.py                                     1           0  0.27s           2023-11-30T13:50:45
/opt/airflow/dags/ETL_ideas.py                                     1           0  0.26s           2023-11-30T13:50:45
/opt/airflow/dags/ETL_users.py                                     1           0  0.21s           2023-11-30T13:50:46
================================================================================
[2023-11-30T13:51:46.182+0000] {manager.py:887} INFO - 
================================================================================
DAG File Processing Stats

File Path                                   PID  Runtime      # DAGs    # Errors  Last Runtime    Last Run
----------------------------------------  -----  ---------  --------  ----------  --------------  -------------------
/opt/airflow/dags/ETL_clustered_ideas.py                           1           0  0.50s           2023-11-30T13:51:16
/opt/airflow/dags/ETL_companies.py           43  0.01s             1           0  0.52s           2023-11-30T13:51:15
/opt/airflow/dags/ETL_goals.py                                     1           0  0.47s           2023-11-30T13:51:16
/opt/airflow/dags/ETL_ideas.py                                     1           0  0.46s           2023-11-30T13:51:16
/opt/airflow/dags/ETL_users.py                                     1           0  0.44s           2023-11-30T13:51:16
================================================================================
[2023-11-30T13:52:16.201+0000] {manager.py:887} INFO - 
================================================================================
DAG File Processing Stats

File Path                                 PID    Runtime      # DAGs    # Errors  Last Runtime    Last Run
----------------------------------------  -----  ---------  --------  ----------  --------------  -------------------
/opt/airflow/dags/ETL_clustered_ideas.py                           1           0  0.56s           2023-11-30T13:51:47
/opt/airflow/dags/ETL_companies.py                                 1           0  0.53s           2023-11-30T13:51:46
/opt/airflow/dags/ETL_goals.py                                     1           0  0.64s           2023-11-30T13:51:47
/opt/airflow/dags/ETL_ideas.py                                     1           0  0.47s           2023-11-30T13:51:47
/opt/airflow/dags/ETL_users.py                                     1           0  0.54s           2023-11-30T13:51:47
================================================================================
[2023-11-30T13:52:46.326+0000] {manager.py:887} INFO - 
================================================================================
DAG File Processing Stats

File Path                                 PID    Runtime      # DAGs    # Errors  Last Runtime    Last Run
----------------------------------------  -----  ---------  --------  ----------  --------------  -------------------
/opt/airflow/dags/ETL_clustered_ideas.py                           1           0  0.96s           2023-11-30T13:52:18
/opt/airflow/dags/ETL_companies.py                                 1           0  0.45s           2023-11-30T13:52:17
/opt/airflow/dags/ETL_goals.py                                     1           0  0.99s           2023-11-30T13:52:18
/opt/airflow/dags/ETL_ideas.py                                     1           0  1.04s           2023-11-30T13:52:19
/opt/airflow/dags/ETL_users.py                                     1           0  1.11s           2023-11-30T13:52:19
================================================================================
[2023-11-30T13:53:16.606+0000] {manager.py:887} INFO - 
================================================================================
DAG File Processing Stats

File Path                                 PID    Runtime      # DAGs    # Errors  Last Runtime    Last Run
----------------------------------------  -----  ---------  --------  ----------  --------------  -------------------
/opt/airflow/dags/ETL_clustered_ideas.py                           1           0  0.61s           2023-11-30T13:52:49
/opt/airflow/dags/ETL_companies.py                                 1           0  0.64s           2023-11-30T13:52:48
/opt/airflow/dags/ETL_goals.py                                     1           0  0.78s           2023-11-30T13:52:49
/opt/airflow/dags/ETL_ideas.py                                     1           0  0.74s           2023-11-30T13:52:50
/opt/airflow/dags/ETL_users.py                                     1           0  0.66s           2023-11-30T13:52:50
================================================================================
[2023-11-30T13:53:46.789+0000] {manager.py:887} INFO - 
================================================================================
DAG File Processing Stats

File Path                                 PID    Runtime      # DAGs    # Errors  Last Runtime    Last Run
----------------------------------------  -----  ---------  --------  ----------  --------------  -------------------
/opt/airflow/dags/ETL_clustered_ideas.py                           1           0  0.48s           2023-11-30T13:53:20
/opt/airflow/dags/ETL_companies.py                                 1           0  0.55s           2023-11-30T13:53:20
/opt/airflow/dags/ETL_goals.py                                     1           0  0.61s           2023-11-30T13:53:20
/opt/airflow/dags/ETL_ideas.py                                     1           0  0.50s           2023-11-30T13:53:21
/opt/airflow/dags/ETL_users.py                                     1           0  0.57s           2023-11-30T13:53:21
================================================================================
[2023-11-30T13:54:17.126+0000] {manager.py:887} INFO - 
================================================================================
DAG File Processing Stats

File Path                                 PID    Runtime      # DAGs    # Errors  Last Runtime    Last Run
----------------------------------------  -----  ---------  --------  ----------  --------------  -------------------
/opt/airflow/dags/ETL_clustered_ideas.py                           1           0  0.20s           2023-11-30T13:53:50
/opt/airflow/dags/ETL_companies.py                                 1           0  0.15s           2023-11-30T13:53:50
/opt/airflow/dags/ETL_goals.py                                     1           0  0.18s           2023-11-30T13:53:51
/opt/airflow/dags/ETL_ideas.py                                     1           0  0.29s           2023-11-30T13:53:51
/opt/airflow/dags/ETL_users.py                                     1           0  0.33s           2023-11-30T13:53:52
================================================================================
[2023-11-30T13:54:47.314+0000] {manager.py:887} INFO - 
================================================================================
DAG File Processing Stats

File Path                                 PID    Runtime      # DAGs    # Errors  Last Runtime    Last Run
----------------------------------------  -----  ---------  --------  ----------  --------------  -------------------
/opt/airflow/dags/ETL_clustered_ideas.py                           1           0  0.32s           2023-11-30T13:54:21
/opt/airflow/dags/ETL_companies.py                                 1           0  0.35s           2023-11-30T13:54:21
/opt/airflow/dags/ETL_goals.py                                     1           0  0.52s           2023-11-30T13:54:23
/opt/airflow/dags/ETL_ideas.py                                     1           0  0.53s           2023-11-30T13:54:23
/opt/airflow/dags/ETL_users.py                                     1           0  0.33s           2023-11-30T13:54:23
================================================================================
[2023-11-30T13:55:14.062+0000] {manager.py:755} INFO - Searching for files in /opt/airflow/dags
[2023-11-30T13:55:14.070+0000] {manager.py:758} INFO - There are 5 files in /opt/airflow/dags
[2023-11-30T13:55:18.116+0000] {manager.py:887} INFO - 
================================================================================
DAG File Processing Stats

File Path                                 PID    Runtime      # DAGs    # Errors  Last Runtime    Last Run
----------------------------------------  -----  ---------  --------  ----------  --------------  -------------------
/opt/airflow/dags/ETL_clustered_ideas.py                           1           0  0.38s           2023-11-30T13:54:52
/opt/airflow/dags/ETL_companies.py                                 1           0  0.42s           2023-11-30T13:54:52
/opt/airflow/dags/ETL_goals.py                                     1           0  0.35s           2023-11-30T13:54:53
/opt/airflow/dags/ETL_ideas.py                                     1           0  0.65s           2023-11-30T13:54:53
/opt/airflow/dags/ETL_users.py                                     1           0  0.47s           2023-11-30T13:54:54
================================================================================
[2023-11-30T13:55:48.853+0000] {manager.py:887} INFO - 
================================================================================
DAG File Processing Stats

File Path                                 PID    Runtime      # DAGs    # Errors  Last Runtime    Last Run
----------------------------------------  -----  ---------  --------  ----------  --------------  -------------------
/opt/airflow/dags/ETL_clustered_ideas.py                           1           0  0.20s           2023-11-30T13:55:22
/opt/airflow/dags/ETL_companies.py                                 1           0  0.24s           2023-11-30T13:55:22
/opt/airflow/dags/ETL_goals.py                                     1           0  0.18s           2023-11-30T13:55:23
/opt/airflow/dags/ETL_ideas.py                                     1           0  0.16s           2023-11-30T13:55:24
/opt/airflow/dags/ETL_users.py                                     1           0  0.14s           2023-11-30T13:55:24
================================================================================
[2023-11-30T13:56:18.933+0000] {manager.py:887} INFO - 
================================================================================
DAG File Processing Stats

File Path                                 PID    Runtime      # DAGs    # Errors  Last Runtime    Last Run
----------------------------------------  -----  ---------  --------  ----------  --------------  -------------------
/opt/airflow/dags/ETL_clustered_ideas.py                           1           0  0.39s           2023-11-30T13:55:53
/opt/airflow/dags/ETL_companies.py                                 1           0  0.23s           2023-11-30T13:55:53
/opt/airflow/dags/ETL_goals.py                                     1           0  0.26s           2023-11-30T13:55:54
/opt/airflow/dags/ETL_ideas.py                                     1           0  0.26s           2023-11-30T13:55:55
/opt/airflow/dags/ETL_users.py                                     1           0  0.44s           2023-11-30T13:55:55
================================================================================
[2023-11-30T13:56:49.432+0000] {manager.py:887} INFO - 
================================================================================
DAG File Processing Stats

File Path                                 PID    Runtime      # DAGs    # Errors  Last Runtime    Last Run
----------------------------------------  -----  ---------  --------  ----------  --------------  -------------------
/opt/airflow/dags/ETL_clustered_ideas.py                           1           0  0.21s           2023-11-30T13:56:24
/opt/airflow/dags/ETL_companies.py                                 1           0  0.24s           2023-11-30T13:56:24
/opt/airflow/dags/ETL_goals.py                                     1           0  0.18s           2023-11-30T13:56:25
/opt/airflow/dags/ETL_ideas.py                                     1           0  0.16s           2023-11-30T13:56:26
/opt/airflow/dags/ETL_users.py                                     1           0  0.23s           2023-11-30T13:56:26
================================================================================
[2023-11-30T13:57:20.258+0000] {manager.py:887} INFO - 
================================================================================
DAG File Processing Stats

File Path                                 PID    Runtime      # DAGs    # Errors  Last Runtime    Last Run
----------------------------------------  -----  ---------  --------  ----------  --------------  -------------------
/opt/airflow/dags/ETL_clustered_ideas.py                           1           0  0.16s           2023-11-30T13:56:54
/opt/airflow/dags/ETL_companies.py                                 1           0  0.33s           2023-11-30T13:56:54
/opt/airflow/dags/ETL_goals.py                                     1           0  0.14s           2023-11-30T13:56:55
/opt/airflow/dags/ETL_ideas.py                                     1           0  0.32s           2023-11-30T13:56:57
/opt/airflow/dags/ETL_users.py                                     1           0  0.27s           2023-11-30T13:56:57
================================================================================
[2023-11-30T13:57:50.958+0000] {manager.py:887} INFO - 
================================================================================
DAG File Processing Stats

File Path                                 PID    Runtime      # DAGs    # Errors  Last Runtime    Last Run
----------------------------------------  -----  ---------  --------  ----------  --------------  -------------------
/opt/airflow/dags/ETL_clustered_ideas.py                           1           0  0.19s           2023-11-30T13:57:25
/opt/airflow/dags/ETL_companies.py                                 1           0  0.19s           2023-11-30T13:57:25
/opt/airflow/dags/ETL_goals.py                                     1           0  0.26s           2023-11-30T13:57:26
/opt/airflow/dags/ETL_ideas.py                                     1           0  0.24s           2023-11-30T13:57:27
/opt/airflow/dags/ETL_users.py                                     1           0  0.21s           2023-11-30T13:57:27
================================================================================
[2023-11-30T13:58:21.599+0000] {manager.py:887} INFO - 
================================================================================
DAG File Processing Stats

File Path                                 PID    Runtime      # DAGs    # Errors  Last Runtime    Last Run
----------------------------------------  -----  ---------  --------  ----------  --------------  -------------------
/opt/airflow/dags/ETL_clustered_ideas.py                           1           0  0.17s           2023-11-30T13:57:56
/opt/airflow/dags/ETL_companies.py                                 1           0  0.20s           2023-11-30T13:57:56
/opt/airflow/dags/ETL_goals.py                                     1           0  0.17s           2023-11-30T13:57:57
/opt/airflow/dags/ETL_ideas.py                                     1           0  0.17s           2023-11-30T13:57:58
/opt/airflow/dags/ETL_users.py                                     1           0  0.17s           2023-11-30T13:57:58
================================================================================
[2023-11-30T13:58:52.358+0000] {manager.py:887} INFO - 
================================================================================
DAG File Processing Stats

File Path                                 PID    Runtime      # DAGs    # Errors  Last Runtime    Last Run
----------------------------------------  -----  ---------  --------  ----------  --------------  -------------------
/opt/airflow/dags/ETL_clustered_ideas.py                           1           0  0.21s           2023-11-30T13:58:26
/opt/airflow/dags/ETL_companies.py                                 1           0  0.23s           2023-11-30T13:58:26
/opt/airflow/dags/ETL_goals.py                                     1           0  0.23s           2023-11-30T13:58:28
/opt/airflow/dags/ETL_ideas.py                                     1           0  0.20s           2023-11-30T13:58:29
/opt/airflow/dags/ETL_users.py                                     1           0  0.19s           2023-11-30T13:58:29
================================================================================
[2023-11-30T13:59:22.694+0000] {manager.py:887} INFO - 
================================================================================
DAG File Processing Stats

File Path                                 PID    Runtime      # DAGs    # Errors  Last Runtime    Last Run
----------------------------------------  -----  ---------  --------  ----------  --------------  -------------------
/opt/airflow/dags/ETL_clustered_ideas.py                           1           0  0.27s           2023-11-30T13:58:57
/opt/airflow/dags/ETL_companies.py                                 1           0  0.33s           2023-11-30T13:58:57
/opt/airflow/dags/ETL_goals.py                                     1           0  0.25s           2023-11-30T13:58:59
/opt/airflow/dags/ETL_ideas.py                                     1           0  0.51s           2023-11-30T13:59:00
/opt/airflow/dags/ETL_users.py                                     1           0  0.46s           2023-11-30T13:59:00
================================================================================
[2023-11-30T13:59:53.417+0000] {manager.py:887} INFO - 
================================================================================
DAG File Processing Stats

File Path                                 PID    Runtime      # DAGs    # Errors  Last Runtime    Last Run
----------------------------------------  -----  ---------  --------  ----------  --------------  -------------------
/opt/airflow/dags/ETL_clustered_ideas.py                           1           0  0.15s           2023-11-30T13:59:28
/opt/airflow/dags/ETL_companies.py                                 1           0  0.19s           2023-11-30T13:59:28
/opt/airflow/dags/ETL_goals.py                                     1           0  0.30s           2023-11-30T13:59:30
/opt/airflow/dags/ETL_ideas.py                                     1           0  0.24s           2023-11-30T13:59:31
/opt/airflow/dags/ETL_users.py                                     1           0  0.37s           2023-11-30T13:59:31
================================================================================
[2023-11-30T14:00:14.598+0000] {manager.py:755} INFO - Searching for files in /opt/airflow/dags
[2023-11-30T14:00:14.606+0000] {manager.py:758} INFO - There are 5 files in /opt/airflow/dags
[2023-11-30T14:00:23.713+0000] {manager.py:887} INFO - 
================================================================================
DAG File Processing Stats

File Path                                 PID    Runtime      # DAGs    # Errors  Last Runtime    Last Run
----------------------------------------  -----  ---------  --------  ----------  --------------  -------------------
/opt/airflow/dags/ETL_clustered_ideas.py                           1           0  0.58s           2023-11-30T14:00:00
/opt/airflow/dags/ETL_companies.py                                 1           0  0.58s           2023-11-30T14:00:00
/opt/airflow/dags/ETL_goals.py                                     1           0  1.01s           2023-11-30T14:00:02
/opt/airflow/dags/ETL_ideas.py                                     1           0  0.36s           2023-11-30T14:00:02
/opt/airflow/dags/ETL_users.py                                     1           0  0.41s           2023-11-30T14:00:02
================================================================================
[2023-11-30T14:00:54.043+0000] {manager.py:887} INFO - 
================================================================================
DAG File Processing Stats

File Path                                 PID    Runtime      # DAGs    # Errors  Last Runtime    Last Run
----------------------------------------  -----  ---------  --------  ----------  --------------  -------------------
/opt/airflow/dags/ETL_clustered_ideas.py                           1           0  0.45s           2023-11-30T14:00:31
/opt/airflow/dags/ETL_companies.py                                 1           0  0.31s           2023-11-30T14:00:31
/opt/airflow/dags/ETL_goals.py                                     1           0  0.34s           2023-11-30T14:00:32
/opt/airflow/dags/ETL_ideas.py                                     1           0  0.24s           2023-11-30T14:00:32
/opt/airflow/dags/ETL_users.py                                     1           0  0.34s           2023-11-30T14:00:33
================================================================================
[2023-11-30T14:01:24.710+0000] {manager.py:887} INFO - 
================================================================================
DAG File Processing Stats

File Path                                 PID    Runtime      # DAGs    # Errors  Last Runtime    Last Run
----------------------------------------  -----  ---------  --------  ----------  --------------  -------------------
/opt/airflow/dags/ETL_clustered_ideas.py                           1           0  0.57s           2023-11-30T14:01:01
/opt/airflow/dags/ETL_companies.py                                 1           0  0.57s           2023-11-30T14:01:02
/opt/airflow/dags/ETL_goals.py                                     1           0  0.41s           2023-11-30T14:01:03
/opt/airflow/dags/ETL_ideas.py                                     1           0  0.34s           2023-11-30T14:01:03
/opt/airflow/dags/ETL_users.py                                     1           0  0.30s           2023-11-30T14:01:03
================================================================================
[2023-11-30T14:01:54.777+0000] {manager.py:887} INFO - 
================================================================================
DAG File Processing Stats

File Path                                 PID    Runtime      # DAGs    # Errors  Last Runtime    Last Run
----------------------------------------  -----  ---------  --------  ----------  --------------  -------------------
/opt/airflow/dags/ETL_clustered_ideas.py                           1           0  0.55s           2023-11-30T14:01:32
/opt/airflow/dags/ETL_companies.py                                 1           0  0.60s           2023-11-30T14:01:32
/opt/airflow/dags/ETL_goals.py                                     1           0  0.46s           2023-11-30T14:01:34
/opt/airflow/dags/ETL_ideas.py                                     1           0  0.53s           2023-11-30T14:01:34
/opt/airflow/dags/ETL_users.py                                     1           0  0.37s           2023-11-30T14:01:34
================================================================================
[2023-11-30T14:02:24.863+0000] {manager.py:887} INFO - 
================================================================================
DAG File Processing Stats

File Path                                 PID    Runtime      # DAGs    # Errors  Last Runtime    Last Run
----------------------------------------  -----  ---------  --------  ----------  --------------  -------------------
/opt/airflow/dags/ETL_clustered_ideas.py                           1           0  0.27s           2023-11-30T14:02:03
/opt/airflow/dags/ETL_companies.py                                 1           0  0.31s           2023-11-30T14:02:03
/opt/airflow/dags/ETL_goals.py                                     1           0  0.18s           2023-11-30T14:02:04
/opt/airflow/dags/ETL_ideas.py                                     1           0  0.22s           2023-11-30T14:02:04
/opt/airflow/dags/ETL_users.py                                     1           0  0.32s           2023-11-30T14:02:05
================================================================================
[2023-11-30T14:02:55.444+0000] {manager.py:887} INFO - 
================================================================================
DAG File Processing Stats

File Path                                 PID    Runtime      # DAGs    # Errors  Last Runtime    Last Run
----------------------------------------  -----  ---------  --------  ----------  --------------  -------------------
/opt/airflow/dags/ETL_clustered_ideas.py                           1           0  0.26s           2023-11-30T14:02:34
/opt/airflow/dags/ETL_companies.py                                 1           0  0.26s           2023-11-30T14:02:34
/opt/airflow/dags/ETL_goals.py                                     1           0  0.22s           2023-11-30T14:02:35
/opt/airflow/dags/ETL_ideas.py                                     1           0  0.22s           2023-11-30T14:02:35
/opt/airflow/dags/ETL_users.py                                     1           0  0.20s           2023-11-30T14:02:36
================================================================================
[2023-11-30T14:03:25.684+0000] {manager.py:887} INFO - 
================================================================================
DAG File Processing Stats

File Path                                 PID    Runtime      # DAGs    # Errors  Last Runtime    Last Run
----------------------------------------  -----  ---------  --------  ----------  --------------  -------------------
/opt/airflow/dags/ETL_clustered_ideas.py                           1           0  0.40s           2023-11-30T14:03:04
/opt/airflow/dags/ETL_companies.py                                 1           0  0.42s           2023-11-30T14:03:04
/opt/airflow/dags/ETL_goals.py                                     1           0  0.27s           2023-11-30T14:03:06
/opt/airflow/dags/ETL_ideas.py                                     1           0  0.29s           2023-11-30T14:03:06
/opt/airflow/dags/ETL_users.py                                     1           0  0.31s           2023-11-30T14:03:07
================================================================================
[2023-11-30T14:03:56.056+0000] {manager.py:887} INFO - 
================================================================================
DAG File Processing Stats

File Path                                 PID    Runtime      # DAGs    # Errors  Last Runtime    Last Run
----------------------------------------  -----  ---------  --------  ----------  --------------  -------------------
/opt/airflow/dags/ETL_clustered_ideas.py                           1           0  0.36s           2023-11-30T14:03:35
/opt/airflow/dags/ETL_companies.py                                 1           0  0.37s           2023-11-30T14:03:35
/opt/airflow/dags/ETL_goals.py                                     1           0  0.33s           2023-11-30T14:03:36
/opt/airflow/dags/ETL_ideas.py                                     1           0  0.32s           2023-11-30T14:03:36
/opt/airflow/dags/ETL_users.py                                     1           0  0.20s           2023-11-30T14:03:38
================================================================================
[2023-11-30T14:04:26.783+0000] {manager.py:887} INFO - 
================================================================================
DAG File Processing Stats

File Path                                 PID    Runtime      # DAGs    # Errors  Last Runtime    Last Run
----------------------------------------  -----  ---------  --------  ----------  --------------  -------------------
/opt/airflow/dags/ETL_clustered_ideas.py                           1           0  0.22s           2023-11-30T14:04:06
/opt/airflow/dags/ETL_companies.py                                 1           0  0.21s           2023-11-30T14:04:06
/opt/airflow/dags/ETL_goals.py                                     1           0  0.16s           2023-11-30T14:04:07
/opt/airflow/dags/ETL_ideas.py                                     1           0  0.17s           2023-11-30T14:04:07
/opt/airflow/dags/ETL_users.py                                     1           0  0.27s           2023-11-30T14:04:08
================================================================================
[2023-11-30T14:04:57.370+0000] {manager.py:887} INFO - 
================================================================================
DAG File Processing Stats

File Path                                 PID    Runtime      # DAGs    # Errors  Last Runtime    Last Run
----------------------------------------  -----  ---------  --------  ----------  --------------  -------------------
/opt/airflow/dags/ETL_clustered_ideas.py                           1           0  0.19s           2023-11-30T14:04:37
/opt/airflow/dags/ETL_companies.py                                 1           0  0.19s           2023-11-30T14:04:37
/opt/airflow/dags/ETL_goals.py                                     1           0  0.13s           2023-11-30T14:04:38
/opt/airflow/dags/ETL_ideas.py                                     1           0  0.15s           2023-11-30T14:04:38
/opt/airflow/dags/ETL_users.py                                     1           0  0.24s           2023-11-30T14:04:39
================================================================================
[2023-11-30T14:05:15.122+0000] {manager.py:755} INFO - Searching for files in /opt/airflow/dags
[2023-11-30T14:05:15.127+0000] {manager.py:758} INFO - There are 5 files in /opt/airflow/dags
[2023-11-30T14:05:27.394+0000] {manager.py:887} INFO - 
================================================================================
DAG File Processing Stats

File Path                                 PID    Runtime      # DAGs    # Errors  Last Runtime    Last Run
----------------------------------------  -----  ---------  --------  ----------  --------------  -------------------
/opt/airflow/dags/ETL_clustered_ideas.py                           1           0  0.37s           2023-11-30T14:05:07
/opt/airflow/dags/ETL_companies.py                                 1           0  0.30s           2023-11-30T14:05:07
/opt/airflow/dags/ETL_goals.py                                     1           0  0.23s           2023-11-30T14:05:09
/opt/airflow/dags/ETL_ideas.py                                     1           0  0.24s           2023-11-30T14:05:09
/opt/airflow/dags/ETL_users.py                                     1           0  0.17s           2023-11-30T14:05:10
================================================================================
[2023-11-30T14:05:57.549+0000] {manager.py:887} INFO - 
================================================================================
DAG File Processing Stats

File Path                                 PID    Runtime      # DAGs    # Errors  Last Runtime    Last Run
----------------------------------------  -----  ---------  --------  ----------  --------------  -------------------
/opt/airflow/dags/ETL_clustered_ideas.py                           1           0  0.29s           2023-11-30T14:05:38
/opt/airflow/dags/ETL_companies.py                                 1           0  0.32s           2023-11-30T14:05:38
/opt/airflow/dags/ETL_goals.py                                     1           0  0.43s           2023-11-30T14:05:40
/opt/airflow/dags/ETL_ideas.py                                     1           0  0.42s           2023-11-30T14:05:40
/opt/airflow/dags/ETL_users.py                                     1           0  0.42s           2023-11-30T14:05:41
================================================================================
[2023-11-30T14:06:01.963+0000] {manager.py:469} INFO - Exiting gracefully upon receiving signal 15
[2023-11-30T14:13:12.574+0000] {manager.py:487} INFO - Processing files using up to 2 processes at a time 
[2023-11-30T14:13:12.595+0000] {manager.py:488} INFO - Process each file at most once every 30 seconds
[2023-11-30T14:13:12.595+0000] {manager.py:489} INFO - Checking for new files in /opt/airflow/dags every 300 seconds
[2023-11-30T14:13:12.596+0000] {manager.py:755} INFO - Searching for files in /opt/airflow/dags
[2023-11-30T14:13:12.620+0000] {manager.py:758} INFO - There are 5 files in /opt/airflow/dags
[2023-11-30T14:13:13.321+0000] {manager.py:887} INFO - 
================================================================================
DAG File Processing Stats

File Path                                   PID  Runtime      # DAGs    # Errors  Last Runtime    Last Run
----------------------------------------  -----  ---------  --------  ----------  --------------  ----------
/opt/airflow/dags/ETL_clustered_ideas.py     10  0.32s             0           0
/opt/airflow/dags/ETL_companies.py           11  0.28s             0           0
/opt/airflow/dags/ETL_goals.py                                     0           0
/opt/airflow/dags/ETL_ideas.py                                     0           0
/opt/airflow/dags/ETL_users.py                                     0           0
================================================================================
[2023-11-30T14:24:07.557+0000] {manager.py:487} INFO - Processing files using up to 2 processes at a time 
[2023-11-30T14:24:07.559+0000] {manager.py:488} INFO - Process each file at most once every 30 seconds
[2023-11-30T14:24:07.560+0000] {manager.py:489} INFO - Checking for new files in /opt/airflow/dags every 300 seconds
[2023-11-30T14:24:07.560+0000] {manager.py:755} INFO - Searching for files in /opt/airflow/dags
[2023-11-30T14:24:07.563+0000] {manager.py:758} INFO - There are 5 files in /opt/airflow/dags
[2023-11-30T14:24:08.034+0000] {manager.py:887} INFO - 
================================================================================
DAG File Processing Stats

File Path                                   PID  Runtime      # DAGs    # Errors  Last Runtime    Last Run
----------------------------------------  -----  ---------  --------  ----------  --------------  ----------
/opt/airflow/dags/ETL_clustered_ideas.py     10  0.32s             0           0
/opt/airflow/dags/ETL_companies.py           11  0.28s             0           0
/opt/airflow/dags/ETL_goals.py                                     0           0
/opt/airflow/dags/ETL_ideas.py                                     0           0
/opt/airflow/dags/ETL_users.py                                     0           0
================================================================================
[2023-11-30T14:24:39.071+0000] {manager.py:887} INFO - 
================================================================================
DAG File Processing Stats

File Path                                   PID  Runtime      # DAGs    # Errors  Last Runtime    Last Run
----------------------------------------  -----  ---------  --------  ----------  --------------  -------------------
/opt/airflow/dags/ETL_clustered_ideas.py     21  0.02s             1           0  0.68s           2023-11-30T14:24:08
/opt/airflow/dags/ETL_companies.py           22  0.01s             1           0  0.69s           2023-11-30T14:24:08
/opt/airflow/dags/ETL_goals.py                                     1           0  0.46s           2023-11-30T14:24:08
/opt/airflow/dags/ETL_ideas.py                                     1           0  0.38s           2023-11-30T14:24:08
/opt/airflow/dags/ETL_users.py                                     1           0  0.28s           2023-11-30T14:24:09
================================================================================
[2023-11-30T14:27:55.218+0000] {manager.py:487} INFO - Processing files using up to 2 processes at a time 
[2023-11-30T14:27:55.219+0000] {manager.py:488} INFO - Process each file at most once every 30 seconds
[2023-11-30T14:27:55.221+0000] {manager.py:489} INFO - Checking for new files in /opt/airflow/dags every 300 seconds
[2023-11-30T14:27:55.221+0000] {manager.py:755} INFO - Searching for files in /opt/airflow/dags
[2023-11-30T14:27:55.224+0000] {manager.py:758} INFO - There are 5 files in /opt/airflow/dags
[2023-11-30T14:27:55.628+0000] {manager.py:887} INFO - 
================================================================================
DAG File Processing Stats

File Path                                   PID  Runtime      # DAGs    # Errors  Last Runtime    Last Run
----------------------------------------  -----  ---------  --------  ----------  --------------  ----------
/opt/airflow/dags/ETL_clustered_ideas.py     10  0.28s             0           0
/opt/airflow/dags/ETL_companies.py           11  0.26s             0           0
/opt/airflow/dags/ETL_goals.py                                     0           0
/opt/airflow/dags/ETL_ideas.py                                     0           0
/opt/airflow/dags/ETL_users.py                                     0           0
================================================================================
[2023-11-30T14:28:26.527+0000] {manager.py:887} INFO - 
================================================================================
DAG File Processing Stats

File Path                                   PID  Runtime      # DAGs    # Errors  Last Runtime    Last Run
----------------------------------------  -----  ---------  --------  ----------  --------------  -------------------
/opt/airflow/dags/ETL_clustered_ideas.py     20  0.02s             1           0  0.45s           2023-11-30T14:27:55
/opt/airflow/dags/ETL_companies.py           21  0.01s             1           0  0.60s           2023-11-30T14:27:55
/opt/airflow/dags/ETL_goals.py                                     1           0  0.25s           2023-11-30T14:27:56
/opt/airflow/dags/ETL_ideas.py                                     1           0  0.37s           2023-11-30T14:27:56
/opt/airflow/dags/ETL_users.py                                     1           0  0.34s           2023-11-30T14:27:56
================================================================================
[2023-11-30T14:28:29.419+0000] {manager.py:469} INFO - Exiting gracefully upon receiving signal 15
[2023-11-30T15:12:10.750+0000] {manager.py:487} INFO - Processing files using up to 2 processes at a time 
[2023-11-30T15:12:10.751+0000] {manager.py:488} INFO - Process each file at most once every 30 seconds
[2023-11-30T15:12:10.752+0000] {manager.py:489} INFO - Checking for new files in /opt/airflow/dags every 300 seconds
[2023-11-30T15:12:10.752+0000] {manager.py:755} INFO - Searching for files in /opt/airflow/dags
[2023-11-30T15:12:10.768+0000] {manager.py:758} INFO - There are 5 files in /opt/airflow/dags
[2023-11-30T15:12:11.259+0000] {manager.py:887} INFO - 
================================================================================
DAG File Processing Stats

File Path                                   PID  Runtime      # DAGs    # Errors  Last Runtime    Last Run
----------------------------------------  -----  ---------  --------  ----------  --------------  ----------
/opt/airflow/dags/ETL_clustered_ideas.py      9  0.33s             0           0
/opt/airflow/dags/ETL_companies.py           10  0.29s             0           0
/opt/airflow/dags/ETL_goals.py                                     0           0
/opt/airflow/dags/ETL_ideas.py                                     0           0
/opt/airflow/dags/ETL_users.py                                     0           0
================================================================================
[2023-11-30T15:12:41.411+0000] {manager.py:887} INFO - 
================================================================================
DAG File Processing Stats

File Path                                 PID    Runtime      # DAGs    # Errors  Last Runtime    Last Run
----------------------------------------  -----  ---------  --------  ----------  --------------  -------------------
/opt/airflow/dags/ETL_clustered_ideas.py                           1           0  0.64s           2023-11-30T15:12:11
/opt/airflow/dags/ETL_companies.py                                 1           0  0.63s           2023-11-30T15:12:11
/opt/airflow/dags/ETL_goals.py                                     1           0  0.27s           2023-11-30T15:12:11
/opt/airflow/dags/ETL_ideas.py                                     1           0  0.31s           2023-11-30T15:12:12
/opt/airflow/dags/ETL_users.py                                     1           0  0.34s           2023-11-30T15:12:12
================================================================================
[2023-11-30T15:22:05.792+0000] {manager.py:487} INFO - Processing files using up to 2 processes at a time 
[2023-11-30T15:22:05.795+0000] {manager.py:488} INFO - Process each file at most once every 30 seconds
[2023-11-30T15:22:05.800+0000] {manager.py:489} INFO - Checking for new files in /opt/airflow/dags every 300 seconds
[2023-11-30T15:22:05.802+0000] {manager.py:755} INFO - Searching for files in /opt/airflow/dags
[2023-11-30T15:22:05.839+0000] {manager.py:758} INFO - There are 5 files in /opt/airflow/dags
[2023-11-30T15:22:06.203+0000] {manager.py:887} INFO - 
================================================================================
DAG File Processing Stats

File Path                                   PID  Runtime      # DAGs    # Errors  Last Runtime    Last Run
----------------------------------------  -----  ---------  --------  ----------  --------------  ----------
/opt/airflow/dags/ETL_clustered_ideas.py     10  0.23s             0           0
/opt/airflow/dags/ETL_companies.py           11  0.20s             0           0
/opt/airflow/dags/ETL_goals.py                                     0           0
/opt/airflow/dags/ETL_ideas.py                                     0           0
/opt/airflow/dags/ETL_users.py                                     0           0
================================================================================
[2023-11-30T15:22:36.344+0000] {manager.py:887} INFO - 
================================================================================
DAG File Processing Stats

File Path                                 PID    Runtime      # DAGs    # Errors  Last Runtime    Last Run
----------------------------------------  -----  ---------  --------  ----------  --------------  -------------------
/opt/airflow/dags/ETL_clustered_ideas.py                           1           0  0.48s           2023-11-30T15:22:06
/opt/airflow/dags/ETL_companies.py                                 1           0  0.64s           2023-11-30T15:22:06
/opt/airflow/dags/ETL_goals.py                                     1           0  0.39s           2023-11-30T15:22:06
/opt/airflow/dags/ETL_ideas.py                                     1           0  0.37s           2023-11-30T15:22:06
/opt/airflow/dags/ETL_users.py                                     1           0  0.25s           2023-11-30T15:22:07
================================================================================
[2023-11-30T15:30:41.865+0000] {manager.py:487} INFO - Processing files using up to 2 processes at a time 
[2023-11-30T15:30:41.867+0000] {manager.py:488} INFO - Process each file at most once every 30 seconds
[2023-11-30T15:30:41.867+0000] {manager.py:489} INFO - Checking for new files in /opt/airflow/dags every 300 seconds
[2023-11-30T15:30:41.868+0000] {manager.py:755} INFO - Searching for files in /opt/airflow/dags
[2023-11-30T15:30:41.879+0000] {manager.py:758} INFO - There are 5 files in /opt/airflow/dags
[2023-11-30T15:30:42.120+0000] {manager.py:887} INFO - 
================================================================================
DAG File Processing Stats

File Path                                   PID  Runtime      # DAGs    # Errors  Last Runtime    Last Run
----------------------------------------  -----  ---------  --------  ----------  --------------  ----------
/opt/airflow/dags/ETL_clustered_ideas.py      9  0.17s             0           0
/opt/airflow/dags/ETL_companies.py           10  0.15s             0           0
/opt/airflow/dags/ETL_goals.py                                     0           0
/opt/airflow/dags/ETL_ideas.py                                     0           0
/opt/airflow/dags/ETL_users.py                                     0           0
================================================================================
[2023-11-30T15:31:12.949+0000] {manager.py:887} INFO - 
================================================================================
DAG File Processing Stats

File Path                                   PID  Runtime      # DAGs    # Errors  Last Runtime    Last Run
----------------------------------------  -----  ---------  --------  ----------  --------------  -------------------
/opt/airflow/dags/ETL_clustered_ideas.py     20  0.01s             1           0  0.56s           2023-11-30T15:30:42
/opt/airflow/dags/ETL_companies.py           21  0.01s             1           0  0.32s           2023-11-30T15:30:42
/opt/airflow/dags/ETL_goals.py                                     1           0  0.31s           2023-11-30T15:30:42
/opt/airflow/dags/ETL_ideas.py                                     1           0  0.22s           2023-11-30T15:30:42
/opt/airflow/dags/ETL_users.py                                     1           0  0.23s           2023-11-30T15:30:42
================================================================================
[2023-11-30T15:31:43.219+0000] {manager.py:887} INFO - 
================================================================================
DAG File Processing Stats

File Path                                   PID  Runtime      # DAGs    # Errors  Last Runtime    Last Run
----------------------------------------  -----  ---------  --------  ----------  --------------  -------------------
/opt/airflow/dags/ETL_clustered_ideas.py     32  0.01s             1           0  0.14s           2023-11-30T15:31:13
/opt/airflow/dags/ETL_companies.py           33  0.01s             1           0  0.15s           2023-11-30T15:31:13
/opt/airflow/dags/ETL_goals.py                                     1           0  0.43s           2023-11-30T15:31:13
/opt/airflow/dags/ETL_ideas.py                                     1           0  0.47s           2023-11-30T15:31:13
/opt/airflow/dags/ETL_users.py                                     1           0  0.53s           2023-11-30T15:31:14
================================================================================
[2023-11-30T15:32:13.415+0000] {manager.py:887} INFO - 
================================================================================
DAG File Processing Stats

File Path                                 PID    Runtime      # DAGs    # Errors  Last Runtime    Last Run
----------------------------------------  -----  ---------  --------  ----------  --------------  -------------------
/opt/airflow/dags/ETL_clustered_ideas.py                           1           0  0.43s           2023-11-30T15:31:43
/opt/airflow/dags/ETL_companies.py                                 1           0  0.46s           2023-11-30T15:31:43
/opt/airflow/dags/ETL_goals.py                                     1           0  0.54s           2023-11-30T15:31:44
/opt/airflow/dags/ETL_ideas.py                                     1           0  0.54s           2023-11-30T15:31:44
/opt/airflow/dags/ETL_users.py                                     1           0  0.42s           2023-11-30T15:31:44
================================================================================
[2023-11-30T15:32:43.793+0000] {manager.py:887} INFO - 
================================================================================
DAG File Processing Stats

File Path                                 PID    Runtime      # DAGs    # Errors  Last Runtime    Last Run
----------------------------------------  -----  ---------  --------  ----------  --------------  -------------------
/opt/airflow/dags/ETL_clustered_ideas.py                           1           0  0.41s           2023-11-30T15:32:14
/opt/airflow/dags/ETL_companies.py                                 1           0  0.39s           2023-11-30T15:32:14
/opt/airflow/dags/ETL_goals.py                                     1           0  0.39s           2023-11-30T15:32:14
/opt/airflow/dags/ETL_ideas.py                                     1           0  0.39s           2023-11-30T15:32:14
/opt/airflow/dags/ETL_users.py                                     1           0  0.45s           2023-11-30T15:32:15
================================================================================
[2023-11-30T15:33:14.221+0000] {manager.py:887} INFO - 
================================================================================
DAG File Processing Stats

File Path                                 PID    Runtime      # DAGs    # Errors  Last Runtime    Last Run
----------------------------------------  -----  ---------  --------  ----------  --------------  -------------------
/opt/airflow/dags/ETL_clustered_ideas.py                           1           0  1.26s           2023-11-30T15:32:46
/opt/airflow/dags/ETL_companies.py                                 1           0  1.31s           2023-11-30T15:32:46
/opt/airflow/dags/ETL_goals.py                                     1           0  0.65s           2023-11-30T15:32:46
/opt/airflow/dags/ETL_ideas.py                                     1           0  0.92s           2023-11-30T15:32:47
/opt/airflow/dags/ETL_users.py                                     1           0  0.62s           2023-11-30T15:32:47
================================================================================
[2023-11-30T15:33:44.271+0000] {manager.py:887} INFO - 
================================================================================
DAG File Processing Stats

File Path                                 PID    Runtime      # DAGs    # Errors  Last Runtime    Last Run
----------------------------------------  -----  ---------  --------  ----------  --------------  -------------------
/opt/airflow/dags/ETL_clustered_ideas.py                           1           0  0.71s           2023-11-30T15:33:16
/opt/airflow/dags/ETL_companies.py                                 1           0  0.71s           2023-11-30T15:33:16
/opt/airflow/dags/ETL_goals.py                                     1           0  0.39s           2023-11-30T15:33:17
/opt/airflow/dags/ETL_ideas.py                                     1           0  0.39s           2023-11-30T15:33:17
/opt/airflow/dags/ETL_users.py                                     1           0  0.38s           2023-11-30T15:33:18
================================================================================
[2023-11-30T15:34:14.342+0000] {manager.py:887} INFO - 
================================================================================
DAG File Processing Stats

File Path                                 PID    Runtime      # DAGs    # Errors  Last Runtime    Last Run
----------------------------------------  -----  ---------  --------  ----------  --------------  -------------------
/opt/airflow/dags/ETL_clustered_ideas.py                           1           0  0.38s           2023-11-30T15:33:47
/opt/airflow/dags/ETL_companies.py                                 1           0  0.28s           2023-11-30T15:33:47
/opt/airflow/dags/ETL_goals.py                                     1           0  0.38s           2023-11-30T15:33:47
/opt/airflow/dags/ETL_ideas.py                                     1           0  0.31s           2023-11-30T15:33:48
/opt/airflow/dags/ETL_users.py                                     1           0  0.21s           2023-11-30T15:33:48
================================================================================
[2023-11-30T15:34:45.064+0000] {manager.py:887} INFO - 
================================================================================
DAG File Processing Stats

File Path                                 PID    Runtime      # DAGs    # Errors  Last Runtime    Last Run
----------------------------------------  -----  ---------  --------  ----------  --------------  -------------------
/opt/airflow/dags/ETL_clustered_ideas.py                           1           0  0.16s           2023-11-30T15:34:17
/opt/airflow/dags/ETL_companies.py                                 1           0  0.15s           2023-11-30T15:34:17
/opt/airflow/dags/ETL_goals.py                                     1           0  0.30s           2023-11-30T15:34:18
/opt/airflow/dags/ETL_ideas.py                                     1           0  0.18s           2023-11-30T15:34:18
/opt/airflow/dags/ETL_users.py                                     1           0  0.20s           2023-11-30T15:34:19
================================================================================
[2023-11-30T15:35:15.612+0000] {manager.py:887} INFO - 
================================================================================
DAG File Processing Stats

File Path                                 PID    Runtime      # DAGs    # Errors  Last Runtime    Last Run
----------------------------------------  -----  ---------  --------  ----------  --------------  -------------------
/opt/airflow/dags/ETL_clustered_ideas.py                           1           0  0.14s           2023-11-30T15:34:48
/opt/airflow/dags/ETL_companies.py                                 1           0  0.14s           2023-11-30T15:34:48
/opt/airflow/dags/ETL_goals.py                                     1           0  0.13s           2023-11-30T15:34:49
/opt/airflow/dags/ETL_ideas.py                                     1           0  0.14s           2023-11-30T15:34:49
/opt/airflow/dags/ETL_users.py                                     1           0  0.17s           2023-11-30T15:34:49
================================================================================
[2023-11-30T15:42:07.288+0000] {manager.py:755} INFO - Searching for files in /opt/airflow/dags
[2023-11-30T15:42:07.579+0000] {manager.py:758} INFO - There are 5 files in /opt/airflow/dags
[2023-11-30T15:42:07.668+0000] {manager.py:887} INFO - 
================================================================================
DAG File Processing Stats

File Path                                   PID  Runtime      # DAGs    # Errors  Last Runtime    Last Run
----------------------------------------  -----  ---------  --------  ----------  --------------  -------------------
/opt/airflow/dags/ETL_clustered_ideas.py    118  0.02s             1           0  0.14s           2023-11-30T15:35:18
/opt/airflow/dags/ETL_companies.py          119  0.01s             1           0  0.15s           2023-11-30T15:35:18
/opt/airflow/dags/ETL_goals.py                                     1           0  0.22s           2023-11-30T15:35:19
/opt/airflow/dags/ETL_ideas.py                                     1           0  0.25s           2023-11-30T15:35:20
/opt/airflow/dags/ETL_users.py                                     1           0  0.21s           2023-11-30T15:35:20
================================================================================
[2023-11-30T15:49:56.211+0000] {manager.py:755} INFO - Searching for files in /opt/airflow/dags
[2023-11-30T15:49:56.642+0000] {manager.py:758} INFO - There are 5 files in /opt/airflow/dags
[2023-11-30T15:49:57.600+0000] {manager.py:887} INFO - 
================================================================================
DAG File Processing Stats

File Path                                   PID  Runtime      # DAGs    # Errors  Last Runtime    Last Run
----------------------------------------  -----  ---------  --------  ----------  --------------  -------------------
/opt/airflow/dags/ETL_clustered_ideas.py    128  0.13s             1           0  1.50s           2023-11-30T15:42:09
/opt/airflow/dags/ETL_companies.py          129  0.01s             1           0  1.40s           2023-11-30T15:42:09
/opt/airflow/dags/ETL_goals.py                                     1           0  1.18s           2023-11-30T15:42:10
/opt/airflow/dags/ETL_ideas.py                                     1           0  0.92s           2023-11-30T15:42:10
/opt/airflow/dags/ETL_users.py                                     1           0  0.75s           2023-11-30T15:42:10
================================================================================
