[2023-11-30T15:32:58.505+0000] {taskinstance.py:1159} INFO - Dependencies all met for dep_context=non-requeueable deps ti=<TaskInstance: ETL_companies.transform_data scheduled__2023-11-27T12:30:00+00:00 [queued]>
[2023-11-30T15:32:58.532+0000] {taskinstance.py:1159} INFO - Dependencies all met for dep_context=requeueable deps ti=<TaskInstance: ETL_companies.transform_data scheduled__2023-11-27T12:30:00+00:00 [queued]>
[2023-11-30T15:32:58.532+0000] {taskinstance.py:1361} INFO - Starting attempt 1 of 6
[2023-11-30T15:32:58.603+0000] {taskinstance.py:1382} INFO - Executing <Task(BashOperator): transform_data> on 2023-11-27 12:30:00+00:00
[2023-11-30T15:32:58.619+0000] {standard_task_runner.py:57} INFO - Started process 93 to run task
[2023-11-30T15:32:58.638+0000] {standard_task_runner.py:84} INFO - Running: ['***', 'tasks', 'run', 'ETL_companies', 'transform_data', 'scheduled__2023-11-27T12:30:00+00:00', '--job-id', '7', '--raw', '--subdir', 'DAGS_FOLDER/ETL_companies.py', '--cfg-path', '/tmp/tmpoe5swutx']
[2023-11-30T15:32:58.640+0000] {standard_task_runner.py:85} INFO - Job 7: Subtask transform_data
[2023-11-30T15:32:58.794+0000] {task_command.py:416} INFO - Running <TaskInstance: ETL_companies.transform_data scheduled__2023-11-27T12:30:00+00:00 [running]> on host 6abfe3f7fc58
[2023-11-30T15:32:59.059+0000] {taskinstance.py:1662} INFO - Exporting env vars: AIRFLOW_CTX_DAG_OWNER='***' AIRFLOW_CTX_DAG_ID='ETL_companies' AIRFLOW_CTX_TASK_ID='transform_data' AIRFLOW_CTX_EXECUTION_DATE='2023-11-27T12:30:00+00:00' AIRFLOW_CTX_TRY_NUMBER='1' AIRFLOW_CTX_DAG_RUN_ID='scheduled__2023-11-27T12:30:00+00:00'
[2023-11-30T15:32:59.067+0000] {subprocess.py:63} INFO - Tmp dir root location: /tmp
[2023-11-30T15:32:59.072+0000] {subprocess.py:75} INFO - Running command: ['/bin/bash', '-c', 'python3 /usr/local/***/etl/T_dim_companies.py "https://innkdw-etl.s3.amazonaws.com/raw/2023-11-30_companies.json"']
[2023-11-30T15:32:59.119+0000] {subprocess.py:86} INFO - Output:
[2023-11-30T15:33:02.323+0000] {subprocess.py:93} INFO - Successful S3 get_object response. Status - 200
[2023-11-30T15:33:02.324+0000] {subprocess.py:93} INFO - Converted created_at to datetime format without time.
[2023-11-30T15:33:02.324+0000] {subprocess.py:93} INFO - Converted updated_at to datetime format without time.
[2023-11-30T15:33:02.324+0000] {subprocess.py:93} INFO - https://innkdw-etl.s3.amazonaws.com/stage/2023-11-30_companies.parquet
[2023-11-30T15:33:02.622+0000] {subprocess.py:93} INFO - https://innkdw-etl.s3.amazonaws.com/stage/2023-11-30_companies.parquet
[2023-11-30T15:33:02.623+0000] {subprocess.py:97} INFO - Command exited with return code 0
[2023-11-30T15:33:02.746+0000] {taskinstance.py:1400} INFO - Marking task as SUCCESS. dag_id=ETL_companies, task_id=transform_data, execution_date=20231127T123000, start_date=20231130T153258, end_date=20231130T153302
[2023-11-30T15:33:02.821+0000] {local_task_job_runner.py:228} INFO - Task exited with return code 0
[2023-11-30T15:33:02.905+0000] {taskinstance.py:2778} INFO - 1 downstream tasks scheduled from follow-on schedule check
