[2023-11-30T13:02:00.822+0000] {processor.py:157} INFO - Started process (PID=13) to work on /opt/airflow/dags/ETL_ideas.py
[2023-11-30T13:02:00.837+0000] {processor.py:829} INFO - Processing file /opt/airflow/dags/ETL_ideas.py for tasks to queue
[2023-11-30T13:02:00.840+0000] {logging_mixin.py:151} INFO - [2023-11-30T13:02:00.840+0000] {dagbag.py:536} INFO - Filling up the DagBag from /opt/airflow/dags/ETL_ideas.py
[2023-11-30T13:02:00.930+0000] {processor.py:839} INFO - DAG(s) dict_keys(['ETL_ideas']) retrieved from /opt/airflow/dags/ETL_ideas.py
[2023-11-30T13:02:00.966+0000] {logging_mixin.py:151} INFO - [2023-11-30T13:02:00.966+0000] {dag.py:2941} INFO - Sync 1 DAGs
[2023-11-30T13:02:01.107+0000] {logging_mixin.py:151} INFO - [2023-11-30T13:02:01.106+0000] {dag.py:3722} INFO - Setting next_dagrun for ETL_ideas to 2023-10-18T00:00:00+00:00, run_after=2023-10-19T00:00:00+00:00
[2023-11-30T13:02:01.564+0000] {processor.py:179} INFO - Processing /opt/airflow/dags/ETL_ideas.py took 0.749 seconds
[2023-11-30T13:02:32.598+0000] {processor.py:157} INFO - Started process (PID=24) to work on /opt/airflow/dags/ETL_ideas.py
[2023-11-30T13:02:32.600+0000] {processor.py:829} INFO - Processing file /opt/airflow/dags/ETL_ideas.py for tasks to queue
[2023-11-30T13:02:32.606+0000] {logging_mixin.py:151} INFO - [2023-11-30T13:02:32.606+0000] {dagbag.py:536} INFO - Filling up the DagBag from /opt/airflow/dags/ETL_ideas.py
[2023-11-30T13:02:32.673+0000] {processor.py:839} INFO - DAG(s) dict_keys(['ETL_ideas']) retrieved from /opt/airflow/dags/ETL_ideas.py
[2023-11-30T13:02:32.762+0000] {logging_mixin.py:151} INFO - [2023-11-30T13:02:32.762+0000] {dag.py:2941} INFO - Sync 1 DAGs
[2023-11-30T13:02:32.857+0000] {logging_mixin.py:151} INFO - [2023-11-30T13:02:32.856+0000] {dag.py:3722} INFO - Setting next_dagrun for ETL_ideas to 2023-10-18T00:00:00+00:00, run_after=2023-10-19T00:00:00+00:00
[2023-11-30T13:02:32.958+0000] {processor.py:179} INFO - Processing /opt/airflow/dags/ETL_ideas.py took 0.371 seconds
[2023-11-30T13:04:14.751+0000] {processor.py:157} INFO - Started process (PID=12) to work on /opt/airflow/dags/ETL_ideas.py
[2023-11-30T13:04:14.774+0000] {processor.py:829} INFO - Processing file /opt/airflow/dags/ETL_ideas.py for tasks to queue
[2023-11-30T13:04:14.778+0000] {logging_mixin.py:151} INFO - [2023-11-30T13:04:14.777+0000] {dagbag.py:536} INFO - Filling up the DagBag from /opt/airflow/dags/ETL_ideas.py
[2023-11-30T13:04:14.935+0000] {processor.py:839} INFO - DAG(s) dict_keys(['ETL_ideas']) retrieved from /opt/airflow/dags/ETL_ideas.py
[2023-11-30T13:04:14.975+0000] {logging_mixin.py:151} INFO - [2023-11-30T13:04:14.974+0000] {dag.py:2941} INFO - Sync 1 DAGs
[2023-11-30T13:04:15.095+0000] {logging_mixin.py:151} INFO - [2023-11-30T13:04:15.095+0000] {dag.py:3722} INFO - Setting next_dagrun for ETL_ideas to 2023-10-18T00:00:00+00:00, run_after=2023-10-19T00:00:00+00:00
[2023-11-30T13:04:15.186+0000] {processor.py:179} INFO - Processing /opt/airflow/dags/ETL_ideas.py took 0.440 seconds
[2023-11-30T13:04:45.881+0000] {processor.py:157} INFO - Started process (PID=22) to work on /opt/airflow/dags/ETL_ideas.py
[2023-11-30T13:04:45.884+0000] {processor.py:829} INFO - Processing file /opt/airflow/dags/ETL_ideas.py for tasks to queue
[2023-11-30T13:04:45.887+0000] {logging_mixin.py:151} INFO - [2023-11-30T13:04:45.887+0000] {dagbag.py:536} INFO - Filling up the DagBag from /opt/airflow/dags/ETL_ideas.py
[2023-11-30T13:04:45.956+0000] {processor.py:839} INFO - DAG(s) dict_keys(['ETL_ideas']) retrieved from /opt/airflow/dags/ETL_ideas.py
[2023-11-30T13:04:46.136+0000] {logging_mixin.py:151} INFO - [2023-11-30T13:04:46.136+0000] {dag.py:2941} INFO - Sync 1 DAGs
[2023-11-30T13:04:46.202+0000] {logging_mixin.py:151} INFO - [2023-11-30T13:04:46.201+0000] {dag.py:3722} INFO - Setting next_dagrun for ETL_ideas to 2023-10-18T00:00:00+00:00, run_after=2023-10-19T00:00:00+00:00
[2023-11-30T13:04:46.294+0000] {processor.py:179} INFO - Processing /opt/airflow/dags/ETL_ideas.py took 0.416 seconds
[2023-11-30T13:05:16.989+0000] {processor.py:157} INFO - Started process (PID=33) to work on /opt/airflow/dags/ETL_ideas.py
[2023-11-30T13:05:16.991+0000] {processor.py:829} INFO - Processing file /opt/airflow/dags/ETL_ideas.py for tasks to queue
[2023-11-30T13:05:16.993+0000] {logging_mixin.py:151} INFO - [2023-11-30T13:05:16.993+0000] {dagbag.py:536} INFO - Filling up the DagBag from /opt/airflow/dags/ETL_ideas.py
[2023-11-30T13:05:17.046+0000] {processor.py:839} INFO - DAG(s) dict_keys(['ETL_ideas']) retrieved from /opt/airflow/dags/ETL_ideas.py
[2023-11-30T13:05:17.095+0000] {logging_mixin.py:151} INFO - [2023-11-30T13:05:17.095+0000] {dag.py:2941} INFO - Sync 1 DAGs
[2023-11-30T13:05:17.125+0000] {logging_mixin.py:151} INFO - [2023-11-30T13:05:17.125+0000] {dag.py:3722} INFO - Setting next_dagrun for ETL_ideas to 2023-10-18T00:00:00+00:00, run_after=2023-10-19T00:00:00+00:00
[2023-11-30T13:05:17.499+0000] {processor.py:179} INFO - Processing /opt/airflow/dags/ETL_ideas.py took 0.515 seconds
[2023-11-30T13:07:14.413+0000] {processor.py:157} INFO - Started process (PID=13) to work on /opt/airflow/dags/ETL_ideas.py
[2023-11-30T13:07:14.428+0000] {processor.py:829} INFO - Processing file /opt/airflow/dags/ETL_ideas.py for tasks to queue
[2023-11-30T13:07:14.433+0000] {logging_mixin.py:151} INFO - [2023-11-30T13:07:14.433+0000] {dagbag.py:536} INFO - Filling up the DagBag from /opt/airflow/dags/ETL_ideas.py
[2023-11-30T13:07:14.532+0000] {processor.py:839} INFO - DAG(s) dict_keys(['ETL_ideas']) retrieved from /opt/airflow/dags/ETL_ideas.py
[2023-11-30T13:07:14.579+0000] {logging_mixin.py:151} INFO - [2023-11-30T13:07:14.578+0000] {dag.py:2941} INFO - Sync 1 DAGs
[2023-11-30T13:07:14.699+0000] {logging_mixin.py:151} INFO - [2023-11-30T13:07:14.699+0000] {dag.py:3722} INFO - Setting next_dagrun for ETL_ideas to 2023-10-18T00:00:00+00:00, run_after=2023-10-19T00:00:00+00:00
[2023-11-30T13:07:14.777+0000] {processor.py:179} INFO - Processing /opt/airflow/dags/ETL_ideas.py took 0.368 seconds
[2023-11-30T13:07:45.298+0000] {processor.py:157} INFO - Started process (PID=24) to work on /opt/airflow/dags/ETL_ideas.py
[2023-11-30T13:07:45.305+0000] {processor.py:829} INFO - Processing file /opt/airflow/dags/ETL_ideas.py for tasks to queue
[2023-11-30T13:07:45.308+0000] {logging_mixin.py:151} INFO - [2023-11-30T13:07:45.307+0000] {dagbag.py:536} INFO - Filling up the DagBag from /opt/airflow/dags/ETL_ideas.py
[2023-11-30T13:07:45.358+0000] {processor.py:839} INFO - DAG(s) dict_keys(['ETL_ideas']) retrieved from /opt/airflow/dags/ETL_ideas.py
[2023-11-30T13:07:45.420+0000] {logging_mixin.py:151} INFO - [2023-11-30T13:07:45.420+0000] {dag.py:2941} INFO - Sync 1 DAGs
[2023-11-30T13:07:45.472+0000] {logging_mixin.py:151} INFO - [2023-11-30T13:07:45.472+0000] {dag.py:3722} INFO - Setting next_dagrun for ETL_ideas to 2023-10-18T00:00:00+00:00, run_after=2023-10-19T00:00:00+00:00
[2023-11-30T13:07:45.545+0000] {processor.py:179} INFO - Processing /opt/airflow/dags/ETL_ideas.py took 0.252 seconds
[2023-11-30T13:08:15.684+0000] {processor.py:157} INFO - Started process (PID=36) to work on /opt/airflow/dags/ETL_ideas.py
[2023-11-30T13:08:15.687+0000] {processor.py:829} INFO - Processing file /opt/airflow/dags/ETL_ideas.py for tasks to queue
[2023-11-30T13:08:15.691+0000] {logging_mixin.py:151} INFO - [2023-11-30T13:08:15.691+0000] {dagbag.py:536} INFO - Filling up the DagBag from /opt/airflow/dags/ETL_ideas.py
[2023-11-30T13:08:15.799+0000] {processor.py:839} INFO - DAG(s) dict_keys(['ETL_ideas']) retrieved from /opt/airflow/dags/ETL_ideas.py
[2023-11-30T13:08:15.839+0000] {logging_mixin.py:151} INFO - [2023-11-30T13:08:15.839+0000] {dag.py:2941} INFO - Sync 1 DAGs
[2023-11-30T13:08:15.921+0000] {logging_mixin.py:151} INFO - [2023-11-30T13:08:15.920+0000] {dag.py:3722} INFO - Setting next_dagrun for ETL_ideas to 2023-10-18T00:00:00+00:00, run_after=2023-10-19T00:00:00+00:00
[2023-11-30T13:08:16.424+0000] {processor.py:179} INFO - Processing /opt/airflow/dags/ETL_ideas.py took 0.750 seconds
[2023-11-30T13:08:46.627+0000] {processor.py:157} INFO - Started process (PID=47) to work on /opt/airflow/dags/ETL_ideas.py
[2023-11-30T13:08:46.630+0000] {processor.py:829} INFO - Processing file /opt/airflow/dags/ETL_ideas.py for tasks to queue
[2023-11-30T13:08:46.636+0000] {logging_mixin.py:151} INFO - [2023-11-30T13:08:46.636+0000] {dagbag.py:536} INFO - Filling up the DagBag from /opt/airflow/dags/ETL_ideas.py
[2023-11-30T13:08:46.668+0000] {processor.py:839} INFO - DAG(s) dict_keys(['ETL_ideas']) retrieved from /opt/airflow/dags/ETL_ideas.py
[2023-11-30T13:08:46.773+0000] {logging_mixin.py:151} INFO - [2023-11-30T13:08:46.772+0000] {dag.py:2941} INFO - Sync 1 DAGs
[2023-11-30T13:08:47.289+0000] {logging_mixin.py:151} INFO - [2023-11-30T13:08:47.289+0000] {dag.py:3722} INFO - Setting next_dagrun for ETL_ideas to 2023-10-18T00:00:00+00:00, run_after=2023-10-19T00:00:00+00:00
[2023-11-30T13:08:47.344+0000] {processor.py:179} INFO - Processing /opt/airflow/dags/ETL_ideas.py took 0.721 seconds
[2023-11-30T13:09:21.673+0000] {processor.py:157} INFO - Started process (PID=57) to work on /opt/airflow/dags/ETL_ideas.py
[2023-11-30T13:09:21.675+0000] {processor.py:829} INFO - Processing file /opt/airflow/dags/ETL_ideas.py for tasks to queue
[2023-11-30T13:09:21.715+0000] {logging_mixin.py:151} INFO - [2023-11-30T13:09:21.715+0000] {dagbag.py:536} INFO - Filling up the DagBag from /opt/airflow/dags/ETL_ideas.py
[2023-11-30T13:09:21.789+0000] {processor.py:839} INFO - DAG(s) dict_keys(['ETL_ideas']) retrieved from /opt/airflow/dags/ETL_ideas.py
[2023-11-30T13:09:21.891+0000] {logging_mixin.py:151} INFO - [2023-11-30T13:09:21.891+0000] {dag.py:2941} INFO - Sync 1 DAGs
[2023-11-30T13:09:24.295+0000] {logging_mixin.py:151} INFO - [2023-11-30T13:09:24.295+0000] {dag.py:3722} INFO - Setting next_dagrun for ETL_ideas to 2023-10-18T00:00:00+00:00, run_after=2023-10-19T00:00:00+00:00
[2023-11-30T13:09:24.452+0000] {processor.py:179} INFO - Processing /opt/airflow/dags/ETL_ideas.py took 2.814 seconds
[2023-11-30T13:09:55.729+0000] {processor.py:157} INFO - Started process (PID=69) to work on /opt/airflow/dags/ETL_ideas.py
[2023-11-30T13:09:55.744+0000] {processor.py:829} INFO - Processing file /opt/airflow/dags/ETL_ideas.py for tasks to queue
[2023-11-30T13:09:55.750+0000] {logging_mixin.py:151} INFO - [2023-11-30T13:09:55.750+0000] {dagbag.py:536} INFO - Filling up the DagBag from /opt/airflow/dags/ETL_ideas.py
[2023-11-30T13:50:14.774+0000] {processor.py:157} INFO - Started process (PID=13) to work on /opt/airflow/dags/ETL_ideas.py
[2023-11-30T13:50:14.776+0000] {processor.py:829} INFO - Processing file /opt/airflow/dags/ETL_ideas.py for tasks to queue
[2023-11-30T13:50:14.780+0000] {logging_mixin.py:151} INFO - [2023-11-30T13:50:14.779+0000] {dagbag.py:536} INFO - Filling up the DagBag from /opt/airflow/dags/ETL_ideas.py
[2023-11-30T13:50:14.922+0000] {processor.py:839} INFO - DAG(s) dict_keys(['ETL_ideas']) retrieved from /opt/airflow/dags/ETL_ideas.py
[2023-11-30T13:50:15.203+0000] {logging_mixin.py:151} INFO - [2023-11-30T13:50:15.201+0000] {dag.py:2941} INFO - Sync 1 DAGs
[2023-11-30T13:50:15.370+0000] {logging_mixin.py:151} INFO - [2023-11-30T13:50:15.370+0000] {dag.py:3722} INFO - Setting next_dagrun for ETL_ideas to 2023-10-18T00:00:00+00:00, run_after=2023-10-19T00:00:00+00:00
[2023-11-30T13:50:15.516+0000] {processor.py:179} INFO - Processing /opt/airflow/dags/ETL_ideas.py took 0.760 seconds
[2023-11-30T13:50:45.680+0000] {processor.py:157} INFO - Started process (PID=24) to work on /opt/airflow/dags/ETL_ideas.py
[2023-11-30T13:50:45.685+0000] {processor.py:829} INFO - Processing file /opt/airflow/dags/ETL_ideas.py for tasks to queue
[2023-11-30T13:50:45.696+0000] {logging_mixin.py:151} INFO - [2023-11-30T13:50:45.695+0000] {dagbag.py:536} INFO - Filling up the DagBag from /opt/airflow/dags/ETL_ideas.py
[2023-11-30T13:50:45.775+0000] {processor.py:839} INFO - DAG(s) dict_keys(['ETL_ideas']) retrieved from /opt/airflow/dags/ETL_ideas.py
[2023-11-30T13:50:45.826+0000] {logging_mixin.py:151} INFO - [2023-11-30T13:50:45.825+0000] {dag.py:2941} INFO - Sync 1 DAGs
[2023-11-30T13:50:45.863+0000] {logging_mixin.py:151} INFO - [2023-11-30T13:50:45.862+0000] {dag.py:3722} INFO - Setting next_dagrun for ETL_ideas to 2023-10-18T00:00:00+00:00, run_after=2023-10-19T00:00:00+00:00
[2023-11-30T13:50:45.899+0000] {processor.py:179} INFO - Processing /opt/airflow/dags/ETL_ideas.py took 0.225 seconds
[2023-11-30T13:51:16.466+0000] {processor.py:157} INFO - Started process (PID=35) to work on /opt/airflow/dags/ETL_ideas.py
[2023-11-30T13:51:16.470+0000] {processor.py:829} INFO - Processing file /opt/airflow/dags/ETL_ideas.py for tasks to queue
[2023-11-30T13:51:16.479+0000] {logging_mixin.py:151} INFO - [2023-11-30T13:51:16.478+0000] {dagbag.py:536} INFO - Filling up the DagBag from /opt/airflow/dags/ETL_ideas.py
[2023-11-30T13:51:16.511+0000] {processor.py:839} INFO - DAG(s) dict_keys(['ETL_ideas']) retrieved from /opt/airflow/dags/ETL_ideas.py
[2023-11-30T13:51:16.545+0000] {logging_mixin.py:151} INFO - [2023-11-30T13:51:16.545+0000] {dag.py:2941} INFO - Sync 1 DAGs
[2023-11-30T13:51:16.578+0000] {logging_mixin.py:151} INFO - [2023-11-30T13:51:16.578+0000] {dag.py:3722} INFO - Setting next_dagrun for ETL_ideas to 2023-10-18T00:00:00+00:00, run_after=2023-10-19T00:00:00+00:00
[2023-11-30T13:51:16.872+0000] {processor.py:179} INFO - Processing /opt/airflow/dags/ETL_ideas.py took 0.412 seconds
[2023-11-30T13:51:47.306+0000] {processor.py:157} INFO - Started process (PID=46) to work on /opt/airflow/dags/ETL_ideas.py
[2023-11-30T13:51:47.308+0000] {processor.py:829} INFO - Processing file /opt/airflow/dags/ETL_ideas.py for tasks to queue
[2023-11-30T13:51:47.312+0000] {logging_mixin.py:151} INFO - [2023-11-30T13:51:47.311+0000] {dagbag.py:536} INFO - Filling up the DagBag from /opt/airflow/dags/ETL_ideas.py
[2023-11-30T13:51:47.335+0000] {processor.py:839} INFO - DAG(s) dict_keys(['ETL_ideas']) retrieved from /opt/airflow/dags/ETL_ideas.py
[2023-11-30T13:51:47.382+0000] {logging_mixin.py:151} INFO - [2023-11-30T13:51:47.381+0000] {dag.py:2941} INFO - Sync 1 DAGs
[2023-11-30T13:51:47.687+0000] {logging_mixin.py:151} INFO - [2023-11-30T13:51:47.687+0000] {dag.py:3722} INFO - Setting next_dagrun for ETL_ideas to 2023-10-18T00:00:00+00:00, run_after=2023-10-19T00:00:00+00:00
[2023-11-30T13:51:47.711+0000] {processor.py:179} INFO - Processing /opt/airflow/dags/ETL_ideas.py took 0.413 seconds
[2023-11-30T13:52:18.590+0000] {processor.py:157} INFO - Started process (PID=57) to work on /opt/airflow/dags/ETL_ideas.py
[2023-11-30T13:52:18.604+0000] {processor.py:829} INFO - Processing file /opt/airflow/dags/ETL_ideas.py for tasks to queue
[2023-11-30T13:52:18.607+0000] {logging_mixin.py:151} INFO - [2023-11-30T13:52:18.607+0000] {dagbag.py:536} INFO - Filling up the DagBag from /opt/airflow/dags/ETL_ideas.py
[2023-11-30T13:52:18.652+0000] {processor.py:839} INFO - DAG(s) dict_keys(['ETL_ideas']) retrieved from /opt/airflow/dags/ETL_ideas.py
[2023-11-30T13:52:18.763+0000] {logging_mixin.py:151} INFO - [2023-11-30T13:52:18.763+0000] {dag.py:2941} INFO - Sync 1 DAGs
[2023-11-30T13:52:19.505+0000] {logging_mixin.py:151} INFO - [2023-11-30T13:52:19.505+0000] {dag.py:3722} INFO - Setting next_dagrun for ETL_ideas to 2023-10-18T00:00:00+00:00, run_after=2023-10-19T00:00:00+00:00
[2023-11-30T13:52:19.552+0000] {processor.py:179} INFO - Processing /opt/airflow/dags/ETL_ideas.py took 0.980 seconds
[2023-11-30T13:52:49.638+0000] {processor.py:157} INFO - Started process (PID=69) to work on /opt/airflow/dags/ETL_ideas.py
[2023-11-30T13:52:49.643+0000] {processor.py:829} INFO - Processing file /opt/airflow/dags/ETL_ideas.py for tasks to queue
[2023-11-30T13:52:49.649+0000] {logging_mixin.py:151} INFO - [2023-11-30T13:52:49.646+0000] {dagbag.py:536} INFO - Filling up the DagBag from /opt/airflow/dags/ETL_ideas.py
[2023-11-30T13:52:49.707+0000] {processor.py:839} INFO - DAG(s) dict_keys(['ETL_ideas']) retrieved from /opt/airflow/dags/ETL_ideas.py
[2023-11-30T13:52:50.057+0000] {logging_mixin.py:151} INFO - [2023-11-30T13:52:50.057+0000] {dag.py:2941} INFO - Sync 1 DAGs
[2023-11-30T13:52:50.206+0000] {logging_mixin.py:151} INFO - [2023-11-30T13:52:50.200+0000] {dag.py:3722} INFO - Setting next_dagrun for ETL_ideas to 2023-10-18T00:00:00+00:00, run_after=2023-10-19T00:00:00+00:00
[2023-11-30T13:52:50.299+0000] {processor.py:179} INFO - Processing /opt/airflow/dags/ETL_ideas.py took 0.665 seconds
[2023-11-30T13:53:20.799+0000] {processor.py:157} INFO - Started process (PID=80) to work on /opt/airflow/dags/ETL_ideas.py
[2023-11-30T13:53:20.804+0000] {processor.py:829} INFO - Processing file /opt/airflow/dags/ETL_ideas.py for tasks to queue
[2023-11-30T13:53:21.125+0000] {logging_mixin.py:151} INFO - [2023-11-30T13:53:21.124+0000] {dagbag.py:536} INFO - Filling up the DagBag from /opt/airflow/dags/ETL_ideas.py
[2023-11-30T13:53:21.147+0000] {processor.py:839} INFO - DAG(s) dict_keys(['ETL_ideas']) retrieved from /opt/airflow/dags/ETL_ideas.py
[2023-11-30T13:53:21.175+0000] {logging_mixin.py:151} INFO - [2023-11-30T13:53:21.175+0000] {dag.py:2941} INFO - Sync 1 DAGs
[2023-11-30T13:53:21.203+0000] {logging_mixin.py:151} INFO - [2023-11-30T13:53:21.203+0000] {dag.py:3722} INFO - Setting next_dagrun for ETL_ideas to 2023-10-18T00:00:00+00:00, run_after=2023-10-19T00:00:00+00:00
[2023-11-30T13:53:21.242+0000] {processor.py:179} INFO - Processing /opt/airflow/dags/ETL_ideas.py took 0.463 seconds
[2023-11-30T13:53:51.633+0000] {processor.py:157} INFO - Started process (PID=91) to work on /opt/airflow/dags/ETL_ideas.py
[2023-11-30T13:53:51.635+0000] {processor.py:829} INFO - Processing file /opt/airflow/dags/ETL_ideas.py for tasks to queue
[2023-11-30T13:53:51.641+0000] {logging_mixin.py:151} INFO - [2023-11-30T13:53:51.638+0000] {dagbag.py:536} INFO - Filling up the DagBag from /opt/airflow/dags/ETL_ideas.py
[2023-11-30T13:53:51.706+0000] {processor.py:839} INFO - DAG(s) dict_keys(['ETL_ideas']) retrieved from /opt/airflow/dags/ETL_ideas.py
[2023-11-30T13:53:51.769+0000] {logging_mixin.py:151} INFO - [2023-11-30T13:53:51.768+0000] {dag.py:2941} INFO - Sync 1 DAGs
[2023-11-30T13:53:51.843+0000] {logging_mixin.py:151} INFO - [2023-11-30T13:53:51.843+0000] {dag.py:3722} INFO - Setting next_dagrun for ETL_ideas to 2023-10-18T00:00:00+00:00, run_after=2023-10-19T00:00:00+00:00
[2023-11-30T13:53:51.870+0000] {processor.py:179} INFO - Processing /opt/airflow/dags/ETL_ideas.py took 0.244 seconds
[2023-11-30T13:54:22.661+0000] {processor.py:157} INFO - Started process (PID=102) to work on /opt/airflow/dags/ETL_ideas.py
[2023-11-30T13:54:22.675+0000] {processor.py:829} INFO - Processing file /opt/airflow/dags/ETL_ideas.py for tasks to queue
[2023-11-30T13:54:22.679+0000] {logging_mixin.py:151} INFO - [2023-11-30T13:54:22.679+0000] {dagbag.py:536} INFO - Filling up the DagBag from /opt/airflow/dags/ETL_ideas.py
[2023-11-30T13:54:22.739+0000] {processor.py:839} INFO - DAG(s) dict_keys(['ETL_ideas']) retrieved from /opt/airflow/dags/ETL_ideas.py
[2023-11-30T13:54:22.826+0000] {logging_mixin.py:151} INFO - [2023-11-30T13:54:22.825+0000] {dag.py:2941} INFO - Sync 1 DAGs
[2023-11-30T13:54:22.867+0000] {logging_mixin.py:151} INFO - [2023-11-30T13:54:22.867+0000] {dag.py:3722} INFO - Setting next_dagrun for ETL_ideas to 2023-10-18T00:00:00+00:00, run_after=2023-10-19T00:00:00+00:00
[2023-11-30T13:54:23.055+0000] {processor.py:179} INFO - Processing /opt/airflow/dags/ETL_ideas.py took 0.400 seconds
[2023-11-30T13:54:53.329+0000] {processor.py:157} INFO - Started process (PID=113) to work on /opt/airflow/dags/ETL_ideas.py
[2023-11-30T13:54:53.335+0000] {processor.py:829} INFO - Processing file /opt/airflow/dags/ETL_ideas.py for tasks to queue
[2023-11-30T13:54:53.347+0000] {logging_mixin.py:151} INFO - [2023-11-30T13:54:53.344+0000] {dagbag.py:536} INFO - Filling up the DagBag from /opt/airflow/dags/ETL_ideas.py
[2023-11-30T13:54:53.509+0000] {processor.py:839} INFO - DAG(s) dict_keys(['ETL_ideas']) retrieved from /opt/airflow/dags/ETL_ideas.py
[2023-11-30T13:54:53.667+0000] {logging_mixin.py:151} INFO - [2023-11-30T13:54:53.667+0000] {dag.py:2941} INFO - Sync 1 DAGs
[2023-11-30T13:54:53.722+0000] {logging_mixin.py:151} INFO - [2023-11-30T13:54:53.722+0000] {dag.py:3722} INFO - Setting next_dagrun for ETL_ideas to 2023-10-18T00:00:00+00:00, run_after=2023-10-19T00:00:00+00:00
[2023-11-30T13:54:53.807+0000] {processor.py:179} INFO - Processing /opt/airflow/dags/ETL_ideas.py took 0.515 seconds
[2023-11-30T13:55:24.606+0000] {processor.py:157} INFO - Started process (PID=130) to work on /opt/airflow/dags/ETL_ideas.py
[2023-11-30T13:55:24.607+0000] {processor.py:829} INFO - Processing file /opt/airflow/dags/ETL_ideas.py for tasks to queue
[2023-11-30T13:55:24.611+0000] {logging_mixin.py:151} INFO - [2023-11-30T13:55:24.610+0000] {dagbag.py:536} INFO - Filling up the DagBag from /opt/airflow/dags/ETL_ideas.py
[2023-11-30T13:55:24.635+0000] {processor.py:839} INFO - DAG(s) dict_keys(['ETL_ideas']) retrieved from /opt/airflow/dags/ETL_ideas.py
[2023-11-30T13:55:24.665+0000] {logging_mixin.py:151} INFO - [2023-11-30T13:55:24.665+0000] {dag.py:2941} INFO - Sync 1 DAGs
[2023-11-30T13:55:24.696+0000] {logging_mixin.py:151} INFO - [2023-11-30T13:55:24.696+0000] {dag.py:3722} INFO - Setting next_dagrun for ETL_ideas to 2023-10-18T00:00:00+00:00, run_after=2023-10-19T00:00:00+00:00
[2023-11-30T13:55:24.721+0000] {processor.py:179} INFO - Processing /opt/airflow/dags/ETL_ideas.py took 0.120 seconds
[2023-11-30T13:55:55.342+0000] {processor.py:157} INFO - Started process (PID=141) to work on /opt/airflow/dags/ETL_ideas.py
[2023-11-30T13:55:55.344+0000] {processor.py:829} INFO - Processing file /opt/airflow/dags/ETL_ideas.py for tasks to queue
[2023-11-30T13:55:55.373+0000] {logging_mixin.py:151} INFO - [2023-11-30T13:55:55.371+0000] {dagbag.py:536} INFO - Filling up the DagBag from /opt/airflow/dags/ETL_ideas.py
[2023-11-30T13:55:55.423+0000] {processor.py:839} INFO - DAG(s) dict_keys(['ETL_ideas']) retrieved from /opt/airflow/dags/ETL_ideas.py
[2023-11-30T13:55:55.454+0000] {logging_mixin.py:151} INFO - [2023-11-30T13:55:55.454+0000] {dag.py:2941} INFO - Sync 1 DAGs
[2023-11-30T13:55:55.499+0000] {logging_mixin.py:151} INFO - [2023-11-30T13:55:55.499+0000] {dag.py:3722} INFO - Setting next_dagrun for ETL_ideas to 2023-10-18T00:00:00+00:00, run_after=2023-10-19T00:00:00+00:00
[2023-11-30T13:55:55.546+0000] {processor.py:179} INFO - Processing /opt/airflow/dags/ETL_ideas.py took 0.209 seconds
[2023-11-30T13:56:26.109+0000] {processor.py:157} INFO - Started process (PID=152) to work on /opt/airflow/dags/ETL_ideas.py
[2023-11-30T13:56:26.111+0000] {processor.py:829} INFO - Processing file /opt/airflow/dags/ETL_ideas.py for tasks to queue
[2023-11-30T13:56:26.116+0000] {logging_mixin.py:151} INFO - [2023-11-30T13:56:26.115+0000] {dagbag.py:536} INFO - Filling up the DagBag from /opt/airflow/dags/ETL_ideas.py
[2023-11-30T13:56:26.139+0000] {processor.py:839} INFO - DAG(s) dict_keys(['ETL_ideas']) retrieved from /opt/airflow/dags/ETL_ideas.py
[2023-11-30T13:56:26.170+0000] {logging_mixin.py:151} INFO - [2023-11-30T13:56:26.169+0000] {dag.py:2941} INFO - Sync 1 DAGs
[2023-11-30T13:56:26.208+0000] {logging_mixin.py:151} INFO - [2023-11-30T13:56:26.208+0000] {dag.py:3722} INFO - Setting next_dagrun for ETL_ideas to 2023-10-18T00:00:00+00:00, run_after=2023-10-19T00:00:00+00:00
[2023-11-30T13:56:26.236+0000] {processor.py:179} INFO - Processing /opt/airflow/dags/ETL_ideas.py took 0.135 seconds
[2023-11-30T13:56:56.769+0000] {processor.py:157} INFO - Started process (PID=164) to work on /opt/airflow/dags/ETL_ideas.py
[2023-11-30T13:56:56.774+0000] {processor.py:829} INFO - Processing file /opt/airflow/dags/ETL_ideas.py for tasks to queue
[2023-11-30T13:56:56.778+0000] {logging_mixin.py:151} INFO - [2023-11-30T13:56:56.778+0000] {dagbag.py:536} INFO - Filling up the DagBag from /opt/airflow/dags/ETL_ideas.py
[2023-11-30T13:56:56.821+0000] {processor.py:839} INFO - DAG(s) dict_keys(['ETL_ideas']) retrieved from /opt/airflow/dags/ETL_ideas.py
[2023-11-30T13:56:56.886+0000] {logging_mixin.py:151} INFO - [2023-11-30T13:56:56.886+0000] {dag.py:2941} INFO - Sync 1 DAGs
[2023-11-30T13:56:56.945+0000] {logging_mixin.py:151} INFO - [2023-11-30T13:56:56.945+0000] {dag.py:3722} INFO - Setting next_dagrun for ETL_ideas to 2023-10-18T00:00:00+00:00, run_after=2023-10-19T00:00:00+00:00
[2023-11-30T13:56:57.036+0000] {processor.py:179} INFO - Processing /opt/airflow/dags/ETL_ideas.py took 0.283 seconds
[2023-11-30T13:57:27.610+0000] {processor.py:157} INFO - Started process (PID=175) to work on /opt/airflow/dags/ETL_ideas.py
[2023-11-30T13:57:27.616+0000] {processor.py:829} INFO - Processing file /opt/airflow/dags/ETL_ideas.py for tasks to queue
[2023-11-30T13:57:27.623+0000] {logging_mixin.py:151} INFO - [2023-11-30T13:57:27.623+0000] {dagbag.py:536} INFO - Filling up the DagBag from /opt/airflow/dags/ETL_ideas.py
[2023-11-30T13:57:27.674+0000] {processor.py:839} INFO - DAG(s) dict_keys(['ETL_ideas']) retrieved from /opt/airflow/dags/ETL_ideas.py
[2023-11-30T13:57:27.709+0000] {logging_mixin.py:151} INFO - [2023-11-30T13:57:27.709+0000] {dag.py:2941} INFO - Sync 1 DAGs
[2023-11-30T13:57:27.740+0000] {logging_mixin.py:151} INFO - [2023-11-30T13:57:27.739+0000] {dag.py:3722} INFO - Setting next_dagrun for ETL_ideas to 2023-10-18T00:00:00+00:00, run_after=2023-10-19T00:00:00+00:00
[2023-11-30T13:57:27.772+0000] {processor.py:179} INFO - Processing /opt/airflow/dags/ETL_ideas.py took 0.201 seconds
[2023-11-30T13:57:58.254+0000] {processor.py:157} INFO - Started process (PID=186) to work on /opt/airflow/dags/ETL_ideas.py
[2023-11-30T13:57:58.256+0000] {processor.py:829} INFO - Processing file /opt/airflow/dags/ETL_ideas.py for tasks to queue
[2023-11-30T13:57:58.259+0000] {logging_mixin.py:151} INFO - [2023-11-30T13:57:58.259+0000] {dagbag.py:536} INFO - Filling up the DagBag from /opt/airflow/dags/ETL_ideas.py
[2023-11-30T13:57:58.281+0000] {processor.py:839} INFO - DAG(s) dict_keys(['ETL_ideas']) retrieved from /opt/airflow/dags/ETL_ideas.py
[2023-11-30T13:57:58.328+0000] {logging_mixin.py:151} INFO - [2023-11-30T13:57:58.328+0000] {dag.py:2941} INFO - Sync 1 DAGs
[2023-11-30T13:57:58.358+0000] {logging_mixin.py:151} INFO - [2023-11-30T13:57:58.358+0000] {dag.py:3722} INFO - Setting next_dagrun for ETL_ideas to 2023-10-18T00:00:00+00:00, run_after=2023-10-19T00:00:00+00:00
[2023-11-30T13:57:58.393+0000] {processor.py:179} INFO - Processing /opt/airflow/dags/ETL_ideas.py took 0.144 seconds
[2023-11-30T13:58:28.975+0000] {processor.py:157} INFO - Started process (PID=197) to work on /opt/airflow/dags/ETL_ideas.py
[2023-11-30T13:58:28.977+0000] {processor.py:829} INFO - Processing file /opt/airflow/dags/ETL_ideas.py for tasks to queue
[2023-11-30T13:58:28.980+0000] {logging_mixin.py:151} INFO - [2023-11-30T13:58:28.979+0000] {dagbag.py:536} INFO - Filling up the DagBag from /opt/airflow/dags/ETL_ideas.py
[2023-11-30T13:58:29.009+0000] {processor.py:839} INFO - DAG(s) dict_keys(['ETL_ideas']) retrieved from /opt/airflow/dags/ETL_ideas.py
[2023-11-30T13:58:29.039+0000] {logging_mixin.py:151} INFO - [2023-11-30T13:58:29.039+0000] {dag.py:2941} INFO - Sync 1 DAGs
[2023-11-30T13:58:29.073+0000] {logging_mixin.py:151} INFO - [2023-11-30T13:58:29.073+0000] {dag.py:3722} INFO - Setting next_dagrun for ETL_ideas to 2023-10-18T00:00:00+00:00, run_after=2023-10-19T00:00:00+00:00
[2023-11-30T13:58:29.135+0000] {processor.py:179} INFO - Processing /opt/airflow/dags/ETL_ideas.py took 0.164 seconds
[2023-11-30T13:59:00.049+0000] {processor.py:157} INFO - Started process (PID=208) to work on /opt/airflow/dags/ETL_ideas.py
[2023-11-30T13:59:00.058+0000] {processor.py:829} INFO - Processing file /opt/airflow/dags/ETL_ideas.py for tasks to queue
[2023-11-30T13:59:00.062+0000] {logging_mixin.py:151} INFO - [2023-11-30T13:59:00.062+0000] {dagbag.py:536} INFO - Filling up the DagBag from /opt/airflow/dags/ETL_ideas.py
[2023-11-30T13:59:00.129+0000] {processor.py:839} INFO - DAG(s) dict_keys(['ETL_ideas']) retrieved from /opt/airflow/dags/ETL_ideas.py
[2023-11-30T13:59:00.278+0000] {logging_mixin.py:151} INFO - [2023-11-30T13:59:00.278+0000] {dag.py:2941} INFO - Sync 1 DAGs
[2023-11-30T13:59:00.375+0000] {logging_mixin.py:151} INFO - [2023-11-30T13:59:00.373+0000] {dag.py:3722} INFO - Setting next_dagrun for ETL_ideas to 2023-10-18T00:00:00+00:00, run_after=2023-10-19T00:00:00+00:00
[2023-11-30T13:59:00.460+0000] {processor.py:179} INFO - Processing /opt/airflow/dags/ETL_ideas.py took 0.427 seconds
[2023-11-30T13:59:31.035+0000] {processor.py:157} INFO - Started process (PID=219) to work on /opt/airflow/dags/ETL_ideas.py
[2023-11-30T13:59:31.037+0000] {processor.py:829} INFO - Processing file /opt/airflow/dags/ETL_ideas.py for tasks to queue
[2023-11-30T13:59:31.042+0000] {logging_mixin.py:151} INFO - [2023-11-30T13:59:31.041+0000] {dagbag.py:536} INFO - Filling up the DagBag from /opt/airflow/dags/ETL_ideas.py
[2023-11-30T13:59:31.102+0000] {processor.py:839} INFO - DAG(s) dict_keys(['ETL_ideas']) retrieved from /opt/airflow/dags/ETL_ideas.py
[2023-11-30T13:59:31.121+0000] {logging_mixin.py:151} INFO - [2023-11-30T13:59:31.121+0000] {dag.py:2941} INFO - Sync 1 DAGs
[2023-11-30T13:59:31.151+0000] {logging_mixin.py:151} INFO - [2023-11-30T13:59:31.150+0000] {dag.py:3722} INFO - Setting next_dagrun for ETL_ideas to 2023-10-18T00:00:00+00:00, run_after=2023-10-19T00:00:00+00:00
[2023-11-30T13:59:31.195+0000] {processor.py:179} INFO - Processing /opt/airflow/dags/ETL_ideas.py took 0.170 seconds
[2023-11-30T14:00:02.190+0000] {processor.py:157} INFO - Started process (PID=230) to work on /opt/airflow/dags/ETL_ideas.py
[2023-11-30T14:00:02.203+0000] {processor.py:829} INFO - Processing file /opt/airflow/dags/ETL_ideas.py for tasks to queue
[2023-11-30T14:00:02.207+0000] {logging_mixin.py:151} INFO - [2023-11-30T14:00:02.207+0000] {dagbag.py:536} INFO - Filling up the DagBag from /opt/airflow/dags/ETL_ideas.py
[2023-11-30T14:00:02.292+0000] {processor.py:839} INFO - DAG(s) dict_keys(['ETL_ideas']) retrieved from /opt/airflow/dags/ETL_ideas.py
[2023-11-30T14:00:02.375+0000] {logging_mixin.py:151} INFO - [2023-11-30T14:00:02.375+0000] {dag.py:2941} INFO - Sync 1 DAGs
[2023-11-30T14:00:02.427+0000] {logging_mixin.py:151} INFO - [2023-11-30T14:00:02.427+0000] {dag.py:3722} INFO - Setting next_dagrun for ETL_ideas to 2023-10-18T00:00:00+00:00, run_after=2023-10-19T00:00:00+00:00
[2023-11-30T14:00:02.472+0000] {processor.py:179} INFO - Processing /opt/airflow/dags/ETL_ideas.py took 0.300 seconds
[2023-11-30T14:00:32.571+0000] {processor.py:157} INFO - Started process (PID=241) to work on /opt/airflow/dags/ETL_ideas.py
[2023-11-30T14:00:32.573+0000] {processor.py:829} INFO - Processing file /opt/airflow/dags/ETL_ideas.py for tasks to queue
[2023-11-30T14:00:32.577+0000] {logging_mixin.py:151} INFO - [2023-11-30T14:00:32.576+0000] {dagbag.py:536} INFO - Filling up the DagBag from /opt/airflow/dags/ETL_ideas.py
[2023-11-30T14:00:32.603+0000] {processor.py:839} INFO - DAG(s) dict_keys(['ETL_ideas']) retrieved from /opt/airflow/dags/ETL_ideas.py
[2023-11-30T14:00:32.660+0000] {logging_mixin.py:151} INFO - [2023-11-30T14:00:32.660+0000] {dag.py:2941} INFO - Sync 1 DAGs
[2023-11-30T14:00:32.690+0000] {logging_mixin.py:151} INFO - [2023-11-30T14:00:32.690+0000] {dag.py:3722} INFO - Setting next_dagrun for ETL_ideas to 2023-10-18T00:00:00+00:00, run_after=2023-10-19T00:00:00+00:00
[2023-11-30T14:00:32.726+0000] {processor.py:179} INFO - Processing /opt/airflow/dags/ETL_ideas.py took 0.160 seconds
[2023-11-30T14:01:03.085+0000] {processor.py:157} INFO - Started process (PID=252) to work on /opt/airflow/dags/ETL_ideas.py
[2023-11-30T14:01:03.087+0000] {processor.py:829} INFO - Processing file /opt/airflow/dags/ETL_ideas.py for tasks to queue
[2023-11-30T14:01:03.090+0000] {logging_mixin.py:151} INFO - [2023-11-30T14:01:03.090+0000] {dagbag.py:536} INFO - Filling up the DagBag from /opt/airflow/dags/ETL_ideas.py
[2023-11-30T14:01:03.153+0000] {processor.py:839} INFO - DAG(s) dict_keys(['ETL_ideas']) retrieved from /opt/airflow/dags/ETL_ideas.py
[2023-11-30T14:01:03.211+0000] {logging_mixin.py:151} INFO - [2023-11-30T14:01:03.211+0000] {dag.py:2941} INFO - Sync 1 DAGs
[2023-11-30T14:01:03.314+0000] {logging_mixin.py:151} INFO - [2023-11-30T14:01:03.314+0000] {dag.py:3722} INFO - Setting next_dagrun for ETL_ideas to 2023-10-18T00:00:00+00:00, run_after=2023-10-19T00:00:00+00:00
[2023-11-30T14:01:03.354+0000] {processor.py:179} INFO - Processing /opt/airflow/dags/ETL_ideas.py took 0.274 seconds
[2023-11-30T14:01:33.723+0000] {processor.py:157} INFO - Started process (PID=263) to work on /opt/airflow/dags/ETL_ideas.py
[2023-11-30T14:01:33.734+0000] {processor.py:829} INFO - Processing file /opt/airflow/dags/ETL_ideas.py for tasks to queue
[2023-11-30T14:01:33.738+0000] {logging_mixin.py:151} INFO - [2023-11-30T14:01:33.737+0000] {dagbag.py:536} INFO - Filling up the DagBag from /opt/airflow/dags/ETL_ideas.py
[2023-11-30T14:01:33.840+0000] {processor.py:839} INFO - DAG(s) dict_keys(['ETL_ideas']) retrieved from /opt/airflow/dags/ETL_ideas.py
[2023-11-30T14:01:33.927+0000] {logging_mixin.py:151} INFO - [2023-11-30T14:01:33.926+0000] {dag.py:2941} INFO - Sync 1 DAGs
[2023-11-30T14:01:34.060+0000] {logging_mixin.py:151} INFO - [2023-11-30T14:01:34.060+0000] {dag.py:3722} INFO - Setting next_dagrun for ETL_ideas to 2023-10-18T00:00:00+00:00, run_after=2023-10-19T00:00:00+00:00
[2023-11-30T14:01:34.175+0000] {processor.py:179} INFO - Processing /opt/airflow/dags/ETL_ideas.py took 0.456 seconds
[2023-11-30T14:02:04.254+0000] {processor.py:157} INFO - Started process (PID=274) to work on /opt/airflow/dags/ETL_ideas.py
[2023-11-30T14:02:04.260+0000] {processor.py:829} INFO - Processing file /opt/airflow/dags/ETL_ideas.py for tasks to queue
[2023-11-30T14:02:04.266+0000] {logging_mixin.py:151} INFO - [2023-11-30T14:02:04.265+0000] {dagbag.py:536} INFO - Filling up the DagBag from /opt/airflow/dags/ETL_ideas.py
[2023-11-30T14:02:04.296+0000] {processor.py:839} INFO - DAG(s) dict_keys(['ETL_ideas']) retrieved from /opt/airflow/dags/ETL_ideas.py
[2023-11-30T14:02:04.330+0000] {logging_mixin.py:151} INFO - [2023-11-30T14:02:04.329+0000] {dag.py:2941} INFO - Sync 1 DAGs
[2023-11-30T14:02:04.359+0000] {logging_mixin.py:151} INFO - [2023-11-30T14:02:04.359+0000] {dag.py:3722} INFO - Setting next_dagrun for ETL_ideas to 2023-10-18T00:00:00+00:00, run_after=2023-10-19T00:00:00+00:00
[2023-11-30T14:02:04.415+0000] {processor.py:179} INFO - Processing /opt/airflow/dags/ETL_ideas.py took 0.166 seconds
[2023-11-30T14:02:35.071+0000] {processor.py:157} INFO - Started process (PID=284) to work on /opt/airflow/dags/ETL_ideas.py
[2023-11-30T14:02:35.073+0000] {processor.py:829} INFO - Processing file /opt/airflow/dags/ETL_ideas.py for tasks to queue
[2023-11-30T14:02:35.077+0000] {logging_mixin.py:151} INFO - [2023-11-30T14:02:35.076+0000] {dagbag.py:536} INFO - Filling up the DagBag from /opt/airflow/dags/ETL_ideas.py
[2023-11-30T14:02:35.142+0000] {processor.py:839} INFO - DAG(s) dict_keys(['ETL_ideas']) retrieved from /opt/airflow/dags/ETL_ideas.py
[2023-11-30T14:02:35.173+0000] {logging_mixin.py:151} INFO - [2023-11-30T14:02:35.172+0000] {dag.py:2941} INFO - Sync 1 DAGs
[2023-11-30T14:02:35.206+0000] {logging_mixin.py:151} INFO - [2023-11-30T14:02:35.206+0000] {dag.py:3722} INFO - Setting next_dagrun for ETL_ideas to 2023-10-18T00:00:00+00:00, run_after=2023-10-19T00:00:00+00:00
[2023-11-30T14:02:35.240+0000] {processor.py:179} INFO - Processing /opt/airflow/dags/ETL_ideas.py took 0.179 seconds
[2023-11-30T14:03:06.021+0000] {processor.py:157} INFO - Started process (PID=295) to work on /opt/airflow/dags/ETL_ideas.py
[2023-11-30T14:03:06.027+0000] {processor.py:829} INFO - Processing file /opt/airflow/dags/ETL_ideas.py for tasks to queue
[2023-11-30T14:03:06.031+0000] {logging_mixin.py:151} INFO - [2023-11-30T14:03:06.030+0000] {dagbag.py:536} INFO - Filling up the DagBag from /opt/airflow/dags/ETL_ideas.py
[2023-11-30T14:03:06.100+0000] {processor.py:839} INFO - DAG(s) dict_keys(['ETL_ideas']) retrieved from /opt/airflow/dags/ETL_ideas.py
[2023-11-30T14:03:06.179+0000] {logging_mixin.py:151} INFO - [2023-11-30T14:03:06.179+0000] {dag.py:2941} INFO - Sync 1 DAGs
[2023-11-30T14:03:06.211+0000] {logging_mixin.py:151} INFO - [2023-11-30T14:03:06.210+0000] {dag.py:3722} INFO - Setting next_dagrun for ETL_ideas to 2023-10-18T00:00:00+00:00, run_after=2023-10-19T00:00:00+00:00
[2023-11-30T14:03:06.249+0000] {processor.py:179} INFO - Processing /opt/airflow/dags/ETL_ideas.py took 0.248 seconds
[2023-11-30T14:03:36.583+0000] {processor.py:157} INFO - Started process (PID=305) to work on /opt/airflow/dags/ETL_ideas.py
[2023-11-30T14:03:36.593+0000] {processor.py:829} INFO - Processing file /opt/airflow/dags/ETL_ideas.py for tasks to queue
[2023-11-30T14:03:36.600+0000] {logging_mixin.py:151} INFO - [2023-11-30T14:03:36.599+0000] {dagbag.py:536} INFO - Filling up the DagBag from /opt/airflow/dags/ETL_ideas.py
[2023-11-30T14:03:36.695+0000] {processor.py:839} INFO - DAG(s) dict_keys(['ETL_ideas']) retrieved from /opt/airflow/dags/ETL_ideas.py
[2023-11-30T14:03:36.745+0000] {logging_mixin.py:151} INFO - [2023-11-30T14:03:36.745+0000] {dag.py:2941} INFO - Sync 1 DAGs
[2023-11-30T14:03:36.813+0000] {logging_mixin.py:151} INFO - [2023-11-30T14:03:36.813+0000] {dag.py:3722} INFO - Setting next_dagrun for ETL_ideas to 2023-10-18T00:00:00+00:00, run_after=2023-10-19T00:00:00+00:00
[2023-11-30T14:03:36.873+0000] {processor.py:179} INFO - Processing /opt/airflow/dags/ETL_ideas.py took 0.295 seconds
[2023-11-30T14:04:07.479+0000] {processor.py:157} INFO - Started process (PID=316) to work on /opt/airflow/dags/ETL_ideas.py
[2023-11-30T14:04:07.480+0000] {processor.py:829} INFO - Processing file /opt/airflow/dags/ETL_ideas.py for tasks to queue
[2023-11-30T14:04:07.488+0000] {logging_mixin.py:151} INFO - [2023-11-30T14:04:07.487+0000] {dagbag.py:536} INFO - Filling up the DagBag from /opt/airflow/dags/ETL_ideas.py
[2023-11-30T14:04:07.513+0000] {processor.py:839} INFO - DAG(s) dict_keys(['ETL_ideas']) retrieved from /opt/airflow/dags/ETL_ideas.py
[2023-11-30T14:04:07.542+0000] {logging_mixin.py:151} INFO - [2023-11-30T14:04:07.541+0000] {dag.py:2941} INFO - Sync 1 DAGs
[2023-11-30T14:04:07.573+0000] {logging_mixin.py:151} INFO - [2023-11-30T14:04:07.573+0000] {dag.py:3722} INFO - Setting next_dagrun for ETL_ideas to 2023-10-18T00:00:00+00:00, run_after=2023-10-19T00:00:00+00:00
[2023-11-30T14:04:07.606+0000] {processor.py:179} INFO - Processing /opt/airflow/dags/ETL_ideas.py took 0.132 seconds
[2023-11-30T14:04:38.083+0000] {processor.py:157} INFO - Started process (PID=327) to work on /opt/airflow/dags/ETL_ideas.py
[2023-11-30T14:04:38.085+0000] {processor.py:829} INFO - Processing file /opt/airflow/dags/ETL_ideas.py for tasks to queue
[2023-11-30T14:04:38.088+0000] {logging_mixin.py:151} INFO - [2023-11-30T14:04:38.088+0000] {dagbag.py:536} INFO - Filling up the DagBag from /opt/airflow/dags/ETL_ideas.py
[2023-11-30T14:04:38.111+0000] {processor.py:839} INFO - DAG(s) dict_keys(['ETL_ideas']) retrieved from /opt/airflow/dags/ETL_ideas.py
[2023-11-30T14:04:38.139+0000] {logging_mixin.py:151} INFO - [2023-11-30T14:04:38.138+0000] {dag.py:2941} INFO - Sync 1 DAGs
[2023-11-30T14:04:38.166+0000] {logging_mixin.py:151} INFO - [2023-11-30T14:04:38.166+0000] {dag.py:3722} INFO - Setting next_dagrun for ETL_ideas to 2023-10-18T00:00:00+00:00, run_after=2023-10-19T00:00:00+00:00
[2023-11-30T14:04:38.206+0000] {processor.py:179} INFO - Processing /opt/airflow/dags/ETL_ideas.py took 0.126 seconds
[2023-11-30T14:05:08.846+0000] {processor.py:157} INFO - Started process (PID=338) to work on /opt/airflow/dags/ETL_ideas.py
[2023-11-30T14:05:08.847+0000] {processor.py:829} INFO - Processing file /opt/airflow/dags/ETL_ideas.py for tasks to queue
[2023-11-30T14:05:08.857+0000] {logging_mixin.py:151} INFO - [2023-11-30T14:05:08.856+0000] {dagbag.py:536} INFO - Filling up the DagBag from /opt/airflow/dags/ETL_ideas.py
[2023-11-30T14:05:08.899+0000] {processor.py:839} INFO - DAG(s) dict_keys(['ETL_ideas']) retrieved from /opt/airflow/dags/ETL_ideas.py
[2023-11-30T14:05:08.948+0000] {logging_mixin.py:151} INFO - [2023-11-30T14:05:08.948+0000] {dag.py:2941} INFO - Sync 1 DAGs
[2023-11-30T14:05:09.001+0000] {logging_mixin.py:151} INFO - [2023-11-30T14:05:09.000+0000] {dag.py:3722} INFO - Setting next_dagrun for ETL_ideas to 2023-10-18T00:00:00+00:00, run_after=2023-10-19T00:00:00+00:00
[2023-11-30T14:05:09.055+0000] {processor.py:179} INFO - Processing /opt/airflow/dags/ETL_ideas.py took 0.213 seconds
[2023-11-30T14:05:39.717+0000] {processor.py:157} INFO - Started process (PID=349) to work on /opt/airflow/dags/ETL_ideas.py
[2023-11-30T14:05:39.737+0000] {processor.py:829} INFO - Processing file /opt/airflow/dags/ETL_ideas.py for tasks to queue
[2023-11-30T14:05:39.740+0000] {logging_mixin.py:151} INFO - [2023-11-30T14:05:39.740+0000] {dagbag.py:536} INFO - Filling up the DagBag from /opt/airflow/dags/ETL_ideas.py
[2023-11-30T14:05:39.779+0000] {processor.py:839} INFO - DAG(s) dict_keys(['ETL_ideas']) retrieved from /opt/airflow/dags/ETL_ideas.py
[2023-11-30T14:05:39.845+0000] {logging_mixin.py:151} INFO - [2023-11-30T14:05:39.845+0000] {dag.py:2941} INFO - Sync 1 DAGs
[2023-11-30T14:05:39.911+0000] {logging_mixin.py:151} INFO - [2023-11-30T14:05:39.910+0000] {dag.py:3722} INFO - Setting next_dagrun for ETL_ideas to 2023-10-18T00:00:00+00:00, run_after=2023-10-19T00:00:00+00:00
[2023-11-30T14:05:40.063+0000] {processor.py:179} INFO - Processing /opt/airflow/dags/ETL_ideas.py took 0.360 seconds
[2023-11-30T14:13:13.836+0000] {processor.py:157} INFO - Started process (PID=13) to work on /opt/airflow/dags/ETL_ideas.py
[2023-11-30T14:13:13.842+0000] {processor.py:829} INFO - Processing file /opt/airflow/dags/ETL_ideas.py for tasks to queue
[2023-11-30T14:13:13.846+0000] {logging_mixin.py:151} INFO - [2023-11-30T14:13:13.845+0000] {dagbag.py:536} INFO - Filling up the DagBag from /opt/airflow/dags/ETL_ideas.py
[2023-11-30T14:13:13.914+0000] {processor.py:839} INFO - DAG(s) dict_keys(['ETL_ideas']) retrieved from /opt/airflow/dags/ETL_ideas.py
[2023-11-30T14:13:14.021+0000] {logging_mixin.py:151} INFO - [2023-11-30T14:13:14.021+0000] {dag.py:2941} INFO - Sync 1 DAGs
[2023-11-30T14:13:14.252+0000] {logging_mixin.py:151} INFO - [2023-11-30T14:13:14.252+0000] {dag.py:3722} INFO - Setting next_dagrun for ETL_ideas to 2023-10-18T00:00:00+00:00, run_after=2023-10-19T00:00:00+00:00
[2023-11-30T14:13:14.367+0000] {processor.py:179} INFO - Processing /opt/airflow/dags/ETL_ideas.py took 0.558 seconds
[2023-11-30T14:24:08.506+0000] {processor.py:157} INFO - Started process (PID=13) to work on /opt/airflow/dags/ETL_ideas.py
[2023-11-30T14:24:08.515+0000] {processor.py:829} INFO - Processing file /opt/airflow/dags/ETL_ideas.py for tasks to queue
[2023-11-30T14:24:08.533+0000] {logging_mixin.py:151} INFO - [2023-11-30T14:24:08.522+0000] {dagbag.py:536} INFO - Filling up the DagBag from /opt/airflow/dags/ETL_ideas.py
[2023-11-30T14:24:08.628+0000] {processor.py:839} INFO - DAG(s) dict_keys(['ETL_ideas']) retrieved from /opt/airflow/dags/ETL_ideas.py
[2023-11-30T14:24:08.694+0000] {logging_mixin.py:151} INFO - [2023-11-30T14:24:08.694+0000] {dag.py:2941} INFO - Sync 1 DAGs
[2023-11-30T14:24:08.755+0000] {logging_mixin.py:151} INFO - [2023-11-30T14:24:08.755+0000] {dag.py:3722} INFO - Setting next_dagrun for ETL_ideas to 2023-10-18T00:00:00+00:00, run_after=2023-10-19T00:00:00+00:00
[2023-11-30T14:24:08.804+0000] {processor.py:179} INFO - Processing /opt/airflow/dags/ETL_ideas.py took 0.322 seconds
[2023-11-30T14:24:39.427+0000] {processor.py:157} INFO - Started process (PID=24) to work on /opt/airflow/dags/ETL_ideas.py
[2023-11-30T14:24:39.445+0000] {processor.py:829} INFO - Processing file /opt/airflow/dags/ETL_ideas.py for tasks to queue
[2023-11-30T14:24:39.448+0000] {logging_mixin.py:151} INFO - [2023-11-30T14:24:39.447+0000] {dagbag.py:536} INFO - Filling up the DagBag from /opt/airflow/dags/ETL_ideas.py
[2023-11-30T14:24:39.515+0000] {processor.py:839} INFO - DAG(s) dict_keys(['ETL_ideas']) retrieved from /opt/airflow/dags/ETL_ideas.py
[2023-11-30T14:24:39.561+0000] {logging_mixin.py:151} INFO - [2023-11-30T14:24:39.561+0000] {dag.py:2941} INFO - Sync 1 DAGs
[2023-11-30T14:24:39.598+0000] {logging_mixin.py:151} INFO - [2023-11-30T14:24:39.598+0000] {dag.py:3722} INFO - Setting next_dagrun for ETL_ideas to 2023-10-18T00:00:00+00:00, run_after=2023-10-19T00:00:00+00:00
[2023-11-30T14:24:39.666+0000] {processor.py:179} INFO - Processing /opt/airflow/dags/ETL_ideas.py took 0.253 seconds
[2023-11-30T14:27:56.015+0000] {processor.py:157} INFO - Started process (PID=13) to work on /opt/airflow/dags/ETL_ideas.py
[2023-11-30T14:27:56.023+0000] {processor.py:829} INFO - Processing file /opt/airflow/dags/ETL_ideas.py for tasks to queue
[2023-11-30T14:27:56.031+0000] {logging_mixin.py:151} INFO - [2023-11-30T14:27:56.030+0000] {dagbag.py:536} INFO - Filling up the DagBag from /opt/airflow/dags/ETL_ideas.py
[2023-11-30T14:27:56.148+0000] {processor.py:839} INFO - DAG(s) dict_keys(['ETL_ideas']) retrieved from /opt/airflow/dags/ETL_ideas.py
[2023-11-30T14:27:56.184+0000] {logging_mixin.py:151} INFO - [2023-11-30T14:27:56.184+0000] {dag.py:2941} INFO - Sync 1 DAGs
[2023-11-30T14:27:56.271+0000] {logging_mixin.py:151} INFO - [2023-11-30T14:27:56.270+0000] {dag.py:3722} INFO - Setting next_dagrun for ETL_ideas to 2023-10-18T00:00:00+00:00, run_after=2023-10-19T00:00:00+00:00
[2023-11-30T14:27:56.335+0000] {processor.py:179} INFO - Processing /opt/airflow/dags/ETL_ideas.py took 0.333 seconds
[2023-11-30T14:28:26.760+0000] {processor.py:157} INFO - Started process (PID=23) to work on /opt/airflow/dags/ETL_ideas.py
[2023-11-30T14:28:26.763+0000] {processor.py:829} INFO - Processing file /opt/airflow/dags/ETL_ideas.py for tasks to queue
[2023-11-30T14:28:26.767+0000] {logging_mixin.py:151} INFO - [2023-11-30T14:28:26.765+0000] {dagbag.py:536} INFO - Filling up the DagBag from /opt/airflow/dags/ETL_ideas.py
[2023-11-30T14:28:26.791+0000] {processor.py:839} INFO - DAG(s) dict_keys(['ETL_ideas']) retrieved from /opt/airflow/dags/ETL_ideas.py
[2023-11-30T14:28:26.823+0000] {logging_mixin.py:151} INFO - [2023-11-30T14:28:26.823+0000] {dag.py:2941} INFO - Sync 1 DAGs
[2023-11-30T14:28:26.858+0000] {logging_mixin.py:151} INFO - [2023-11-30T14:28:26.858+0000] {dag.py:3722} INFO - Setting next_dagrun for ETL_ideas to 2023-10-18T00:00:00+00:00, run_after=2023-10-19T00:00:00+00:00
[2023-11-30T14:28:26.896+0000] {processor.py:179} INFO - Processing /opt/airflow/dags/ETL_ideas.py took 0.144 seconds
[2023-11-30T15:12:11.872+0000] {processor.py:157} INFO - Started process (PID=12) to work on /opt/airflow/dags/ETL_ideas.py
[2023-11-30T15:12:11.875+0000] {processor.py:829} INFO - Processing file /opt/airflow/dags/ETL_ideas.py for tasks to queue
[2023-11-30T15:12:11.879+0000] {logging_mixin.py:151} INFO - [2023-11-30T15:12:11.878+0000] {dagbag.py:536} INFO - Filling up the DagBag from /opt/airflow/dags/ETL_ideas.py
[2023-11-30T15:12:11.930+0000] {processor.py:839} INFO - DAG(s) dict_keys(['ETL_ideas']) retrieved from /opt/airflow/dags/ETL_ideas.py
[2023-11-30T15:12:11.956+0000] {logging_mixin.py:151} INFO - [2023-11-30T15:12:11.956+0000] {dag.py:2941} INFO - Sync 1 DAGs
[2023-11-30T15:12:12.051+0000] {logging_mixin.py:151} INFO - [2023-11-30T15:12:12.050+0000] {dag.py:3722} INFO - Setting next_dagrun for ETL_ideas to 2023-10-18T00:00:00+00:00, run_after=2023-10-19T00:00:00+00:00
[2023-11-30T15:12:12.125+0000] {processor.py:179} INFO - Processing /opt/airflow/dags/ETL_ideas.py took 0.257 seconds
[2023-11-30T15:12:42.824+0000] {processor.py:157} INFO - Started process (PID=23) to work on /opt/airflow/dags/ETL_ideas.py
[2023-11-30T15:12:42.835+0000] {processor.py:829} INFO - Processing file /opt/airflow/dags/ETL_ideas.py for tasks to queue
[2023-11-30T15:12:42.846+0000] {logging_mixin.py:151} INFO - [2023-11-30T15:12:42.846+0000] {dagbag.py:536} INFO - Filling up the DagBag from /opt/airflow/dags/ETL_ideas.py
[2023-11-30T15:12:42.913+0000] {processor.py:839} INFO - DAG(s) dict_keys(['ETL_ideas']) retrieved from /opt/airflow/dags/ETL_ideas.py
[2023-11-30T15:12:42.954+0000] {logging_mixin.py:151} INFO - [2023-11-30T15:12:42.954+0000] {dag.py:2941} INFO - Sync 1 DAGs
[2023-11-30T15:12:43.038+0000] {logging_mixin.py:151} INFO - [2023-11-30T15:12:43.038+0000] {dag.py:3722} INFO - Setting next_dagrun for ETL_ideas to 2023-10-18T00:00:00+00:00, run_after=2023-10-19T00:00:00+00:00
[2023-11-30T15:12:44.091+0000] {processor.py:179} INFO - Processing /opt/airflow/dags/ETL_ideas.py took 1.273 seconds
[2023-11-30T15:22:06.661+0000] {processor.py:157} INFO - Started process (PID=13) to work on /opt/airflow/dags/ETL_ideas.py
[2023-11-30T15:22:06.680+0000] {processor.py:829} INFO - Processing file /opt/airflow/dags/ETL_ideas.py for tasks to queue
[2023-11-30T15:22:06.683+0000] {logging_mixin.py:151} INFO - [2023-11-30T15:22:06.683+0000] {dagbag.py:536} INFO - Filling up the DagBag from /opt/airflow/dags/ETL_ideas.py
[2023-11-30T15:22:06.788+0000] {processor.py:839} INFO - DAG(s) dict_keys(['ETL_ideas']) retrieved from /opt/airflow/dags/ETL_ideas.py
[2023-11-30T15:22:06.838+0000] {logging_mixin.py:151} INFO - [2023-11-30T15:22:06.838+0000] {dag.py:2941} INFO - Sync 1 DAGs
[2023-11-30T15:22:06.894+0000] {logging_mixin.py:151} INFO - [2023-11-30T15:22:06.893+0000] {dag.py:3722} INFO - Setting next_dagrun for ETL_ideas to 2023-10-18T00:00:00+00:00, run_after=2023-10-19T00:00:00+00:00
[2023-11-30T15:22:06.966+0000] {processor.py:179} INFO - Processing /opt/airflow/dags/ETL_ideas.py took 0.309 seconds
[2023-11-30T15:22:37.390+0000] {processor.py:157} INFO - Started process (PID=23) to work on /opt/airflow/dags/ETL_ideas.py
[2023-11-30T15:22:37.391+0000] {processor.py:829} INFO - Processing file /opt/airflow/dags/ETL_ideas.py for tasks to queue
[2023-11-30T15:22:37.394+0000] {logging_mixin.py:151} INFO - [2023-11-30T15:22:37.394+0000] {dagbag.py:536} INFO - Filling up the DagBag from /opt/airflow/dags/ETL_ideas.py
[2023-11-30T15:22:37.418+0000] {processor.py:839} INFO - DAG(s) dict_keys(['ETL_ideas']) retrieved from /opt/airflow/dags/ETL_ideas.py
[2023-11-30T15:22:37.447+0000] {logging_mixin.py:151} INFO - [2023-11-30T15:22:37.446+0000] {dag.py:2941} INFO - Sync 1 DAGs
[2023-11-30T15:22:37.473+0000] {logging_mixin.py:151} INFO - [2023-11-30T15:22:37.472+0000] {dag.py:3722} INFO - Setting next_dagrun for ETL_ideas to 2023-10-18T00:00:00+00:00, run_after=2023-10-19T00:00:00+00:00
[2023-11-30T15:22:37.816+0000] {processor.py:179} INFO - Processing /opt/airflow/dags/ETL_ideas.py took 0.430 seconds
[2023-11-30T15:30:42.555+0000] {processor.py:157} INFO - Started process (PID=12) to work on /opt/airflow/dags/ETL_ideas.py
[2023-11-30T15:30:42.561+0000] {processor.py:829} INFO - Processing file /opt/airflow/dags/ETL_ideas.py for tasks to queue
[2023-11-30T15:30:42.567+0000] {logging_mixin.py:151} INFO - [2023-11-30T15:30:42.567+0000] {dagbag.py:536} INFO - Filling up the DagBag from /opt/airflow/dags/ETL_ideas.py
[2023-11-30T15:30:42.603+0000] {processor.py:839} INFO - DAG(s) dict_keys(['ETL_ideas']) retrieved from /opt/airflow/dags/ETL_ideas.py
[2023-11-30T15:30:42.628+0000] {logging_mixin.py:151} INFO - [2023-11-30T15:30:42.628+0000] {dag.py:2941} INFO - Sync 1 DAGs
[2023-11-30T15:30:42.667+0000] {logging_mixin.py:151} INFO - [2023-11-30T15:30:42.666+0000] {dag.py:3722} INFO - Setting next_dagrun for ETL_ideas to 2023-10-18T00:00:00+00:00, run_after=2023-10-19T00:00:00+00:00
[2023-11-30T15:30:42.741+0000] {processor.py:179} INFO - Processing /opt/airflow/dags/ETL_ideas.py took 0.191 seconds
[2023-11-30T15:31:13.140+0000] {processor.py:157} INFO - Started process (PID=23) to work on /opt/airflow/dags/ETL_ideas.py
[2023-11-30T15:31:13.145+0000] {processor.py:829} INFO - Processing file /opt/airflow/dags/ETL_ideas.py for tasks to queue
[2023-11-30T15:31:13.154+0000] {logging_mixin.py:151} INFO - [2023-11-30T15:31:13.154+0000] {dagbag.py:536} INFO - Filling up the DagBag from /opt/airflow/dags/ETL_ideas.py
[2023-11-30T15:31:13.178+0000] {processor.py:839} INFO - DAG(s) dict_keys(['ETL_ideas']) retrieved from /opt/airflow/dags/ETL_ideas.py
[2023-11-30T15:31:13.212+0000] {logging_mixin.py:151} INFO - [2023-11-30T15:31:13.212+0000] {dag.py:2941} INFO - Sync 1 DAGs
[2023-11-30T15:31:13.243+0000] {logging_mixin.py:151} INFO - [2023-11-30T15:31:13.243+0000] {dag.py:3722} INFO - Setting next_dagrun for ETL_ideas to 2023-10-18T00:00:00+00:00, run_after=2023-10-19T00:00:00+00:00
[2023-11-30T15:31:13.562+0000] {processor.py:179} INFO - Processing /opt/airflow/dags/ETL_ideas.py took 0.441 seconds
[2023-11-30T15:31:43.693+0000] {processor.py:157} INFO - Started process (PID=35) to work on /opt/airflow/dags/ETL_ideas.py
[2023-11-30T15:31:43.696+0000] {processor.py:829} INFO - Processing file /opt/airflow/dags/ETL_ideas.py for tasks to queue
[2023-11-30T15:31:43.701+0000] {logging_mixin.py:151} INFO - [2023-11-30T15:31:43.701+0000] {dagbag.py:536} INFO - Filling up the DagBag from /opt/airflow/dags/ETL_ideas.py
[2023-11-30T15:31:43.733+0000] {processor.py:839} INFO - DAG(s) dict_keys(['ETL_ideas']) retrieved from /opt/airflow/dags/ETL_ideas.py
[2023-11-30T15:31:43.804+0000] {logging_mixin.py:151} INFO - [2023-11-30T15:31:43.803+0000] {dag.py:2941} INFO - Sync 1 DAGs
[2023-11-30T15:31:44.164+0000] {logging_mixin.py:151} INFO - [2023-11-30T15:31:44.164+0000] {dag.py:3722} INFO - Setting next_dagrun for ETL_ideas to 2023-10-18T00:00:00+00:00, run_after=2023-10-19T00:00:00+00:00
[2023-11-30T15:31:44.200+0000] {processor.py:179} INFO - Processing /opt/airflow/dags/ETL_ideas.py took 0.511 seconds
[2023-11-30T15:32:14.260+0000] {processor.py:157} INFO - Started process (PID=46) to work on /opt/airflow/dags/ETL_ideas.py
[2023-11-30T15:32:14.263+0000] {processor.py:829} INFO - Processing file /opt/airflow/dags/ETL_ideas.py for tasks to queue
[2023-11-30T15:32:14.267+0000] {logging_mixin.py:151} INFO - [2023-11-30T15:32:14.266+0000] {dagbag.py:536} INFO - Filling up the DagBag from /opt/airflow/dags/ETL_ideas.py
[2023-11-30T15:32:14.290+0000] {processor.py:839} INFO - DAG(s) dict_keys(['ETL_ideas']) retrieved from /opt/airflow/dags/ETL_ideas.py
[2023-11-30T15:32:14.328+0000] {logging_mixin.py:151} INFO - [2023-11-30T15:32:14.327+0000] {dag.py:2941} INFO - Sync 1 DAGs
[2023-11-30T15:32:14.574+0000] {logging_mixin.py:151} INFO - [2023-11-30T15:32:14.573+0000] {dag.py:3722} INFO - Setting next_dagrun for ETL_ideas to 2023-10-18T00:00:00+00:00, run_after=2023-10-19T00:00:00+00:00
[2023-11-30T15:32:14.606+0000] {processor.py:179} INFO - Processing /opt/airflow/dags/ETL_ideas.py took 0.352 seconds
[2023-11-30T15:32:46.162+0000] {processor.py:157} INFO - Started process (PID=57) to work on /opt/airflow/dags/ETL_ideas.py
[2023-11-30T15:32:46.170+0000] {processor.py:829} INFO - Processing file /opt/airflow/dags/ETL_ideas.py for tasks to queue
[2023-11-30T15:32:46.173+0000] {logging_mixin.py:151} INFO - [2023-11-30T15:32:46.173+0000] {dagbag.py:536} INFO - Filling up the DagBag from /opt/airflow/dags/ETL_ideas.py
[2023-11-30T15:32:46.225+0000] {processor.py:839} INFO - DAG(s) dict_keys(['ETL_ideas']) retrieved from /opt/airflow/dags/ETL_ideas.py
[2023-11-30T15:32:46.925+0000] {logging_mixin.py:151} INFO - [2023-11-30T15:32:46.925+0000] {dag.py:2941} INFO - Sync 1 DAGs
[2023-11-30T15:32:46.987+0000] {logging_mixin.py:151} INFO - [2023-11-30T15:32:46.987+0000] {dag.py:3722} INFO - Setting next_dagrun for ETL_ideas to 2023-10-18T00:00:00+00:00, run_after=2023-10-19T00:00:00+00:00
[2023-11-30T15:32:47.036+0000] {processor.py:179} INFO - Processing /opt/airflow/dags/ETL_ideas.py took 0.884 seconds
[2023-11-30T15:33:17.366+0000] {processor.py:157} INFO - Started process (PID=67) to work on /opt/airflow/dags/ETL_ideas.py
[2023-11-30T15:33:17.368+0000] {processor.py:829} INFO - Processing file /opt/airflow/dags/ETL_ideas.py for tasks to queue
[2023-11-30T15:33:17.372+0000] {logging_mixin.py:151} INFO - [2023-11-30T15:33:17.372+0000] {dagbag.py:536} INFO - Filling up the DagBag from /opt/airflow/dags/ETL_ideas.py
[2023-11-30T15:33:17.652+0000] {processor.py:839} INFO - DAG(s) dict_keys(['ETL_ideas']) retrieved from /opt/airflow/dags/ETL_ideas.py
[2023-11-30T15:33:17.680+0000] {logging_mixin.py:151} INFO - [2023-11-30T15:33:17.679+0000] {dag.py:2941} INFO - Sync 1 DAGs
[2023-11-30T15:33:17.703+0000] {logging_mixin.py:151} INFO - [2023-11-30T15:33:17.703+0000] {dag.py:3722} INFO - Setting next_dagrun for ETL_ideas to 2023-10-18T00:00:00+00:00, run_after=2023-10-19T00:00:00+00:00
[2023-11-30T15:33:17.723+0000] {processor.py:179} INFO - Processing /opt/airflow/dags/ETL_ideas.py took 0.362 seconds
[2023-11-30T15:33:47.900+0000] {processor.py:157} INFO - Started process (PID=78) to work on /opt/airflow/dags/ETL_ideas.py
[2023-11-30T15:33:47.909+0000] {processor.py:829} INFO - Processing file /opt/airflow/dags/ETL_ideas.py for tasks to queue
[2023-11-30T15:33:47.912+0000] {logging_mixin.py:151} INFO - [2023-11-30T15:33:47.911+0000] {dagbag.py:536} INFO - Filling up the DagBag from /opt/airflow/dags/ETL_ideas.py
[2023-11-30T15:33:47.965+0000] {processor.py:839} INFO - DAG(s) dict_keys(['ETL_ideas']) retrieved from /opt/airflow/dags/ETL_ideas.py
[2023-11-30T15:33:48.017+0000] {logging_mixin.py:151} INFO - [2023-11-30T15:33:48.016+0000] {dag.py:2941} INFO - Sync 1 DAGs
[2023-11-30T15:33:48.101+0000] {logging_mixin.py:151} INFO - [2023-11-30T15:33:48.099+0000] {dag.py:3722} INFO - Setting next_dagrun for ETL_ideas to 2023-10-18T00:00:00+00:00, run_after=2023-10-19T00:00:00+00:00
[2023-11-30T15:33:48.181+0000] {processor.py:179} INFO - Processing /opt/airflow/dags/ETL_ideas.py took 0.286 seconds
[2023-11-30T15:34:18.657+0000] {processor.py:157} INFO - Started process (PID=89) to work on /opt/airflow/dags/ETL_ideas.py
[2023-11-30T15:34:18.659+0000] {processor.py:829} INFO - Processing file /opt/airflow/dags/ETL_ideas.py for tasks to queue
[2023-11-30T15:34:18.663+0000] {logging_mixin.py:151} INFO - [2023-11-30T15:34:18.663+0000] {dagbag.py:536} INFO - Filling up the DagBag from /opt/airflow/dags/ETL_ideas.py
[2023-11-30T15:34:18.686+0000] {processor.py:839} INFO - DAG(s) dict_keys(['ETL_ideas']) retrieved from /opt/airflow/dags/ETL_ideas.py
[2023-11-30T15:34:18.715+0000] {logging_mixin.py:151} INFO - [2023-11-30T15:34:18.715+0000] {dag.py:2941} INFO - Sync 1 DAGs
[2023-11-30T15:34:18.768+0000] {logging_mixin.py:151} INFO - [2023-11-30T15:34:18.768+0000] {dag.py:3722} INFO - Setting next_dagrun for ETL_ideas to 2023-10-18T00:00:00+00:00, run_after=2023-10-19T00:00:00+00:00
[2023-11-30T15:34:18.788+0000] {processor.py:179} INFO - Processing /opt/airflow/dags/ETL_ideas.py took 0.137 seconds
[2023-11-30T15:34:49.258+0000] {processor.py:157} INFO - Started process (PID=100) to work on /opt/airflow/dags/ETL_ideas.py
[2023-11-30T15:34:49.260+0000] {processor.py:829} INFO - Processing file /opt/airflow/dags/ETL_ideas.py for tasks to queue
[2023-11-30T15:34:49.263+0000] {logging_mixin.py:151} INFO - [2023-11-30T15:34:49.263+0000] {dagbag.py:536} INFO - Filling up the DagBag from /opt/airflow/dags/ETL_ideas.py
[2023-11-30T15:34:49.285+0000] {processor.py:839} INFO - DAG(s) dict_keys(['ETL_ideas']) retrieved from /opt/airflow/dags/ETL_ideas.py
[2023-11-30T15:34:49.314+0000] {logging_mixin.py:151} INFO - [2023-11-30T15:34:49.314+0000] {dag.py:2941} INFO - Sync 1 DAGs
[2023-11-30T15:34:49.342+0000] {logging_mixin.py:151} INFO - [2023-11-30T15:34:49.342+0000] {dag.py:3722} INFO - Setting next_dagrun for ETL_ideas to 2023-10-18T00:00:00+00:00, run_after=2023-10-19T00:00:00+00:00
[2023-11-30T15:34:49.364+0000] {processor.py:179} INFO - Processing /opt/airflow/dags/ETL_ideas.py took 0.110 seconds
[2023-11-30T15:35:19.818+0000] {processor.py:157} INFO - Started process (PID=111) to work on /opt/airflow/dags/ETL_ideas.py
[2023-11-30T15:35:19.821+0000] {processor.py:829} INFO - Processing file /opt/airflow/dags/ETL_ideas.py for tasks to queue
[2023-11-30T15:35:19.824+0000] {logging_mixin.py:151} INFO - [2023-11-30T15:35:19.823+0000] {dagbag.py:536} INFO - Filling up the DagBag from /opt/airflow/dags/ETL_ideas.py
[2023-11-30T15:35:19.913+0000] {processor.py:839} INFO - DAG(s) dict_keys(['ETL_ideas']) retrieved from /opt/airflow/dags/ETL_ideas.py
[2023-11-30T15:35:19.958+0000] {logging_mixin.py:151} INFO - [2023-11-30T15:35:19.958+0000] {dag.py:2941} INFO - Sync 1 DAGs
[2023-11-30T15:35:20.004+0000] {logging_mixin.py:151} INFO - [2023-11-30T15:35:20.004+0000] {dag.py:3722} INFO - Setting next_dagrun for ETL_ideas to 2023-10-18T00:00:00+00:00, run_after=2023-10-19T00:00:00+00:00
[2023-11-30T15:35:20.031+0000] {processor.py:179} INFO - Processing /opt/airflow/dags/ETL_ideas.py took 0.225 seconds
[2023-11-30T15:42:09.253+0000] {processor.py:157} INFO - Started process (PID=121) to work on /opt/airflow/dags/ETL_ideas.py
[2023-11-30T15:42:09.259+0000] {processor.py:829} INFO - Processing file /opt/airflow/dags/ETL_ideas.py for tasks to queue
[2023-11-30T15:42:09.263+0000] {logging_mixin.py:151} INFO - [2023-11-30T15:42:09.263+0000] {dagbag.py:536} INFO - Filling up the DagBag from /opt/airflow/dags/ETL_ideas.py
[2023-11-30T15:42:09.472+0000] {processor.py:839} INFO - DAG(s) dict_keys(['ETL_ideas']) retrieved from /opt/airflow/dags/ETL_ideas.py
[2023-11-30T15:42:09.696+0000] {logging_mixin.py:151} INFO - [2023-11-30T15:42:09.695+0000] {dag.py:2941} INFO - Sync 1 DAGs
[2023-11-30T15:42:09.859+0000] {logging_mixin.py:151} INFO - [2023-11-30T15:42:09.859+0000] {dag.py:3722} INFO - Setting next_dagrun for ETL_ideas to 2023-10-18T00:00:00+00:00, run_after=2023-10-19T00:00:00+00:00
[2023-11-30T15:42:10.097+0000] {processor.py:179} INFO - Processing /opt/airflow/dags/ETL_ideas.py took 0.854 seconds
