[2023-11-30T13:01:59.856+0000] {processor.py:157} INFO - Started process (PID=10) to work on /opt/airflow/dags/ETL_clustered_ideas.py
[2023-11-30T13:01:59.857+0000] {processor.py:829} INFO - Processing file /opt/airflow/dags/ETL_clustered_ideas.py for tasks to queue
[2023-11-30T13:01:59.859+0000] {logging_mixin.py:151} INFO - [2023-11-30T13:01:59.859+0000] {dagbag.py:536} INFO - Filling up the DagBag from /opt/airflow/dags/ETL_clustered_ideas.py
[2023-11-30T13:01:59.977+0000] {processor.py:839} INFO - DAG(s) dict_keys(['ETL_clustered_ideas']) retrieved from /opt/airflow/dags/ETL_clustered_ideas.py
[2023-11-30T13:02:00.428+0000] {logging_mixin.py:151} INFO - [2023-11-30T13:02:00.427+0000] {dag.py:2941} INFO - Sync 1 DAGs
[2023-11-30T13:02:00.580+0000] {logging_mixin.py:151} INFO - [2023-11-30T13:02:00.580+0000] {dag.py:3722} INFO - Setting next_dagrun for ETL_clustered_ideas to 2023-10-18T00:00:00+00:00, run_after=2023-10-19T00:00:00+00:00
[2023-11-30T13:02:00.734+0000] {processor.py:179} INFO - Processing /opt/airflow/dags/ETL_clustered_ideas.py took 0.898 seconds
[2023-11-30T13:02:31.102+0000] {processor.py:157} INFO - Started process (PID=21) to work on /opt/airflow/dags/ETL_clustered_ideas.py
[2023-11-30T13:02:31.106+0000] {processor.py:829} INFO - Processing file /opt/airflow/dags/ETL_clustered_ideas.py for tasks to queue
[2023-11-30T13:02:31.110+0000] {logging_mixin.py:151} INFO - [2023-11-30T13:02:31.109+0000] {dagbag.py:536} INFO - Filling up the DagBag from /opt/airflow/dags/ETL_clustered_ideas.py
[2023-11-30T13:02:31.178+0000] {processor.py:839} INFO - DAG(s) dict_keys(['ETL_clustered_ideas']) retrieved from /opt/airflow/dags/ETL_clustered_ideas.py
[2023-11-30T13:02:31.221+0000] {logging_mixin.py:151} INFO - [2023-11-30T13:02:31.221+0000] {dag.py:2941} INFO - Sync 1 DAGs
[2023-11-30T13:02:31.257+0000] {logging_mixin.py:151} INFO - [2023-11-30T13:02:31.257+0000] {dag.py:3722} INFO - Setting next_dagrun for ETL_clustered_ideas to 2023-10-18T00:00:00+00:00, run_after=2023-10-19T00:00:00+00:00
[2023-11-30T13:02:31.289+0000] {processor.py:179} INFO - Processing /opt/airflow/dags/ETL_clustered_ideas.py took 0.216 seconds
[2023-11-30T13:04:14.102+0000] {processor.py:157} INFO - Started process (PID=9) to work on /opt/airflow/dags/ETL_clustered_ideas.py
[2023-11-30T13:04:14.114+0000] {processor.py:829} INFO - Processing file /opt/airflow/dags/ETL_clustered_ideas.py for tasks to queue
[2023-11-30T13:04:14.117+0000] {logging_mixin.py:151} INFO - [2023-11-30T13:04:14.117+0000] {dagbag.py:536} INFO - Filling up the DagBag from /opt/airflow/dags/ETL_clustered_ideas.py
[2023-11-30T13:04:14.161+0000] {processor.py:839} INFO - DAG(s) dict_keys(['ETL_clustered_ideas']) retrieved from /opt/airflow/dags/ETL_clustered_ideas.py
[2023-11-30T13:04:14.361+0000] {logging_mixin.py:151} INFO - [2023-11-30T13:04:14.361+0000] {dag.py:2941} INFO - Sync 1 DAGs
[2023-11-30T13:04:14.415+0000] {logging_mixin.py:151} INFO - [2023-11-30T13:04:14.414+0000] {dag.py:3722} INFO - Setting next_dagrun for ETL_clustered_ideas to 2023-10-18T00:00:00+00:00, run_after=2023-10-19T00:00:00+00:00
[2023-11-30T13:04:14.511+0000] {processor.py:179} INFO - Processing /opt/airflow/dags/ETL_clustered_ideas.py took 0.413 seconds
[2023-11-30T13:04:44.664+0000] {processor.py:157} INFO - Started process (PID=19) to work on /opt/airflow/dags/ETL_clustered_ideas.py
[2023-11-30T13:04:44.666+0000] {processor.py:829} INFO - Processing file /opt/airflow/dags/ETL_clustered_ideas.py for tasks to queue
[2023-11-30T13:04:44.672+0000] {logging_mixin.py:151} INFO - [2023-11-30T13:04:44.672+0000] {dagbag.py:536} INFO - Filling up the DagBag from /opt/airflow/dags/ETL_clustered_ideas.py
[2023-11-30T13:04:44.685+0000] {processor.py:839} INFO - DAG(s) dict_keys(['ETL_clustered_ideas']) retrieved from /opt/airflow/dags/ETL_clustered_ideas.py
[2023-11-30T13:04:44.720+0000] {logging_mixin.py:151} INFO - [2023-11-30T13:04:44.719+0000] {dag.py:2941} INFO - Sync 1 DAGs
[2023-11-30T13:04:44.747+0000] {logging_mixin.py:151} INFO - [2023-11-30T13:04:44.747+0000] {dag.py:3722} INFO - Setting next_dagrun for ETL_clustered_ideas to 2023-10-18T00:00:00+00:00, run_after=2023-10-19T00:00:00+00:00
[2023-11-30T13:04:44.772+0000] {processor.py:179} INFO - Processing /opt/airflow/dags/ETL_clustered_ideas.py took 0.112 seconds
[2023-11-30T13:05:14.972+0000] {processor.py:157} INFO - Started process (PID=30) to work on /opt/airflow/dags/ETL_clustered_ideas.py
[2023-11-30T13:05:14.974+0000] {processor.py:829} INFO - Processing file /opt/airflow/dags/ETL_clustered_ideas.py for tasks to queue
[2023-11-30T13:05:14.983+0000] {logging_mixin.py:151} INFO - [2023-11-30T13:05:14.983+0000] {dagbag.py:536} INFO - Filling up the DagBag from /opt/airflow/dags/ETL_clustered_ideas.py
[2023-11-30T13:05:15.009+0000] {processor.py:839} INFO - DAG(s) dict_keys(['ETL_clustered_ideas']) retrieved from /opt/airflow/dags/ETL_clustered_ideas.py
[2023-11-30T13:05:15.056+0000] {logging_mixin.py:151} INFO - [2023-11-30T13:05:15.056+0000] {dag.py:2941} INFO - Sync 1 DAGs
[2023-11-30T13:05:15.101+0000] {logging_mixin.py:151} INFO - [2023-11-30T13:05:15.101+0000] {dag.py:3722} INFO - Setting next_dagrun for ETL_clustered_ideas to 2023-10-18T00:00:00+00:00, run_after=2023-10-19T00:00:00+00:00
[2023-11-30T13:05:15.451+0000] {processor.py:179} INFO - Processing /opt/airflow/dags/ETL_clustered_ideas.py took 0.485 seconds
[2023-11-30T13:07:13.331+0000] {processor.py:157} INFO - Started process (PID=10) to work on /opt/airflow/dags/ETL_clustered_ideas.py
[2023-11-30T13:07:13.335+0000] {processor.py:829} INFO - Processing file /opt/airflow/dags/ETL_clustered_ideas.py for tasks to queue
[2023-11-30T13:07:13.339+0000] {logging_mixin.py:151} INFO - [2023-11-30T13:07:13.339+0000] {dagbag.py:536} INFO - Filling up the DagBag from /opt/airflow/dags/ETL_clustered_ideas.py
[2023-11-30T13:07:13.355+0000] {processor.py:839} INFO - DAG(s) dict_keys(['ETL_clustered_ideas']) retrieved from /opt/airflow/dags/ETL_clustered_ideas.py
[2023-11-30T13:07:13.460+0000] {logging_mixin.py:151} INFO - [2023-11-30T13:07:13.460+0000] {dag.py:2941} INFO - Sync 1 DAGs
[2023-11-30T13:07:13.713+0000] {logging_mixin.py:151} INFO - [2023-11-30T13:07:13.712+0000] {dag.py:3722} INFO - Setting next_dagrun for ETL_clustered_ideas to 2023-10-18T00:00:00+00:00, run_after=2023-10-19T00:00:00+00:00
[2023-11-30T13:07:13.819+0000] {processor.py:179} INFO - Processing /opt/airflow/dags/ETL_clustered_ideas.py took 0.532 seconds
[2023-11-30T13:07:44.067+0000] {processor.py:157} INFO - Started process (PID=21) to work on /opt/airflow/dags/ETL_clustered_ideas.py
[2023-11-30T13:07:44.069+0000] {processor.py:829} INFO - Processing file /opt/airflow/dags/ETL_clustered_ideas.py for tasks to queue
[2023-11-30T13:07:44.088+0000] {logging_mixin.py:151} INFO - [2023-11-30T13:07:44.087+0000] {dagbag.py:536} INFO - Filling up the DagBag from /opt/airflow/dags/ETL_clustered_ideas.py
[2023-11-30T13:07:44.113+0000] {processor.py:839} INFO - DAG(s) dict_keys(['ETL_clustered_ideas']) retrieved from /opt/airflow/dags/ETL_clustered_ideas.py
[2023-11-30T13:07:44.154+0000] {logging_mixin.py:151} INFO - [2023-11-30T13:07:44.154+0000] {dag.py:2941} INFO - Sync 1 DAGs
[2023-11-30T13:07:44.189+0000] {logging_mixin.py:151} INFO - [2023-11-30T13:07:44.188+0000] {dag.py:3722} INFO - Setting next_dagrun for ETL_clustered_ideas to 2023-10-18T00:00:00+00:00, run_after=2023-10-19T00:00:00+00:00
[2023-11-30T13:07:44.234+0000] {processor.py:179} INFO - Processing /opt/airflow/dags/ETL_clustered_ideas.py took 0.171 seconds
[2023-11-30T13:08:15.054+0000] {processor.py:157} INFO - Started process (PID=33) to work on /opt/airflow/dags/ETL_clustered_ideas.py
[2023-11-30T13:08:15.061+0000] {processor.py:829} INFO - Processing file /opt/airflow/dags/ETL_clustered_ideas.py for tasks to queue
[2023-11-30T13:08:15.074+0000] {logging_mixin.py:151} INFO - [2023-11-30T13:08:15.073+0000] {dagbag.py:536} INFO - Filling up the DagBag from /opt/airflow/dags/ETL_clustered_ideas.py
[2023-11-30T13:08:15.090+0000] {processor.py:839} INFO - DAG(s) dict_keys(['ETL_clustered_ideas']) retrieved from /opt/airflow/dags/ETL_clustered_ideas.py
[2023-11-30T13:08:15.148+0000] {logging_mixin.py:151} INFO - [2023-11-30T13:08:15.147+0000] {dag.py:2941} INFO - Sync 1 DAGs
[2023-11-30T13:08:15.186+0000] {logging_mixin.py:151} INFO - [2023-11-30T13:08:15.186+0000] {dag.py:3722} INFO - Setting next_dagrun for ETL_clustered_ideas to 2023-10-18T00:00:00+00:00, run_after=2023-10-19T00:00:00+00:00
[2023-11-30T13:08:15.454+0000] {processor.py:179} INFO - Processing /opt/airflow/dags/ETL_clustered_ideas.py took 0.407 seconds
[2023-11-30T13:08:45.557+0000] {processor.py:157} INFO - Started process (PID=44) to work on /opt/airflow/dags/ETL_clustered_ideas.py
[2023-11-30T13:08:45.560+0000] {processor.py:829} INFO - Processing file /opt/airflow/dags/ETL_clustered_ideas.py for tasks to queue
[2023-11-30T13:08:45.563+0000] {logging_mixin.py:151} INFO - [2023-11-30T13:08:45.563+0000] {dagbag.py:536} INFO - Filling up the DagBag from /opt/airflow/dags/ETL_clustered_ideas.py
[2023-11-30T13:08:45.587+0000] {processor.py:839} INFO - DAG(s) dict_keys(['ETL_clustered_ideas']) retrieved from /opt/airflow/dags/ETL_clustered_ideas.py
[2023-11-30T13:08:45.693+0000] {logging_mixin.py:151} INFO - [2023-11-30T13:08:45.692+0000] {dag.py:2941} INFO - Sync 1 DAGs
[2023-11-30T13:08:46.405+0000] {logging_mixin.py:151} INFO - [2023-11-30T13:08:46.403+0000] {dag.py:3722} INFO - Setting next_dagrun for ETL_clustered_ideas to 2023-10-18T00:00:00+00:00, run_after=2023-10-19T00:00:00+00:00
[2023-11-30T13:08:46.459+0000] {processor.py:179} INFO - Processing /opt/airflow/dags/ETL_clustered_ideas.py took 0.915 seconds
[2023-11-30T13:09:17.042+0000] {processor.py:157} INFO - Started process (PID=55) to work on /opt/airflow/dags/ETL_clustered_ideas.py
[2023-11-30T13:09:19.453+0000] {processor.py:829} INFO - Processing file /opt/airflow/dags/ETL_clustered_ideas.py for tasks to queue
[2023-11-30T13:09:19.508+0000] {logging_mixin.py:151} INFO - [2023-11-30T13:09:19.507+0000] {dagbag.py:536} INFO - Filling up the DagBag from /opt/airflow/dags/ETL_clustered_ideas.py
[2023-11-30T13:09:19.552+0000] {processor.py:839} INFO - DAG(s) dict_keys(['ETL_clustered_ideas']) retrieved from /opt/airflow/dags/ETL_clustered_ideas.py
[2023-11-30T13:09:19.744+0000] {logging_mixin.py:151} INFO - [2023-11-30T13:09:19.694+0000] {dag.py:2941} INFO - Sync 1 DAGs
[2023-11-30T13:09:21.382+0000] {logging_mixin.py:151} INFO - [2023-11-30T13:09:21.382+0000] {dag.py:3722} INFO - Setting next_dagrun for ETL_clustered_ideas to 2023-10-18T00:00:00+00:00, run_after=2023-10-19T00:00:00+00:00
[2023-11-30T13:09:21.466+0000] {processor.py:179} INFO - Processing /opt/airflow/dags/ETL_clustered_ideas.py took 4.427 seconds
[2023-11-30T13:09:51.584+0000] {processor.py:157} INFO - Started process (PID=66) to work on /opt/airflow/dags/ETL_clustered_ideas.py
[2023-11-30T13:09:51.587+0000] {processor.py:829} INFO - Processing file /opt/airflow/dags/ETL_clustered_ideas.py for tasks to queue
[2023-11-30T13:09:51.592+0000] {logging_mixin.py:151} INFO - [2023-11-30T13:09:51.590+0000] {dagbag.py:536} INFO - Filling up the DagBag from /opt/airflow/dags/ETL_clustered_ideas.py
[2023-11-30T13:09:51.632+0000] {processor.py:839} INFO - DAG(s) dict_keys(['ETL_clustered_ideas']) retrieved from /opt/airflow/dags/ETL_clustered_ideas.py
[2023-11-30T13:09:52.490+0000] {logging_mixin.py:151} INFO - [2023-11-30T13:09:52.489+0000] {dag.py:2941} INFO - Sync 1 DAGs
[2023-11-30T13:09:52.691+0000] {logging_mixin.py:151} INFO - [2023-11-30T13:09:52.690+0000] {dag.py:3722} INFO - Setting next_dagrun for ETL_clustered_ideas to 2023-10-18T00:00:00+00:00, run_after=2023-10-19T00:00:00+00:00
[2023-11-30T13:09:53.071+0000] {processor.py:179} INFO - Processing /opt/airflow/dags/ETL_clustered_ideas.py took 1.498 seconds
[2023-11-30T13:50:13.881+0000] {processor.py:157} INFO - Started process (PID=10) to work on /opt/airflow/dags/ETL_clustered_ideas.py
[2023-11-30T13:50:13.907+0000] {processor.py:829} INFO - Processing file /opt/airflow/dags/ETL_clustered_ideas.py for tasks to queue
[2023-11-30T13:50:13.910+0000] {logging_mixin.py:151} INFO - [2023-11-30T13:50:13.910+0000] {dagbag.py:536} INFO - Filling up the DagBag from /opt/airflow/dags/ETL_clustered_ideas.py
[2023-11-30T13:50:14.049+0000] {processor.py:839} INFO - DAG(s) dict_keys(['ETL_clustered_ideas']) retrieved from /opt/airflow/dags/ETL_clustered_ideas.py
[2023-11-30T13:50:14.256+0000] {logging_mixin.py:151} INFO - [2023-11-30T13:50:14.256+0000] {dag.py:2941} INFO - Sync 1 DAGs
[2023-11-30T13:50:14.407+0000] {logging_mixin.py:151} INFO - [2023-11-30T13:50:14.405+0000] {dag.py:3722} INFO - Setting next_dagrun for ETL_clustered_ideas to 2023-10-18T00:00:00+00:00, run_after=2023-10-19T00:00:00+00:00
[2023-11-30T13:50:14.575+0000] {processor.py:179} INFO - Processing /opt/airflow/dags/ETL_clustered_ideas.py took 0.697 seconds
[2023-11-30T13:50:45.022+0000] {processor.py:157} INFO - Started process (PID=21) to work on /opt/airflow/dags/ETL_clustered_ideas.py
[2023-11-30T13:50:45.072+0000] {processor.py:829} INFO - Processing file /opt/airflow/dags/ETL_clustered_ideas.py for tasks to queue
[2023-11-30T13:50:45.078+0000] {logging_mixin.py:151} INFO - [2023-11-30T13:50:45.077+0000] {dagbag.py:536} INFO - Filling up the DagBag from /opt/airflow/dags/ETL_clustered_ideas.py
[2023-11-30T13:50:45.130+0000] {processor.py:839} INFO - DAG(s) dict_keys(['ETL_clustered_ideas']) retrieved from /opt/airflow/dags/ETL_clustered_ideas.py
[2023-11-30T13:50:45.315+0000] {logging_mixin.py:151} INFO - [2023-11-30T13:50:45.315+0000] {dag.py:2941} INFO - Sync 1 DAGs
[2023-11-30T13:50:45.388+0000] {logging_mixin.py:151} INFO - [2023-11-30T13:50:45.388+0000] {dag.py:3722} INFO - Setting next_dagrun for ETL_clustered_ideas to 2023-10-18T00:00:00+00:00, run_after=2023-10-19T00:00:00+00:00
[2023-11-30T13:50:45.434+0000] {processor.py:179} INFO - Processing /opt/airflow/dags/ETL_clustered_ideas.py took 0.434 seconds
[2023-11-30T13:51:15.969+0000] {processor.py:157} INFO - Started process (PID=33) to work on /opt/airflow/dags/ETL_clustered_ideas.py
[2023-11-30T13:51:15.971+0000] {processor.py:829} INFO - Processing file /opt/airflow/dags/ETL_clustered_ideas.py for tasks to queue
[2023-11-30T13:51:15.974+0000] {logging_mixin.py:151} INFO - [2023-11-30T13:51:15.974+0000] {dagbag.py:536} INFO - Filling up the DagBag from /opt/airflow/dags/ETL_clustered_ideas.py
[2023-11-30T13:51:15.987+0000] {processor.py:839} INFO - DAG(s) dict_keys(['ETL_clustered_ideas']) retrieved from /opt/airflow/dags/ETL_clustered_ideas.py
[2023-11-30T13:51:16.071+0000] {logging_mixin.py:151} INFO - [2023-11-30T13:51:16.071+0000] {dag.py:2941} INFO - Sync 1 DAGs
[2023-11-30T13:51:16.101+0000] {logging_mixin.py:151} INFO - [2023-11-30T13:51:16.101+0000] {dag.py:3722} INFO - Setting next_dagrun for ETL_clustered_ideas to 2023-10-18T00:00:00+00:00, run_after=2023-10-19T00:00:00+00:00
[2023-11-30T13:51:16.433+0000] {processor.py:179} INFO - Processing /opt/airflow/dags/ETL_clustered_ideas.py took 0.469 seconds
[2023-11-30T13:51:46.747+0000] {processor.py:157} INFO - Started process (PID=44) to work on /opt/airflow/dags/ETL_clustered_ideas.py
[2023-11-30T13:51:46.750+0000] {processor.py:829} INFO - Processing file /opt/airflow/dags/ETL_clustered_ideas.py for tasks to queue
[2023-11-30T13:51:46.766+0000] {logging_mixin.py:151} INFO - [2023-11-30T13:51:46.766+0000] {dagbag.py:536} INFO - Filling up the DagBag from /opt/airflow/dags/ETL_clustered_ideas.py
[2023-11-30T13:51:46.781+0000] {processor.py:839} INFO - DAG(s) dict_keys(['ETL_clustered_ideas']) retrieved from /opt/airflow/dags/ETL_clustered_ideas.py
[2023-11-30T13:51:46.840+0000] {logging_mixin.py:151} INFO - [2023-11-30T13:51:46.840+0000] {dag.py:2941} INFO - Sync 1 DAGs
[2023-11-30T13:51:47.197+0000] {logging_mixin.py:151} INFO - [2023-11-30T13:51:47.197+0000] {dag.py:3722} INFO - Setting next_dagrun for ETL_clustered_ideas to 2023-10-18T00:00:00+00:00, run_after=2023-10-19T00:00:00+00:00
[2023-11-30T13:51:47.243+0000] {processor.py:179} INFO - Processing /opt/airflow/dags/ETL_clustered_ideas.py took 0.505 seconds
[2023-11-30T13:52:17.616+0000] {processor.py:157} INFO - Started process (PID=55) to work on /opt/airflow/dags/ETL_clustered_ideas.py
[2023-11-30T13:52:17.624+0000] {processor.py:829} INFO - Processing file /opt/airflow/dags/ETL_clustered_ideas.py for tasks to queue
[2023-11-30T13:52:17.627+0000] {logging_mixin.py:151} INFO - [2023-11-30T13:52:17.627+0000] {dagbag.py:536} INFO - Filling up the DagBag from /opt/airflow/dags/ETL_clustered_ideas.py
[2023-11-30T13:52:17.650+0000] {processor.py:839} INFO - DAG(s) dict_keys(['ETL_clustered_ideas']) retrieved from /opt/airflow/dags/ETL_clustered_ideas.py
[2023-11-30T13:52:17.725+0000] {logging_mixin.py:151} INFO - [2023-11-30T13:52:17.725+0000] {dag.py:2941} INFO - Sync 1 DAGs
[2023-11-30T13:52:18.461+0000] {logging_mixin.py:151} INFO - [2023-11-30T13:52:18.458+0000] {dag.py:3722} INFO - Setting next_dagrun for ETL_clustered_ideas to 2023-10-18T00:00:00+00:00, run_after=2023-10-19T00:00:00+00:00
[2023-11-30T13:52:18.526+0000] {processor.py:179} INFO - Processing /opt/airflow/dags/ETL_clustered_ideas.py took 0.914 seconds
[2023-11-30T13:52:49.038+0000] {processor.py:157} INFO - Started process (PID=67) to work on /opt/airflow/dags/ETL_clustered_ideas.py
[2023-11-30T13:52:49.054+0000] {processor.py:829} INFO - Processing file /opt/airflow/dags/ETL_clustered_ideas.py for tasks to queue
[2023-11-30T13:52:49.067+0000] {logging_mixin.py:151} INFO - [2023-11-30T13:52:49.063+0000] {dagbag.py:536} INFO - Filling up the DagBag from /opt/airflow/dags/ETL_clustered_ideas.py
[2023-11-30T13:52:49.113+0000] {processor.py:839} INFO - DAG(s) dict_keys(['ETL_clustered_ideas']) retrieved from /opt/airflow/dags/ETL_clustered_ideas.py
[2023-11-30T13:52:49.155+0000] {logging_mixin.py:151} INFO - [2023-11-30T13:52:49.155+0000] {dag.py:2941} INFO - Sync 1 DAGs
[2023-11-30T13:52:49.574+0000] {logging_mixin.py:151} INFO - [2023-11-30T13:52:49.574+0000] {dag.py:3722} INFO - Setting next_dagrun for ETL_clustered_ideas to 2023-10-18T00:00:00+00:00, run_after=2023-10-19T00:00:00+00:00
[2023-11-30T13:52:49.599+0000] {processor.py:179} INFO - Processing /opt/airflow/dags/ETL_clustered_ideas.py took 0.568 seconds
[2023-11-30T13:53:19.695+0000] {processor.py:157} INFO - Started process (PID=77) to work on /opt/airflow/dags/ETL_clustered_ideas.py
[2023-11-30T13:53:19.698+0000] {processor.py:829} INFO - Processing file /opt/airflow/dags/ETL_clustered_ideas.py for tasks to queue
[2023-11-30T13:53:19.702+0000] {logging_mixin.py:151} INFO - [2023-11-30T13:53:19.702+0000] {dagbag.py:536} INFO - Filling up the DagBag from /opt/airflow/dags/ETL_clustered_ideas.py
[2023-11-30T13:53:19.980+0000] {processor.py:839} INFO - DAG(s) dict_keys(['ETL_clustered_ideas']) retrieved from /opt/airflow/dags/ETL_clustered_ideas.py
[2023-11-30T13:53:20.013+0000] {logging_mixin.py:151} INFO - [2023-11-30T13:53:20.012+0000] {dag.py:2941} INFO - Sync 1 DAGs
[2023-11-30T13:53:20.044+0000] {logging_mixin.py:151} INFO - [2023-11-30T13:53:20.044+0000] {dag.py:3722} INFO - Setting next_dagrun for ETL_clustered_ideas to 2023-10-18T00:00:00+00:00, run_after=2023-10-19T00:00:00+00:00
[2023-11-30T13:53:20.090+0000] {processor.py:179} INFO - Processing /opt/airflow/dags/ETL_clustered_ideas.py took 0.413 seconds
[2023-11-30T13:53:50.563+0000] {processor.py:157} INFO - Started process (PID=88) to work on /opt/airflow/dags/ETL_clustered_ideas.py
[2023-11-30T13:53:50.567+0000] {processor.py:829} INFO - Processing file /opt/airflow/dags/ETL_clustered_ideas.py for tasks to queue
[2023-11-30T13:53:50.573+0000] {logging_mixin.py:151} INFO - [2023-11-30T13:53:50.573+0000] {dagbag.py:536} INFO - Filling up the DagBag from /opt/airflow/dags/ETL_clustered_ideas.py
[2023-11-30T13:53:50.593+0000] {processor.py:839} INFO - DAG(s) dict_keys(['ETL_clustered_ideas']) retrieved from /opt/airflow/dags/ETL_clustered_ideas.py
[2023-11-30T13:53:50.628+0000] {logging_mixin.py:151} INFO - [2023-11-30T13:53:50.628+0000] {dag.py:2941} INFO - Sync 1 DAGs
[2023-11-30T13:53:50.656+0000] {logging_mixin.py:151} INFO - [2023-11-30T13:53:50.655+0000] {dag.py:3722} INFO - Setting next_dagrun for ETL_clustered_ideas to 2023-10-18T00:00:00+00:00, run_after=2023-10-19T00:00:00+00:00
[2023-11-30T13:53:50.703+0000] {processor.py:179} INFO - Processing /opt/airflow/dags/ETL_clustered_ideas.py took 0.150 seconds
[2023-11-30T13:54:21.194+0000] {processor.py:157} INFO - Started process (PID=99) to work on /opt/airflow/dags/ETL_clustered_ideas.py
[2023-11-30T13:54:21.211+0000] {processor.py:829} INFO - Processing file /opt/airflow/dags/ETL_clustered_ideas.py for tasks to queue
[2023-11-30T13:54:21.216+0000] {logging_mixin.py:151} INFO - [2023-11-30T13:54:21.216+0000] {dagbag.py:536} INFO - Filling up the DagBag from /opt/airflow/dags/ETL_clustered_ideas.py
[2023-11-30T13:54:21.266+0000] {processor.py:839} INFO - DAG(s) dict_keys(['ETL_clustered_ideas']) retrieved from /opt/airflow/dags/ETL_clustered_ideas.py
[2023-11-30T13:54:21.348+0000] {logging_mixin.py:151} INFO - [2023-11-30T13:54:21.348+0000] {dag.py:2941} INFO - Sync 1 DAGs
[2023-11-30T13:54:21.427+0000] {logging_mixin.py:151} INFO - [2023-11-30T13:54:21.426+0000] {dag.py:3722} INFO - Setting next_dagrun for ETL_clustered_ideas to 2023-10-18T00:00:00+00:00, run_after=2023-10-19T00:00:00+00:00
[2023-11-30T13:54:21.471+0000] {processor.py:179} INFO - Processing /opt/airflow/dags/ETL_clustered_ideas.py took 0.283 seconds
[2023-11-30T13:54:51.822+0000] {processor.py:157} INFO - Started process (PID=110) to work on /opt/airflow/dags/ETL_clustered_ideas.py
[2023-11-30T13:54:51.830+0000] {processor.py:829} INFO - Processing file /opt/airflow/dags/ETL_clustered_ideas.py for tasks to queue
[2023-11-30T13:54:51.842+0000] {logging_mixin.py:151} INFO - [2023-11-30T13:54:51.842+0000] {dagbag.py:536} INFO - Filling up the DagBag from /opt/airflow/dags/ETL_clustered_ideas.py
[2023-11-30T13:54:51.899+0000] {processor.py:839} INFO - DAG(s) dict_keys(['ETL_clustered_ideas']) retrieved from /opt/airflow/dags/ETL_clustered_ideas.py
[2023-11-30T13:54:51.953+0000] {logging_mixin.py:151} INFO - [2023-11-30T13:54:51.953+0000] {dag.py:2941} INFO - Sync 1 DAGs
[2023-11-30T13:54:52.027+0000] {logging_mixin.py:151} INFO - [2023-11-30T13:54:52.026+0000] {dag.py:3722} INFO - Setting next_dagrun for ETL_clustered_ideas to 2023-10-18T00:00:00+00:00, run_after=2023-10-19T00:00:00+00:00
[2023-11-30T13:54:52.089+0000] {processor.py:179} INFO - Processing /opt/airflow/dags/ETL_clustered_ideas.py took 0.281 seconds
[2023-11-30T13:55:22.187+0000] {processor.py:157} INFO - Started process (PID=121) to work on /opt/airflow/dags/ETL_clustered_ideas.py
[2023-11-30T13:55:22.191+0000] {processor.py:829} INFO - Processing file /opt/airflow/dags/ETL_clustered_ideas.py for tasks to queue
[2023-11-30T13:55:22.195+0000] {logging_mixin.py:151} INFO - [2023-11-30T13:55:22.195+0000] {dagbag.py:536} INFO - Filling up the DagBag from /opt/airflow/dags/ETL_clustered_ideas.py
[2023-11-30T13:55:22.212+0000] {processor.py:839} INFO - DAG(s) dict_keys(['ETL_clustered_ideas']) retrieved from /opt/airflow/dags/ETL_clustered_ideas.py
[2023-11-30T13:55:22.255+0000] {logging_mixin.py:151} INFO - [2023-11-30T13:55:22.254+0000] {dag.py:2941} INFO - Sync 1 DAGs
[2023-11-30T13:55:22.283+0000] {logging_mixin.py:151} INFO - [2023-11-30T13:55:22.283+0000] {dag.py:3722} INFO - Setting next_dagrun for ETL_clustered_ideas to 2023-10-18T00:00:00+00:00, run_after=2023-10-19T00:00:00+00:00
[2023-11-30T13:55:22.335+0000] {processor.py:179} INFO - Processing /opt/airflow/dags/ETL_clustered_ideas.py took 0.153 seconds
[2023-11-30T13:55:52.912+0000] {processor.py:157} INFO - Started process (PID=132) to work on /opt/airflow/dags/ETL_clustered_ideas.py
[2023-11-30T13:55:52.913+0000] {processor.py:829} INFO - Processing file /opt/airflow/dags/ETL_clustered_ideas.py for tasks to queue
[2023-11-30T13:55:52.926+0000] {logging_mixin.py:151} INFO - [2023-11-30T13:55:52.926+0000] {dagbag.py:536} INFO - Filling up the DagBag from /opt/airflow/dags/ETL_clustered_ideas.py
[2023-11-30T13:55:52.952+0000] {processor.py:839} INFO - DAG(s) dict_keys(['ETL_clustered_ideas']) retrieved from /opt/airflow/dags/ETL_clustered_ideas.py
[2023-11-30T13:55:53.093+0000] {logging_mixin.py:151} INFO - [2023-11-30T13:55:53.093+0000] {dag.py:2941} INFO - Sync 1 DAGs
[2023-11-30T13:55:53.164+0000] {logging_mixin.py:151} INFO - [2023-11-30T13:55:53.162+0000] {dag.py:3722} INFO - Setting next_dagrun for ETL_clustered_ideas to 2023-10-18T00:00:00+00:00, run_after=2023-10-19T00:00:00+00:00
[2023-11-30T13:55:53.222+0000] {processor.py:179} INFO - Processing /opt/airflow/dags/ETL_clustered_ideas.py took 0.314 seconds
[2023-11-30T13:56:23.868+0000] {processor.py:157} INFO - Started process (PID=143) to work on /opt/airflow/dags/ETL_clustered_ideas.py
[2023-11-30T13:56:23.872+0000] {processor.py:829} INFO - Processing file /opt/airflow/dags/ETL_clustered_ideas.py for tasks to queue
[2023-11-30T13:56:23.889+0000] {logging_mixin.py:151} INFO - [2023-11-30T13:56:23.885+0000] {dagbag.py:536} INFO - Filling up the DagBag from /opt/airflow/dags/ETL_clustered_ideas.py
[2023-11-30T13:56:23.912+0000] {processor.py:839} INFO - DAG(s) dict_keys(['ETL_clustered_ideas']) retrieved from /opt/airflow/dags/ETL_clustered_ideas.py
[2023-11-30T13:56:23.960+0000] {logging_mixin.py:151} INFO - [2023-11-30T13:56:23.960+0000] {dag.py:2941} INFO - Sync 1 DAGs
[2023-11-30T13:56:23.992+0000] {logging_mixin.py:151} INFO - [2023-11-30T13:56:23.991+0000] {dag.py:3722} INFO - Setting next_dagrun for ETL_clustered_ideas to 2023-10-18T00:00:00+00:00, run_after=2023-10-19T00:00:00+00:00
[2023-11-30T13:56:24.016+0000] {processor.py:179} INFO - Processing /opt/airflow/dags/ETL_clustered_ideas.py took 0.175 seconds
[2023-11-30T13:56:54.524+0000] {processor.py:157} INFO - Started process (PID=161) to work on /opt/airflow/dags/ETL_clustered_ideas.py
[2023-11-30T13:56:54.527+0000] {processor.py:829} INFO - Processing file /opt/airflow/dags/ETL_clustered_ideas.py for tasks to queue
[2023-11-30T13:56:54.537+0000] {logging_mixin.py:151} INFO - [2023-11-30T13:56:54.537+0000] {dagbag.py:536} INFO - Filling up the DagBag from /opt/airflow/dags/ETL_clustered_ideas.py
[2023-11-30T13:56:54.564+0000] {processor.py:839} INFO - DAG(s) dict_keys(['ETL_clustered_ideas']) retrieved from /opt/airflow/dags/ETL_clustered_ideas.py
[2023-11-30T13:56:54.579+0000] {logging_mixin.py:151} INFO - [2023-11-30T13:56:54.579+0000] {dag.py:2941} INFO - Sync 1 DAGs
[2023-11-30T13:56:54.608+0000] {logging_mixin.py:151} INFO - [2023-11-30T13:56:54.608+0000] {dag.py:3722} INFO - Setting next_dagrun for ETL_clustered_ideas to 2023-10-18T00:00:00+00:00, run_after=2023-10-19T00:00:00+00:00
[2023-11-30T13:56:54.645+0000] {processor.py:179} INFO - Processing /opt/airflow/dags/ETL_clustered_ideas.py took 0.131 seconds
[2023-11-30T13:57:25.332+0000] {processor.py:157} INFO - Started process (PID=172) to work on /opt/airflow/dags/ETL_clustered_ideas.py
[2023-11-30T13:57:25.334+0000] {processor.py:829} INFO - Processing file /opt/airflow/dags/ETL_clustered_ideas.py for tasks to queue
[2023-11-30T13:57:25.338+0000] {logging_mixin.py:151} INFO - [2023-11-30T13:57:25.338+0000] {dagbag.py:536} INFO - Filling up the DagBag from /opt/airflow/dags/ETL_clustered_ideas.py
[2023-11-30T13:57:25.359+0000] {processor.py:839} INFO - DAG(s) dict_keys(['ETL_clustered_ideas']) retrieved from /opt/airflow/dags/ETL_clustered_ideas.py
[2023-11-30T13:57:25.395+0000] {logging_mixin.py:151} INFO - [2023-11-30T13:57:25.395+0000] {dag.py:2941} INFO - Sync 1 DAGs
[2023-11-30T13:57:25.447+0000] {logging_mixin.py:151} INFO - [2023-11-30T13:57:25.447+0000] {dag.py:3722} INFO - Setting next_dagrun for ETL_clustered_ideas to 2023-10-18T00:00:00+00:00, run_after=2023-10-19T00:00:00+00:00
[2023-11-30T13:57:25.481+0000] {processor.py:179} INFO - Processing /opt/airflow/dags/ETL_clustered_ideas.py took 0.154 seconds
[2023-11-30T13:57:56.025+0000] {processor.py:157} INFO - Started process (PID=183) to work on /opt/airflow/dags/ETL_clustered_ideas.py
[2023-11-30T13:57:56.029+0000] {processor.py:829} INFO - Processing file /opt/airflow/dags/ETL_clustered_ideas.py for tasks to queue
[2023-11-30T13:57:56.032+0000] {logging_mixin.py:151} INFO - [2023-11-30T13:57:56.032+0000] {dagbag.py:536} INFO - Filling up the DagBag from /opt/airflow/dags/ETL_clustered_ideas.py
[2023-11-30T13:57:56.046+0000] {processor.py:839} INFO - DAG(s) dict_keys(['ETL_clustered_ideas']) retrieved from /opt/airflow/dags/ETL_clustered_ideas.py
[2023-11-30T13:57:56.086+0000] {logging_mixin.py:151} INFO - [2023-11-30T13:57:56.086+0000] {dag.py:2941} INFO - Sync 1 DAGs
[2023-11-30T13:57:56.115+0000] {logging_mixin.py:151} INFO - [2023-11-30T13:57:56.115+0000] {dag.py:3722} INFO - Setting next_dagrun for ETL_clustered_ideas to 2023-10-18T00:00:00+00:00, run_after=2023-10-19T00:00:00+00:00
[2023-11-30T13:57:56.159+0000] {processor.py:179} INFO - Processing /opt/airflow/dags/ETL_clustered_ideas.py took 0.142 seconds
[2023-11-30T13:58:26.723+0000] {processor.py:157} INFO - Started process (PID=194) to work on /opt/airflow/dags/ETL_clustered_ideas.py
[2023-11-30T13:58:26.730+0000] {processor.py:829} INFO - Processing file /opt/airflow/dags/ETL_clustered_ideas.py for tasks to queue
[2023-11-30T13:58:26.733+0000] {logging_mixin.py:151} INFO - [2023-11-30T13:58:26.733+0000] {dagbag.py:536} INFO - Filling up the DagBag from /opt/airflow/dags/ETL_clustered_ideas.py
[2023-11-30T13:58:26.752+0000] {processor.py:839} INFO - DAG(s) dict_keys(['ETL_clustered_ideas']) retrieved from /opt/airflow/dags/ETL_clustered_ideas.py
[2023-11-30T13:58:26.791+0000] {logging_mixin.py:151} INFO - [2023-11-30T13:58:26.791+0000] {dag.py:2941} INFO - Sync 1 DAGs
[2023-11-30T13:58:26.819+0000] {logging_mixin.py:151} INFO - [2023-11-30T13:58:26.819+0000] {dag.py:3722} INFO - Setting next_dagrun for ETL_clustered_ideas to 2023-10-18T00:00:00+00:00, run_after=2023-10-19T00:00:00+00:00
[2023-11-30T13:58:26.843+0000] {processor.py:179} INFO - Processing /opt/airflow/dags/ETL_clustered_ideas.py took 0.133 seconds
[2023-11-30T13:58:57.632+0000] {processor.py:157} INFO - Started process (PID=205) to work on /opt/airflow/dags/ETL_clustered_ideas.py
[2023-11-30T13:58:57.634+0000] {processor.py:829} INFO - Processing file /opt/airflow/dags/ETL_clustered_ideas.py for tasks to queue
[2023-11-30T13:58:57.638+0000] {logging_mixin.py:151} INFO - [2023-11-30T13:58:57.637+0000] {dagbag.py:536} INFO - Filling up the DagBag from /opt/airflow/dags/ETL_clustered_ideas.py
[2023-11-30T13:58:57.660+0000] {processor.py:839} INFO - DAG(s) dict_keys(['ETL_clustered_ideas']) retrieved from /opt/airflow/dags/ETL_clustered_ideas.py
[2023-11-30T13:58:57.695+0000] {logging_mixin.py:151} INFO - [2023-11-30T13:58:57.695+0000] {dag.py:2941} INFO - Sync 1 DAGs
[2023-11-30T13:58:57.732+0000] {logging_mixin.py:151} INFO - [2023-11-30T13:58:57.731+0000] {dag.py:3722} INFO - Setting next_dagrun for ETL_clustered_ideas to 2023-10-18T00:00:00+00:00, run_after=2023-10-19T00:00:00+00:00
[2023-11-30T13:58:57.774+0000] {processor.py:179} INFO - Processing /opt/airflow/dags/ETL_clustered_ideas.py took 0.171 seconds
[2023-11-30T13:59:28.788+0000] {processor.py:157} INFO - Started process (PID=216) to work on /opt/airflow/dags/ETL_clustered_ideas.py
[2023-11-30T13:59:28.790+0000] {processor.py:829} INFO - Processing file /opt/airflow/dags/ETL_clustered_ideas.py for tasks to queue
[2023-11-30T13:59:28.795+0000] {logging_mixin.py:151} INFO - [2023-11-30T13:59:28.795+0000] {dagbag.py:536} INFO - Filling up the DagBag from /opt/airflow/dags/ETL_clustered_ideas.py
[2023-11-30T13:59:28.814+0000] {processor.py:839} INFO - DAG(s) dict_keys(['ETL_clustered_ideas']) retrieved from /opt/airflow/dags/ETL_clustered_ideas.py
[2023-11-30T13:59:28.830+0000] {logging_mixin.py:151} INFO - [2023-11-30T13:59:28.830+0000] {dag.py:2941} INFO - Sync 1 DAGs
[2023-11-30T13:59:28.862+0000] {logging_mixin.py:151} INFO - [2023-11-30T13:59:28.862+0000] {dag.py:3722} INFO - Setting next_dagrun for ETL_clustered_ideas to 2023-10-18T00:00:00+00:00, run_after=2023-10-19T00:00:00+00:00
[2023-11-30T13:59:28.884+0000] {processor.py:179} INFO - Processing /opt/airflow/dags/ETL_clustered_ideas.py took 0.108 seconds
[2023-11-30T13:59:59.547+0000] {processor.py:157} INFO - Started process (PID=227) to work on /opt/airflow/dags/ETL_clustered_ideas.py
[2023-11-30T13:59:59.557+0000] {processor.py:829} INFO - Processing file /opt/airflow/dags/ETL_clustered_ideas.py for tasks to queue
[2023-11-30T13:59:59.590+0000] {logging_mixin.py:151} INFO - [2023-11-30T13:59:59.583+0000] {dagbag.py:536} INFO - Filling up the DagBag from /opt/airflow/dags/ETL_clustered_ideas.py
[2023-11-30T13:59:59.651+0000] {processor.py:839} INFO - DAG(s) dict_keys(['ETL_clustered_ideas']) retrieved from /opt/airflow/dags/ETL_clustered_ideas.py
[2023-11-30T13:59:59.881+0000] {logging_mixin.py:151} INFO - [2023-11-30T13:59:59.881+0000] {dag.py:2941} INFO - Sync 1 DAGs
[2023-11-30T13:59:59.954+0000] {logging_mixin.py:151} INFO - [2023-11-30T13:59:59.953+0000] {dag.py:3722} INFO - Setting next_dagrun for ETL_clustered_ideas to 2023-10-18T00:00:00+00:00, run_after=2023-10-19T00:00:00+00:00
[2023-11-30T14:00:00.016+0000] {processor.py:179} INFO - Processing /opt/airflow/dags/ETL_clustered_ideas.py took 0.503 seconds
[2023-11-30T14:00:30.835+0000] {processor.py:157} INFO - Started process (PID=238) to work on /opt/airflow/dags/ETL_clustered_ideas.py
[2023-11-30T14:00:30.837+0000] {processor.py:829} INFO - Processing file /opt/airflow/dags/ETL_clustered_ideas.py for tasks to queue
[2023-11-30T14:00:30.858+0000] {logging_mixin.py:151} INFO - [2023-11-30T14:00:30.857+0000] {dagbag.py:536} INFO - Filling up the DagBag from /opt/airflow/dags/ETL_clustered_ideas.py
[2023-11-30T14:00:30.967+0000] {processor.py:839} INFO - DAG(s) dict_keys(['ETL_clustered_ideas']) retrieved from /opt/airflow/dags/ETL_clustered_ideas.py
[2023-11-30T14:00:31.159+0000] {logging_mixin.py:151} INFO - [2023-11-30T14:00:31.159+0000] {dag.py:2941} INFO - Sync 1 DAGs
[2023-11-30T14:00:31.201+0000] {logging_mixin.py:151} INFO - [2023-11-30T14:00:31.200+0000] {dag.py:3722} INFO - Setting next_dagrun for ETL_clustered_ideas to 2023-10-18T00:00:00+00:00, run_after=2023-10-19T00:00:00+00:00
[2023-11-30T14:00:31.235+0000] {processor.py:179} INFO - Processing /opt/airflow/dags/ETL_clustered_ideas.py took 0.405 seconds
[2023-11-30T14:01:01.495+0000] {processor.py:157} INFO - Started process (PID=249) to work on /opt/airflow/dags/ETL_clustered_ideas.py
[2023-11-30T14:01:01.497+0000] {processor.py:829} INFO - Processing file /opt/airflow/dags/ETL_clustered_ideas.py for tasks to queue
[2023-11-30T14:01:01.500+0000] {logging_mixin.py:151} INFO - [2023-11-30T14:01:01.500+0000] {dagbag.py:536} INFO - Filling up the DagBag from /opt/airflow/dags/ETL_clustered_ideas.py
[2023-11-30T14:01:01.569+0000] {processor.py:839} INFO - DAG(s) dict_keys(['ETL_clustered_ideas']) retrieved from /opt/airflow/dags/ETL_clustered_ideas.py
[2023-11-30T14:01:01.650+0000] {logging_mixin.py:151} INFO - [2023-11-30T14:01:01.647+0000] {dag.py:2941} INFO - Sync 1 DAGs
[2023-11-30T14:01:01.782+0000] {logging_mixin.py:151} INFO - [2023-11-30T14:01:01.782+0000] {dag.py:3722} INFO - Setting next_dagrun for ETL_clustered_ideas to 2023-10-18T00:00:00+00:00, run_after=2023-10-19T00:00:00+00:00
[2023-11-30T14:01:01.916+0000] {processor.py:179} INFO - Processing /opt/airflow/dags/ETL_clustered_ideas.py took 0.446 seconds
[2023-11-30T14:01:32.200+0000] {processor.py:157} INFO - Started process (PID=260) to work on /opt/airflow/dags/ETL_clustered_ideas.py
[2023-11-30T14:01:32.204+0000] {processor.py:829} INFO - Processing file /opt/airflow/dags/ETL_clustered_ideas.py for tasks to queue
[2023-11-30T14:01:32.216+0000] {logging_mixin.py:151} INFO - [2023-11-30T14:01:32.215+0000] {dagbag.py:536} INFO - Filling up the DagBag from /opt/airflow/dags/ETL_clustered_ideas.py
[2023-11-30T14:01:32.271+0000] {processor.py:839} INFO - DAG(s) dict_keys(['ETL_clustered_ideas']) retrieved from /opt/airflow/dags/ETL_clustered_ideas.py
[2023-11-30T14:01:32.356+0000] {logging_mixin.py:151} INFO - [2023-11-30T14:01:32.356+0000] {dag.py:2941} INFO - Sync 1 DAGs
[2023-11-30T14:01:32.524+0000] {logging_mixin.py:151} INFO - [2023-11-30T14:01:32.491+0000] {dag.py:3722} INFO - Setting next_dagrun for ETL_clustered_ideas to 2023-10-18T00:00:00+00:00, run_after=2023-10-19T00:00:00+00:00
[2023-11-30T14:01:32.625+0000] {processor.py:179} INFO - Processing /opt/airflow/dags/ETL_clustered_ideas.py took 0.463 seconds
[2023-11-30T14:02:02.911+0000] {processor.py:157} INFO - Started process (PID=271) to work on /opt/airflow/dags/ETL_clustered_ideas.py
[2023-11-30T14:02:02.914+0000] {processor.py:829} INFO - Processing file /opt/airflow/dags/ETL_clustered_ideas.py for tasks to queue
[2023-11-30T14:02:02.932+0000] {logging_mixin.py:151} INFO - [2023-11-30T14:02:02.931+0000] {dagbag.py:536} INFO - Filling up the DagBag from /opt/airflow/dags/ETL_clustered_ideas.py
[2023-11-30T14:02:02.959+0000] {processor.py:839} INFO - DAG(s) dict_keys(['ETL_clustered_ideas']) retrieved from /opt/airflow/dags/ETL_clustered_ideas.py
[2023-11-30T14:02:03.036+0000] {logging_mixin.py:151} INFO - [2023-11-30T14:02:03.036+0000] {dag.py:2941} INFO - Sync 1 DAGs
[2023-11-30T14:02:03.065+0000] {logging_mixin.py:151} INFO - [2023-11-30T14:02:03.065+0000] {dag.py:3722} INFO - Setting next_dagrun for ETL_clustered_ideas to 2023-10-18T00:00:00+00:00, run_after=2023-10-19T00:00:00+00:00
[2023-11-30T14:02:03.119+0000] {processor.py:179} INFO - Processing /opt/airflow/dags/ETL_clustered_ideas.py took 0.226 seconds
[2023-11-30T14:02:33.781+0000] {processor.py:157} INFO - Started process (PID=281) to work on /opt/airflow/dags/ETL_clustered_ideas.py
[2023-11-30T14:02:33.784+0000] {processor.py:829} INFO - Processing file /opt/airflow/dags/ETL_clustered_ideas.py for tasks to queue
[2023-11-30T14:02:33.801+0000] {logging_mixin.py:151} INFO - [2023-11-30T14:02:33.799+0000] {dagbag.py:536} INFO - Filling up the DagBag from /opt/airflow/dags/ETL_clustered_ideas.py
[2023-11-30T14:02:33.826+0000] {processor.py:839} INFO - DAG(s) dict_keys(['ETL_clustered_ideas']) retrieved from /opt/airflow/dags/ETL_clustered_ideas.py
[2023-11-30T14:02:33.878+0000] {logging_mixin.py:151} INFO - [2023-11-30T14:02:33.878+0000] {dag.py:2941} INFO - Sync 1 DAGs
[2023-11-30T14:02:33.938+0000] {logging_mixin.py:151} INFO - [2023-11-30T14:02:33.938+0000] {dag.py:3722} INFO - Setting next_dagrun for ETL_clustered_ideas to 2023-10-18T00:00:00+00:00, run_after=2023-10-19T00:00:00+00:00
[2023-11-30T14:02:33.996+0000] {processor.py:179} INFO - Processing /opt/airflow/dags/ETL_clustered_ideas.py took 0.219 seconds
[2023-11-30T14:03:04.552+0000] {processor.py:157} INFO - Started process (PID=292) to work on /opt/airflow/dags/ETL_clustered_ideas.py
[2023-11-30T14:03:04.564+0000] {processor.py:829} INFO - Processing file /opt/airflow/dags/ETL_clustered_ideas.py for tasks to queue
[2023-11-30T14:03:04.569+0000] {logging_mixin.py:151} INFO - [2023-11-30T14:03:04.569+0000] {dagbag.py:536} INFO - Filling up the DagBag from /opt/airflow/dags/ETL_clustered_ideas.py
[2023-11-30T14:03:04.645+0000] {processor.py:839} INFO - DAG(s) dict_keys(['ETL_clustered_ideas']) retrieved from /opt/airflow/dags/ETL_clustered_ideas.py
[2023-11-30T14:03:04.780+0000] {logging_mixin.py:151} INFO - [2023-11-30T14:03:04.780+0000] {dag.py:2941} INFO - Sync 1 DAGs
[2023-11-30T14:03:04.831+0000] {logging_mixin.py:151} INFO - [2023-11-30T14:03:04.831+0000] {dag.py:3722} INFO - Setting next_dagrun for ETL_clustered_ideas to 2023-10-18T00:00:00+00:00, run_after=2023-10-19T00:00:00+00:00
[2023-11-30T14:03:04.905+0000] {processor.py:179} INFO - Processing /opt/airflow/dags/ETL_clustered_ideas.py took 0.358 seconds
[2023-11-30T14:03:35.209+0000] {processor.py:157} INFO - Started process (PID=302) to work on /opt/airflow/dags/ETL_clustered_ideas.py
[2023-11-30T14:03:35.218+0000] {processor.py:829} INFO - Processing file /opt/airflow/dags/ETL_clustered_ideas.py for tasks to queue
[2023-11-30T14:03:35.233+0000] {logging_mixin.py:151} INFO - [2023-11-30T14:03:35.233+0000] {dagbag.py:536} INFO - Filling up the DagBag from /opt/airflow/dags/ETL_clustered_ideas.py
[2023-11-30T14:03:35.276+0000] {processor.py:839} INFO - DAG(s) dict_keys(['ETL_clustered_ideas']) retrieved from /opt/airflow/dags/ETL_clustered_ideas.py
[2023-11-30T14:03:35.310+0000] {logging_mixin.py:151} INFO - [2023-11-30T14:03:35.310+0000] {dag.py:2941} INFO - Sync 1 DAGs
[2023-11-30T14:03:35.385+0000] {logging_mixin.py:151} INFO - [2023-11-30T14:03:35.385+0000] {dag.py:3722} INFO - Setting next_dagrun for ETL_clustered_ideas to 2023-10-18T00:00:00+00:00, run_after=2023-10-19T00:00:00+00:00
[2023-11-30T14:03:35.495+0000] {processor.py:179} INFO - Processing /opt/airflow/dags/ETL_clustered_ideas.py took 0.303 seconds
[2023-11-30T14:04:06.244+0000] {processor.py:157} INFO - Started process (PID=313) to work on /opt/airflow/dags/ETL_clustered_ideas.py
[2023-11-30T14:04:06.246+0000] {processor.py:829} INFO - Processing file /opt/airflow/dags/ETL_clustered_ideas.py for tasks to queue
[2023-11-30T14:04:06.255+0000] {logging_mixin.py:151} INFO - [2023-11-30T14:04:06.255+0000] {dagbag.py:536} INFO - Filling up the DagBag from /opt/airflow/dags/ETL_clustered_ideas.py
[2023-11-30T14:04:06.282+0000] {processor.py:839} INFO - DAG(s) dict_keys(['ETL_clustered_ideas']) retrieved from /opt/airflow/dags/ETL_clustered_ideas.py
[2023-11-30T14:04:06.358+0000] {logging_mixin.py:151} INFO - [2023-11-30T14:04:06.358+0000] {dag.py:2941} INFO - Sync 1 DAGs
[2023-11-30T14:04:06.391+0000] {logging_mixin.py:151} INFO - [2023-11-30T14:04:06.391+0000] {dag.py:3722} INFO - Setting next_dagrun for ETL_clustered_ideas to 2023-10-18T00:00:00+00:00, run_after=2023-10-19T00:00:00+00:00
[2023-11-30T14:04:06.415+0000] {processor.py:179} INFO - Processing /opt/airflow/dags/ETL_clustered_ideas.py took 0.175 seconds
[2023-11-30T14:04:36.870+0000] {processor.py:157} INFO - Started process (PID=324) to work on /opt/airflow/dags/ETL_clustered_ideas.py
[2023-11-30T14:04:36.871+0000] {processor.py:829} INFO - Processing file /opt/airflow/dags/ETL_clustered_ideas.py for tasks to queue
[2023-11-30T14:04:36.876+0000] {logging_mixin.py:151} INFO - [2023-11-30T14:04:36.876+0000] {dagbag.py:536} INFO - Filling up the DagBag from /opt/airflow/dags/ETL_clustered_ideas.py
[2023-11-30T14:04:36.890+0000] {processor.py:839} INFO - DAG(s) dict_keys(['ETL_clustered_ideas']) retrieved from /opt/airflow/dags/ETL_clustered_ideas.py
[2023-11-30T14:04:36.968+0000] {logging_mixin.py:151} INFO - [2023-11-30T14:04:36.967+0000] {dag.py:2941} INFO - Sync 1 DAGs
[2023-11-30T14:04:36.996+0000] {logging_mixin.py:151} INFO - [2023-11-30T14:04:36.996+0000] {dag.py:3722} INFO - Setting next_dagrun for ETL_clustered_ideas to 2023-10-18T00:00:00+00:00, run_after=2023-10-19T00:00:00+00:00
[2023-11-30T14:04:37.026+0000] {processor.py:179} INFO - Processing /opt/airflow/dags/ETL_clustered_ideas.py took 0.161 seconds
[2023-11-30T14:05:07.511+0000] {processor.py:157} INFO - Started process (PID=335) to work on /opt/airflow/dags/ETL_clustered_ideas.py
[2023-11-30T14:05:07.519+0000] {processor.py:829} INFO - Processing file /opt/airflow/dags/ETL_clustered_ideas.py for tasks to queue
[2023-11-30T14:05:07.522+0000] {logging_mixin.py:151} INFO - [2023-11-30T14:05:07.522+0000] {dagbag.py:536} INFO - Filling up the DagBag from /opt/airflow/dags/ETL_clustered_ideas.py
[2023-11-30T14:05:07.556+0000] {processor.py:839} INFO - DAG(s) dict_keys(['ETL_clustered_ideas']) retrieved from /opt/airflow/dags/ETL_clustered_ideas.py
[2023-11-30T14:05:07.665+0000] {logging_mixin.py:151} INFO - [2023-11-30T14:05:07.665+0000] {dag.py:2941} INFO - Sync 1 DAGs
[2023-11-30T14:05:07.734+0000] {logging_mixin.py:151} INFO - [2023-11-30T14:05:07.733+0000] {dag.py:3722} INFO - Setting next_dagrun for ETL_clustered_ideas to 2023-10-18T00:00:00+00:00, run_after=2023-10-19T00:00:00+00:00
[2023-11-30T14:05:07.801+0000] {processor.py:179} INFO - Processing /opt/airflow/dags/ETL_clustered_ideas.py took 0.304 seconds
[2023-11-30T14:05:38.366+0000] {processor.py:157} INFO - Started process (PID=346) to work on /opt/airflow/dags/ETL_clustered_ideas.py
[2023-11-30T14:05:38.373+0000] {processor.py:829} INFO - Processing file /opt/airflow/dags/ETL_clustered_ideas.py for tasks to queue
[2023-11-30T14:05:38.376+0000] {logging_mixin.py:151} INFO - [2023-11-30T14:05:38.375+0000] {dagbag.py:536} INFO - Filling up the DagBag from /opt/airflow/dags/ETL_clustered_ideas.py
[2023-11-30T14:05:38.407+0000] {processor.py:839} INFO - DAG(s) dict_keys(['ETL_clustered_ideas']) retrieved from /opt/airflow/dags/ETL_clustered_ideas.py
[2023-11-30T14:05:38.462+0000] {logging_mixin.py:151} INFO - [2023-11-30T14:05:38.462+0000] {dag.py:2941} INFO - Sync 1 DAGs
[2023-11-30T14:05:38.528+0000] {logging_mixin.py:151} INFO - [2023-11-30T14:05:38.528+0000] {dag.py:3722} INFO - Setting next_dagrun for ETL_clustered_ideas to 2023-10-18T00:00:00+00:00, run_after=2023-10-19T00:00:00+00:00
[2023-11-30T14:05:38.573+0000] {processor.py:179} INFO - Processing /opt/airflow/dags/ETL_clustered_ideas.py took 0.222 seconds
[2023-11-30T14:13:12.982+0000] {processor.py:157} INFO - Started process (PID=10) to work on /opt/airflow/dags/ETL_clustered_ideas.py
[2023-11-30T14:13:13.014+0000] {processor.py:829} INFO - Processing file /opt/airflow/dags/ETL_clustered_ideas.py for tasks to queue
[2023-11-30T14:13:13.018+0000] {logging_mixin.py:151} INFO - [2023-11-30T14:13:13.017+0000] {dagbag.py:536} INFO - Filling up the DagBag from /opt/airflow/dags/ETL_clustered_ideas.py
[2023-11-30T14:13:13.086+0000] {processor.py:839} INFO - DAG(s) dict_keys(['ETL_clustered_ideas']) retrieved from /opt/airflow/dags/ETL_clustered_ideas.py
[2023-11-30T14:13:13.357+0000] {logging_mixin.py:151} INFO - [2023-11-30T14:13:13.356+0000] {dag.py:2941} INFO - Sync 1 DAGs
[2023-11-30T14:13:13.436+0000] {logging_mixin.py:151} INFO - [2023-11-30T14:13:13.435+0000] {dag.py:3722} INFO - Setting next_dagrun for ETL_clustered_ideas to 2023-10-18T00:00:00+00:00, run_after=2023-10-19T00:00:00+00:00
[2023-11-30T14:13:13.569+0000] {processor.py:179} INFO - Processing /opt/airflow/dags/ETL_clustered_ideas.py took 0.591 seconds
[2023-11-30T14:24:07.766+0000] {processor.py:157} INFO - Started process (PID=10) to work on /opt/airflow/dags/ETL_clustered_ideas.py
[2023-11-30T14:24:07.787+0000] {processor.py:829} INFO - Processing file /opt/airflow/dags/ETL_clustered_ideas.py for tasks to queue
[2023-11-30T14:24:07.819+0000] {logging_mixin.py:151} INFO - [2023-11-30T14:24:07.790+0000] {dagbag.py:536} INFO - Filling up the DagBag from /opt/airflow/dags/ETL_clustered_ideas.py
[2023-11-30T14:24:07.872+0000] {processor.py:839} INFO - DAG(s) dict_keys(['ETL_clustered_ideas']) retrieved from /opt/airflow/dags/ETL_clustered_ideas.py
[2023-11-30T14:24:08.088+0000] {logging_mixin.py:151} INFO - [2023-11-30T14:24:08.087+0000] {dag.py:2941} INFO - Sync 1 DAGs
[2023-11-30T14:24:08.245+0000] {logging_mixin.py:151} INFO - [2023-11-30T14:24:08.245+0000] {dag.py:3722} INFO - Setting next_dagrun for ETL_clustered_ideas to 2023-10-18T00:00:00+00:00, run_after=2023-10-19T00:00:00+00:00
[2023-11-30T14:24:08.357+0000] {processor.py:179} INFO - Processing /opt/airflow/dags/ETL_clustered_ideas.py took 0.604 seconds
[2023-11-30T14:24:39.094+0000] {processor.py:157} INFO - Started process (PID=21) to work on /opt/airflow/dags/ETL_clustered_ideas.py
[2023-11-30T14:24:39.101+0000] {processor.py:829} INFO - Processing file /opt/airflow/dags/ETL_clustered_ideas.py for tasks to queue
[2023-11-30T14:24:39.104+0000] {logging_mixin.py:151} INFO - [2023-11-30T14:24:39.104+0000] {dagbag.py:536} INFO - Filling up the DagBag from /opt/airflow/dags/ETL_clustered_ideas.py
[2023-11-30T14:24:39.137+0000] {processor.py:839} INFO - DAG(s) dict_keys(['ETL_clustered_ideas']) retrieved from /opt/airflow/dags/ETL_clustered_ideas.py
[2023-11-30T14:24:39.234+0000] {logging_mixin.py:151} INFO - [2023-11-30T14:24:39.234+0000] {dag.py:2941} INFO - Sync 1 DAGs
[2023-11-30T14:24:39.315+0000] {logging_mixin.py:151} INFO - [2023-11-30T14:24:39.315+0000] {dag.py:3722} INFO - Setting next_dagrun for ETL_clustered_ideas to 2023-10-18T00:00:00+00:00, run_after=2023-10-19T00:00:00+00:00
[2023-11-30T14:24:39.354+0000] {processor.py:179} INFO - Processing /opt/airflow/dags/ETL_clustered_ideas.py took 0.274 seconds
[2023-11-30T14:27:55.381+0000] {processor.py:157} INFO - Started process (PID=10) to work on /opt/airflow/dags/ETL_clustered_ideas.py
[2023-11-30T14:27:55.395+0000] {processor.py:829} INFO - Processing file /opt/airflow/dags/ETL_clustered_ideas.py for tasks to queue
[2023-11-30T14:27:55.421+0000] {logging_mixin.py:151} INFO - [2023-11-30T14:27:55.421+0000] {dagbag.py:536} INFO - Filling up the DagBag from /opt/airflow/dags/ETL_clustered_ideas.py
[2023-11-30T14:27:55.492+0000] {processor.py:839} INFO - DAG(s) dict_keys(['ETL_clustered_ideas']) retrieved from /opt/airflow/dags/ETL_clustered_ideas.py
[2023-11-30T14:27:55.656+0000] {logging_mixin.py:151} INFO - [2023-11-30T14:27:55.655+0000] {dag.py:2941} INFO - Sync 1 DAGs
[2023-11-30T14:27:55.720+0000] {logging_mixin.py:151} INFO - [2023-11-30T14:27:55.720+0000] {dag.py:3722} INFO - Setting next_dagrun for ETL_clustered_ideas to 2023-10-18T00:00:00+00:00, run_after=2023-10-19T00:00:00+00:00
[2023-11-30T14:27:55.764+0000] {processor.py:179} INFO - Processing /opt/airflow/dags/ETL_clustered_ideas.py took 0.387 seconds
[2023-11-30T14:28:26.520+0000] {processor.py:157} INFO - Started process (PID=20) to work on /opt/airflow/dags/ETL_clustered_ideas.py
[2023-11-30T14:28:26.522+0000] {processor.py:829} INFO - Processing file /opt/airflow/dags/ETL_clustered_ideas.py for tasks to queue
[2023-11-30T14:28:26.528+0000] {logging_mixin.py:151} INFO - [2023-11-30T14:28:26.527+0000] {dagbag.py:536} INFO - Filling up the DagBag from /opt/airflow/dags/ETL_clustered_ideas.py
[2023-11-30T14:28:26.540+0000] {processor.py:839} INFO - DAG(s) dict_keys(['ETL_clustered_ideas']) retrieved from /opt/airflow/dags/ETL_clustered_ideas.py
[2023-11-30T14:28:26.574+0000] {logging_mixin.py:151} INFO - [2023-11-30T14:28:26.574+0000] {dag.py:2941} INFO - Sync 1 DAGs
[2023-11-30T14:28:26.613+0000] {logging_mixin.py:151} INFO - [2023-11-30T14:28:26.613+0000] {dag.py:3722} INFO - Setting next_dagrun for ETL_clustered_ideas to 2023-10-18T00:00:00+00:00, run_after=2023-10-19T00:00:00+00:00
[2023-11-30T14:28:26.644+0000] {processor.py:179} INFO - Processing /opt/airflow/dags/ETL_clustered_ideas.py took 0.128 seconds
[2023-11-30T15:12:10.961+0000] {processor.py:157} INFO - Started process (PID=9) to work on /opt/airflow/dags/ETL_clustered_ideas.py
[2023-11-30T15:12:11.004+0000] {processor.py:829} INFO - Processing file /opt/airflow/dags/ETL_clustered_ideas.py for tasks to queue
[2023-11-30T15:12:11.007+0000] {logging_mixin.py:151} INFO - [2023-11-30T15:12:11.007+0000] {dagbag.py:536} INFO - Filling up the DagBag from /opt/airflow/dags/ETL_clustered_ideas.py
[2023-11-30T15:12:11.080+0000] {processor.py:839} INFO - DAG(s) dict_keys(['ETL_clustered_ideas']) retrieved from /opt/airflow/dags/ETL_clustered_ideas.py
[2023-11-30T15:12:11.334+0000] {logging_mixin.py:151} INFO - [2023-11-30T15:12:11.334+0000] {dag.py:2941} INFO - Sync 1 DAGs
[2023-11-30T15:12:11.455+0000] {logging_mixin.py:151} INFO - [2023-11-30T15:12:11.455+0000] {dag.py:3722} INFO - Setting next_dagrun for ETL_clustered_ideas to 2023-10-18T00:00:00+00:00, run_after=2023-10-19T00:00:00+00:00
[2023-11-30T15:12:11.530+0000] {processor.py:179} INFO - Processing /opt/airflow/dags/ETL_clustered_ideas.py took 0.574 seconds
[2023-11-30T15:12:42.296+0000] {processor.py:157} INFO - Started process (PID=20) to work on /opt/airflow/dags/ETL_clustered_ideas.py
[2023-11-30T15:12:42.308+0000] {processor.py:829} INFO - Processing file /opt/airflow/dags/ETL_clustered_ideas.py for tasks to queue
[2023-11-30T15:12:42.312+0000] {logging_mixin.py:151} INFO - [2023-11-30T15:12:42.312+0000] {dagbag.py:536} INFO - Filling up the DagBag from /opt/airflow/dags/ETL_clustered_ideas.py
[2023-11-30T15:12:42.364+0000] {processor.py:839} INFO - DAG(s) dict_keys(['ETL_clustered_ideas']) retrieved from /opt/airflow/dags/ETL_clustered_ideas.py
[2023-11-30T15:12:42.485+0000] {logging_mixin.py:151} INFO - [2023-11-30T15:12:42.485+0000] {dag.py:2941} INFO - Sync 1 DAGs
[2023-11-30T15:12:42.540+0000] {logging_mixin.py:151} INFO - [2023-11-30T15:12:42.540+0000] {dag.py:3722} INFO - Setting next_dagrun for ETL_clustered_ideas to 2023-10-18T00:00:00+00:00, run_after=2023-10-19T00:00:00+00:00
[2023-11-30T15:12:42.573+0000] {processor.py:179} INFO - Processing /opt/airflow/dags/ETL_clustered_ideas.py took 0.329 seconds
[2023-11-30T15:22:05.992+0000] {processor.py:157} INFO - Started process (PID=10) to work on /opt/airflow/dags/ETL_clustered_ideas.py
[2023-11-30T15:22:06.049+0000] {processor.py:829} INFO - Processing file /opt/airflow/dags/ETL_clustered_ideas.py for tasks to queue
[2023-11-30T15:22:06.056+0000] {logging_mixin.py:151} INFO - [2023-11-30T15:22:06.055+0000] {dagbag.py:536} INFO - Filling up the DagBag from /opt/airflow/dags/ETL_clustered_ideas.py
[2023-11-30T15:22:06.107+0000] {processor.py:839} INFO - DAG(s) dict_keys(['ETL_clustered_ideas']) retrieved from /opt/airflow/dags/ETL_clustered_ideas.py
[2023-11-30T15:22:06.266+0000] {logging_mixin.py:151} INFO - [2023-11-30T15:22:06.266+0000] {dag.py:2941} INFO - Sync 1 DAGs
[2023-11-30T15:22:06.335+0000] {logging_mixin.py:151} INFO - [2023-11-30T15:22:06.335+0000] {dag.py:3722} INFO - Setting next_dagrun for ETL_clustered_ideas to 2023-10-18T00:00:00+00:00, run_after=2023-10-19T00:00:00+00:00
[2023-11-30T15:22:06.410+0000] {processor.py:179} INFO - Processing /opt/airflow/dags/ETL_clustered_ideas.py took 0.427 seconds
[2023-11-30T15:22:37.208+0000] {processor.py:157} INFO - Started process (PID=20) to work on /opt/airflow/dags/ETL_clustered_ideas.py
[2023-11-30T15:22:37.209+0000] {processor.py:829} INFO - Processing file /opt/airflow/dags/ETL_clustered_ideas.py for tasks to queue
[2023-11-30T15:22:37.212+0000] {logging_mixin.py:151} INFO - [2023-11-30T15:22:37.212+0000] {dagbag.py:536} INFO - Filling up the DagBag from /opt/airflow/dags/ETL_clustered_ideas.py
[2023-11-30T15:22:37.225+0000] {processor.py:839} INFO - DAG(s) dict_keys(['ETL_clustered_ideas']) retrieved from /opt/airflow/dags/ETL_clustered_ideas.py
[2023-11-30T15:22:37.262+0000] {logging_mixin.py:151} INFO - [2023-11-30T15:22:37.262+0000] {dag.py:2941} INFO - Sync 1 DAGs
[2023-11-30T15:22:37.298+0000] {logging_mixin.py:151} INFO - [2023-11-30T15:22:37.298+0000] {dag.py:3722} INFO - Setting next_dagrun for ETL_clustered_ideas to 2023-10-18T00:00:00+00:00, run_after=2023-10-19T00:00:00+00:00
[2023-11-30T15:22:37.331+0000] {processor.py:179} INFO - Processing /opt/airflow/dags/ETL_clustered_ideas.py took 0.127 seconds
[2023-11-30T15:30:41.979+0000] {processor.py:157} INFO - Started process (PID=9) to work on /opt/airflow/dags/ETL_clustered_ideas.py
[2023-11-30T15:30:41.985+0000] {processor.py:829} INFO - Processing file /opt/airflow/dags/ETL_clustered_ideas.py for tasks to queue
[2023-11-30T15:30:41.989+0000] {logging_mixin.py:151} INFO - [2023-11-30T15:30:41.988+0000] {dagbag.py:536} INFO - Filling up the DagBag from /opt/airflow/dags/ETL_clustered_ideas.py
[2023-11-30T15:30:42.040+0000] {processor.py:839} INFO - DAG(s) dict_keys(['ETL_clustered_ideas']) retrieved from /opt/airflow/dags/ETL_clustered_ideas.py
[2023-11-30T15:30:42.184+0000] {logging_mixin.py:151} INFO - [2023-11-30T15:30:42.184+0000] {dag.py:2941} INFO - Sync 1 DAGs
[2023-11-30T15:30:42.294+0000] {logging_mixin.py:151} INFO - [2023-11-30T15:30:42.290+0000] {dag.py:3722} INFO - Setting next_dagrun for ETL_clustered_ideas to 2023-10-18T00:00:00+00:00, run_after=2023-10-19T00:00:00+00:00
[2023-11-30T15:30:42.487+0000] {processor.py:179} INFO - Processing /opt/airflow/dags/ETL_clustered_ideas.py took 0.529 seconds
[2023-11-30T15:31:12.946+0000] {processor.py:157} INFO - Started process (PID=20) to work on /opt/airflow/dags/ETL_clustered_ideas.py
[2023-11-30T15:31:12.948+0000] {processor.py:829} INFO - Processing file /opt/airflow/dags/ETL_clustered_ideas.py for tasks to queue
[2023-11-30T15:31:12.951+0000] {logging_mixin.py:151} INFO - [2023-11-30T15:31:12.951+0000] {dagbag.py:536} INFO - Filling up the DagBag from /opt/airflow/dags/ETL_clustered_ideas.py
[2023-11-30T15:31:12.964+0000] {processor.py:839} INFO - DAG(s) dict_keys(['ETL_clustered_ideas']) retrieved from /opt/airflow/dags/ETL_clustered_ideas.py
[2023-11-30T15:31:13.004+0000] {logging_mixin.py:151} INFO - [2023-11-30T15:31:13.003+0000] {dag.py:2941} INFO - Sync 1 DAGs
[2023-11-30T15:31:13.034+0000] {logging_mixin.py:151} INFO - [2023-11-30T15:31:13.033+0000] {dag.py:3722} INFO - Setting next_dagrun for ETL_clustered_ideas to 2023-10-18T00:00:00+00:00, run_after=2023-10-19T00:00:00+00:00
[2023-11-30T15:31:13.059+0000] {processor.py:179} INFO - Processing /opt/airflow/dags/ETL_clustered_ideas.py took 0.117 seconds
[2023-11-30T15:31:43.217+0000] {processor.py:157} INFO - Started process (PID=32) to work on /opt/airflow/dags/ETL_clustered_ideas.py
[2023-11-30T15:31:43.219+0000] {processor.py:829} INFO - Processing file /opt/airflow/dags/ETL_clustered_ideas.py for tasks to queue
[2023-11-30T15:31:43.222+0000] {logging_mixin.py:151} INFO - [2023-11-30T15:31:43.222+0000] {dagbag.py:536} INFO - Filling up the DagBag from /opt/airflow/dags/ETL_clustered_ideas.py
[2023-11-30T15:31:43.236+0000] {processor.py:839} INFO - DAG(s) dict_keys(['ETL_clustered_ideas']) retrieved from /opt/airflow/dags/ETL_clustered_ideas.py
[2023-11-30T15:31:43.278+0000] {logging_mixin.py:151} INFO - [2023-11-30T15:31:43.277+0000] {dag.py:2941} INFO - Sync 1 DAGs
[2023-11-30T15:31:43.599+0000] {logging_mixin.py:151} INFO - [2023-11-30T15:31:43.599+0000] {dag.py:3722} INFO - Setting next_dagrun for ETL_clustered_ideas to 2023-10-18T00:00:00+00:00, run_after=2023-10-19T00:00:00+00:00
[2023-11-30T15:31:43.622+0000] {processor.py:179} INFO - Processing /opt/airflow/dags/ETL_clustered_ideas.py took 0.410 seconds
[2023-11-30T15:32:13.827+0000] {processor.py:157} INFO - Started process (PID=43) to work on /opt/airflow/dags/ETL_clustered_ideas.py
[2023-11-30T15:32:13.829+0000] {processor.py:829} INFO - Processing file /opt/airflow/dags/ETL_clustered_ideas.py for tasks to queue
[2023-11-30T15:32:13.832+0000] {logging_mixin.py:151} INFO - [2023-11-30T15:32:13.832+0000] {dagbag.py:536} INFO - Filling up the DagBag from /opt/airflow/dags/ETL_clustered_ideas.py
[2023-11-30T15:32:13.848+0000] {processor.py:839} INFO - DAG(s) dict_keys(['ETL_clustered_ideas']) retrieved from /opt/airflow/dags/ETL_clustered_ideas.py
[2023-11-30T15:32:13.885+0000] {logging_mixin.py:151} INFO - [2023-11-30T15:32:13.885+0000] {dag.py:2941} INFO - Sync 1 DAGs
[2023-11-30T15:32:14.166+0000] {logging_mixin.py:151} INFO - [2023-11-30T15:32:14.166+0000] {dag.py:3722} INFO - Setting next_dagrun for ETL_clustered_ideas to 2023-10-18T00:00:00+00:00, run_after=2023-10-19T00:00:00+00:00
[2023-11-30T15:32:14.189+0000] {processor.py:179} INFO - Processing /opt/airflow/dags/ETL_clustered_ideas.py took 0.366 seconds
[2023-11-30T15:32:44.815+0000] {processor.py:157} INFO - Started process (PID=54) to work on /opt/airflow/dags/ETL_clustered_ideas.py
[2023-11-30T15:32:44.818+0000] {processor.py:829} INFO - Processing file /opt/airflow/dags/ETL_clustered_ideas.py for tasks to queue
[2023-11-30T15:32:44.821+0000] {logging_mixin.py:151} INFO - [2023-11-30T15:32:44.821+0000] {dagbag.py:536} INFO - Filling up the DagBag from /opt/airflow/dags/ETL_clustered_ideas.py
[2023-11-30T15:32:44.851+0000] {processor.py:839} INFO - DAG(s) dict_keys(['ETL_clustered_ideas']) retrieved from /opt/airflow/dags/ETL_clustered_ideas.py
[2023-11-30T15:32:45.812+0000] {logging_mixin.py:151} INFO - [2023-11-30T15:32:45.812+0000] {dag.py:2941} INFO - Sync 1 DAGs
[2023-11-30T15:32:45.884+0000] {logging_mixin.py:151} INFO - [2023-11-30T15:32:45.884+0000] {dag.py:3722} INFO - Setting next_dagrun for ETL_clustered_ideas to 2023-10-18T00:00:00+00:00, run_after=2023-10-19T00:00:00+00:00
[2023-11-30T15:32:45.992+0000] {processor.py:179} INFO - Processing /opt/airflow/dags/ETL_clustered_ideas.py took 1.184 seconds
[2023-11-30T15:33:16.251+0000] {processor.py:157} INFO - Started process (PID=64) to work on /opt/airflow/dags/ETL_clustered_ideas.py
[2023-11-30T15:33:16.256+0000] {processor.py:829} INFO - Processing file /opt/airflow/dags/ETL_clustered_ideas.py for tasks to queue
[2023-11-30T15:33:16.259+0000] {logging_mixin.py:151} INFO - [2023-11-30T15:33:16.259+0000] {dagbag.py:536} INFO - Filling up the DagBag from /opt/airflow/dags/ETL_clustered_ideas.py
[2023-11-30T15:33:16.705+0000] {processor.py:839} INFO - DAG(s) dict_keys(['ETL_clustered_ideas']) retrieved from /opt/airflow/dags/ETL_clustered_ideas.py
[2023-11-30T15:33:16.820+0000] {logging_mixin.py:151} INFO - [2023-11-30T15:33:16.819+0000] {dag.py:2941} INFO - Sync 1 DAGs
[2023-11-30T15:33:16.861+0000] {logging_mixin.py:151} INFO - [2023-11-30T15:33:16.860+0000] {dag.py:3722} INFO - Setting next_dagrun for ETL_clustered_ideas to 2023-10-18T00:00:00+00:00, run_after=2023-10-19T00:00:00+00:00
[2023-11-30T15:33:16.911+0000] {processor.py:179} INFO - Processing /opt/airflow/dags/ETL_clustered_ideas.py took 0.663 seconds
[2023-11-30T15:33:47.201+0000] {processor.py:157} INFO - Started process (PID=75) to work on /opt/airflow/dags/ETL_clustered_ideas.py
[2023-11-30T15:33:47.203+0000] {processor.py:829} INFO - Processing file /opt/airflow/dags/ETL_clustered_ideas.py for tasks to queue
[2023-11-30T15:33:47.207+0000] {logging_mixin.py:151} INFO - [2023-11-30T15:33:47.206+0000] {dagbag.py:536} INFO - Filling up the DagBag from /opt/airflow/dags/ETL_clustered_ideas.py
[2023-11-30T15:33:47.239+0000] {processor.py:839} INFO - DAG(s) dict_keys(['ETL_clustered_ideas']) retrieved from /opt/airflow/dags/ETL_clustered_ideas.py
[2023-11-30T15:33:47.374+0000] {logging_mixin.py:151} INFO - [2023-11-30T15:33:47.373+0000] {dag.py:2941} INFO - Sync 1 DAGs
[2023-11-30T15:33:47.407+0000] {logging_mixin.py:151} INFO - [2023-11-30T15:33:47.407+0000] {dag.py:3722} INFO - Setting next_dagrun for ETL_clustered_ideas to 2023-10-18T00:00:00+00:00, run_after=2023-10-19T00:00:00+00:00
[2023-11-30T15:33:47.460+0000] {processor.py:179} INFO - Processing /opt/airflow/dags/ETL_clustered_ideas.py took 0.266 seconds
[2023-11-30T15:34:17.609+0000] {processor.py:157} INFO - Started process (PID=86) to work on /opt/airflow/dags/ETL_clustered_ideas.py
[2023-11-30T15:34:17.611+0000] {processor.py:829} INFO - Processing file /opt/airflow/dags/ETL_clustered_ideas.py for tasks to queue
[2023-11-30T15:34:17.614+0000] {logging_mixin.py:151} INFO - [2023-11-30T15:34:17.614+0000] {dagbag.py:536} INFO - Filling up the DagBag from /opt/airflow/dags/ETL_clustered_ideas.py
[2023-11-30T15:34:17.627+0000] {processor.py:839} INFO - DAG(s) dict_keys(['ETL_clustered_ideas']) retrieved from /opt/airflow/dags/ETL_clustered_ideas.py
[2023-11-30T15:34:17.664+0000] {logging_mixin.py:151} INFO - [2023-11-30T15:34:17.664+0000] {dag.py:2941} INFO - Sync 1 DAGs
[2023-11-30T15:34:17.717+0000] {logging_mixin.py:151} INFO - [2023-11-30T15:34:17.717+0000] {dag.py:3722} INFO - Setting next_dagrun for ETL_clustered_ideas to 2023-10-18T00:00:00+00:00, run_after=2023-10-19T00:00:00+00:00
[2023-11-30T15:34:17.742+0000] {processor.py:179} INFO - Processing /opt/airflow/dags/ETL_clustered_ideas.py took 0.138 seconds
[2023-11-30T15:34:48.097+0000] {processor.py:157} INFO - Started process (PID=97) to work on /opt/airflow/dags/ETL_clustered_ideas.py
[2023-11-30T15:34:48.098+0000] {processor.py:829} INFO - Processing file /opt/airflow/dags/ETL_clustered_ideas.py for tasks to queue
[2023-11-30T15:34:48.102+0000] {logging_mixin.py:151} INFO - [2023-11-30T15:34:48.101+0000] {dagbag.py:536} INFO - Filling up the DagBag from /opt/airflow/dags/ETL_clustered_ideas.py
[2023-11-30T15:34:48.115+0000] {processor.py:839} INFO - DAG(s) dict_keys(['ETL_clustered_ideas']) retrieved from /opt/airflow/dags/ETL_clustered_ideas.py
[2023-11-30T15:34:48.150+0000] {logging_mixin.py:151} INFO - [2023-11-30T15:34:48.149+0000] {dag.py:2941} INFO - Sync 1 DAGs
[2023-11-30T15:34:48.185+0000] {logging_mixin.py:151} INFO - [2023-11-30T15:34:48.185+0000] {dag.py:3722} INFO - Setting next_dagrun for ETL_clustered_ideas to 2023-10-18T00:00:00+00:00, run_after=2023-10-19T00:00:00+00:00
[2023-11-30T15:34:48.209+0000] {processor.py:179} INFO - Processing /opt/airflow/dags/ETL_clustered_ideas.py took 0.116 seconds
[2023-11-30T15:35:18.644+0000] {processor.py:157} INFO - Started process (PID=108) to work on /opt/airflow/dags/ETL_clustered_ideas.py
[2023-11-30T15:35:18.646+0000] {processor.py:829} INFO - Processing file /opt/airflow/dags/ETL_clustered_ideas.py for tasks to queue
[2023-11-30T15:35:18.650+0000] {logging_mixin.py:151} INFO - [2023-11-30T15:35:18.649+0000] {dagbag.py:536} INFO - Filling up the DagBag from /opt/airflow/dags/ETL_clustered_ideas.py
[2023-11-30T15:35:18.664+0000] {processor.py:839} INFO - DAG(s) dict_keys(['ETL_clustered_ideas']) retrieved from /opt/airflow/dags/ETL_clustered_ideas.py
[2023-11-30T15:35:18.706+0000] {logging_mixin.py:151} INFO - [2023-11-30T15:35:18.705+0000] {dag.py:2941} INFO - Sync 1 DAGs
[2023-11-30T15:35:18.732+0000] {logging_mixin.py:151} INFO - [2023-11-30T15:35:18.732+0000] {dag.py:3722} INFO - Setting next_dagrun for ETL_clustered_ideas to 2023-10-18T00:00:00+00:00, run_after=2023-10-19T00:00:00+00:00
[2023-11-30T15:35:18.756+0000] {processor.py:179} INFO - Processing /opt/airflow/dags/ETL_clustered_ideas.py took 0.116 seconds
[2023-11-30T15:42:07.757+0000] {processor.py:157} INFO - Started process (PID=118) to work on /opt/airflow/dags/ETL_clustered_ideas.py
[2023-11-30T15:42:07.780+0000] {processor.py:829} INFO - Processing file /opt/airflow/dags/ETL_clustered_ideas.py for tasks to queue
[2023-11-30T15:42:07.812+0000] {logging_mixin.py:151} INFO - [2023-11-30T15:42:07.800+0000] {dagbag.py:536} INFO - Filling up the DagBag from /opt/airflow/dags/ETL_clustered_ideas.py
[2023-11-30T15:42:08.144+0000] {processor.py:839} INFO - DAG(s) dict_keys(['ETL_clustered_ideas']) retrieved from /opt/airflow/dags/ETL_clustered_ideas.py
[2023-11-30T15:42:08.833+0000] {logging_mixin.py:151} INFO - [2023-11-30T15:42:08.833+0000] {dag.py:2941} INFO - Sync 1 DAGs
[2023-11-30T15:42:08.954+0000] {logging_mixin.py:151} INFO - [2023-11-30T15:42:08.954+0000] {dag.py:3722} INFO - Setting next_dagrun for ETL_clustered_ideas to 2023-10-18T00:00:00+00:00, run_after=2023-10-19T00:00:00+00:00
[2023-11-30T15:42:09.099+0000] {processor.py:179} INFO - Processing /opt/airflow/dags/ETL_clustered_ideas.py took 1.368 seconds
[2023-11-30T15:49:57.798+0000] {processor.py:157} INFO - Started process (PID=128) to work on /opt/airflow/dags/ETL_clustered_ideas.py
[2023-11-30T15:49:57.833+0000] {processor.py:829} INFO - Processing file /opt/airflow/dags/ETL_clustered_ideas.py for tasks to queue
[2023-11-30T15:49:57.865+0000] {logging_mixin.py:151} INFO - [2023-11-30T15:49:57.836+0000] {dagbag.py:536} INFO - Filling up the DagBag from /opt/airflow/dags/ETL_clustered_ideas.py
[2023-11-30T15:50:00.351+0000] {processor.py:839} INFO - DAG(s) dict_keys(['ETL_clustered_ideas']) retrieved from /opt/airflow/dags/ETL_clustered_ideas.py
