[2023-11-30T13:02:01.149+0000] {processor.py:157} INFO - Started process (PID=14) to work on /opt/airflow/dags/ETL_users.py
[2023-11-30T13:02:01.151+0000] {processor.py:829} INFO - Processing file /opt/airflow/dags/ETL_users.py for tasks to queue
[2023-11-30T13:02:01.165+0000] {logging_mixin.py:151} INFO - [2023-11-30T13:02:01.154+0000] {dagbag.py:536} INFO - Filling up the DagBag from /opt/airflow/dags/ETL_users.py
[2023-11-30T13:02:01.277+0000] {processor.py:839} INFO - DAG(s) dict_keys(['ETL_users']) retrieved from /opt/airflow/dags/ETL_users.py
[2023-11-30T13:02:01.344+0000] {logging_mixin.py:151} INFO - [2023-11-30T13:02:01.344+0000] {dag.py:2941} INFO - Sync 1 DAGs
[2023-11-30T13:02:01.463+0000] {logging_mixin.py:151} INFO - [2023-11-30T13:02:01.463+0000] {dag.py:3722} INFO - Setting next_dagrun for ETL_users to 2023-10-18T00:00:00+00:00, run_after=2023-10-19T00:00:00+00:00
[2023-11-30T13:02:01.675+0000] {processor.py:179} INFO - Processing /opt/airflow/dags/ETL_users.py took 0.541 seconds
[2023-11-30T13:02:32.667+0000] {processor.py:157} INFO - Started process (PID=25) to work on /opt/airflow/dags/ETL_users.py
[2023-11-30T13:02:32.675+0000] {processor.py:829} INFO - Processing file /opt/airflow/dags/ETL_users.py for tasks to queue
[2023-11-30T13:02:32.682+0000] {logging_mixin.py:151} INFO - [2023-11-30T13:02:32.681+0000] {dagbag.py:536} INFO - Filling up the DagBag from /opt/airflow/dags/ETL_users.py
[2023-11-30T13:02:32.754+0000] {processor.py:839} INFO - DAG(s) dict_keys(['ETL_users']) retrieved from /opt/airflow/dags/ETL_users.py
[2023-11-30T13:02:32.919+0000] {logging_mixin.py:151} INFO - [2023-11-30T13:02:32.918+0000] {dag.py:2941} INFO - Sync 1 DAGs
[2023-11-30T13:02:32.986+0000] {logging_mixin.py:151} INFO - [2023-11-30T13:02:32.986+0000] {dag.py:3722} INFO - Setting next_dagrun for ETL_users to 2023-10-18T00:00:00+00:00, run_after=2023-10-19T00:00:00+00:00
[2023-11-30T13:02:33.043+0000] {processor.py:179} INFO - Processing /opt/airflow/dags/ETL_users.py took 0.418 seconds
[2023-11-30T13:04:15.114+0000] {processor.py:157} INFO - Started process (PID=13) to work on /opt/airflow/dags/ETL_users.py
[2023-11-30T13:04:15.137+0000] {processor.py:829} INFO - Processing file /opt/airflow/dags/ETL_users.py for tasks to queue
[2023-11-30T13:04:15.140+0000] {logging_mixin.py:151} INFO - [2023-11-30T13:04:15.140+0000] {dagbag.py:536} INFO - Filling up the DagBag from /opt/airflow/dags/ETL_users.py
[2023-11-30T13:04:15.218+0000] {processor.py:839} INFO - DAG(s) dict_keys(['ETL_users']) retrieved from /opt/airflow/dags/ETL_users.py
[2023-11-30T13:04:15.253+0000] {logging_mixin.py:151} INFO - [2023-11-30T13:04:15.253+0000] {dag.py:2941} INFO - Sync 1 DAGs
[2023-11-30T13:04:15.362+0000] {logging_mixin.py:151} INFO - [2023-11-30T13:04:15.361+0000] {dag.py:3722} INFO - Setting next_dagrun for ETL_users to 2023-10-18T00:00:00+00:00, run_after=2023-10-19T00:00:00+00:00
[2023-11-30T13:04:15.401+0000] {processor.py:179} INFO - Processing /opt/airflow/dags/ETL_users.py took 0.294 seconds
[2023-11-30T13:04:46.385+0000] {processor.py:157} INFO - Started process (PID=23) to work on /opt/airflow/dags/ETL_users.py
[2023-11-30T13:04:46.389+0000] {processor.py:829} INFO - Processing file /opt/airflow/dags/ETL_users.py for tasks to queue
[2023-11-30T13:04:46.394+0000] {logging_mixin.py:151} INFO - [2023-11-30T13:04:46.394+0000] {dagbag.py:536} INFO - Filling up the DagBag from /opt/airflow/dags/ETL_users.py
[2023-11-30T13:04:46.478+0000] {processor.py:839} INFO - DAG(s) dict_keys(['ETL_users']) retrieved from /opt/airflow/dags/ETL_users.py
[2023-11-30T13:04:46.565+0000] {logging_mixin.py:151} INFO - [2023-11-30T13:04:46.565+0000] {dag.py:2941} INFO - Sync 1 DAGs
[2023-11-30T13:04:46.611+0000] {logging_mixin.py:151} INFO - [2023-11-30T13:04:46.610+0000] {dag.py:3722} INFO - Setting next_dagrun for ETL_users to 2023-10-18T00:00:00+00:00, run_after=2023-10-19T00:00:00+00:00
[2023-11-30T13:04:46.637+0000] {processor.py:179} INFO - Processing /opt/airflow/dags/ETL_users.py took 0.256 seconds
[2023-11-30T13:05:17.500+0000] {processor.py:157} INFO - Started process (PID=34) to work on /opt/airflow/dags/ETL_users.py
[2023-11-30T13:05:17.503+0000] {processor.py:829} INFO - Processing file /opt/airflow/dags/ETL_users.py for tasks to queue
[2023-11-30T13:05:17.506+0000] {logging_mixin.py:151} INFO - [2023-11-30T13:05:17.506+0000] {dagbag.py:536} INFO - Filling up the DagBag from /opt/airflow/dags/ETL_users.py
[2023-11-30T13:05:17.536+0000] {processor.py:839} INFO - DAG(s) dict_keys(['ETL_users']) retrieved from /opt/airflow/dags/ETL_users.py
[2023-11-30T13:05:17.612+0000] {logging_mixin.py:151} INFO - [2023-11-30T13:05:17.612+0000] {dag.py:2941} INFO - Sync 1 DAGs
[2023-11-30T13:05:17.673+0000] {logging_mixin.py:151} INFO - [2023-11-30T13:05:17.672+0000] {dag.py:3722} INFO - Setting next_dagrun for ETL_users to 2023-10-18T00:00:00+00:00, run_after=2023-10-19T00:00:00+00:00
[2023-11-30T13:05:18.022+0000] {processor.py:179} INFO - Processing /opt/airflow/dags/ETL_users.py took 0.526 seconds
[2023-11-30T13:07:14.435+0000] {processor.py:157} INFO - Started process (PID=14) to work on /opt/airflow/dags/ETL_users.py
[2023-11-30T13:07:14.444+0000] {processor.py:829} INFO - Processing file /opt/airflow/dags/ETL_users.py for tasks to queue
[2023-11-30T13:07:14.458+0000] {logging_mixin.py:151} INFO - [2023-11-30T13:07:14.458+0000] {dagbag.py:536} INFO - Filling up the DagBag from /opt/airflow/dags/ETL_users.py
[2023-11-30T13:07:14.540+0000] {processor.py:839} INFO - DAG(s) dict_keys(['ETL_users']) retrieved from /opt/airflow/dags/ETL_users.py
[2023-11-30T13:07:14.597+0000] {logging_mixin.py:151} INFO - [2023-11-30T13:07:14.597+0000] {dag.py:2941} INFO - Sync 1 DAGs
[2023-11-30T13:07:14.715+0000] {logging_mixin.py:151} INFO - [2023-11-30T13:07:14.714+0000] {dag.py:3722} INFO - Setting next_dagrun for ETL_users to 2023-10-18T00:00:00+00:00, run_after=2023-10-19T00:00:00+00:00
[2023-11-30T13:07:14.791+0000] {processor.py:179} INFO - Processing /opt/airflow/dags/ETL_users.py took 0.360 seconds
[2023-11-30T13:07:45.537+0000] {processor.py:157} INFO - Started process (PID=25) to work on /opt/airflow/dags/ETL_users.py
[2023-11-30T13:07:45.539+0000] {processor.py:829} INFO - Processing file /opt/airflow/dags/ETL_users.py for tasks to queue
[2023-11-30T13:07:45.543+0000] {logging_mixin.py:151} INFO - [2023-11-30T13:07:45.542+0000] {dagbag.py:536} INFO - Filling up the DagBag from /opt/airflow/dags/ETL_users.py
[2023-11-30T13:07:45.571+0000] {processor.py:839} INFO - DAG(s) dict_keys(['ETL_users']) retrieved from /opt/airflow/dags/ETL_users.py
[2023-11-30T13:07:45.605+0000] {logging_mixin.py:151} INFO - [2023-11-30T13:07:45.604+0000] {dag.py:2941} INFO - Sync 1 DAGs
[2023-11-30T13:07:45.633+0000] {logging_mixin.py:151} INFO - [2023-11-30T13:07:45.633+0000] {dag.py:3722} INFO - Setting next_dagrun for ETL_users to 2023-10-18T00:00:00+00:00, run_after=2023-10-19T00:00:00+00:00
[2023-11-30T13:07:45.665+0000] {processor.py:179} INFO - Processing /opt/airflow/dags/ETL_users.py took 0.132 seconds
[2023-11-30T13:08:16.274+0000] {processor.py:157} INFO - Started process (PID=37) to work on /opt/airflow/dags/ETL_users.py
[2023-11-30T13:08:16.287+0000] {processor.py:829} INFO - Processing file /opt/airflow/dags/ETL_users.py for tasks to queue
[2023-11-30T13:08:16.294+0000] {logging_mixin.py:151} INFO - [2023-11-30T13:08:16.294+0000] {dagbag.py:536} INFO - Filling up the DagBag from /opt/airflow/dags/ETL_users.py
[2023-11-30T13:08:16.352+0000] {processor.py:839} INFO - DAG(s) dict_keys(['ETL_users']) retrieved from /opt/airflow/dags/ETL_users.py
[2023-11-30T13:08:16.497+0000] {logging_mixin.py:151} INFO - [2023-11-30T13:08:16.495+0000] {dag.py:2941} INFO - Sync 1 DAGs
[2023-11-30T13:08:16.562+0000] {logging_mixin.py:151} INFO - [2023-11-30T13:08:16.560+0000] {dag.py:3722} INFO - Setting next_dagrun for ETL_users to 2023-10-18T00:00:00+00:00, run_after=2023-10-19T00:00:00+00:00
[2023-11-30T13:08:17.086+0000] {processor.py:179} INFO - Processing /opt/airflow/dags/ETL_users.py took 0.817 seconds
[2023-11-30T13:08:47.470+0000] {processor.py:157} INFO - Started process (PID=48) to work on /opt/airflow/dags/ETL_users.py
[2023-11-30T13:08:47.474+0000] {processor.py:829} INFO - Processing file /opt/airflow/dags/ETL_users.py for tasks to queue
[2023-11-30T13:08:47.477+0000] {logging_mixin.py:151} INFO - [2023-11-30T13:08:47.477+0000] {dagbag.py:536} INFO - Filling up the DagBag from /opt/airflow/dags/ETL_users.py
[2023-11-30T13:08:47.528+0000] {processor.py:839} INFO - DAG(s) dict_keys(['ETL_users']) retrieved from /opt/airflow/dags/ETL_users.py
[2023-11-30T13:08:47.593+0000] {logging_mixin.py:151} INFO - [2023-11-30T13:08:47.593+0000] {dag.py:2941} INFO - Sync 1 DAGs
[2023-11-30T13:08:47.913+0000] {logging_mixin.py:151} INFO - [2023-11-30T13:08:47.913+0000] {dag.py:3722} INFO - Setting next_dagrun for ETL_users to 2023-10-18T00:00:00+00:00, run_after=2023-10-19T00:00:00+00:00
[2023-11-30T13:08:47.966+0000] {processor.py:179} INFO - Processing /opt/airflow/dags/ETL_users.py took 0.507 seconds
[2023-11-30T13:09:24.612+0000] {processor.py:157} INFO - Started process (PID=59) to work on /opt/airflow/dags/ETL_users.py
[2023-11-30T13:09:24.635+0000] {processor.py:829} INFO - Processing file /opt/airflow/dags/ETL_users.py for tasks to queue
[2023-11-30T13:09:24.639+0000] {logging_mixin.py:151} INFO - [2023-11-30T13:09:24.638+0000] {dagbag.py:536} INFO - Filling up the DagBag from /opt/airflow/dags/ETL_users.py
[2023-11-30T13:09:24.691+0000] {processor.py:839} INFO - DAG(s) dict_keys(['ETL_users']) retrieved from /opt/airflow/dags/ETL_users.py
[2023-11-30T13:09:24.773+0000] {logging_mixin.py:151} INFO - [2023-11-30T13:09:24.772+0000] {dag.py:2941} INFO - Sync 1 DAGs
[2023-11-30T13:09:25.390+0000] {logging_mixin.py:151} INFO - [2023-11-30T13:09:25.390+0000] {dag.py:3722} INFO - Setting next_dagrun for ETL_users to 2023-10-18T00:00:00+00:00, run_after=2023-10-19T00:00:00+00:00
[2023-11-30T13:09:25.431+0000] {processor.py:179} INFO - Processing /opt/airflow/dags/ETL_users.py took 0.822 seconds
[2023-11-30T13:50:15.399+0000] {processor.py:157} INFO - Started process (PID=14) to work on /opt/airflow/dags/ETL_users.py
[2023-11-30T13:50:15.405+0000] {processor.py:829} INFO - Processing file /opt/airflow/dags/ETL_users.py for tasks to queue
[2023-11-30T13:50:15.408+0000] {logging_mixin.py:151} INFO - [2023-11-30T13:50:15.408+0000] {dagbag.py:536} INFO - Filling up the DagBag from /opt/airflow/dags/ETL_users.py
[2023-11-30T13:50:15.517+0000] {processor.py:839} INFO - DAG(s) dict_keys(['ETL_users']) retrieved from /opt/airflow/dags/ETL_users.py
[2023-11-30T13:50:15.566+0000] {logging_mixin.py:151} INFO - [2023-11-30T13:50:15.566+0000] {dag.py:2941} INFO - Sync 1 DAGs
[2023-11-30T13:50:15.624+0000] {logging_mixin.py:151} INFO - [2023-11-30T13:50:15.624+0000] {dag.py:3722} INFO - Setting next_dagrun for ETL_users to 2023-10-18T00:00:00+00:00, run_after=2023-10-19T00:00:00+00:00
[2023-11-30T13:50:15.679+0000] {processor.py:179} INFO - Processing /opt/airflow/dags/ETL_users.py took 0.284 seconds
[2023-11-30T13:50:45.945+0000] {processor.py:157} INFO - Started process (PID=25) to work on /opt/airflow/dags/ETL_users.py
[2023-11-30T13:50:45.947+0000] {processor.py:829} INFO - Processing file /opt/airflow/dags/ETL_users.py for tasks to queue
[2023-11-30T13:50:45.950+0000] {logging_mixin.py:151} INFO - [2023-11-30T13:50:45.950+0000] {dagbag.py:536} INFO - Filling up the DagBag from /opt/airflow/dags/ETL_users.py
[2023-11-30T13:50:45.979+0000] {processor.py:839} INFO - DAG(s) dict_keys(['ETL_users']) retrieved from /opt/airflow/dags/ETL_users.py
[2023-11-30T13:50:46.066+0000] {logging_mixin.py:151} INFO - [2023-11-30T13:50:46.065+0000] {dag.py:2941} INFO - Sync 1 DAGs
[2023-11-30T13:50:46.100+0000] {logging_mixin.py:151} INFO - [2023-11-30T13:50:46.100+0000] {dag.py:3722} INFO - Setting next_dagrun for ETL_users to 2023-10-18T00:00:00+00:00, run_after=2023-10-19T00:00:00+00:00
[2023-11-30T13:50:46.131+0000] {processor.py:179} INFO - Processing /opt/airflow/dags/ETL_users.py took 0.190 seconds
[2023-11-30T13:51:16.505+0000] {processor.py:157} INFO - Started process (PID=36) to work on /opt/airflow/dags/ETL_users.py
[2023-11-30T13:51:16.511+0000] {processor.py:829} INFO - Processing file /opt/airflow/dags/ETL_users.py for tasks to queue
[2023-11-30T13:51:16.514+0000] {logging_mixin.py:151} INFO - [2023-11-30T13:51:16.514+0000] {dagbag.py:536} INFO - Filling up the DagBag from /opt/airflow/dags/ETL_users.py
[2023-11-30T13:51:16.541+0000] {processor.py:839} INFO - DAG(s) dict_keys(['ETL_users']) retrieved from /opt/airflow/dags/ETL_users.py
[2023-11-30T13:51:16.589+0000] {logging_mixin.py:151} INFO - [2023-11-30T13:51:16.589+0000] {dag.py:2941} INFO - Sync 1 DAGs
[2023-11-30T13:51:16.625+0000] {logging_mixin.py:151} INFO - [2023-11-30T13:51:16.624+0000] {dag.py:3722} INFO - Setting next_dagrun for ETL_users to 2023-10-18T00:00:00+00:00, run_after=2023-10-19T00:00:00+00:00
[2023-11-30T13:51:16.890+0000] {processor.py:179} INFO - Processing /opt/airflow/dags/ETL_users.py took 0.392 seconds
[2023-11-30T13:51:47.418+0000] {processor.py:157} INFO - Started process (PID=47) to work on /opt/airflow/dags/ETL_users.py
[2023-11-30T13:51:47.420+0000] {processor.py:829} INFO - Processing file /opt/airflow/dags/ETL_users.py for tasks to queue
[2023-11-30T13:51:47.423+0000] {logging_mixin.py:151} INFO - [2023-11-30T13:51:47.423+0000] {dagbag.py:536} INFO - Filling up the DagBag from /opt/airflow/dags/ETL_users.py
[2023-11-30T13:51:47.471+0000] {processor.py:839} INFO - DAG(s) dict_keys(['ETL_users']) retrieved from /opt/airflow/dags/ETL_users.py
[2023-11-30T13:51:47.499+0000] {logging_mixin.py:151} INFO - [2023-11-30T13:51:47.499+0000] {dag.py:2941} INFO - Sync 1 DAGs
[2023-11-30T13:51:47.810+0000] {logging_mixin.py:151} INFO - [2023-11-30T13:51:47.810+0000] {dag.py:3722} INFO - Setting next_dagrun for ETL_users to 2023-10-18T00:00:00+00:00, run_after=2023-10-19T00:00:00+00:00
[2023-11-30T13:51:47.890+0000] {processor.py:179} INFO - Processing /opt/airflow/dags/ETL_users.py took 0.476 seconds
[2023-11-30T13:52:18.623+0000] {processor.py:157} INFO - Started process (PID=58) to work on /opt/airflow/dags/ETL_users.py
[2023-11-30T13:52:18.636+0000] {processor.py:829} INFO - Processing file /opt/airflow/dags/ETL_users.py for tasks to queue
[2023-11-30T13:52:18.639+0000] {logging_mixin.py:151} INFO - [2023-11-30T13:52:18.638+0000] {dagbag.py:536} INFO - Filling up the DagBag from /opt/airflow/dags/ETL_users.py
[2023-11-30T13:52:18.686+0000] {processor.py:839} INFO - DAG(s) dict_keys(['ETL_users']) retrieved from /opt/airflow/dags/ETL_users.py
[2023-11-30T13:52:18.913+0000] {logging_mixin.py:151} INFO - [2023-11-30T13:52:18.912+0000] {dag.py:2941} INFO - Sync 1 DAGs
[2023-11-30T13:52:19.617+0000] {logging_mixin.py:151} INFO - [2023-11-30T13:52:19.612+0000] {dag.py:3722} INFO - Setting next_dagrun for ETL_users to 2023-10-18T00:00:00+00:00, run_after=2023-10-19T00:00:00+00:00
[2023-11-30T13:52:19.691+0000] {processor.py:179} INFO - Processing /opt/airflow/dags/ETL_users.py took 1.073 seconds
[2023-11-30T13:52:49.824+0000] {processor.py:157} INFO - Started process (PID=70) to work on /opt/airflow/dags/ETL_users.py
[2023-11-30T13:52:49.826+0000] {processor.py:829} INFO - Processing file /opt/airflow/dags/ETL_users.py for tasks to queue
[2023-11-30T13:52:49.834+0000] {logging_mixin.py:151} INFO - [2023-11-30T13:52:49.833+0000] {dagbag.py:536} INFO - Filling up the DagBag from /opt/airflow/dags/ETL_users.py
[2023-11-30T13:52:49.906+0000] {processor.py:839} INFO - DAG(s) dict_keys(['ETL_users']) retrieved from /opt/airflow/dags/ETL_users.py
[2023-11-30T13:52:50.270+0000] {logging_mixin.py:151} INFO - [2023-11-30T13:52:50.270+0000] {dag.py:2941} INFO - Sync 1 DAGs
[2023-11-30T13:52:50.384+0000] {logging_mixin.py:151} INFO - [2023-11-30T13:52:50.382+0000] {dag.py:3722} INFO - Setting next_dagrun for ETL_users to 2023-10-18T00:00:00+00:00, run_after=2023-10-19T00:00:00+00:00
[2023-11-30T13:52:50.446+0000] {processor.py:179} INFO - Processing /opt/airflow/dags/ETL_users.py took 0.626 seconds
[2023-11-30T13:53:20.796+0000] {processor.py:157} INFO - Started process (PID=81) to work on /opt/airflow/dags/ETL_users.py
[2023-11-30T13:53:20.802+0000] {processor.py:829} INFO - Processing file /opt/airflow/dags/ETL_users.py for tasks to queue
[2023-11-30T13:53:21.117+0000] {logging_mixin.py:151} INFO - [2023-11-30T13:53:21.117+0000] {dagbag.py:536} INFO - Filling up the DagBag from /opt/airflow/dags/ETL_users.py
[2023-11-30T13:53:21.135+0000] {processor.py:839} INFO - DAG(s) dict_keys(['ETL_users']) retrieved from /opt/airflow/dags/ETL_users.py
[2023-11-30T13:53:21.198+0000] {logging_mixin.py:151} INFO - [2023-11-30T13:53:21.197+0000] {dag.py:2941} INFO - Sync 1 DAGs
[2023-11-30T13:53:21.269+0000] {logging_mixin.py:151} INFO - [2023-11-30T13:53:21.269+0000] {dag.py:3722} INFO - Setting next_dagrun for ETL_users to 2023-10-18T00:00:00+00:00, run_after=2023-10-19T00:00:00+00:00
[2023-11-30T13:53:21.318+0000] {processor.py:179} INFO - Processing /opt/airflow/dags/ETL_users.py took 0.535 seconds
[2023-11-30T13:53:51.839+0000] {processor.py:157} INFO - Started process (PID=92) to work on /opt/airflow/dags/ETL_users.py
[2023-11-30T13:53:51.845+0000] {processor.py:829} INFO - Processing file /opt/airflow/dags/ETL_users.py for tasks to queue
[2023-11-30T13:53:51.848+0000] {logging_mixin.py:151} INFO - [2023-11-30T13:53:51.847+0000] {dagbag.py:536} INFO - Filling up the DagBag from /opt/airflow/dags/ETL_users.py
[2023-11-30T13:53:51.875+0000] {processor.py:839} INFO - DAG(s) dict_keys(['ETL_users']) retrieved from /opt/airflow/dags/ETL_users.py
[2023-11-30T13:53:51.962+0000] {logging_mixin.py:151} INFO - [2023-11-30T13:53:51.962+0000] {dag.py:2941} INFO - Sync 1 DAGs
[2023-11-30T13:53:52.040+0000] {logging_mixin.py:151} INFO - [2023-11-30T13:53:52.038+0000] {dag.py:3722} INFO - Setting next_dagrun for ETL_users to 2023-10-18T00:00:00+00:00, run_after=2023-10-19T00:00:00+00:00
[2023-11-30T13:53:52.101+0000] {processor.py:179} INFO - Processing /opt/airflow/dags/ETL_users.py took 0.276 seconds
[2023-11-30T13:54:23.083+0000] {processor.py:157} INFO - Started process (PID=109) to work on /opt/airflow/dags/ETL_users.py
[2023-11-30T13:54:23.114+0000] {processor.py:829} INFO - Processing file /opt/airflow/dags/ETL_users.py for tasks to queue
[2023-11-30T13:54:23.118+0000] {logging_mixin.py:151} INFO - [2023-11-30T13:54:23.118+0000] {dagbag.py:536} INFO - Filling up the DagBag from /opt/airflow/dags/ETL_users.py
[2023-11-30T13:54:23.185+0000] {processor.py:839} INFO - DAG(s) dict_keys(['ETL_users']) retrieved from /opt/airflow/dags/ETL_users.py
[2023-11-30T13:54:23.241+0000] {logging_mixin.py:151} INFO - [2023-11-30T13:54:23.240+0000] {dag.py:2941} INFO - Sync 1 DAGs
[2023-11-30T13:54:23.271+0000] {logging_mixin.py:151} INFO - [2023-11-30T13:54:23.270+0000] {dag.py:3722} INFO - Setting next_dagrun for ETL_users to 2023-10-18T00:00:00+00:00, run_after=2023-10-19T00:00:00+00:00
[2023-11-30T13:54:23.346+0000] {processor.py:179} INFO - Processing /opt/airflow/dags/ETL_users.py took 0.268 seconds
[2023-11-30T13:54:53.662+0000] {processor.py:157} INFO - Started process (PID=120) to work on /opt/airflow/dags/ETL_users.py
[2023-11-30T13:54:53.674+0000] {processor.py:829} INFO - Processing file /opt/airflow/dags/ETL_users.py for tasks to queue
[2023-11-30T13:54:53.680+0000] {logging_mixin.py:151} INFO - [2023-11-30T13:54:53.679+0000] {dagbag.py:536} INFO - Filling up the DagBag from /opt/airflow/dags/ETL_users.py
[2023-11-30T13:54:53.768+0000] {processor.py:839} INFO - DAG(s) dict_keys(['ETL_users']) retrieved from /opt/airflow/dags/ETL_users.py
[2023-11-30T13:54:53.826+0000] {logging_mixin.py:151} INFO - [2023-11-30T13:54:53.822+0000] {dag.py:2941} INFO - Sync 1 DAGs
[2023-11-30T13:54:53.935+0000] {logging_mixin.py:151} INFO - [2023-11-30T13:54:53.931+0000] {dag.py:3722} INFO - Setting next_dagrun for ETL_users to 2023-10-18T00:00:00+00:00, run_after=2023-10-19T00:00:00+00:00
[2023-11-30T13:54:53.992+0000] {processor.py:179} INFO - Processing /opt/airflow/dags/ETL_users.py took 0.338 seconds
[2023-11-30T13:55:24.615+0000] {processor.py:157} INFO - Started process (PID=131) to work on /opt/airflow/dags/ETL_users.py
[2023-11-30T13:55:24.622+0000] {processor.py:829} INFO - Processing file /opt/airflow/dags/ETL_users.py for tasks to queue
[2023-11-30T13:55:24.625+0000] {logging_mixin.py:151} INFO - [2023-11-30T13:55:24.625+0000] {dagbag.py:536} INFO - Filling up the DagBag from /opt/airflow/dags/ETL_users.py
[2023-11-30T13:55:24.647+0000] {processor.py:839} INFO - DAG(s) dict_keys(['ETL_users']) retrieved from /opt/airflow/dags/ETL_users.py
[2023-11-30T13:55:24.675+0000] {logging_mixin.py:151} INFO - [2023-11-30T13:55:24.675+0000] {dag.py:2941} INFO - Sync 1 DAGs
[2023-11-30T13:55:24.702+0000] {logging_mixin.py:151} INFO - [2023-11-30T13:55:24.702+0000] {dag.py:3722} INFO - Setting next_dagrun for ETL_users to 2023-10-18T00:00:00+00:00, run_after=2023-10-19T00:00:00+00:00
[2023-11-30T13:55:24.724+0000] {processor.py:179} INFO - Processing /opt/airflow/dags/ETL_users.py took 0.114 seconds
[2023-11-30T13:55:55.381+0000] {processor.py:157} INFO - Started process (PID=142) to work on /opt/airflow/dags/ETL_users.py
[2023-11-30T13:55:55.382+0000] {processor.py:829} INFO - Processing file /opt/airflow/dags/ETL_users.py for tasks to queue
[2023-11-30T13:55:55.397+0000] {logging_mixin.py:151} INFO - [2023-11-30T13:55:55.397+0000] {dagbag.py:536} INFO - Filling up the DagBag from /opt/airflow/dags/ETL_users.py
[2023-11-30T13:55:55.458+0000] {processor.py:839} INFO - DAG(s) dict_keys(['ETL_users']) retrieved from /opt/airflow/dags/ETL_users.py
[2023-11-30T13:55:55.538+0000] {logging_mixin.py:151} INFO - [2023-11-30T13:55:55.538+0000] {dag.py:2941} INFO - Sync 1 DAGs
[2023-11-30T13:55:55.637+0000] {logging_mixin.py:151} INFO - [2023-11-30T13:55:55.637+0000] {dag.py:3722} INFO - Setting next_dagrun for ETL_users to 2023-10-18T00:00:00+00:00, run_after=2023-10-19T00:00:00+00:00
[2023-11-30T13:55:55.690+0000] {processor.py:179} INFO - Processing /opt/airflow/dags/ETL_users.py took 0.313 seconds
[2023-11-30T13:56:26.115+0000] {processor.py:157} INFO - Started process (PID=153) to work on /opt/airflow/dags/ETL_users.py
[2023-11-30T13:56:26.121+0000] {processor.py:829} INFO - Processing file /opt/airflow/dags/ETL_users.py for tasks to queue
[2023-11-30T13:56:26.126+0000] {logging_mixin.py:151} INFO - [2023-11-30T13:56:26.126+0000] {dagbag.py:536} INFO - Filling up the DagBag from /opt/airflow/dags/ETL_users.py
[2023-11-30T13:56:26.162+0000] {processor.py:839} INFO - DAG(s) dict_keys(['ETL_users']) retrieved from /opt/airflow/dags/ETL_users.py
[2023-11-30T13:56:26.234+0000] {logging_mixin.py:151} INFO - [2023-11-30T13:56:26.233+0000] {dag.py:2941} INFO - Sync 1 DAGs
[2023-11-30T13:56:26.269+0000] {logging_mixin.py:151} INFO - [2023-11-30T13:56:26.268+0000] {dag.py:3722} INFO - Setting next_dagrun for ETL_users to 2023-10-18T00:00:00+00:00, run_after=2023-10-19T00:00:00+00:00
[2023-11-30T13:56:26.322+0000] {processor.py:179} INFO - Processing /opt/airflow/dags/ETL_users.py took 0.212 seconds
[2023-11-30T13:56:56.772+0000] {processor.py:157} INFO - Started process (PID=165) to work on /opt/airflow/dags/ETL_users.py
[2023-11-30T13:56:56.785+0000] {processor.py:829} INFO - Processing file /opt/airflow/dags/ETL_users.py for tasks to queue
[2023-11-30T13:56:56.789+0000] {logging_mixin.py:151} INFO - [2023-11-30T13:56:56.788+0000] {dagbag.py:536} INFO - Filling up the DagBag from /opt/airflow/dags/ETL_users.py
[2023-11-30T13:56:56.830+0000] {processor.py:839} INFO - DAG(s) dict_keys(['ETL_users']) retrieved from /opt/airflow/dags/ETL_users.py
[2023-11-30T13:56:56.876+0000] {logging_mixin.py:151} INFO - [2023-11-30T13:56:56.875+0000] {dag.py:2941} INFO - Sync 1 DAGs
[2023-11-30T13:56:56.941+0000] {logging_mixin.py:151} INFO - [2023-11-30T13:56:56.941+0000] {dag.py:3722} INFO - Setting next_dagrun for ETL_users to 2023-10-18T00:00:00+00:00, run_after=2023-10-19T00:00:00+00:00
[2023-11-30T13:56:56.990+0000] {processor.py:179} INFO - Processing /opt/airflow/dags/ETL_users.py took 0.221 seconds
[2023-11-30T13:57:27.594+0000] {processor.py:157} INFO - Started process (PID=176) to work on /opt/airflow/dags/ETL_users.py
[2023-11-30T13:57:27.600+0000] {processor.py:829} INFO - Processing file /opt/airflow/dags/ETL_users.py for tasks to queue
[2023-11-30T13:57:27.610+0000] {logging_mixin.py:151} INFO - [2023-11-30T13:57:27.609+0000] {dagbag.py:536} INFO - Filling up the DagBag from /opt/airflow/dags/ETL_users.py
[2023-11-30T13:57:27.645+0000] {processor.py:839} INFO - DAG(s) dict_keys(['ETL_users']) retrieved from /opt/airflow/dags/ETL_users.py
[2023-11-30T13:57:27.681+0000] {logging_mixin.py:151} INFO - [2023-11-30T13:57:27.681+0000] {dag.py:2941} INFO - Sync 1 DAGs
[2023-11-30T13:57:27.727+0000] {logging_mixin.py:151} INFO - [2023-11-30T13:57:27.726+0000] {dag.py:3722} INFO - Setting next_dagrun for ETL_users to 2023-10-18T00:00:00+00:00, run_after=2023-10-19T00:00:00+00:00
[2023-11-30T13:57:27.768+0000] {processor.py:179} INFO - Processing /opt/airflow/dags/ETL_users.py took 0.178 seconds
[2023-11-30T13:57:58.266+0000] {processor.py:157} INFO - Started process (PID=187) to work on /opt/airflow/dags/ETL_users.py
[2023-11-30T13:57:58.268+0000] {processor.py:829} INFO - Processing file /opt/airflow/dags/ETL_users.py for tasks to queue
[2023-11-30T13:57:58.271+0000] {logging_mixin.py:151} INFO - [2023-11-30T13:57:58.271+0000] {dagbag.py:536} INFO - Filling up the DagBag from /opt/airflow/dags/ETL_users.py
[2023-11-30T13:57:58.294+0000] {processor.py:839} INFO - DAG(s) dict_keys(['ETL_users']) retrieved from /opt/airflow/dags/ETL_users.py
[2023-11-30T13:57:58.335+0000] {logging_mixin.py:151} INFO - [2023-11-30T13:57:58.334+0000] {dag.py:2941} INFO - Sync 1 DAGs
[2023-11-30T13:57:58.373+0000] {logging_mixin.py:151} INFO - [2023-11-30T13:57:58.372+0000] {dag.py:3722} INFO - Setting next_dagrun for ETL_users to 2023-10-18T00:00:00+00:00, run_after=2023-10-19T00:00:00+00:00
[2023-11-30T13:57:58.403+0000] {processor.py:179} INFO - Processing /opt/airflow/dags/ETL_users.py took 0.141 seconds
[2023-11-30T13:58:28.986+0000] {processor.py:157} INFO - Started process (PID=198) to work on /opt/airflow/dags/ETL_users.py
[2023-11-30T13:58:28.989+0000] {processor.py:829} INFO - Processing file /opt/airflow/dags/ETL_users.py for tasks to queue
[2023-11-30T13:58:28.993+0000] {logging_mixin.py:151} INFO - [2023-11-30T13:58:28.993+0000] {dagbag.py:536} INFO - Filling up the DagBag from /opt/airflow/dags/ETL_users.py
[2023-11-30T13:58:29.036+0000] {processor.py:839} INFO - DAG(s) dict_keys(['ETL_users']) retrieved from /opt/airflow/dags/ETL_users.py
[2023-11-30T13:58:29.068+0000] {logging_mixin.py:151} INFO - [2023-11-30T13:58:29.068+0000] {dag.py:2941} INFO - Sync 1 DAGs
[2023-11-30T13:58:29.122+0000] {logging_mixin.py:151} INFO - [2023-11-30T13:58:29.121+0000] {dag.py:3722} INFO - Setting next_dagrun for ETL_users to 2023-10-18T00:00:00+00:00, run_after=2023-10-19T00:00:00+00:00
[2023-11-30T13:58:29.146+0000] {processor.py:179} INFO - Processing /opt/airflow/dags/ETL_users.py took 0.164 seconds
[2023-11-30T13:59:00.056+0000] {processor.py:157} INFO - Started process (PID=209) to work on /opt/airflow/dags/ETL_users.py
[2023-11-30T13:59:00.064+0000] {processor.py:829} INFO - Processing file /opt/airflow/dags/ETL_users.py for tasks to queue
[2023-11-30T13:59:00.069+0000] {logging_mixin.py:151} INFO - [2023-11-30T13:59:00.068+0000] {dagbag.py:536} INFO - Filling up the DagBag from /opt/airflow/dags/ETL_users.py
[2023-11-30T13:59:00.133+0000] {processor.py:839} INFO - DAG(s) dict_keys(['ETL_users']) retrieved from /opt/airflow/dags/ETL_users.py
[2023-11-30T13:59:00.223+0000] {logging_mixin.py:151} INFO - [2023-11-30T13:59:00.223+0000] {dag.py:2941} INFO - Sync 1 DAGs
[2023-11-30T13:59:00.356+0000] {logging_mixin.py:151} INFO - [2023-11-30T13:59:00.355+0000] {dag.py:3722} INFO - Setting next_dagrun for ETL_users to 2023-10-18T00:00:00+00:00, run_after=2023-10-19T00:00:00+00:00
[2023-11-30T13:59:00.428+0000] {processor.py:179} INFO - Processing /opt/airflow/dags/ETL_users.py took 0.395 seconds
[2023-11-30T13:59:31.056+0000] {processor.py:157} INFO - Started process (PID=220) to work on /opt/airflow/dags/ETL_users.py
[2023-11-30T13:59:31.059+0000] {processor.py:829} INFO - Processing file /opt/airflow/dags/ETL_users.py for tasks to queue
[2023-11-30T13:59:31.075+0000] {logging_mixin.py:151} INFO - [2023-11-30T13:59:31.075+0000] {dagbag.py:536} INFO - Filling up the DagBag from /opt/airflow/dags/ETL_users.py
[2023-11-30T13:59:31.145+0000] {processor.py:839} INFO - DAG(s) dict_keys(['ETL_users']) retrieved from /opt/airflow/dags/ETL_users.py
[2023-11-30T13:59:31.177+0000] {logging_mixin.py:151} INFO - [2023-11-30T13:59:31.176+0000] {dag.py:2941} INFO - Sync 1 DAGs
[2023-11-30T13:59:31.285+0000] {logging_mixin.py:151} INFO - [2023-11-30T13:59:31.284+0000] {dag.py:3722} INFO - Setting next_dagrun for ETL_users to 2023-10-18T00:00:00+00:00, run_after=2023-10-19T00:00:00+00:00
[2023-11-30T13:59:31.344+0000] {processor.py:179} INFO - Processing /opt/airflow/dags/ETL_users.py took 0.303 seconds
[2023-11-30T14:00:02.261+0000] {processor.py:157} INFO - Started process (PID=231) to work on /opt/airflow/dags/ETL_users.py
[2023-11-30T14:00:02.265+0000] {processor.py:829} INFO - Processing file /opt/airflow/dags/ETL_users.py for tasks to queue
[2023-11-30T14:00:02.270+0000] {logging_mixin.py:151} INFO - [2023-11-30T14:00:02.270+0000] {dagbag.py:536} INFO - Filling up the DagBag from /opt/airflow/dags/ETL_users.py
[2023-11-30T14:00:02.367+0000] {processor.py:839} INFO - DAG(s) dict_keys(['ETL_users']) retrieved from /opt/airflow/dags/ETL_users.py
[2023-11-30T14:00:02.485+0000] {logging_mixin.py:151} INFO - [2023-11-30T14:00:02.485+0000] {dag.py:2941} INFO - Sync 1 DAGs
[2023-11-30T14:00:02.523+0000] {logging_mixin.py:151} INFO - [2023-11-30T14:00:02.523+0000] {dag.py:3722} INFO - Setting next_dagrun for ETL_users to 2023-10-18T00:00:00+00:00, run_after=2023-10-19T00:00:00+00:00
[2023-11-30T14:00:02.559+0000] {processor.py:179} INFO - Processing /opt/airflow/dags/ETL_users.py took 0.336 seconds
[2023-11-30T14:00:32.808+0000] {processor.py:157} INFO - Started process (PID=242) to work on /opt/airflow/dags/ETL_users.py
[2023-11-30T14:00:32.812+0000] {processor.py:829} INFO - Processing file /opt/airflow/dags/ETL_users.py for tasks to queue
[2023-11-30T14:00:32.818+0000] {logging_mixin.py:151} INFO - [2023-11-30T14:00:32.817+0000] {dagbag.py:536} INFO - Filling up the DagBag from /opt/airflow/dags/ETL_users.py
[2023-11-30T14:00:32.888+0000] {processor.py:839} INFO - DAG(s) dict_keys(['ETL_users']) retrieved from /opt/airflow/dags/ETL_users.py
[2023-11-30T14:00:32.974+0000] {logging_mixin.py:151} INFO - [2023-11-30T14:00:32.974+0000] {dag.py:2941} INFO - Sync 1 DAGs
[2023-11-30T14:00:33.036+0000] {logging_mixin.py:151} INFO - [2023-11-30T14:00:33.036+0000] {dag.py:3722} INFO - Setting next_dagrun for ETL_users to 2023-10-18T00:00:00+00:00, run_after=2023-10-19T00:00:00+00:00
[2023-11-30T14:00:33.109+0000] {processor.py:179} INFO - Processing /opt/airflow/dags/ETL_users.py took 0.305 seconds
[2023-11-30T14:01:03.462+0000] {processor.py:157} INFO - Started process (PID=253) to work on /opt/airflow/dags/ETL_users.py
[2023-11-30T14:01:03.462+0000] {processor.py:829} INFO - Processing file /opt/airflow/dags/ETL_users.py for tasks to queue
[2023-11-30T14:01:03.465+0000] {logging_mixin.py:151} INFO - [2023-11-30T14:01:03.465+0000] {dagbag.py:536} INFO - Filling up the DagBag from /opt/airflow/dags/ETL_users.py
[2023-11-30T14:01:03.494+0000] {processor.py:839} INFO - DAG(s) dict_keys(['ETL_users']) retrieved from /opt/airflow/dags/ETL_users.py
[2023-11-30T14:01:03.579+0000] {logging_mixin.py:151} INFO - [2023-11-30T14:01:03.579+0000] {dag.py:2941} INFO - Sync 1 DAGs
[2023-11-30T14:01:03.617+0000] {logging_mixin.py:151} INFO - [2023-11-30T14:01:03.616+0000] {dag.py:3722} INFO - Setting next_dagrun for ETL_users to 2023-10-18T00:00:00+00:00, run_after=2023-10-19T00:00:00+00:00
[2023-11-30T14:01:03.694+0000] {processor.py:179} INFO - Processing /opt/airflow/dags/ETL_users.py took 0.243 seconds
[2023-11-30T14:01:34.195+0000] {processor.py:157} INFO - Started process (PID=264) to work on /opt/airflow/dags/ETL_users.py
[2023-11-30T14:01:34.197+0000] {processor.py:829} INFO - Processing file /opt/airflow/dags/ETL_users.py for tasks to queue
[2023-11-30T14:01:34.222+0000] {logging_mixin.py:151} INFO - [2023-11-30T14:01:34.222+0000] {dagbag.py:536} INFO - Filling up the DagBag from /opt/airflow/dags/ETL_users.py
[2023-11-30T14:01:34.300+0000] {processor.py:839} INFO - DAG(s) dict_keys(['ETL_users']) retrieved from /opt/airflow/dags/ETL_users.py
[2023-11-30T14:01:34.346+0000] {logging_mixin.py:151} INFO - [2023-11-30T14:01:34.346+0000] {dag.py:2941} INFO - Sync 1 DAGs
[2023-11-30T14:01:34.418+0000] {logging_mixin.py:151} INFO - [2023-11-30T14:01:34.417+0000] {dag.py:3722} INFO - Setting next_dagrun for ETL_users to 2023-10-18T00:00:00+00:00, run_after=2023-10-19T00:00:00+00:00
[2023-11-30T14:01:34.495+0000] {processor.py:179} INFO - Processing /opt/airflow/dags/ETL_users.py took 0.305 seconds
[2023-11-30T14:02:05.386+0000] {processor.py:157} INFO - Started process (PID=275) to work on /opt/airflow/dags/ETL_users.py
[2023-11-30T14:02:05.389+0000] {processor.py:829} INFO - Processing file /opt/airflow/dags/ETL_users.py for tasks to queue
[2023-11-30T14:02:05.394+0000] {logging_mixin.py:151} INFO - [2023-11-30T14:02:05.394+0000] {dagbag.py:536} INFO - Filling up the DagBag from /opt/airflow/dags/ETL_users.py
[2023-11-30T14:02:05.420+0000] {processor.py:839} INFO - DAG(s) dict_keys(['ETL_users']) retrieved from /opt/airflow/dags/ETL_users.py
[2023-11-30T14:02:05.498+0000] {logging_mixin.py:151} INFO - [2023-11-30T14:02:05.498+0000] {dag.py:2941} INFO - Sync 1 DAGs
[2023-11-30T14:02:05.571+0000] {logging_mixin.py:151} INFO - [2023-11-30T14:02:05.571+0000] {dag.py:3722} INFO - Setting next_dagrun for ETL_users to 2023-10-18T00:00:00+00:00, run_after=2023-10-19T00:00:00+00:00
[2023-11-30T14:02:05.647+0000] {processor.py:179} INFO - Processing /opt/airflow/dags/ETL_users.py took 0.267 seconds
[2023-11-30T14:02:36.278+0000] {processor.py:157} INFO - Started process (PID=285) to work on /opt/airflow/dags/ETL_users.py
[2023-11-30T14:02:36.280+0000] {processor.py:829} INFO - Processing file /opt/airflow/dags/ETL_users.py for tasks to queue
[2023-11-30T14:02:36.283+0000] {logging_mixin.py:151} INFO - [2023-11-30T14:02:36.283+0000] {dagbag.py:536} INFO - Filling up the DagBag from /opt/airflow/dags/ETL_users.py
[2023-11-30T14:02:36.314+0000] {processor.py:839} INFO - DAG(s) dict_keys(['ETL_users']) retrieved from /opt/airflow/dags/ETL_users.py
[2023-11-30T14:02:36.354+0000] {logging_mixin.py:151} INFO - [2023-11-30T14:02:36.354+0000] {dag.py:2941} INFO - Sync 1 DAGs
[2023-11-30T14:02:36.385+0000] {logging_mixin.py:151} INFO - [2023-11-30T14:02:36.385+0000] {dag.py:3722} INFO - Setting next_dagrun for ETL_users to 2023-10-18T00:00:00+00:00, run_after=2023-10-19T00:00:00+00:00
[2023-11-30T14:02:36.423+0000] {processor.py:179} INFO - Processing /opt/airflow/dags/ETL_users.py took 0.152 seconds
[2023-11-30T14:03:07.262+0000] {processor.py:157} INFO - Started process (PID=296) to work on /opt/airflow/dags/ETL_users.py
[2023-11-30T14:03:07.265+0000] {processor.py:829} INFO - Processing file /opt/airflow/dags/ETL_users.py for tasks to queue
[2023-11-30T14:03:07.275+0000] {logging_mixin.py:151} INFO - [2023-11-30T14:03:07.274+0000] {dagbag.py:536} INFO - Filling up the DagBag from /opt/airflow/dags/ETL_users.py
[2023-11-30T14:03:07.321+0000] {processor.py:839} INFO - DAG(s) dict_keys(['ETL_users']) retrieved from /opt/airflow/dags/ETL_users.py
[2023-11-30T14:03:07.391+0000] {logging_mixin.py:151} INFO - [2023-11-30T14:03:07.390+0000] {dag.py:2941} INFO - Sync 1 DAGs
[2023-11-30T14:03:07.456+0000] {logging_mixin.py:151} INFO - [2023-11-30T14:03:07.451+0000] {dag.py:3722} INFO - Setting next_dagrun for ETL_users to 2023-10-18T00:00:00+00:00, run_after=2023-10-19T00:00:00+00:00
[2023-11-30T14:03:07.527+0000] {processor.py:179} INFO - Processing /opt/airflow/dags/ETL_users.py took 0.280 seconds
[2023-11-30T14:03:37.891+0000] {processor.py:157} INFO - Started process (PID=306) to work on /opt/airflow/dags/ETL_users.py
[2023-11-30T14:03:37.898+0000] {processor.py:829} INFO - Processing file /opt/airflow/dags/ETL_users.py for tasks to queue
[2023-11-30T14:03:37.904+0000] {logging_mixin.py:151} INFO - [2023-11-30T14:03:37.901+0000] {dagbag.py:536} INFO - Filling up the DagBag from /opt/airflow/dags/ETL_users.py
[2023-11-30T14:03:37.940+0000] {processor.py:839} INFO - DAG(s) dict_keys(['ETL_users']) retrieved from /opt/airflow/dags/ETL_users.py
[2023-11-30T14:03:37.972+0000] {logging_mixin.py:151} INFO - [2023-11-30T14:03:37.972+0000] {dag.py:2941} INFO - Sync 1 DAGs
[2023-11-30T14:03:38.025+0000] {logging_mixin.py:151} INFO - [2023-11-30T14:03:38.025+0000] {dag.py:3722} INFO - Setting next_dagrun for ETL_users to 2023-10-18T00:00:00+00:00, run_after=2023-10-19T00:00:00+00:00
[2023-11-30T14:03:38.058+0000] {processor.py:179} INFO - Processing /opt/airflow/dags/ETL_users.py took 0.172 seconds
[2023-11-30T14:04:08.634+0000] {processor.py:157} INFO - Started process (PID=317) to work on /opt/airflow/dags/ETL_users.py
[2023-11-30T14:04:08.636+0000] {processor.py:829} INFO - Processing file /opt/airflow/dags/ETL_users.py for tasks to queue
[2023-11-30T14:04:08.640+0000] {logging_mixin.py:151} INFO - [2023-11-30T14:04:08.640+0000] {dagbag.py:536} INFO - Filling up the DagBag from /opt/airflow/dags/ETL_users.py
[2023-11-30T14:04:08.663+0000] {processor.py:839} INFO - DAG(s) dict_keys(['ETL_users']) retrieved from /opt/airflow/dags/ETL_users.py
[2023-11-30T14:04:08.727+0000] {logging_mixin.py:151} INFO - [2023-11-30T14:04:08.727+0000] {dag.py:2941} INFO - Sync 1 DAGs
[2023-11-30T14:04:08.819+0000] {logging_mixin.py:151} INFO - [2023-11-30T14:04:08.816+0000] {dag.py:3722} INFO - Setting next_dagrun for ETL_users to 2023-10-18T00:00:00+00:00, run_after=2023-10-19T00:00:00+00:00
[2023-11-30T14:04:08.871+0000] {processor.py:179} INFO - Processing /opt/airflow/dags/ETL_users.py took 0.242 seconds
[2023-11-30T14:04:39.231+0000] {processor.py:157} INFO - Started process (PID=328) to work on /opt/airflow/dags/ETL_users.py
[2023-11-30T14:04:39.233+0000] {processor.py:829} INFO - Processing file /opt/airflow/dags/ETL_users.py for tasks to queue
[2023-11-30T14:04:39.236+0000] {logging_mixin.py:151} INFO - [2023-11-30T14:04:39.236+0000] {dagbag.py:536} INFO - Filling up the DagBag from /opt/airflow/dags/ETL_users.py
[2023-11-30T14:04:39.263+0000] {processor.py:839} INFO - DAG(s) dict_keys(['ETL_users']) retrieved from /opt/airflow/dags/ETL_users.py
[2023-11-30T14:04:39.330+0000] {logging_mixin.py:151} INFO - [2023-11-30T14:04:39.330+0000] {dag.py:2941} INFO - Sync 1 DAGs
[2023-11-30T14:04:39.380+0000] {logging_mixin.py:151} INFO - [2023-11-30T14:04:39.377+0000] {dag.py:3722} INFO - Setting next_dagrun for ETL_users to 2023-10-18T00:00:00+00:00, run_after=2023-10-19T00:00:00+00:00
[2023-11-30T14:04:39.429+0000] {processor.py:179} INFO - Processing /opt/airflow/dags/ETL_users.py took 0.203 seconds
[2023-11-30T14:05:10.062+0000] {processor.py:157} INFO - Started process (PID=339) to work on /opt/airflow/dags/ETL_users.py
[2023-11-30T14:05:10.064+0000] {processor.py:829} INFO - Processing file /opt/airflow/dags/ETL_users.py for tasks to queue
[2023-11-30T14:05:10.067+0000] {logging_mixin.py:151} INFO - [2023-11-30T14:05:10.067+0000] {dagbag.py:536} INFO - Filling up the DagBag from /opt/airflow/dags/ETL_users.py
[2023-11-30T14:05:10.091+0000] {processor.py:839} INFO - DAG(s) dict_keys(['ETL_users']) retrieved from /opt/airflow/dags/ETL_users.py
[2023-11-30T14:05:10.128+0000] {logging_mixin.py:151} INFO - [2023-11-30T14:05:10.128+0000] {dag.py:2941} INFO - Sync 1 DAGs
[2023-11-30T14:05:10.165+0000] {logging_mixin.py:151} INFO - [2023-11-30T14:05:10.164+0000] {dag.py:3722} INFO - Setting next_dagrun for ETL_users to 2023-10-18T00:00:00+00:00, run_after=2023-10-19T00:00:00+00:00
[2023-11-30T14:05:10.205+0000] {processor.py:179} INFO - Processing /opt/airflow/dags/ETL_users.py took 0.147 seconds
[2023-11-30T14:05:41.107+0000] {processor.py:157} INFO - Started process (PID=350) to work on /opt/airflow/dags/ETL_users.py
[2023-11-30T14:05:41.225+0000] {processor.py:829} INFO - Processing file /opt/airflow/dags/ETL_users.py for tasks to queue
[2023-11-30T14:05:41.229+0000] {logging_mixin.py:151} INFO - [2023-11-30T14:05:41.228+0000] {dagbag.py:536} INFO - Filling up the DagBag from /opt/airflow/dags/ETL_users.py
[2023-11-30T14:05:41.251+0000] {processor.py:839} INFO - DAG(s) dict_keys(['ETL_users']) retrieved from /opt/airflow/dags/ETL_users.py
[2023-11-30T14:05:41.312+0000] {logging_mixin.py:151} INFO - [2023-11-30T14:05:41.312+0000] {dag.py:2941} INFO - Sync 1 DAGs
[2023-11-30T14:05:41.356+0000] {logging_mixin.py:151} INFO - [2023-11-30T14:05:41.355+0000] {dag.py:3722} INFO - Setting next_dagrun for ETL_users to 2023-10-18T00:00:00+00:00, run_after=2023-10-19T00:00:00+00:00
[2023-11-30T14:05:41.499+0000] {processor.py:179} INFO - Processing /opt/airflow/dags/ETL_users.py took 0.396 seconds
[2023-11-30T14:13:14.122+0000] {processor.py:157} INFO - Started process (PID=14) to work on /opt/airflow/dags/ETL_users.py
[2023-11-30T14:13:14.135+0000] {processor.py:829} INFO - Processing file /opt/airflow/dags/ETL_users.py for tasks to queue
[2023-11-30T14:13:14.168+0000] {logging_mixin.py:151} INFO - [2023-11-30T14:13:14.143+0000] {dagbag.py:536} INFO - Filling up the DagBag from /opt/airflow/dags/ETL_users.py
[2023-11-30T14:13:14.403+0000] {processor.py:839} INFO - DAG(s) dict_keys(['ETL_users']) retrieved from /opt/airflow/dags/ETL_users.py
[2023-11-30T14:13:14.612+0000] {logging_mixin.py:151} INFO - [2023-11-30T14:13:14.612+0000] {dag.py:2941} INFO - Sync 1 DAGs
[2023-11-30T14:13:14.689+0000] {logging_mixin.py:151} INFO - [2023-11-30T14:13:14.689+0000] {dag.py:3722} INFO - Setting next_dagrun for ETL_users to 2023-10-18T00:00:00+00:00, run_after=2023-10-19T00:00:00+00:00
[2023-11-30T14:13:14.835+0000] {processor.py:179} INFO - Processing /opt/airflow/dags/ETL_users.py took 0.746 seconds
[2023-11-30T14:24:08.887+0000] {processor.py:157} INFO - Started process (PID=14) to work on /opt/airflow/dags/ETL_users.py
[2023-11-30T14:24:08.905+0000] {processor.py:829} INFO - Processing file /opt/airflow/dags/ETL_users.py for tasks to queue
[2023-11-30T14:24:08.909+0000] {logging_mixin.py:151} INFO - [2023-11-30T14:24:08.909+0000] {dagbag.py:536} INFO - Filling up the DagBag from /opt/airflow/dags/ETL_users.py
[2023-11-30T14:24:09.028+0000] {processor.py:839} INFO - DAG(s) dict_keys(['ETL_users']) retrieved from /opt/airflow/dags/ETL_users.py
[2023-11-30T14:24:09.045+0000] {logging_mixin.py:151} INFO - [2023-11-30T14:24:09.044+0000] {dag.py:2941} INFO - Sync 1 DAGs
[2023-11-30T14:24:09.075+0000] {logging_mixin.py:151} INFO - [2023-11-30T14:24:09.074+0000] {dag.py:3722} INFO - Setting next_dagrun for ETL_users to 2023-10-18T00:00:00+00:00, run_after=2023-10-19T00:00:00+00:00
[2023-11-30T14:24:09.127+0000] {processor.py:179} INFO - Processing /opt/airflow/dags/ETL_users.py took 0.248 seconds
[2023-11-30T14:24:39.542+0000] {processor.py:157} INFO - Started process (PID=25) to work on /opt/airflow/dags/ETL_users.py
[2023-11-30T14:24:39.566+0000] {processor.py:829} INFO - Processing file /opt/airflow/dags/ETL_users.py for tasks to queue
[2023-11-30T14:24:39.593+0000] {logging_mixin.py:151} INFO - [2023-11-30T14:24:39.593+0000] {dagbag.py:536} INFO - Filling up the DagBag from /opt/airflow/dags/ETL_users.py
[2023-11-30T14:24:39.661+0000] {processor.py:839} INFO - DAG(s) dict_keys(['ETL_users']) retrieved from /opt/airflow/dags/ETL_users.py
[2023-11-30T14:24:39.731+0000] {logging_mixin.py:151} INFO - [2023-11-30T14:24:39.730+0000] {dag.py:2941} INFO - Sync 1 DAGs
[2023-11-30T14:24:39.766+0000] {logging_mixin.py:151} INFO - [2023-11-30T14:24:39.765+0000] {dag.py:3722} INFO - Setting next_dagrun for ETL_users to 2023-10-18T00:00:00+00:00, run_after=2023-10-19T00:00:00+00:00
[2023-11-30T14:24:39.791+0000] {processor.py:179} INFO - Processing /opt/airflow/dags/ETL_users.py took 0.253 seconds
[2023-11-30T14:27:56.101+0000] {processor.py:157} INFO - Started process (PID=14) to work on /opt/airflow/dags/ETL_users.py
[2023-11-30T14:27:56.104+0000] {processor.py:829} INFO - Processing file /opt/airflow/dags/ETL_users.py for tasks to queue
[2023-11-30T14:27:56.116+0000] {logging_mixin.py:151} INFO - [2023-11-30T14:27:56.115+0000] {dagbag.py:536} INFO - Filling up the DagBag from /opt/airflow/dags/ETL_users.py
[2023-11-30T14:27:56.186+0000] {processor.py:839} INFO - DAG(s) dict_keys(['ETL_users']) retrieved from /opt/airflow/dags/ETL_users.py
[2023-11-30T14:27:56.233+0000] {logging_mixin.py:151} INFO - [2023-11-30T14:27:56.233+0000] {dag.py:2941} INFO - Sync 1 DAGs
[2023-11-30T14:27:56.321+0000] {logging_mixin.py:151} INFO - [2023-11-30T14:27:56.321+0000] {dag.py:3722} INFO - Setting next_dagrun for ETL_users to 2023-10-18T00:00:00+00:00, run_after=2023-10-19T00:00:00+00:00
[2023-11-30T14:27:56.398+0000] {processor.py:179} INFO - Processing /opt/airflow/dags/ETL_users.py took 0.301 seconds
[2023-11-30T14:28:26.895+0000] {processor.py:157} INFO - Started process (PID=24) to work on /opt/airflow/dags/ETL_users.py
[2023-11-30T14:28:26.904+0000] {processor.py:829} INFO - Processing file /opt/airflow/dags/ETL_users.py for tasks to queue
[2023-11-30T14:28:26.907+0000] {logging_mixin.py:151} INFO - [2023-11-30T14:28:26.907+0000] {dagbag.py:536} INFO - Filling up the DagBag from /opt/airflow/dags/ETL_users.py
[2023-11-30T14:28:26.931+0000] {processor.py:839} INFO - DAG(s) dict_keys(['ETL_users']) retrieved from /opt/airflow/dags/ETL_users.py
[2023-11-30T14:28:26.974+0000] {logging_mixin.py:151} INFO - [2023-11-30T14:28:26.974+0000] {dag.py:2941} INFO - Sync 1 DAGs
[2023-11-30T14:28:27.012+0000] {logging_mixin.py:151} INFO - [2023-11-30T14:28:27.011+0000] {dag.py:3722} INFO - Setting next_dagrun for ETL_users to 2023-10-18T00:00:00+00:00, run_after=2023-10-19T00:00:00+00:00
[2023-11-30T14:28:27.067+0000] {processor.py:179} INFO - Processing /opt/airflow/dags/ETL_users.py took 0.176 seconds
[2023-11-30T15:12:11.892+0000] {processor.py:157} INFO - Started process (PID=13) to work on /opt/airflow/dags/ETL_users.py
[2023-11-30T15:12:11.894+0000] {processor.py:829} INFO - Processing file /opt/airflow/dags/ETL_users.py for tasks to queue
[2023-11-30T15:12:11.897+0000] {logging_mixin.py:151} INFO - [2023-11-30T15:12:11.897+0000] {dagbag.py:536} INFO - Filling up the DagBag from /opt/airflow/dags/ETL_users.py
[2023-11-30T15:12:11.939+0000] {processor.py:839} INFO - DAG(s) dict_keys(['ETL_users']) retrieved from /opt/airflow/dags/ETL_users.py
[2023-11-30T15:12:11.976+0000] {logging_mixin.py:151} INFO - [2023-11-30T15:12:11.976+0000] {dag.py:2941} INFO - Sync 1 DAGs
[2023-11-30T15:12:12.061+0000] {logging_mixin.py:151} INFO - [2023-11-30T15:12:12.060+0000] {dag.py:3722} INFO - Setting next_dagrun for ETL_users to 2023-10-18T00:00:00+00:00, run_after=2023-10-19T00:00:00+00:00
[2023-11-30T15:12:12.140+0000] {processor.py:179} INFO - Processing /opt/airflow/dags/ETL_users.py took 0.252 seconds
[2023-11-30T15:12:43.128+0000] {processor.py:157} INFO - Started process (PID=24) to work on /opt/airflow/dags/ETL_users.py
[2023-11-30T15:12:43.138+0000] {processor.py:829} INFO - Processing file /opt/airflow/dags/ETL_users.py for tasks to queue
[2023-11-30T15:12:43.156+0000] {logging_mixin.py:151} INFO - [2023-11-30T15:12:43.155+0000] {dagbag.py:536} INFO - Filling up the DagBag from /opt/airflow/dags/ETL_users.py
[2023-11-30T15:12:43.203+0000] {processor.py:839} INFO - DAG(s) dict_keys(['ETL_users']) retrieved from /opt/airflow/dags/ETL_users.py
[2023-11-30T15:12:43.275+0000] {logging_mixin.py:151} INFO - [2023-11-30T15:12:43.275+0000] {dag.py:2941} INFO - Sync 1 DAGs
[2023-11-30T15:12:43.335+0000] {logging_mixin.py:151} INFO - [2023-11-30T15:12:43.335+0000] {dag.py:3722} INFO - Setting next_dagrun for ETL_users to 2023-10-18T00:00:00+00:00, run_after=2023-10-19T00:00:00+00:00
[2023-11-30T15:12:44.350+0000] {processor.py:179} INFO - Processing /opt/airflow/dags/ETL_users.py took 1.269 seconds
[2023-11-30T15:22:06.912+0000] {processor.py:157} INFO - Started process (PID=14) to work on /opt/airflow/dags/ETL_users.py
[2023-11-30T15:22:06.918+0000] {processor.py:829} INFO - Processing file /opt/airflow/dags/ETL_users.py for tasks to queue
[2023-11-30T15:22:06.930+0000] {logging_mixin.py:151} INFO - [2023-11-30T15:22:06.929+0000] {dagbag.py:536} INFO - Filling up the DagBag from /opt/airflow/dags/ETL_users.py
[2023-11-30T15:22:07.015+0000] {processor.py:839} INFO - DAG(s) dict_keys(['ETL_users']) retrieved from /opt/airflow/dags/ETL_users.py
[2023-11-30T15:22:07.030+0000] {logging_mixin.py:151} INFO - [2023-11-30T15:22:07.030+0000] {dag.py:2941} INFO - Sync 1 DAGs
[2023-11-30T15:22:07.058+0000] {logging_mixin.py:151} INFO - [2023-11-30T15:22:07.057+0000] {dag.py:3722} INFO - Setting next_dagrun for ETL_users to 2023-10-18T00:00:00+00:00, run_after=2023-10-19T00:00:00+00:00
[2023-11-30T15:22:07.087+0000] {processor.py:179} INFO - Processing /opt/airflow/dags/ETL_users.py took 0.179 seconds
[2023-11-30T15:22:37.517+0000] {processor.py:157} INFO - Started process (PID=24) to work on /opt/airflow/dags/ETL_users.py
[2023-11-30T15:22:37.520+0000] {processor.py:829} INFO - Processing file /opt/airflow/dags/ETL_users.py for tasks to queue
[2023-11-30T15:22:37.527+0000] {logging_mixin.py:151} INFO - [2023-11-30T15:22:37.526+0000] {dagbag.py:536} INFO - Filling up the DagBag from /opt/airflow/dags/ETL_users.py
[2023-11-30T15:22:37.549+0000] {processor.py:839} INFO - DAG(s) dict_keys(['ETL_users']) retrieved from /opt/airflow/dags/ETL_users.py
[2023-11-30T15:22:37.577+0000] {logging_mixin.py:151} INFO - [2023-11-30T15:22:37.577+0000] {dag.py:2941} INFO - Sync 1 DAGs
[2023-11-30T15:22:37.604+0000] {logging_mixin.py:151} INFO - [2023-11-30T15:22:37.604+0000] {dag.py:3722} INFO - Setting next_dagrun for ETL_users to 2023-10-18T00:00:00+00:00, run_after=2023-10-19T00:00:00+00:00
[2023-11-30T15:22:37.921+0000] {processor.py:179} INFO - Processing /opt/airflow/dags/ETL_users.py took 0.408 seconds
[2023-11-30T15:30:42.627+0000] {processor.py:157} INFO - Started process (PID=13) to work on /opt/airflow/dags/ETL_users.py
[2023-11-30T15:30:42.631+0000] {processor.py:829} INFO - Processing file /opt/airflow/dags/ETL_users.py for tasks to queue
[2023-11-30T15:30:42.651+0000] {logging_mixin.py:151} INFO - [2023-11-30T15:30:42.647+0000] {dagbag.py:536} INFO - Filling up the DagBag from /opt/airflow/dags/ETL_users.py
[2023-11-30T15:30:42.694+0000] {processor.py:839} INFO - DAG(s) dict_keys(['ETL_users']) retrieved from /opt/airflow/dags/ETL_users.py
[2023-11-30T15:30:42.715+0000] {logging_mixin.py:151} INFO - [2023-11-30T15:30:42.715+0000] {dag.py:2941} INFO - Sync 1 DAGs
[2023-11-30T15:30:42.774+0000] {logging_mixin.py:151} INFO - [2023-11-30T15:30:42.774+0000] {dag.py:3722} INFO - Setting next_dagrun for ETL_users to 2023-10-18T00:00:00+00:00, run_after=2023-10-19T00:00:00+00:00
[2023-11-30T15:30:42.816+0000] {processor.py:179} INFO - Processing /opt/airflow/dags/ETL_users.py took 0.194 seconds
[2023-11-30T15:31:13.530+0000] {processor.py:157} INFO - Started process (PID=24) to work on /opt/airflow/dags/ETL_users.py
[2023-11-30T15:31:13.543+0000] {processor.py:829} INFO - Processing file /opt/airflow/dags/ETL_users.py for tasks to queue
[2023-11-30T15:31:13.552+0000] {logging_mixin.py:151} INFO - [2023-11-30T15:31:13.551+0000] {dagbag.py:536} INFO - Filling up the DagBag from /opt/airflow/dags/ETL_users.py
[2023-11-30T15:31:13.587+0000] {processor.py:839} INFO - DAG(s) dict_keys(['ETL_users']) retrieved from /opt/airflow/dags/ETL_users.py
[2023-11-30T15:31:13.627+0000] {logging_mixin.py:151} INFO - [2023-11-30T15:31:13.626+0000] {dag.py:2941} INFO - Sync 1 DAGs
[2023-11-30T15:31:13.665+0000] {logging_mixin.py:151} INFO - [2023-11-30T15:31:13.665+0000] {dag.py:3722} INFO - Setting next_dagrun for ETL_users to 2023-10-18T00:00:00+00:00, run_after=2023-10-19T00:00:00+00:00
[2023-11-30T15:31:14.023+0000] {processor.py:179} INFO - Processing /opt/airflow/dags/ETL_users.py took 0.497 seconds
[2023-11-30T15:31:44.207+0000] {processor.py:157} INFO - Started process (PID=36) to work on /opt/airflow/dags/ETL_users.py
[2023-11-30T15:31:44.209+0000] {processor.py:829} INFO - Processing file /opt/airflow/dags/ETL_users.py for tasks to queue
[2023-11-30T15:31:44.213+0000] {logging_mixin.py:151} INFO - [2023-11-30T15:31:44.213+0000] {dagbag.py:536} INFO - Filling up the DagBag from /opt/airflow/dags/ETL_users.py
[2023-11-30T15:31:44.241+0000] {processor.py:839} INFO - DAG(s) dict_keys(['ETL_users']) retrieved from /opt/airflow/dags/ETL_users.py
[2023-11-30T15:31:44.272+0000] {logging_mixin.py:151} INFO - [2023-11-30T15:31:44.272+0000] {dag.py:2941} INFO - Sync 1 DAGs
[2023-11-30T15:31:44.559+0000] {logging_mixin.py:151} INFO - [2023-11-30T15:31:44.559+0000] {dag.py:3722} INFO - Setting next_dagrun for ETL_users to 2023-10-18T00:00:00+00:00, run_after=2023-10-19T00:00:00+00:00
[2023-11-30T15:31:44.587+0000] {processor.py:179} INFO - Processing /opt/airflow/dags/ETL_users.py took 0.387 seconds
[2023-11-30T15:32:14.628+0000] {processor.py:157} INFO - Started process (PID=47) to work on /opt/airflow/dags/ETL_users.py
[2023-11-30T15:32:14.630+0000] {processor.py:829} INFO - Processing file /opt/airflow/dags/ETL_users.py for tasks to queue
[2023-11-30T15:32:14.633+0000] {logging_mixin.py:151} INFO - [2023-11-30T15:32:14.632+0000] {dagbag.py:536} INFO - Filling up the DagBag from /opt/airflow/dags/ETL_users.py
[2023-11-30T15:32:14.660+0000] {processor.py:839} INFO - DAG(s) dict_keys(['ETL_users']) retrieved from /opt/airflow/dags/ETL_users.py
[2023-11-30T15:32:14.693+0000] {logging_mixin.py:151} INFO - [2023-11-30T15:32:14.692+0000] {dag.py:2941} INFO - Sync 1 DAGs
[2023-11-30T15:32:15.000+0000] {logging_mixin.py:151} INFO - [2023-11-30T15:32:15.000+0000] {dag.py:3722} INFO - Setting next_dagrun for ETL_users to 2023-10-18T00:00:00+00:00, run_after=2023-10-19T00:00:00+00:00
[2023-11-30T15:32:15.038+0000] {processor.py:179} INFO - Processing /opt/airflow/dags/ETL_users.py took 0.415 seconds
[2023-11-30T15:32:46.780+0000] {processor.py:157} INFO - Started process (PID=58) to work on /opt/airflow/dags/ETL_users.py
[2023-11-30T15:32:46.784+0000] {processor.py:829} INFO - Processing file /opt/airflow/dags/ETL_users.py for tasks to queue
[2023-11-30T15:32:46.796+0000] {logging_mixin.py:151} INFO - [2023-11-30T15:32:46.796+0000] {dagbag.py:536} INFO - Filling up the DagBag from /opt/airflow/dags/ETL_users.py
[2023-11-30T15:32:46.881+0000] {processor.py:839} INFO - DAG(s) dict_keys(['ETL_users']) retrieved from /opt/airflow/dags/ETL_users.py
[2023-11-30T15:32:47.278+0000] {logging_mixin.py:151} INFO - [2023-11-30T15:32:47.278+0000] {dag.py:2941} INFO - Sync 1 DAGs
[2023-11-30T15:32:47.313+0000] {logging_mixin.py:151} INFO - [2023-11-30T15:32:47.312+0000] {dag.py:3722} INFO - Setting next_dagrun for ETL_users to 2023-10-18T00:00:00+00:00, run_after=2023-10-19T00:00:00+00:00
[2023-11-30T15:32:47.338+0000] {processor.py:179} INFO - Processing /opt/airflow/dags/ETL_users.py took 0.586 seconds
[2023-11-30T15:33:17.761+0000] {processor.py:157} INFO - Started process (PID=68) to work on /opt/airflow/dags/ETL_users.py
[2023-11-30T15:33:17.763+0000] {processor.py:829} INFO - Processing file /opt/airflow/dags/ETL_users.py for tasks to queue
[2023-11-30T15:33:17.767+0000] {logging_mixin.py:151} INFO - [2023-11-30T15:33:17.766+0000] {dagbag.py:536} INFO - Filling up the DagBag from /opt/airflow/dags/ETL_users.py
[2023-11-30T15:33:18.026+0000] {processor.py:839} INFO - DAG(s) dict_keys(['ETL_users']) retrieved from /opt/airflow/dags/ETL_users.py
[2023-11-30T15:33:18.053+0000] {logging_mixin.py:151} INFO - [2023-11-30T15:33:18.053+0000] {dag.py:2941} INFO - Sync 1 DAGs
[2023-11-30T15:33:18.087+0000] {logging_mixin.py:151} INFO - [2023-11-30T15:33:18.087+0000] {dag.py:3722} INFO - Setting next_dagrun for ETL_users to 2023-10-18T00:00:00+00:00, run_after=2023-10-19T00:00:00+00:00
[2023-11-30T15:33:18.118+0000] {processor.py:179} INFO - Processing /opt/airflow/dags/ETL_users.py took 0.361 seconds
[2023-11-30T15:33:48.258+0000] {processor.py:157} INFO - Started process (PID=79) to work on /opt/airflow/dags/ETL_users.py
[2023-11-30T15:33:48.260+0000] {processor.py:829} INFO - Processing file /opt/airflow/dags/ETL_users.py for tasks to queue
[2023-11-30T15:33:48.271+0000] {logging_mixin.py:151} INFO - [2023-11-30T15:33:48.266+0000] {dagbag.py:536} INFO - Filling up the DagBag from /opt/airflow/dags/ETL_users.py
[2023-11-30T15:33:48.307+0000] {processor.py:839} INFO - DAG(s) dict_keys(['ETL_users']) retrieved from /opt/airflow/dags/ETL_users.py
[2023-11-30T15:33:48.345+0000] {logging_mixin.py:151} INFO - [2023-11-30T15:33:48.345+0000] {dag.py:2941} INFO - Sync 1 DAGs
[2023-11-30T15:33:48.380+0000] {logging_mixin.py:151} INFO - [2023-11-30T15:33:48.380+0000] {dag.py:3722} INFO - Setting next_dagrun for ETL_users to 2023-10-18T00:00:00+00:00, run_after=2023-10-19T00:00:00+00:00
[2023-11-30T15:33:48.404+0000] {processor.py:179} INFO - Processing /opt/airflow/dags/ETL_users.py took 0.172 seconds
[2023-11-30T15:34:18.830+0000] {processor.py:157} INFO - Started process (PID=90) to work on /opt/airflow/dags/ETL_users.py
[2023-11-30T15:34:18.837+0000] {processor.py:829} INFO - Processing file /opt/airflow/dags/ETL_users.py for tasks to queue
[2023-11-30T15:34:18.850+0000] {logging_mixin.py:151} INFO - [2023-11-30T15:34:18.850+0000] {dagbag.py:536} INFO - Filling up the DagBag from /opt/airflow/dags/ETL_users.py
[2023-11-30T15:34:18.898+0000] {processor.py:839} INFO - DAG(s) dict_keys(['ETL_users']) retrieved from /opt/airflow/dags/ETL_users.py
[2023-11-30T15:34:18.941+0000] {logging_mixin.py:151} INFO - [2023-11-30T15:34:18.940+0000] {dag.py:2941} INFO - Sync 1 DAGs
[2023-11-30T15:34:18.970+0000] {logging_mixin.py:151} INFO - [2023-11-30T15:34:18.969+0000] {dag.py:3722} INFO - Setting next_dagrun for ETL_users to 2023-10-18T00:00:00+00:00, run_after=2023-10-19T00:00:00+00:00
[2023-11-30T15:34:18.991+0000] {processor.py:179} INFO - Processing /opt/airflow/dags/ETL_users.py took 0.165 seconds
[2023-11-30T15:34:49.385+0000] {processor.py:157} INFO - Started process (PID=101) to work on /opt/airflow/dags/ETL_users.py
[2023-11-30T15:34:49.387+0000] {processor.py:829} INFO - Processing file /opt/airflow/dags/ETL_users.py for tasks to queue
[2023-11-30T15:34:49.390+0000] {logging_mixin.py:151} INFO - [2023-11-30T15:34:49.390+0000] {dagbag.py:536} INFO - Filling up the DagBag from /opt/airflow/dags/ETL_users.py
[2023-11-30T15:34:49.413+0000] {processor.py:839} INFO - DAG(s) dict_keys(['ETL_users']) retrieved from /opt/airflow/dags/ETL_users.py
[2023-11-30T15:34:49.447+0000] {logging_mixin.py:151} INFO - [2023-11-30T15:34:49.446+0000] {dag.py:2941} INFO - Sync 1 DAGs
[2023-11-30T15:34:49.485+0000] {logging_mixin.py:151} INFO - [2023-11-30T15:34:49.485+0000] {dag.py:3722} INFO - Setting next_dagrun for ETL_users to 2023-10-18T00:00:00+00:00, run_after=2023-10-19T00:00:00+00:00
[2023-11-30T15:34:49.520+0000] {processor.py:179} INFO - Processing /opt/airflow/dags/ETL_users.py took 0.145 seconds
[2023-11-30T15:35:20.016+0000] {processor.py:157} INFO - Started process (PID=112) to work on /opt/airflow/dags/ETL_users.py
[2023-11-30T15:35:20.021+0000] {processor.py:829} INFO - Processing file /opt/airflow/dags/ETL_users.py for tasks to queue
[2023-11-30T15:35:20.027+0000] {logging_mixin.py:151} INFO - [2023-11-30T15:35:20.026+0000] {dagbag.py:536} INFO - Filling up the DagBag from /opt/airflow/dags/ETL_users.py
[2023-11-30T15:35:20.063+0000] {processor.py:839} INFO - DAG(s) dict_keys(['ETL_users']) retrieved from /opt/airflow/dags/ETL_users.py
[2023-11-30T15:35:20.111+0000] {logging_mixin.py:151} INFO - [2023-11-30T15:35:20.111+0000] {dag.py:2941} INFO - Sync 1 DAGs
[2023-11-30T15:35:20.166+0000] {logging_mixin.py:151} INFO - [2023-11-30T15:35:20.166+0000] {dag.py:3722} INFO - Setting next_dagrun for ETL_users to 2023-10-18T00:00:00+00:00, run_after=2023-10-19T00:00:00+00:00
[2023-11-30T15:35:20.195+0000] {processor.py:179} INFO - Processing /opt/airflow/dags/ETL_users.py took 0.184 seconds
[2023-11-30T15:42:10.201+0000] {processor.py:157} INFO - Started process (PID=127) to work on /opt/airflow/dags/ETL_users.py
[2023-11-30T15:42:10.212+0000] {processor.py:829} INFO - Processing file /opt/airflow/dags/ETL_users.py for tasks to queue
[2023-11-30T15:42:10.222+0000] {logging_mixin.py:151} INFO - [2023-11-30T15:42:10.221+0000] {dagbag.py:536} INFO - Filling up the DagBag from /opt/airflow/dags/ETL_users.py
[2023-11-30T15:42:10.379+0000] {processor.py:839} INFO - DAG(s) dict_keys(['ETL_users']) retrieved from /opt/airflow/dags/ETL_users.py
[2023-11-30T15:42:10.555+0000] {logging_mixin.py:151} INFO - [2023-11-30T15:42:10.555+0000] {dag.py:2941} INFO - Sync 1 DAGs
[2023-11-30T15:42:10.684+0000] {logging_mixin.py:151} INFO - [2023-11-30T15:42:10.683+0000] {dag.py:3722} INFO - Setting next_dagrun for ETL_users to 2023-10-29T00:00:00+00:00, run_after=2023-10-30T00:00:00+00:00
[2023-11-30T15:42:10.870+0000] {processor.py:179} INFO - Processing /opt/airflow/dags/ETL_users.py took 0.684 seconds
