[2023-11-30T13:01:59.880+0000] {processor.py:157} INFO - Started process (PID=11) to work on /opt/airflow/dags/ETL_companies.py
[2023-11-30T13:01:59.881+0000] {processor.py:829} INFO - Processing file /opt/airflow/dags/ETL_companies.py for tasks to queue
[2023-11-30T13:01:59.884+0000] {logging_mixin.py:151} INFO - [2023-11-30T13:01:59.884+0000] {dagbag.py:536} INFO - Filling up the DagBag from /opt/airflow/dags/ETL_companies.py
[2023-11-30T13:02:00.270+0000] {processor.py:839} INFO - DAG(s) dict_keys(['ETL_companies']) retrieved from /opt/airflow/dags/ETL_companies.py
[2023-11-30T13:02:00.392+0000] {logging_mixin.py:151} INFO - [2023-11-30T13:02:00.392+0000] {dag.py:2941} INFO - Sync 1 DAGs
[2023-11-30T13:02:00.470+0000] {logging_mixin.py:151} INFO - [2023-11-30T13:02:00.469+0000] {dag.py:3722} INFO - Setting next_dagrun for ETL_companies to 2023-11-27T12:30:00+00:00, run_after=2023-11-28T12:30:00+00:00
[2023-11-30T13:02:00.565+0000] {processor.py:179} INFO - Processing /opt/airflow/dags/ETL_companies.py took 0.688 seconds
[2023-11-30T13:02:31.163+0000] {processor.py:157} INFO - Started process (PID=22) to work on /opt/airflow/dags/ETL_companies.py
[2023-11-30T13:02:31.167+0000] {processor.py:829} INFO - Processing file /opt/airflow/dags/ETL_companies.py for tasks to queue
[2023-11-30T13:02:31.170+0000] {logging_mixin.py:151} INFO - [2023-11-30T13:02:31.170+0000] {dagbag.py:536} INFO - Filling up the DagBag from /opt/airflow/dags/ETL_companies.py
[2023-11-30T13:02:31.231+0000] {processor.py:839} INFO - DAG(s) dict_keys(['ETL_companies']) retrieved from /opt/airflow/dags/ETL_companies.py
[2023-11-30T13:02:31.318+0000] {logging_mixin.py:151} INFO - [2023-11-30T13:02:31.318+0000] {dag.py:2941} INFO - Sync 1 DAGs
[2023-11-30T13:02:31.407+0000] {logging_mixin.py:151} INFO - [2023-11-30T13:02:31.407+0000] {dag.py:3722} INFO - Setting next_dagrun for ETL_companies to 2023-11-27T12:30:00+00:00, run_after=2023-11-28T12:30:00+00:00
[2023-11-30T13:02:31.482+0000] {processor.py:179} INFO - Processing /opt/airflow/dags/ETL_companies.py took 0.347 seconds
[2023-11-30T13:04:14.227+0000] {processor.py:157} INFO - Started process (PID=10) to work on /opt/airflow/dags/ETL_companies.py
[2023-11-30T13:04:14.264+0000] {processor.py:829} INFO - Processing file /opt/airflow/dags/ETL_companies.py for tasks to queue
[2023-11-30T13:04:14.276+0000] {logging_mixin.py:151} INFO - [2023-11-30T13:04:14.276+0000] {dagbag.py:536} INFO - Filling up the DagBag from /opt/airflow/dags/ETL_companies.py
[2023-11-30T13:04:14.352+0000] {processor.py:839} INFO - DAG(s) dict_keys(['ETL_companies']) retrieved from /opt/airflow/dags/ETL_companies.py
[2023-11-30T13:04:14.433+0000] {logging_mixin.py:151} INFO - [2023-11-30T13:04:14.433+0000] {dag.py:2941} INFO - Sync 1 DAGs
[2023-11-30T13:04:14.539+0000] {logging_mixin.py:151} INFO - [2023-11-30T13:04:14.539+0000] {dag.py:3722} INFO - Setting next_dagrun for ETL_companies to 2023-11-27T12:30:00+00:00, run_after=2023-11-28T12:30:00+00:00
[2023-11-30T13:04:14.658+0000] {processor.py:179} INFO - Processing /opt/airflow/dags/ETL_companies.py took 0.546 seconds
[2023-11-30T13:04:44.816+0000] {processor.py:157} INFO - Started process (PID=20) to work on /opt/airflow/dags/ETL_companies.py
[2023-11-30T13:04:44.818+0000] {processor.py:829} INFO - Processing file /opt/airflow/dags/ETL_companies.py for tasks to queue
[2023-11-30T13:04:44.826+0000] {logging_mixin.py:151} INFO - [2023-11-30T13:04:44.825+0000] {dagbag.py:536} INFO - Filling up the DagBag from /opt/airflow/dags/ETL_companies.py
[2023-11-30T13:04:44.850+0000] {processor.py:839} INFO - DAG(s) dict_keys(['ETL_companies']) retrieved from /opt/airflow/dags/ETL_companies.py
[2023-11-30T13:04:44.889+0000] {logging_mixin.py:151} INFO - [2023-11-30T13:04:44.888+0000] {dag.py:2941} INFO - Sync 1 DAGs
[2023-11-30T13:04:44.939+0000] {logging_mixin.py:151} INFO - [2023-11-30T13:04:44.937+0000] {dag.py:3722} INFO - Setting next_dagrun for ETL_companies to 2023-11-27T12:30:00+00:00, run_after=2023-11-28T12:30:00+00:00
[2023-11-30T13:04:44.999+0000] {processor.py:179} INFO - Processing /opt/airflow/dags/ETL_companies.py took 0.187 seconds
[2023-11-30T13:05:15.536+0000] {processor.py:157} INFO - Started process (PID=31) to work on /opt/airflow/dags/ETL_companies.py
[2023-11-30T13:05:15.538+0000] {processor.py:829} INFO - Processing file /opt/airflow/dags/ETL_companies.py for tasks to queue
[2023-11-30T13:05:15.542+0000] {logging_mixin.py:151} INFO - [2023-11-30T13:05:15.542+0000] {dagbag.py:536} INFO - Filling up the DagBag from /opt/airflow/dags/ETL_companies.py
[2023-11-30T13:05:15.581+0000] {processor.py:839} INFO - DAG(s) dict_keys(['ETL_companies']) retrieved from /opt/airflow/dags/ETL_companies.py
[2023-11-30T13:05:15.637+0000] {logging_mixin.py:151} INFO - [2023-11-30T13:05:15.637+0000] {dag.py:2941} INFO - Sync 1 DAGs
[2023-11-30T13:05:15.722+0000] {logging_mixin.py:151} INFO - [2023-11-30T13:05:15.720+0000] {dag.py:3722} INFO - Setting next_dagrun for ETL_companies to 2023-11-27T12:30:00+00:00, run_after=2023-11-28T12:30:00+00:00
[2023-11-30T13:05:16.122+0000] {processor.py:179} INFO - Processing /opt/airflow/dags/ETL_companies.py took 0.595 seconds
[2023-11-30T13:07:13.512+0000] {processor.py:157} INFO - Started process (PID=11) to work on /opt/airflow/dags/ETL_companies.py
[2023-11-30T13:07:13.544+0000] {processor.py:829} INFO - Processing file /opt/airflow/dags/ETL_companies.py for tasks to queue
[2023-11-30T13:07:13.547+0000] {logging_mixin.py:151} INFO - [2023-11-30T13:07:13.547+0000] {dagbag.py:536} INFO - Filling up the DagBag from /opt/airflow/dags/ETL_companies.py
[2023-11-30T13:07:13.675+0000] {processor.py:839} INFO - DAG(s) dict_keys(['ETL_companies']) retrieved from /opt/airflow/dags/ETL_companies.py
[2023-11-30T13:07:13.754+0000] {logging_mixin.py:151} INFO - [2023-11-30T13:07:13.754+0000] {dag.py:2941} INFO - Sync 1 DAGs
[2023-11-30T13:07:13.810+0000] {logging_mixin.py:151} INFO - [2023-11-30T13:07:13.810+0000] {dag.py:3722} INFO - Setting next_dagrun for ETL_companies to 2023-11-27T12:30:00+00:00, run_after=2023-11-28T12:30:00+00:00
[2023-11-30T13:07:13.966+0000] {processor.py:179} INFO - Processing /opt/airflow/dags/ETL_companies.py took 0.457 seconds
[2023-11-30T13:07:44.120+0000] {processor.py:157} INFO - Started process (PID=22) to work on /opt/airflow/dags/ETL_companies.py
[2023-11-30T13:07:44.135+0000] {processor.py:829} INFO - Processing file /opt/airflow/dags/ETL_companies.py for tasks to queue
[2023-11-30T13:07:44.139+0000] {logging_mixin.py:151} INFO - [2023-11-30T13:07:44.138+0000] {dagbag.py:536} INFO - Filling up the DagBag from /opt/airflow/dags/ETL_companies.py
[2023-11-30T13:07:44.212+0000] {processor.py:839} INFO - DAG(s) dict_keys(['ETL_companies']) retrieved from /opt/airflow/dags/ETL_companies.py
[2023-11-30T13:07:44.273+0000] {logging_mixin.py:151} INFO - [2023-11-30T13:07:44.273+0000] {dag.py:2941} INFO - Sync 1 DAGs
[2023-11-30T13:07:44.306+0000] {logging_mixin.py:151} INFO - [2023-11-30T13:07:44.305+0000] {dag.py:3722} INFO - Setting next_dagrun for ETL_companies to 2023-11-27T12:30:00+00:00, run_after=2023-11-28T12:30:00+00:00
[2023-11-30T13:07:44.337+0000] {processor.py:179} INFO - Processing /opt/airflow/dags/ETL_companies.py took 0.222 seconds
[2023-11-30T13:08:15.127+0000] {processor.py:157} INFO - Started process (PID=34) to work on /opt/airflow/dags/ETL_companies.py
[2023-11-30T13:08:15.130+0000] {processor.py:829} INFO - Processing file /opt/airflow/dags/ETL_companies.py for tasks to queue
[2023-11-30T13:08:15.133+0000] {logging_mixin.py:151} INFO - [2023-11-30T13:08:15.133+0000] {dagbag.py:536} INFO - Filling up the DagBag from /opt/airflow/dags/ETL_companies.py
[2023-11-30T13:08:15.154+0000] {processor.py:839} INFO - DAG(s) dict_keys(['ETL_companies']) retrieved from /opt/airflow/dags/ETL_companies.py
[2023-11-30T13:08:15.228+0000] {logging_mixin.py:151} INFO - [2023-11-30T13:08:15.228+0000] {dag.py:2941} INFO - Sync 1 DAGs
[2023-11-30T13:08:15.287+0000] {logging_mixin.py:151} INFO - [2023-11-30T13:08:15.286+0000] {dag.py:3722} INFO - Setting next_dagrun for ETL_companies to 2023-11-27T12:30:00+00:00, run_after=2023-11-28T12:30:00+00:00
[2023-11-30T13:08:15.608+0000] {processor.py:179} INFO - Processing /opt/airflow/dags/ETL_companies.py took 0.496 seconds
[2023-11-30T13:08:45.849+0000] {processor.py:157} INFO - Started process (PID=45) to work on /opt/airflow/dags/ETL_companies.py
[2023-11-30T13:08:45.856+0000] {processor.py:829} INFO - Processing file /opt/airflow/dags/ETL_companies.py for tasks to queue
[2023-11-30T13:08:45.871+0000] {logging_mixin.py:151} INFO - [2023-11-30T13:08:45.870+0000] {dagbag.py:536} INFO - Filling up the DagBag from /opt/airflow/dags/ETL_companies.py
[2023-11-30T13:08:45.950+0000] {processor.py:839} INFO - DAG(s) dict_keys(['ETL_companies']) retrieved from /opt/airflow/dags/ETL_companies.py
[2023-11-30T13:08:46.041+0000] {logging_mixin.py:151} INFO - [2023-11-30T13:08:46.041+0000] {dag.py:2941} INFO - Sync 1 DAGs
[2023-11-30T13:08:46.554+0000] {logging_mixin.py:151} INFO - [2023-11-30T13:08:46.553+0000] {dag.py:3722} INFO - Setting next_dagrun for ETL_companies to 2023-11-27T12:30:00+00:00, run_after=2023-11-28T12:30:00+00:00
[2023-11-30T13:08:46.589+0000] {processor.py:179} INFO - Processing /opt/airflow/dags/ETL_companies.py took 0.755 seconds
[2023-11-30T13:09:17.023+0000] {processor.py:157} INFO - Started process (PID=56) to work on /opt/airflow/dags/ETL_companies.py
[2023-11-30T13:09:19.466+0000] {processor.py:829} INFO - Processing file /opt/airflow/dags/ETL_companies.py for tasks to queue
[2023-11-30T13:09:19.526+0000] {logging_mixin.py:151} INFO - [2023-11-30T13:09:19.525+0000] {dagbag.py:536} INFO - Filling up the DagBag from /opt/airflow/dags/ETL_companies.py
[2023-11-30T13:09:19.609+0000] {processor.py:839} INFO - DAG(s) dict_keys(['ETL_companies']) retrieved from /opt/airflow/dags/ETL_companies.py
[2023-11-30T13:09:19.738+0000] {logging_mixin.py:151} INFO - [2023-11-30T13:09:19.737+0000] {dag.py:2941} INFO - Sync 1 DAGs
[2023-11-30T13:09:21.586+0000] {logging_mixin.py:151} INFO - [2023-11-30T13:09:21.585+0000] {dag.py:3722} INFO - Setting next_dagrun for ETL_companies to 2023-11-27T12:30:00+00:00, run_after=2023-11-28T12:30:00+00:00
[2023-11-30T13:09:21.811+0000] {processor.py:179} INFO - Processing /opt/airflow/dags/ETL_companies.py took 4.793 seconds
[2023-11-30T13:09:52.801+0000] {processor.py:157} INFO - Started process (PID=67) to work on /opt/airflow/dags/ETL_companies.py
[2023-11-30T13:09:52.812+0000] {processor.py:829} INFO - Processing file /opt/airflow/dags/ETL_companies.py for tasks to queue
[2023-11-30T13:09:52.872+0000] {logging_mixin.py:151} INFO - [2023-11-30T13:09:52.868+0000] {dagbag.py:536} INFO - Filling up the DagBag from /opt/airflow/dags/ETL_companies.py
[2023-11-30T13:09:53.372+0000] {processor.py:839} INFO - DAG(s) dict_keys(['ETL_companies']) retrieved from /opt/airflow/dags/ETL_companies.py
[2023-11-30T13:09:54.247+0000] {logging_mixin.py:151} INFO - [2023-11-30T13:09:54.245+0000] {dag.py:2941} INFO - Sync 1 DAGs
[2023-11-30T13:09:54.302+0000] {logging_mixin.py:151} INFO - [2023-11-30T13:09:54.302+0000] {dag.py:3722} INFO - Setting next_dagrun for ETL_companies to 2023-11-27T12:30:00+00:00, run_after=2023-11-28T12:30:00+00:00
[2023-11-30T13:09:54.354+0000] {processor.py:179} INFO - Processing /opt/airflow/dags/ETL_companies.py took 1.621 seconds
[2023-11-30T13:50:13.902+0000] {processor.py:157} INFO - Started process (PID=11) to work on /opt/airflow/dags/ETL_companies.py
[2023-11-30T13:50:13.944+0000] {processor.py:829} INFO - Processing file /opt/airflow/dags/ETL_companies.py for tasks to queue
[2023-11-30T13:50:13.947+0000] {logging_mixin.py:151} INFO - [2023-11-30T13:50:13.947+0000] {dagbag.py:536} INFO - Filling up the DagBag from /opt/airflow/dags/ETL_companies.py
[2023-11-30T13:50:14.039+0000] {processor.py:839} INFO - DAG(s) dict_keys(['ETL_companies']) retrieved from /opt/airflow/dags/ETL_companies.py
[2023-11-30T13:50:14.181+0000] {logging_mixin.py:151} INFO - [2023-11-30T13:50:14.181+0000] {dag.py:2941} INFO - Sync 1 DAGs
[2023-11-30T13:50:14.402+0000] {logging_mixin.py:151} INFO - [2023-11-30T13:50:14.402+0000] {dag.py:3722} INFO - Setting next_dagrun for ETL_companies to 2023-11-27T12:30:00+00:00, run_after=2023-11-28T12:30:00+00:00
[2023-11-30T13:50:14.508+0000] {processor.py:179} INFO - Processing /opt/airflow/dags/ETL_companies.py took 0.610 seconds
[2023-11-30T13:50:45.069+0000] {processor.py:157} INFO - Started process (PID=22) to work on /opt/airflow/dags/ETL_companies.py
[2023-11-30T13:50:45.084+0000] {processor.py:829} INFO - Processing file /opt/airflow/dags/ETL_companies.py for tasks to queue
[2023-11-30T13:50:45.114+0000] {logging_mixin.py:151} INFO - [2023-11-30T13:50:45.110+0000] {dagbag.py:536} INFO - Filling up the DagBag from /opt/airflow/dags/ETL_companies.py
[2023-11-30T13:50:45.192+0000] {processor.py:839} INFO - DAG(s) dict_keys(['ETL_companies']) retrieved from /opt/airflow/dags/ETL_companies.py
[2023-11-30T13:50:45.240+0000] {logging_mixin.py:151} INFO - [2023-11-30T13:50:45.239+0000] {dag.py:2941} INFO - Sync 1 DAGs
[2023-11-30T13:50:45.317+0000] {logging_mixin.py:151} INFO - [2023-11-30T13:50:45.316+0000] {dag.py:3722} INFO - Setting next_dagrun for ETL_companies to 2023-11-27T12:30:00+00:00, run_after=2023-11-28T12:30:00+00:00
[2023-11-30T13:50:45.361+0000] {processor.py:179} INFO - Processing /opt/airflow/dags/ETL_companies.py took 0.320 seconds
[2023-11-30T13:51:15.451+0000] {processor.py:157} INFO - Started process (PID=32) to work on /opt/airflow/dags/ETL_companies.py
[2023-11-30T13:51:15.453+0000] {processor.py:829} INFO - Processing file /opt/airflow/dags/ETL_companies.py for tasks to queue
[2023-11-30T13:51:15.457+0000] {logging_mixin.py:151} INFO - [2023-11-30T13:51:15.456+0000] {dagbag.py:536} INFO - Filling up the DagBag from /opt/airflow/dags/ETL_companies.py
[2023-11-30T13:51:15.479+0000] {processor.py:839} INFO - DAG(s) dict_keys(['ETL_companies']) retrieved from /opt/airflow/dags/ETL_companies.py
[2023-11-30T13:51:15.548+0000] {logging_mixin.py:151} INFO - [2023-11-30T13:51:15.547+0000] {dag.py:2941} INFO - Sync 1 DAGs
[2023-11-30T13:51:15.600+0000] {logging_mixin.py:151} INFO - [2023-11-30T13:51:15.600+0000] {dag.py:3722} INFO - Setting next_dagrun for ETL_companies to 2023-11-27T12:30:00+00:00, run_after=2023-11-28T12:30:00+00:00
[2023-11-30T13:51:15.929+0000] {processor.py:179} INFO - Processing /opt/airflow/dags/ETL_companies.py took 0.491 seconds
[2023-11-30T13:51:46.194+0000] {processor.py:157} INFO - Started process (PID=43) to work on /opt/airflow/dags/ETL_companies.py
[2023-11-30T13:51:46.198+0000] {processor.py:829} INFO - Processing file /opt/airflow/dags/ETL_companies.py for tasks to queue
[2023-11-30T13:51:46.201+0000] {logging_mixin.py:151} INFO - [2023-11-30T13:51:46.201+0000] {dagbag.py:536} INFO - Filling up the DagBag from /opt/airflow/dags/ETL_companies.py
[2023-11-30T13:51:46.233+0000] {processor.py:839} INFO - DAG(s) dict_keys(['ETL_companies']) retrieved from /opt/airflow/dags/ETL_companies.py
[2023-11-30T13:51:46.277+0000] {logging_mixin.py:151} INFO - [2023-11-30T13:51:46.274+0000] {dag.py:2941} INFO - Sync 1 DAGs
[2023-11-30T13:51:46.620+0000] {logging_mixin.py:151} INFO - [2023-11-30T13:51:46.620+0000] {dag.py:3722} INFO - Setting next_dagrun for ETL_companies to 2023-11-27T12:30:00+00:00, run_after=2023-11-28T12:30:00+00:00
[2023-11-30T13:51:46.677+0000] {processor.py:179} INFO - Processing /opt/airflow/dags/ETL_companies.py took 0.488 seconds
[2023-11-30T13:52:17.175+0000] {processor.py:157} INFO - Started process (PID=54) to work on /opt/airflow/dags/ETL_companies.py
[2023-11-30T13:52:17.179+0000] {processor.py:829} INFO - Processing file /opt/airflow/dags/ETL_companies.py for tasks to queue
[2023-11-30T13:52:17.182+0000] {logging_mixin.py:151} INFO - [2023-11-30T13:52:17.182+0000] {dagbag.py:536} INFO - Filling up the DagBag from /opt/airflow/dags/ETL_companies.py
[2023-11-30T13:52:17.217+0000] {processor.py:839} INFO - DAG(s) dict_keys(['ETL_companies']) retrieved from /opt/airflow/dags/ETL_companies.py
[2023-11-30T13:52:17.263+0000] {logging_mixin.py:151} INFO - [2023-11-30T13:52:17.263+0000] {dag.py:2941} INFO - Sync 1 DAGs
[2023-11-30T13:52:17.541+0000] {logging_mixin.py:151} INFO - [2023-11-30T13:52:17.540+0000] {dag.py:3722} INFO - Setting next_dagrun for ETL_companies to 2023-11-27T12:30:00+00:00, run_after=2023-11-28T12:30:00+00:00
[2023-11-30T13:52:17.570+0000] {processor.py:179} INFO - Processing /opt/airflow/dags/ETL_companies.py took 0.401 seconds
[2023-11-30T13:52:48.393+0000] {processor.py:157} INFO - Started process (PID=66) to work on /opt/airflow/dags/ETL_companies.py
[2023-11-30T13:52:48.401+0000] {processor.py:829} INFO - Processing file /opt/airflow/dags/ETL_companies.py for tasks to queue
[2023-11-30T13:52:48.409+0000] {logging_mixin.py:151} INFO - [2023-11-30T13:52:48.408+0000] {dagbag.py:536} INFO - Filling up the DagBag from /opt/airflow/dags/ETL_companies.py
[2023-11-30T13:52:48.452+0000] {processor.py:839} INFO - DAG(s) dict_keys(['ETL_companies']) retrieved from /opt/airflow/dags/ETL_companies.py
[2023-11-30T13:52:48.728+0000] {logging_mixin.py:151} INFO - [2023-11-30T13:52:48.727+0000] {dag.py:2941} INFO - Sync 1 DAGs
[2023-11-30T13:52:48.915+0000] {logging_mixin.py:151} INFO - [2023-11-30T13:52:48.914+0000] {dag.py:3722} INFO - Setting next_dagrun for ETL_companies to 2023-11-27T12:30:00+00:00, run_after=2023-11-28T12:30:00+00:00
[2023-11-30T13:52:48.969+0000] {processor.py:179} INFO - Processing /opt/airflow/dags/ETL_companies.py took 0.587 seconds
[2023-11-30T13:53:19.679+0000] {processor.py:157} INFO - Started process (PID=78) to work on /opt/airflow/dags/ETL_companies.py
[2023-11-30T13:53:19.681+0000] {processor.py:829} INFO - Processing file /opt/airflow/dags/ETL_companies.py for tasks to queue
[2023-11-30T13:53:19.686+0000] {logging_mixin.py:151} INFO - [2023-11-30T13:53:19.686+0000] {dagbag.py:536} INFO - Filling up the DagBag from /opt/airflow/dags/ETL_companies.py
[2023-11-30T13:53:19.973+0000] {processor.py:839} INFO - DAG(s) dict_keys(['ETL_companies']) retrieved from /opt/airflow/dags/ETL_companies.py
[2023-11-30T13:53:20.059+0000] {logging_mixin.py:151} INFO - [2023-11-30T13:53:20.058+0000] {dag.py:2941} INFO - Sync 1 DAGs
[2023-11-30T13:53:20.121+0000] {logging_mixin.py:151} INFO - [2023-11-30T13:53:20.121+0000] {dag.py:3722} INFO - Setting next_dagrun for ETL_companies to 2023-11-27T12:30:00+00:00, run_after=2023-11-28T12:30:00+00:00
[2023-11-30T13:53:20.182+0000] {processor.py:179} INFO - Processing /opt/airflow/dags/ETL_companies.py took 0.509 seconds
[2023-11-30T13:53:50.580+0000] {processor.py:157} INFO - Started process (PID=89) to work on /opt/airflow/dags/ETL_companies.py
[2023-11-30T13:53:50.583+0000] {processor.py:829} INFO - Processing file /opt/airflow/dags/ETL_companies.py for tasks to queue
[2023-11-30T13:53:50.588+0000] {logging_mixin.py:151} INFO - [2023-11-30T13:53:50.588+0000] {dagbag.py:536} INFO - Filling up the DagBag from /opt/airflow/dags/ETL_companies.py
[2023-11-30T13:53:50.611+0000] {processor.py:839} INFO - DAG(s) dict_keys(['ETL_companies']) retrieved from /opt/airflow/dags/ETL_companies.py
[2023-11-30T13:53:50.641+0000] {logging_mixin.py:151} INFO - [2023-11-30T13:53:50.641+0000] {dag.py:2941} INFO - Sync 1 DAGs
[2023-11-30T13:53:50.670+0000] {logging_mixin.py:151} INFO - [2023-11-30T13:53:50.669+0000] {dag.py:3722} INFO - Setting next_dagrun for ETL_companies to 2023-11-27T12:30:00+00:00, run_after=2023-11-28T12:30:00+00:00
[2023-11-30T13:53:50.705+0000] {processor.py:179} INFO - Processing /opt/airflow/dags/ETL_companies.py took 0.129 seconds
[2023-11-30T13:54:21.224+0000] {processor.py:157} INFO - Started process (PID=100) to work on /opt/airflow/dags/ETL_companies.py
[2023-11-30T13:54:21.235+0000] {processor.py:829} INFO - Processing file /opt/airflow/dags/ETL_companies.py for tasks to queue
[2023-11-30T13:54:21.239+0000] {logging_mixin.py:151} INFO - [2023-11-30T13:54:21.238+0000] {dagbag.py:536} INFO - Filling up the DagBag from /opt/airflow/dags/ETL_companies.py
[2023-11-30T13:54:21.281+0000] {processor.py:839} INFO - DAG(s) dict_keys(['ETL_companies']) retrieved from /opt/airflow/dags/ETL_companies.py
[2023-11-30T13:54:21.379+0000] {logging_mixin.py:151} INFO - [2023-11-30T13:54:21.379+0000] {dag.py:2941} INFO - Sync 1 DAGs
[2023-11-30T13:54:21.458+0000] {logging_mixin.py:151} INFO - [2023-11-30T13:54:21.458+0000] {dag.py:3722} INFO - Setting next_dagrun for ETL_companies to 2023-11-27T12:30:00+00:00, run_after=2023-11-28T12:30:00+00:00
[2023-11-30T13:54:21.509+0000] {processor.py:179} INFO - Processing /opt/airflow/dags/ETL_companies.py took 0.301 seconds
[2023-11-30T13:54:51.834+0000] {processor.py:157} INFO - Started process (PID=111) to work on /opt/airflow/dags/ETL_companies.py
[2023-11-30T13:54:51.837+0000] {processor.py:829} INFO - Processing file /opt/airflow/dags/ETL_companies.py for tasks to queue
[2023-11-30T13:54:51.847+0000] {logging_mixin.py:151} INFO - [2023-11-30T13:54:51.845+0000] {dagbag.py:536} INFO - Filling up the DagBag from /opt/airflow/dags/ETL_companies.py
[2023-11-30T13:54:51.901+0000] {processor.py:839} INFO - DAG(s) dict_keys(['ETL_companies']) retrieved from /opt/airflow/dags/ETL_companies.py
[2023-11-30T13:54:52.001+0000] {logging_mixin.py:151} INFO - [2023-11-30T13:54:52.000+0000] {dag.py:2941} INFO - Sync 1 DAGs
[2023-11-30T13:54:52.139+0000] {logging_mixin.py:151} INFO - [2023-11-30T13:54:52.139+0000] {dag.py:3722} INFO - Setting next_dagrun for ETL_companies to 2023-11-27T12:30:00+00:00, run_after=2023-11-28T12:30:00+00:00
[2023-11-30T13:54:52.204+0000] {processor.py:179} INFO - Processing /opt/airflow/dags/ETL_companies.py took 0.378 seconds
[2023-11-30T13:55:22.334+0000] {processor.py:157} INFO - Started process (PID=122) to work on /opt/airflow/dags/ETL_companies.py
[2023-11-30T13:55:22.341+0000] {processor.py:829} INFO - Processing file /opt/airflow/dags/ETL_companies.py for tasks to queue
[2023-11-30T13:55:22.347+0000] {logging_mixin.py:151} INFO - [2023-11-30T13:55:22.347+0000] {dagbag.py:536} INFO - Filling up the DagBag from /opt/airflow/dags/ETL_companies.py
[2023-11-30T13:55:22.380+0000] {processor.py:839} INFO - DAG(s) dict_keys(['ETL_companies']) retrieved from /opt/airflow/dags/ETL_companies.py
[2023-11-30T13:55:22.422+0000] {logging_mixin.py:151} INFO - [2023-11-30T13:55:22.422+0000] {dag.py:2941} INFO - Sync 1 DAGs
[2023-11-30T13:55:22.475+0000] {logging_mixin.py:151} INFO - [2023-11-30T13:55:22.475+0000] {dag.py:3722} INFO - Setting next_dagrun for ETL_companies to 2023-11-27T12:30:00+00:00, run_after=2023-11-28T12:30:00+00:00
[2023-11-30T13:55:22.531+0000] {processor.py:179} INFO - Processing /opt/airflow/dags/ETL_companies.py took 0.205 seconds
[2023-11-30T13:55:52.923+0000] {processor.py:157} INFO - Started process (PID=133) to work on /opt/airflow/dags/ETL_companies.py
[2023-11-30T13:55:52.924+0000] {processor.py:829} INFO - Processing file /opt/airflow/dags/ETL_companies.py for tasks to queue
[2023-11-30T13:55:52.937+0000] {logging_mixin.py:151} INFO - [2023-11-30T13:55:52.937+0000] {dagbag.py:536} INFO - Filling up the DagBag from /opt/airflow/dags/ETL_companies.py
[2023-11-30T13:55:52.980+0000] {processor.py:839} INFO - DAG(s) dict_keys(['ETL_companies']) retrieved from /opt/airflow/dags/ETL_companies.py
[2023-11-30T13:55:53.021+0000] {logging_mixin.py:151} INFO - [2023-11-30T13:55:53.021+0000] {dag.py:2941} INFO - Sync 1 DAGs
[2023-11-30T13:55:53.066+0000] {logging_mixin.py:151} INFO - [2023-11-30T13:55:53.066+0000] {dag.py:3722} INFO - Setting next_dagrun for ETL_companies to 2023-11-27T12:30:00+00:00, run_after=2023-11-28T12:30:00+00:00
[2023-11-30T13:55:53.117+0000] {processor.py:179} INFO - Processing /opt/airflow/dags/ETL_companies.py took 0.199 seconds
[2023-11-30T13:56:23.838+0000] {processor.py:157} INFO - Started process (PID=144) to work on /opt/airflow/dags/ETL_companies.py
[2023-11-30T13:56:23.841+0000] {processor.py:829} INFO - Processing file /opt/airflow/dags/ETL_companies.py for tasks to queue
[2023-11-30T13:56:23.844+0000] {logging_mixin.py:151} INFO - [2023-11-30T13:56:23.844+0000] {dagbag.py:536} INFO - Filling up the DagBag from /opt/airflow/dags/ETL_companies.py
[2023-11-30T13:56:23.896+0000] {processor.py:839} INFO - DAG(s) dict_keys(['ETL_companies']) retrieved from /opt/airflow/dags/ETL_companies.py
[2023-11-30T13:56:23.943+0000] {logging_mixin.py:151} INFO - [2023-11-30T13:56:23.943+0000] {dag.py:2941} INFO - Sync 1 DAGs
[2023-11-30T13:56:23.992+0000] {logging_mixin.py:151} INFO - [2023-11-30T13:56:23.991+0000] {dag.py:3722} INFO - Setting next_dagrun for ETL_companies to 2023-11-27T12:30:00+00:00, run_after=2023-11-28T12:30:00+00:00
[2023-11-30T13:56:24.037+0000] {processor.py:179} INFO - Processing /opt/airflow/dags/ETL_companies.py took 0.203 seconds
[2023-11-30T13:56:54.566+0000] {processor.py:157} INFO - Started process (PID=162) to work on /opt/airflow/dags/ETL_companies.py
[2023-11-30T13:56:54.575+0000] {processor.py:829} INFO - Processing file /opt/airflow/dags/ETL_companies.py for tasks to queue
[2023-11-30T13:56:54.579+0000] {logging_mixin.py:151} INFO - [2023-11-30T13:56:54.578+0000] {dagbag.py:536} INFO - Filling up the DagBag from /opt/airflow/dags/ETL_companies.py
[2023-11-30T13:56:54.690+0000] {processor.py:839} INFO - DAG(s) dict_keys(['ETL_companies']) retrieved from /opt/airflow/dags/ETL_companies.py
[2023-11-30T13:56:54.731+0000] {logging_mixin.py:151} INFO - [2023-11-30T13:56:54.731+0000] {dag.py:2941} INFO - Sync 1 DAGs
[2023-11-30T13:56:54.793+0000] {logging_mixin.py:151} INFO - [2023-11-30T13:56:54.793+0000] {dag.py:3722} INFO - Setting next_dagrun for ETL_companies to 2023-11-27T12:30:00+00:00, run_after=2023-11-28T12:30:00+00:00
[2023-11-30T13:56:54.828+0000] {processor.py:179} INFO - Processing /opt/airflow/dags/ETL_companies.py took 0.287 seconds
[2023-11-30T13:57:25.350+0000] {processor.py:157} INFO - Started process (PID=173) to work on /opt/airflow/dags/ETL_companies.py
[2023-11-30T13:57:25.352+0000] {processor.py:829} INFO - Processing file /opt/airflow/dags/ETL_companies.py for tasks to queue
[2023-11-30T13:57:25.356+0000] {logging_mixin.py:151} INFO - [2023-11-30T13:57:25.356+0000] {dagbag.py:536} INFO - Filling up the DagBag from /opt/airflow/dags/ETL_companies.py
[2023-11-30T13:57:25.383+0000] {processor.py:839} INFO - DAG(s) dict_keys(['ETL_companies']) retrieved from /opt/airflow/dags/ETL_companies.py
[2023-11-30T13:57:25.417+0000] {logging_mixin.py:151} INFO - [2023-11-30T13:57:25.417+0000] {dag.py:2941} INFO - Sync 1 DAGs
[2023-11-30T13:57:25.455+0000] {logging_mixin.py:151} INFO - [2023-11-30T13:57:25.455+0000] {dag.py:3722} INFO - Setting next_dagrun for ETL_companies to 2023-11-27T12:30:00+00:00, run_after=2023-11-28T12:30:00+00:00
[2023-11-30T13:57:25.499+0000] {processor.py:179} INFO - Processing /opt/airflow/dags/ETL_companies.py took 0.153 seconds
[2023-11-30T13:57:56.050+0000] {processor.py:157} INFO - Started process (PID=184) to work on /opt/airflow/dags/ETL_companies.py
[2023-11-30T13:57:56.054+0000] {processor.py:829} INFO - Processing file /opt/airflow/dags/ETL_companies.py for tasks to queue
[2023-11-30T13:57:56.060+0000] {logging_mixin.py:151} INFO - [2023-11-30T13:57:56.059+0000] {dagbag.py:536} INFO - Filling up the DagBag from /opt/airflow/dags/ETL_companies.py
[2023-11-30T13:57:56.086+0000] {processor.py:839} INFO - DAG(s) dict_keys(['ETL_companies']) retrieved from /opt/airflow/dags/ETL_companies.py
[2023-11-30T13:57:56.114+0000] {logging_mixin.py:151} INFO - [2023-11-30T13:57:56.114+0000] {dag.py:2941} INFO - Sync 1 DAGs
[2023-11-30T13:57:56.154+0000] {logging_mixin.py:151} INFO - [2023-11-30T13:57:56.153+0000] {dag.py:3722} INFO - Setting next_dagrun for ETL_companies to 2023-11-27T12:30:00+00:00, run_after=2023-11-28T12:30:00+00:00
[2023-11-30T13:57:56.198+0000] {processor.py:179} INFO - Processing /opt/airflow/dags/ETL_companies.py took 0.166 seconds
[2023-11-30T13:58:26.752+0000] {processor.py:157} INFO - Started process (PID=195) to work on /opt/airflow/dags/ETL_companies.py
[2023-11-30T13:58:26.754+0000] {processor.py:829} INFO - Processing file /opt/airflow/dags/ETL_companies.py for tasks to queue
[2023-11-30T13:58:26.765+0000] {logging_mixin.py:151} INFO - [2023-11-30T13:58:26.762+0000] {dagbag.py:536} INFO - Filling up the DagBag from /opt/airflow/dags/ETL_companies.py
[2023-11-30T13:58:26.796+0000] {processor.py:839} INFO - DAG(s) dict_keys(['ETL_companies']) retrieved from /opt/airflow/dags/ETL_companies.py
[2023-11-30T13:58:26.826+0000] {logging_mixin.py:151} INFO - [2023-11-30T13:58:26.826+0000] {dag.py:2941} INFO - Sync 1 DAGs
[2023-11-30T13:58:26.872+0000] {logging_mixin.py:151} INFO - [2023-11-30T13:58:26.872+0000] {dag.py:3722} INFO - Setting next_dagrun for ETL_companies to 2023-11-27T12:30:00+00:00, run_after=2023-11-28T12:30:00+00:00
[2023-11-30T13:58:26.907+0000] {processor.py:179} INFO - Processing /opt/airflow/dags/ETL_companies.py took 0.170 seconds
[2023-11-30T13:58:57.726+0000] {processor.py:157} INFO - Started process (PID=206) to work on /opt/airflow/dags/ETL_companies.py
[2023-11-30T13:58:57.736+0000] {processor.py:829} INFO - Processing file /opt/airflow/dags/ETL_companies.py for tasks to queue
[2023-11-30T13:58:57.739+0000] {logging_mixin.py:151} INFO - [2023-11-30T13:58:57.738+0000] {dagbag.py:536} INFO - Filling up the DagBag from /opt/airflow/dags/ETL_companies.py
[2023-11-30T13:58:57.811+0000] {processor.py:839} INFO - DAG(s) dict_keys(['ETL_companies']) retrieved from /opt/airflow/dags/ETL_companies.py
[2023-11-30T13:58:57.849+0000] {logging_mixin.py:151} INFO - [2023-11-30T13:58:57.849+0000] {dag.py:2941} INFO - Sync 1 DAGs
[2023-11-30T13:58:57.891+0000] {logging_mixin.py:151} INFO - [2023-11-30T13:58:57.890+0000] {dag.py:3722} INFO - Setting next_dagrun for ETL_companies to 2023-11-27T12:30:00+00:00, run_after=2023-11-28T12:30:00+00:00
[2023-11-30T13:58:57.923+0000] {processor.py:179} INFO - Processing /opt/airflow/dags/ETL_companies.py took 0.201 seconds
[2023-11-30T13:59:28.784+0000] {processor.py:157} INFO - Started process (PID=217) to work on /opt/airflow/dags/ETL_companies.py
[2023-11-30T13:59:28.786+0000] {processor.py:829} INFO - Processing file /opt/airflow/dags/ETL_companies.py for tasks to queue
[2023-11-30T13:59:28.789+0000] {logging_mixin.py:151} INFO - [2023-11-30T13:59:28.789+0000] {dagbag.py:536} INFO - Filling up the DagBag from /opt/airflow/dags/ETL_companies.py
[2023-11-30T13:59:28.828+0000] {processor.py:839} INFO - DAG(s) dict_keys(['ETL_companies']) retrieved from /opt/airflow/dags/ETL_companies.py
[2023-11-30T13:59:28.850+0000] {logging_mixin.py:151} INFO - [2023-11-30T13:59:28.849+0000] {dag.py:2941} INFO - Sync 1 DAGs
[2023-11-30T13:59:28.880+0000] {logging_mixin.py:151} INFO - [2023-11-30T13:59:28.879+0000] {dag.py:3722} INFO - Setting next_dagrun for ETL_companies to 2023-11-27T12:30:00+00:00, run_after=2023-11-28T12:30:00+00:00
[2023-11-30T13:59:28.922+0000] {processor.py:179} INFO - Processing /opt/airflow/dags/ETL_companies.py took 0.148 seconds
[2023-11-30T13:59:59.589+0000] {processor.py:157} INFO - Started process (PID=228) to work on /opt/airflow/dags/ETL_companies.py
[2023-11-30T13:59:59.597+0000] {processor.py:829} INFO - Processing file /opt/airflow/dags/ETL_companies.py for tasks to queue
[2023-11-30T13:59:59.603+0000] {logging_mixin.py:151} INFO - [2023-11-30T13:59:59.602+0000] {dagbag.py:536} INFO - Filling up the DagBag from /opt/airflow/dags/ETL_companies.py
[2023-11-30T13:59:59.773+0000] {processor.py:839} INFO - DAG(s) dict_keys(['ETL_companies']) retrieved from /opt/airflow/dags/ETL_companies.py
[2023-11-30T13:59:59.904+0000] {logging_mixin.py:151} INFO - [2023-11-30T13:59:59.904+0000] {dag.py:2941} INFO - Sync 1 DAGs
[2023-11-30T13:59:59.973+0000] {logging_mixin.py:151} INFO - [2023-11-30T13:59:59.973+0000] {dag.py:3722} INFO - Setting next_dagrun for ETL_companies to 2023-11-27T12:30:00+00:00, run_after=2023-11-28T12:30:00+00:00
[2023-11-30T14:00:00.063+0000] {processor.py:179} INFO - Processing /opt/airflow/dags/ETL_companies.py took 0.512 seconds
[2023-11-30T14:00:30.948+0000] {processor.py:157} INFO - Started process (PID=239) to work on /opt/airflow/dags/ETL_companies.py
[2023-11-30T14:00:30.954+0000] {processor.py:829} INFO - Processing file /opt/airflow/dags/ETL_companies.py for tasks to queue
[2023-11-30T14:00:30.960+0000] {logging_mixin.py:151} INFO - [2023-11-30T14:00:30.959+0000] {dagbag.py:536} INFO - Filling up the DagBag from /opt/airflow/dags/ETL_companies.py
[2023-11-30T14:00:30.996+0000] {processor.py:839} INFO - DAG(s) dict_keys(['ETL_companies']) retrieved from /opt/airflow/dags/ETL_companies.py
[2023-11-30T14:00:31.031+0000] {logging_mixin.py:151} INFO - [2023-11-30T14:00:31.031+0000] {dag.py:2941} INFO - Sync 1 DAGs
[2023-11-30T14:00:31.069+0000] {logging_mixin.py:151} INFO - [2023-11-30T14:00:31.069+0000] {dag.py:3722} INFO - Setting next_dagrun for ETL_companies to 2023-11-27T12:30:00+00:00, run_after=2023-11-28T12:30:00+00:00
[2023-11-30T14:00:31.128+0000] {processor.py:179} INFO - Processing /opt/airflow/dags/ETL_companies.py took 0.209 seconds
[2023-11-30T14:01:01.474+0000] {processor.py:157} INFO - Started process (PID=250) to work on /opt/airflow/dags/ETL_companies.py
[2023-11-30T14:01:01.481+0000] {processor.py:829} INFO - Processing file /opt/airflow/dags/ETL_companies.py for tasks to queue
[2023-11-30T14:01:01.485+0000] {logging_mixin.py:151} INFO - [2023-11-30T14:01:01.484+0000] {dagbag.py:536} INFO - Filling up the DagBag from /opt/airflow/dags/ETL_companies.py
[2023-11-30T14:01:01.550+0000] {processor.py:839} INFO - DAG(s) dict_keys(['ETL_companies']) retrieved from /opt/airflow/dags/ETL_companies.py
[2023-11-30T14:01:01.623+0000] {logging_mixin.py:151} INFO - [2023-11-30T14:01:01.623+0000] {dag.py:2941} INFO - Sync 1 DAGs
[2023-11-30T14:01:01.766+0000] {logging_mixin.py:151} INFO - [2023-11-30T14:01:01.758+0000] {dag.py:3722} INFO - Setting next_dagrun for ETL_companies to 2023-11-27T12:30:00+00:00, run_after=2023-11-28T12:30:00+00:00
[2023-11-30T14:01:01.964+0000] {processor.py:179} INFO - Processing /opt/airflow/dags/ETL_companies.py took 0.500 seconds
[2023-11-30T14:01:32.238+0000] {processor.py:157} INFO - Started process (PID=261) to work on /opt/airflow/dags/ETL_companies.py
[2023-11-30T14:01:32.245+0000] {processor.py:829} INFO - Processing file /opt/airflow/dags/ETL_companies.py for tasks to queue
[2023-11-30T14:01:32.248+0000] {logging_mixin.py:151} INFO - [2023-11-30T14:01:32.247+0000] {dagbag.py:536} INFO - Filling up the DagBag from /opt/airflow/dags/ETL_companies.py
[2023-11-30T14:01:32.350+0000] {processor.py:839} INFO - DAG(s) dict_keys(['ETL_companies']) retrieved from /opt/airflow/dags/ETL_companies.py
[2023-11-30T14:01:32.492+0000] {logging_mixin.py:151} INFO - [2023-11-30T14:01:32.492+0000] {dag.py:2941} INFO - Sync 1 DAGs
[2023-11-30T14:01:32.617+0000] {logging_mixin.py:151} INFO - [2023-11-30T14:01:32.616+0000] {dag.py:3722} INFO - Setting next_dagrun for ETL_companies to 2023-11-27T12:30:00+00:00, run_after=2023-11-28T12:30:00+00:00
[2023-11-30T14:01:32.715+0000] {processor.py:179} INFO - Processing /opt/airflow/dags/ETL_companies.py took 0.481 seconds
[2023-11-30T14:02:02.906+0000] {processor.py:157} INFO - Started process (PID=272) to work on /opt/airflow/dags/ETL_companies.py
[2023-11-30T14:02:02.908+0000] {processor.py:829} INFO - Processing file /opt/airflow/dags/ETL_companies.py for tasks to queue
[2023-11-30T14:02:02.911+0000] {logging_mixin.py:151} INFO - [2023-11-30T14:02:02.910+0000] {dagbag.py:536} INFO - Filling up the DagBag from /opt/airflow/dags/ETL_companies.py
[2023-11-30T14:02:02.950+0000] {processor.py:839} INFO - DAG(s) dict_keys(['ETL_companies']) retrieved from /opt/airflow/dags/ETL_companies.py
[2023-11-30T14:02:03.025+0000] {logging_mixin.py:151} INFO - [2023-11-30T14:02:03.025+0000] {dag.py:2941} INFO - Sync 1 DAGs
[2023-11-30T14:02:03.095+0000] {logging_mixin.py:151} INFO - [2023-11-30T14:02:03.094+0000] {dag.py:3722} INFO - Setting next_dagrun for ETL_companies to 2023-11-27T12:30:00+00:00, run_after=2023-11-28T12:30:00+00:00
[2023-11-30T14:02:03.168+0000] {processor.py:179} INFO - Processing /opt/airflow/dags/ETL_companies.py took 0.267 seconds
[2023-11-30T14:02:33.781+0000] {processor.py:157} INFO - Started process (PID=282) to work on /opt/airflow/dags/ETL_companies.py
[2023-11-30T14:02:33.784+0000] {processor.py:829} INFO - Processing file /opt/airflow/dags/ETL_companies.py for tasks to queue
[2023-11-30T14:02:33.791+0000] {logging_mixin.py:151} INFO - [2023-11-30T14:02:33.791+0000] {dagbag.py:536} INFO - Filling up the DagBag from /opt/airflow/dags/ETL_companies.py
[2023-11-30T14:02:33.858+0000] {processor.py:839} INFO - DAG(s) dict_keys(['ETL_companies']) retrieved from /opt/airflow/dags/ETL_companies.py
[2023-11-30T14:02:33.904+0000] {logging_mixin.py:151} INFO - [2023-11-30T14:02:33.904+0000] {dag.py:2941} INFO - Sync 1 DAGs
[2023-11-30T14:02:33.961+0000] {logging_mixin.py:151} INFO - [2023-11-30T14:02:33.961+0000] {dag.py:3722} INFO - Setting next_dagrun for ETL_companies to 2023-11-27T12:30:00+00:00, run_after=2023-11-28T12:30:00+00:00
[2023-11-30T14:02:34.008+0000] {processor.py:179} INFO - Processing /opt/airflow/dags/ETL_companies.py took 0.231 seconds
[2023-11-30T14:03:04.563+0000] {processor.py:157} INFO - Started process (PID=293) to work on /opt/airflow/dags/ETL_companies.py
[2023-11-30T14:03:04.566+0000] {processor.py:829} INFO - Processing file /opt/airflow/dags/ETL_companies.py for tasks to queue
[2023-11-30T14:03:04.576+0000] {logging_mixin.py:151} INFO - [2023-11-30T14:03:04.576+0000] {dagbag.py:536} INFO - Filling up the DagBag from /opt/airflow/dags/ETL_companies.py
[2023-11-30T14:03:04.680+0000] {processor.py:839} INFO - DAG(s) dict_keys(['ETL_companies']) retrieved from /opt/airflow/dags/ETL_companies.py
[2023-11-30T14:03:04.788+0000] {logging_mixin.py:151} INFO - [2023-11-30T14:03:04.788+0000] {dag.py:2941} INFO - Sync 1 DAGs
[2023-11-30T14:03:04.848+0000] {logging_mixin.py:151} INFO - [2023-11-30T14:03:04.848+0000] {dag.py:3722} INFO - Setting next_dagrun for ETL_companies to 2023-11-27T12:30:00+00:00, run_after=2023-11-28T12:30:00+00:00
[2023-11-30T14:03:04.929+0000] {processor.py:179} INFO - Processing /opt/airflow/dags/ETL_companies.py took 0.371 seconds
[2023-11-30T14:03:35.227+0000] {processor.py:157} INFO - Started process (PID=303) to work on /opt/airflow/dags/ETL_companies.py
[2023-11-30T14:03:35.234+0000] {processor.py:829} INFO - Processing file /opt/airflow/dags/ETL_companies.py for tasks to queue
[2023-11-30T14:03:35.238+0000] {logging_mixin.py:151} INFO - [2023-11-30T14:03:35.237+0000] {dagbag.py:536} INFO - Filling up the DagBag from /opt/airflow/dags/ETL_companies.py
[2023-11-30T14:03:35.292+0000] {processor.py:839} INFO - DAG(s) dict_keys(['ETL_companies']) retrieved from /opt/airflow/dags/ETL_companies.py
[2023-11-30T14:03:35.339+0000] {logging_mixin.py:151} INFO - [2023-11-30T14:03:35.338+0000] {dag.py:2941} INFO - Sync 1 DAGs
[2023-11-30T14:03:35.449+0000] {logging_mixin.py:151} INFO - [2023-11-30T14:03:35.449+0000] {dag.py:3722} INFO - Setting next_dagrun for ETL_companies to 2023-11-27T12:30:00+00:00, run_after=2023-11-28T12:30:00+00:00
[2023-11-30T14:03:35.533+0000] {processor.py:179} INFO - Processing /opt/airflow/dags/ETL_companies.py took 0.333 seconds
[2023-11-30T14:04:06.242+0000] {processor.py:157} INFO - Started process (PID=314) to work on /opt/airflow/dags/ETL_companies.py
[2023-11-30T14:04:06.244+0000] {processor.py:829} INFO - Processing file /opt/airflow/dags/ETL_companies.py for tasks to queue
[2023-11-30T14:04:06.248+0000] {logging_mixin.py:151} INFO - [2023-11-30T14:04:06.248+0000] {dagbag.py:536} INFO - Filling up the DagBag from /opt/airflow/dags/ETL_companies.py
[2023-11-30T14:04:06.275+0000] {processor.py:839} INFO - DAG(s) dict_keys(['ETL_companies']) retrieved from /opt/airflow/dags/ETL_companies.py
[2023-11-30T14:04:06.330+0000] {logging_mixin.py:151} INFO - [2023-11-30T14:04:06.329+0000] {dag.py:2941} INFO - Sync 1 DAGs
[2023-11-30T14:04:06.372+0000] {logging_mixin.py:151} INFO - [2023-11-30T14:04:06.372+0000] {dag.py:3722} INFO - Setting next_dagrun for ETL_companies to 2023-11-27T12:30:00+00:00, run_after=2023-11-28T12:30:00+00:00
[2023-11-30T14:04:06.407+0000] {processor.py:179} INFO - Processing /opt/airflow/dags/ETL_companies.py took 0.169 seconds
[2023-11-30T14:04:36.880+0000] {processor.py:157} INFO - Started process (PID=325) to work on /opt/airflow/dags/ETL_companies.py
[2023-11-30T14:04:36.881+0000] {processor.py:829} INFO - Processing file /opt/airflow/dags/ETL_companies.py for tasks to queue
[2023-11-30T14:04:36.886+0000] {logging_mixin.py:151} INFO - [2023-11-30T14:04:36.885+0000] {dagbag.py:536} INFO - Filling up the DagBag from /opt/airflow/dags/ETL_companies.py
[2023-11-30T14:04:36.908+0000] {processor.py:839} INFO - DAG(s) dict_keys(['ETL_companies']) retrieved from /opt/airflow/dags/ETL_companies.py
[2023-11-30T14:04:36.976+0000] {logging_mixin.py:151} INFO - [2023-11-30T14:04:36.975+0000] {dag.py:2941} INFO - Sync 1 DAGs
[2023-11-30T14:04:37.011+0000] {logging_mixin.py:151} INFO - [2023-11-30T14:04:37.011+0000] {dag.py:3722} INFO - Setting next_dagrun for ETL_companies to 2023-11-27T12:30:00+00:00, run_after=2023-11-28T12:30:00+00:00
[2023-11-30T14:04:37.041+0000] {processor.py:179} INFO - Processing /opt/airflow/dags/ETL_companies.py took 0.165 seconds
[2023-11-30T14:05:07.517+0000] {processor.py:157} INFO - Started process (PID=336) to work on /opt/airflow/dags/ETL_companies.py
[2023-11-30T14:05:07.528+0000] {processor.py:829} INFO - Processing file /opt/airflow/dags/ETL_companies.py for tasks to queue
[2023-11-30T14:05:07.531+0000] {logging_mixin.py:151} INFO - [2023-11-30T14:05:07.531+0000] {dagbag.py:536} INFO - Filling up the DagBag from /opt/airflow/dags/ETL_companies.py
[2023-11-30T14:05:07.571+0000] {processor.py:839} INFO - DAG(s) dict_keys(['ETL_companies']) retrieved from /opt/airflow/dags/ETL_companies.py
[2023-11-30T14:05:07.651+0000] {logging_mixin.py:151} INFO - [2023-11-30T14:05:07.651+0000] {dag.py:2941} INFO - Sync 1 DAGs
[2023-11-30T14:05:07.717+0000] {logging_mixin.py:151} INFO - [2023-11-30T14:05:07.717+0000] {dag.py:3722} INFO - Setting next_dagrun for ETL_companies to 2023-11-27T12:30:00+00:00, run_after=2023-11-28T12:30:00+00:00
[2023-11-30T14:05:07.760+0000] {processor.py:179} INFO - Processing /opt/airflow/dags/ETL_companies.py took 0.268 seconds
[2023-11-30T14:05:38.386+0000] {processor.py:157} INFO - Started process (PID=347) to work on /opt/airflow/dags/ETL_companies.py
[2023-11-30T14:05:38.391+0000] {processor.py:829} INFO - Processing file /opt/airflow/dags/ETL_companies.py for tasks to queue
[2023-11-30T14:05:38.394+0000] {logging_mixin.py:151} INFO - [2023-11-30T14:05:38.394+0000] {dagbag.py:536} INFO - Filling up the DagBag from /opt/airflow/dags/ETL_companies.py
[2023-11-30T14:05:38.449+0000] {processor.py:839} INFO - DAG(s) dict_keys(['ETL_companies']) retrieved from /opt/airflow/dags/ETL_companies.py
[2023-11-30T14:05:38.510+0000] {logging_mixin.py:151} INFO - [2023-11-30T14:05:38.509+0000] {dag.py:2941} INFO - Sync 1 DAGs
[2023-11-30T14:05:38.562+0000] {logging_mixin.py:151} INFO - [2023-11-30T14:05:38.561+0000] {dag.py:3722} INFO - Setting next_dagrun for ETL_companies to 2023-11-27T12:30:00+00:00, run_after=2023-11-28T12:30:00+00:00
[2023-11-30T14:05:38.636+0000] {processor.py:179} INFO - Processing /opt/airflow/dags/ETL_companies.py took 0.269 seconds
[2023-11-30T14:13:13.142+0000] {processor.py:157} INFO - Started process (PID=11) to work on /opt/airflow/dags/ETL_companies.py
[2023-11-30T14:13:13.194+0000] {processor.py:829} INFO - Processing file /opt/airflow/dags/ETL_companies.py for tasks to queue
[2023-11-30T14:13:13.197+0000] {logging_mixin.py:151} INFO - [2023-11-30T14:13:13.197+0000] {dagbag.py:536} INFO - Filling up the DagBag from /opt/airflow/dags/ETL_companies.py
[2023-11-30T14:13:13.337+0000] {processor.py:839} INFO - DAG(s) dict_keys(['ETL_companies']) retrieved from /opt/airflow/dags/ETL_companies.py
[2023-11-30T14:13:13.529+0000] {logging_mixin.py:151} INFO - [2023-11-30T14:13:13.529+0000] {dag.py:2941} INFO - Sync 1 DAGs
[2023-11-30T14:13:13.632+0000] {logging_mixin.py:151} INFO - [2023-11-30T14:13:13.632+0000] {dag.py:3722} INFO - Setting next_dagrun for ETL_companies to 2023-11-27T12:30:00+00:00, run_after=2023-11-28T12:30:00+00:00
[2023-11-30T14:13:13.719+0000] {processor.py:179} INFO - Processing /opt/airflow/dags/ETL_companies.py took 0.581 seconds
[2023-11-30T14:24:07.792+0000] {processor.py:157} INFO - Started process (PID=11) to work on /opt/airflow/dags/ETL_companies.py
[2023-11-30T14:24:07.842+0000] {processor.py:829} INFO - Processing file /opt/airflow/dags/ETL_companies.py for tasks to queue
[2023-11-30T14:24:07.855+0000] {logging_mixin.py:151} INFO - [2023-11-30T14:24:07.855+0000] {dagbag.py:536} INFO - Filling up the DagBag from /opt/airflow/dags/ETL_companies.py
[2023-11-30T14:24:08.063+0000] {processor.py:839} INFO - DAG(s) dict_keys(['ETL_companies']) retrieved from /opt/airflow/dags/ETL_companies.py
[2023-11-30T14:24:08.232+0000] {logging_mixin.py:151} INFO - [2023-11-30T14:24:08.212+0000] {dag.py:2941} INFO - Sync 1 DAGs
[2023-11-30T14:24:08.311+0000] {logging_mixin.py:151} INFO - [2023-11-30T14:24:08.311+0000] {dag.py:3722} INFO - Setting next_dagrun for ETL_companies to 2023-11-27T12:30:00+00:00, run_after=2023-11-28T12:30:00+00:00
[2023-11-30T14:24:08.407+0000] {processor.py:179} INFO - Processing /opt/airflow/dags/ETL_companies.py took 0.619 seconds
[2023-11-30T14:24:39.100+0000] {processor.py:157} INFO - Started process (PID=22) to work on /opt/airflow/dags/ETL_companies.py
[2023-11-30T14:24:39.105+0000] {processor.py:829} INFO - Processing file /opt/airflow/dags/ETL_companies.py for tasks to queue
[2023-11-30T14:24:39.109+0000] {logging_mixin.py:151} INFO - [2023-11-30T14:24:39.108+0000] {dagbag.py:536} INFO - Filling up the DagBag from /opt/airflow/dags/ETL_companies.py
[2023-11-30T14:24:39.149+0000] {processor.py:839} INFO - DAG(s) dict_keys(['ETL_companies']) retrieved from /opt/airflow/dags/ETL_companies.py
[2023-11-30T14:24:39.180+0000] {logging_mixin.py:151} INFO - [2023-11-30T14:24:39.180+0000] {dag.py:2941} INFO - Sync 1 DAGs
[2023-11-30T14:24:39.249+0000] {logging_mixin.py:151} INFO - [2023-11-30T14:24:39.248+0000] {dag.py:3722} INFO - Setting next_dagrun for ETL_companies to 2023-11-27T12:30:00+00:00, run_after=2023-11-28T12:30:00+00:00
[2023-11-30T14:24:39.289+0000] {processor.py:179} INFO - Processing /opt/airflow/dags/ETL_companies.py took 0.201 seconds
[2023-11-30T14:27:55.423+0000] {processor.py:157} INFO - Started process (PID=11) to work on /opt/airflow/dags/ETL_companies.py
[2023-11-30T14:27:55.444+0000] {processor.py:829} INFO - Processing file /opt/airflow/dags/ETL_companies.py for tasks to queue
[2023-11-30T14:27:55.447+0000] {logging_mixin.py:151} INFO - [2023-11-30T14:27:55.447+0000] {dagbag.py:536} INFO - Filling up the DagBag from /opt/airflow/dags/ETL_companies.py
[2023-11-30T14:27:55.608+0000] {processor.py:839} INFO - DAG(s) dict_keys(['ETL_companies']) retrieved from /opt/airflow/dags/ETL_companies.py
[2023-11-30T14:27:55.733+0000] {logging_mixin.py:151} INFO - [2023-11-30T14:27:55.732+0000] {dag.py:2941} INFO - Sync 1 DAGs
[2023-11-30T14:27:55.839+0000] {logging_mixin.py:151} INFO - [2023-11-30T14:27:55.839+0000] {dag.py:3722} INFO - Setting next_dagrun for ETL_companies to 2023-11-27T12:30:00+00:00, run_after=2023-11-28T12:30:00+00:00
[2023-11-30T14:27:55.957+0000] {processor.py:179} INFO - Processing /opt/airflow/dags/ETL_companies.py took 0.542 seconds
[2023-11-30T14:28:26.540+0000] {processor.py:157} INFO - Started process (PID=21) to work on /opt/airflow/dags/ETL_companies.py
[2023-11-30T14:28:26.542+0000] {processor.py:829} INFO - Processing file /opt/airflow/dags/ETL_companies.py for tasks to queue
[2023-11-30T14:28:26.546+0000] {logging_mixin.py:151} INFO - [2023-11-30T14:28:26.546+0000] {dagbag.py:536} INFO - Filling up the DagBag from /opt/airflow/dags/ETL_companies.py
[2023-11-30T14:28:26.577+0000] {processor.py:839} INFO - DAG(s) dict_keys(['ETL_companies']) retrieved from /opt/airflow/dags/ETL_companies.py
[2023-11-30T14:28:26.623+0000] {logging_mixin.py:151} INFO - [2023-11-30T14:28:26.622+0000] {dag.py:2941} INFO - Sync 1 DAGs
[2023-11-30T14:28:26.652+0000] {logging_mixin.py:151} INFO - [2023-11-30T14:28:26.651+0000] {dag.py:3722} INFO - Setting next_dagrun for ETL_companies to 2023-11-27T12:30:00+00:00, run_after=2023-11-28T12:30:00+00:00
[2023-11-30T14:28:26.696+0000] {processor.py:179} INFO - Processing /opt/airflow/dags/ETL_companies.py took 0.160 seconds
[2023-11-30T15:12:11.031+0000] {processor.py:157} INFO - Started process (PID=10) to work on /opt/airflow/dags/ETL_companies.py
[2023-11-30T15:12:11.037+0000] {processor.py:829} INFO - Processing file /opt/airflow/dags/ETL_companies.py for tasks to queue
[2023-11-30T15:12:11.058+0000] {logging_mixin.py:151} INFO - [2023-11-30T15:12:11.058+0000] {dagbag.py:536} INFO - Filling up the DagBag from /opt/airflow/dags/ETL_companies.py
[2023-11-30T15:12:11.177+0000] {processor.py:839} INFO - DAG(s) dict_keys(['ETL_companies']) retrieved from /opt/airflow/dags/ETL_companies.py
[2023-11-30T15:12:11.360+0000] {logging_mixin.py:151} INFO - [2023-11-30T15:12:11.359+0000] {dag.py:2941} INFO - Sync 1 DAGs
[2023-11-30T15:12:11.477+0000] {logging_mixin.py:151} INFO - [2023-11-30T15:12:11.476+0000] {dag.py:3722} INFO - Setting next_dagrun for ETL_companies to 2023-11-27T12:30:00+00:00, run_after=2023-11-28T12:30:00+00:00
[2023-11-30T15:12:11.557+0000] {processor.py:179} INFO - Processing /opt/airflow/dags/ETL_companies.py took 0.546 seconds
[2023-11-30T15:12:42.403+0000] {processor.py:157} INFO - Started process (PID=21) to work on /opt/airflow/dags/ETL_companies.py
[2023-11-30T15:12:42.436+0000] {processor.py:829} INFO - Processing file /opt/airflow/dags/ETL_companies.py for tasks to queue
[2023-11-30T15:12:42.440+0000] {logging_mixin.py:151} INFO - [2023-11-30T15:12:42.439+0000] {dagbag.py:536} INFO - Filling up the DagBag from /opt/airflow/dags/ETL_companies.py
[2023-11-30T15:12:42.503+0000] {processor.py:839} INFO - DAG(s) dict_keys(['ETL_companies']) retrieved from /opt/airflow/dags/ETL_companies.py
[2023-11-30T15:12:42.629+0000] {logging_mixin.py:151} INFO - [2023-11-30T15:12:42.629+0000] {dag.py:2941} INFO - Sync 1 DAGs
[2023-11-30T15:12:42.698+0000] {logging_mixin.py:151} INFO - [2023-11-30T15:12:42.697+0000] {dag.py:3722} INFO - Setting next_dagrun for ETL_companies to 2023-11-27T12:30:00+00:00, run_after=2023-11-28T12:30:00+00:00
[2023-11-30T15:12:42.732+0000] {processor.py:179} INFO - Processing /opt/airflow/dags/ETL_companies.py took 0.334 seconds
[2023-11-30T15:22:06.023+0000] {processor.py:157} INFO - Started process (PID=11) to work on /opt/airflow/dags/ETL_companies.py
[2023-11-30T15:22:06.091+0000] {processor.py:829} INFO - Processing file /opt/airflow/dags/ETL_companies.py for tasks to queue
[2023-11-30T15:22:06.112+0000] {logging_mixin.py:151} INFO - [2023-11-30T15:22:06.111+0000] {dagbag.py:536} INFO - Filling up the DagBag from /opt/airflow/dags/ETL_companies.py
[2023-11-30T15:22:06.238+0000] {processor.py:839} INFO - DAG(s) dict_keys(['ETL_companies']) retrieved from /opt/airflow/dags/ETL_companies.py
[2023-11-30T15:22:06.362+0000] {logging_mixin.py:151} INFO - [2023-11-30T15:22:06.361+0000] {dag.py:2941} INFO - Sync 1 DAGs
[2023-11-30T15:22:06.429+0000] {logging_mixin.py:151} INFO - [2023-11-30T15:22:06.429+0000] {dag.py:3722} INFO - Setting next_dagrun for ETL_companies to 2023-11-27T12:30:00+00:00, run_after=2023-11-28T12:30:00+00:00
[2023-11-30T15:22:06.565+0000] {processor.py:179} INFO - Processing /opt/airflow/dags/ETL_companies.py took 0.546 seconds
[2023-11-30T15:22:37.219+0000] {processor.py:157} INFO - Started process (PID=21) to work on /opt/airflow/dags/ETL_companies.py
[2023-11-30T15:22:37.222+0000] {processor.py:829} INFO - Processing file /opt/airflow/dags/ETL_companies.py for tasks to queue
[2023-11-30T15:22:37.226+0000] {logging_mixin.py:151} INFO - [2023-11-30T15:22:37.225+0000] {dagbag.py:536} INFO - Filling up the DagBag from /opt/airflow/dags/ETL_companies.py
[2023-11-30T15:22:37.250+0000] {processor.py:839} INFO - DAG(s) dict_keys(['ETL_companies']) retrieved from /opt/airflow/dags/ETL_companies.py
[2023-11-30T15:22:37.281+0000] {logging_mixin.py:151} INFO - [2023-11-30T15:22:37.281+0000] {dag.py:2941} INFO - Sync 1 DAGs
[2023-11-30T15:22:37.312+0000] {logging_mixin.py:151} INFO - [2023-11-30T15:22:37.312+0000] {dag.py:3722} INFO - Setting next_dagrun for ETL_companies to 2023-11-27T12:30:00+00:00, run_after=2023-11-28T12:30:00+00:00
[2023-11-30T15:22:37.349+0000] {processor.py:179} INFO - Processing /opt/airflow/dags/ETL_companies.py took 0.133 seconds
[2023-11-30T15:30:42.032+0000] {processor.py:157} INFO - Started process (PID=10) to work on /opt/airflow/dags/ETL_companies.py
[2023-11-30T15:30:42.054+0000] {processor.py:829} INFO - Processing file /opt/airflow/dags/ETL_companies.py for tasks to queue
[2023-11-30T15:30:42.057+0000] {logging_mixin.py:151} INFO - [2023-11-30T15:30:42.057+0000] {dagbag.py:536} INFO - Filling up the DagBag from /opt/airflow/dags/ETL_companies.py
[2023-11-30T15:30:42.144+0000] {processor.py:839} INFO - DAG(s) dict_keys(['ETL_companies']) retrieved from /opt/airflow/dags/ETL_companies.py
[2023-11-30T15:30:42.185+0000] {logging_mixin.py:151} INFO - [2023-11-30T15:30:42.184+0000] {dag.py:2941} INFO - Sync 1 DAGs
[2023-11-30T15:30:42.216+0000] {logging_mixin.py:151} INFO - [2023-11-30T15:30:42.216+0000] {dag.py:3722} INFO - Setting next_dagrun for ETL_companies to 2023-11-27T12:30:00+00:00, run_after=2023-11-28T12:30:00+00:00
[2023-11-30T15:30:42.267+0000] {processor.py:179} INFO - Processing /opt/airflow/dags/ETL_companies.py took 0.239 seconds
[2023-11-30T15:31:12.958+0000] {processor.py:157} INFO - Started process (PID=21) to work on /opt/airflow/dags/ETL_companies.py
[2023-11-30T15:31:12.960+0000] {processor.py:829} INFO - Processing file /opt/airflow/dags/ETL_companies.py for tasks to queue
[2023-11-30T15:31:12.963+0000] {logging_mixin.py:151} INFO - [2023-11-30T15:31:12.963+0000] {dagbag.py:536} INFO - Filling up the DagBag from /opt/airflow/dags/ETL_companies.py
[2023-11-30T15:31:12.992+0000] {processor.py:839} INFO - DAG(s) dict_keys(['ETL_companies']) retrieved from /opt/airflow/dags/ETL_companies.py
[2023-11-30T15:31:13.022+0000] {logging_mixin.py:151} INFO - [2023-11-30T15:31:13.021+0000] {dag.py:2941} INFO - Sync 1 DAGs
[2023-11-30T15:31:13.051+0000] {logging_mixin.py:151} INFO - [2023-11-30T15:31:13.051+0000] {dag.py:3722} INFO - Setting next_dagrun for ETL_companies to 2023-11-27T12:30:00+00:00, run_after=2023-11-28T12:30:00+00:00
[2023-11-30T15:31:13.077+0000] {processor.py:179} INFO - Processing /opt/airflow/dags/ETL_companies.py took 0.124 seconds
[2023-11-30T15:31:43.228+0000] {processor.py:157} INFO - Started process (PID=33) to work on /opt/airflow/dags/ETL_companies.py
[2023-11-30T15:31:43.231+0000] {processor.py:829} INFO - Processing file /opt/airflow/dags/ETL_companies.py for tasks to queue
[2023-11-30T15:31:43.236+0000] {logging_mixin.py:151} INFO - [2023-11-30T15:31:43.235+0000] {dagbag.py:536} INFO - Filling up the DagBag from /opt/airflow/dags/ETL_companies.py
[2023-11-30T15:31:43.260+0000] {processor.py:839} INFO - DAG(s) dict_keys(['ETL_companies']) retrieved from /opt/airflow/dags/ETL_companies.py
[2023-11-30T15:31:43.289+0000] {logging_mixin.py:151} INFO - [2023-11-30T15:31:43.289+0000] {dag.py:2941} INFO - Sync 1 DAGs
[2023-11-30T15:31:43.634+0000] {logging_mixin.py:151} INFO - [2023-11-30T15:31:43.634+0000] {dag.py:3722} INFO - Setting next_dagrun for ETL_companies to 2023-11-27T12:30:00+00:00, run_after=2023-11-28T12:30:00+00:00
[2023-11-30T15:31:43.655+0000] {processor.py:179} INFO - Processing /opt/airflow/dags/ETL_companies.py took 0.431 seconds
[2023-11-30T15:32:13.845+0000] {processor.py:157} INFO - Started process (PID=44) to work on /opt/airflow/dags/ETL_companies.py
[2023-11-30T15:32:13.846+0000] {processor.py:829} INFO - Processing file /opt/airflow/dags/ETL_companies.py for tasks to queue
[2023-11-30T15:32:13.850+0000] {logging_mixin.py:151} INFO - [2023-11-30T15:32:13.849+0000] {dagbag.py:536} INFO - Filling up the DagBag from /opt/airflow/dags/ETL_companies.py
[2023-11-30T15:32:13.875+0000] {processor.py:839} INFO - DAG(s) dict_keys(['ETL_companies']) retrieved from /opt/airflow/dags/ETL_companies.py
[2023-11-30T15:32:13.905+0000] {logging_mixin.py:151} INFO - [2023-11-30T15:32:13.904+0000] {dag.py:2941} INFO - Sync 1 DAGs
[2023-11-30T15:32:14.167+0000] {logging_mixin.py:151} INFO - [2023-11-30T15:32:14.167+0000] {dag.py:3722} INFO - Setting next_dagrun for ETL_companies to 2023-11-27T12:30:00+00:00, run_after=2023-11-28T12:30:00+00:00
[2023-11-30T15:32:14.191+0000] {processor.py:179} INFO - Processing /opt/airflow/dags/ETL_companies.py took 0.350 seconds
[2023-11-30T15:32:44.877+0000] {processor.py:157} INFO - Started process (PID=55) to work on /opt/airflow/dags/ETL_companies.py
[2023-11-30T15:32:44.879+0000] {processor.py:829} INFO - Processing file /opt/airflow/dags/ETL_companies.py for tasks to queue
[2023-11-30T15:32:44.891+0000] {logging_mixin.py:151} INFO - [2023-11-30T15:32:44.891+0000] {dagbag.py:536} INFO - Filling up the DagBag from /opt/airflow/dags/ETL_companies.py
[2023-11-30T15:32:45.061+0000] {processor.py:839} INFO - DAG(s) dict_keys(['ETL_companies']) retrieved from /opt/airflow/dags/ETL_companies.py
[2023-11-30T15:32:46.039+0000] {logging_mixin.py:151} INFO - [2023-11-30T15:32:46.039+0000] {dag.py:2941} INFO - Sync 1 DAGs
[2023-11-30T15:32:46.070+0000] {logging_mixin.py:151} INFO - [2023-11-30T15:32:46.069+0000] {dag.py:3722} INFO - Setting next_dagrun for ETL_companies to 2023-11-30T12:30:00+00:00, run_after=2023-12-01T12:30:00+00:00
[2023-11-30T15:32:46.096+0000] {processor.py:179} INFO - Processing /opt/airflow/dags/ETL_companies.py took 1.237 seconds
[2023-11-30T15:33:16.263+0000] {processor.py:157} INFO - Started process (PID=65) to work on /opt/airflow/dags/ETL_companies.py
[2023-11-30T15:33:16.264+0000] {processor.py:829} INFO - Processing file /opt/airflow/dags/ETL_companies.py for tasks to queue
[2023-11-30T15:33:16.267+0000] {logging_mixin.py:151} INFO - [2023-11-30T15:33:16.267+0000] {dagbag.py:536} INFO - Filling up the DagBag from /opt/airflow/dags/ETL_companies.py
[2023-11-30T15:33:16.769+0000] {processor.py:839} INFO - DAG(s) dict_keys(['ETL_companies']) retrieved from /opt/airflow/dags/ETL_companies.py
[2023-11-30T15:33:16.819+0000] {logging_mixin.py:151} INFO - [2023-11-30T15:33:16.819+0000] {dag.py:2941} INFO - Sync 1 DAGs
[2023-11-30T15:33:16.864+0000] {logging_mixin.py:151} INFO - [2023-11-30T15:33:16.863+0000] {dag.py:3722} INFO - Setting next_dagrun for ETL_companies to 2023-11-30T12:30:00+00:00, run_after=2023-12-01T12:30:00+00:00
[2023-11-30T15:33:16.920+0000] {processor.py:179} INFO - Processing /opt/airflow/dags/ETL_companies.py took 0.661 seconds
[2023-11-30T15:33:47.218+0000] {processor.py:157} INFO - Started process (PID=76) to work on /opt/airflow/dags/ETL_companies.py
[2023-11-30T15:33:47.224+0000] {processor.py:829} INFO - Processing file /opt/airflow/dags/ETL_companies.py for tasks to queue
[2023-11-30T15:33:47.227+0000] {logging_mixin.py:151} INFO - [2023-11-30T15:33:47.227+0000] {dagbag.py:536} INFO - Filling up the DagBag from /opt/airflow/dags/ETL_companies.py
[2023-11-30T15:33:47.260+0000] {processor.py:839} INFO - DAG(s) dict_keys(['ETL_companies']) retrieved from /opt/airflow/dags/ETL_companies.py
[2023-11-30T15:33:47.309+0000] {logging_mixin.py:151} INFO - [2023-11-30T15:33:47.309+0000] {dag.py:2941} INFO - Sync 1 DAGs
[2023-11-30T15:33:47.374+0000] {logging_mixin.py:151} INFO - [2023-11-30T15:33:47.364+0000] {dag.py:3722} INFO - Setting next_dagrun for ETL_companies to 2023-11-30T12:30:00+00:00, run_after=2023-12-01T12:30:00+00:00
[2023-11-30T15:33:47.431+0000] {processor.py:179} INFO - Processing /opt/airflow/dags/ETL_companies.py took 0.218 seconds
[2023-11-30T15:34:17.617+0000] {processor.py:157} INFO - Started process (PID=87) to work on /opt/airflow/dags/ETL_companies.py
[2023-11-30T15:34:17.619+0000] {processor.py:829} INFO - Processing file /opt/airflow/dags/ETL_companies.py for tasks to queue
[2023-11-30T15:34:17.623+0000] {logging_mixin.py:151} INFO - [2023-11-30T15:34:17.622+0000] {dagbag.py:536} INFO - Filling up the DagBag from /opt/airflow/dags/ETL_companies.py
[2023-11-30T15:34:17.646+0000] {processor.py:839} INFO - DAG(s) dict_keys(['ETL_companies']) retrieved from /opt/airflow/dags/ETL_companies.py
[2023-11-30T15:34:17.679+0000] {logging_mixin.py:151} INFO - [2023-11-30T15:34:17.679+0000] {dag.py:2941} INFO - Sync 1 DAGs
[2023-11-30T15:34:17.713+0000] {logging_mixin.py:151} INFO - [2023-11-30T15:34:17.712+0000] {dag.py:3722} INFO - Setting next_dagrun for ETL_companies to 2023-11-30T12:30:00+00:00, run_after=2023-12-01T12:30:00+00:00
[2023-11-30T15:34:17.738+0000] {processor.py:179} INFO - Processing /opt/airflow/dags/ETL_companies.py took 0.125 seconds
[2023-11-30T15:34:48.107+0000] {processor.py:157} INFO - Started process (PID=98) to work on /opt/airflow/dags/ETL_companies.py
[2023-11-30T15:34:48.109+0000] {processor.py:829} INFO - Processing file /opt/airflow/dags/ETL_companies.py for tasks to queue
[2023-11-30T15:34:48.117+0000] {logging_mixin.py:151} INFO - [2023-11-30T15:34:48.116+0000] {dagbag.py:536} INFO - Filling up the DagBag from /opt/airflow/dags/ETL_companies.py
[2023-11-30T15:34:48.140+0000] {processor.py:839} INFO - DAG(s) dict_keys(['ETL_companies']) retrieved from /opt/airflow/dags/ETL_companies.py
[2023-11-30T15:34:48.169+0000] {logging_mixin.py:151} INFO - [2023-11-30T15:34:48.169+0000] {dag.py:2941} INFO - Sync 1 DAGs
[2023-11-30T15:34:48.196+0000] {logging_mixin.py:151} INFO - [2023-11-30T15:34:48.195+0000] {dag.py:3722} INFO - Setting next_dagrun for ETL_companies to 2023-11-30T12:30:00+00:00, run_after=2023-12-01T12:30:00+00:00
[2023-11-30T15:34:48.221+0000] {processor.py:179} INFO - Processing /opt/airflow/dags/ETL_companies.py took 0.118 seconds
[2023-11-30T15:35:18.653+0000] {processor.py:157} INFO - Started process (PID=109) to work on /opt/airflow/dags/ETL_companies.py
[2023-11-30T15:35:18.656+0000] {processor.py:829} INFO - Processing file /opt/airflow/dags/ETL_companies.py for tasks to queue
[2023-11-30T15:35:18.659+0000] {logging_mixin.py:151} INFO - [2023-11-30T15:35:18.659+0000] {dagbag.py:536} INFO - Filling up the DagBag from /opt/airflow/dags/ETL_companies.py
[2023-11-30T15:35:18.683+0000] {processor.py:839} INFO - DAG(s) dict_keys(['ETL_companies']) retrieved from /opt/airflow/dags/ETL_companies.py
[2023-11-30T15:35:18.716+0000] {logging_mixin.py:151} INFO - [2023-11-30T15:35:18.716+0000] {dag.py:2941} INFO - Sync 1 DAGs
[2023-11-30T15:35:18.750+0000] {logging_mixin.py:151} INFO - [2023-11-30T15:35:18.750+0000] {dag.py:3722} INFO - Setting next_dagrun for ETL_companies to 2023-11-30T12:30:00+00:00, run_after=2023-12-01T12:30:00+00:00
[2023-11-30T15:35:18.779+0000] {processor.py:179} INFO - Processing /opt/airflow/dags/ETL_companies.py took 0.130 seconds
[2023-11-30T15:42:07.755+0000] {processor.py:157} INFO - Started process (PID=119) to work on /opt/airflow/dags/ETL_companies.py
[2023-11-30T15:42:07.775+0000] {processor.py:829} INFO - Processing file /opt/airflow/dags/ETL_companies.py for tasks to queue
[2023-11-30T15:42:07.780+0000] {logging_mixin.py:151} INFO - [2023-11-30T15:42:07.780+0000] {dagbag.py:536} INFO - Filling up the DagBag from /opt/airflow/dags/ETL_companies.py
[2023-11-30T15:42:08.140+0000] {processor.py:839} INFO - DAG(s) dict_keys(['ETL_companies']) retrieved from /opt/airflow/dags/ETL_companies.py
[2023-11-30T15:42:08.757+0000] {logging_mixin.py:151} INFO - [2023-11-30T15:42:08.757+0000] {dag.py:2941} INFO - Sync 1 DAGs
[2023-11-30T15:42:08.909+0000] {logging_mixin.py:151} INFO - [2023-11-30T15:42:08.909+0000] {dag.py:3722} INFO - Setting next_dagrun for ETL_companies to 2023-11-30T12:30:00+00:00, run_after=2023-12-01T12:30:00+00:00
[2023-11-30T15:42:09.020+0000] {processor.py:179} INFO - Processing /opt/airflow/dags/ETL_companies.py took 1.288 seconds
[2023-11-30T15:49:57.798+0000] {processor.py:157} INFO - Started process (PID=129) to work on /opt/airflow/dags/ETL_companies.py
[2023-11-30T15:49:57.837+0000] {processor.py:829} INFO - Processing file /opt/airflow/dags/ETL_companies.py for tasks to queue
[2023-11-30T15:49:57.866+0000] {logging_mixin.py:151} INFO - [2023-11-30T15:49:57.844+0000] {dagbag.py:536} INFO - Filling up the DagBag from /opt/airflow/dags/ETL_companies.py
[2023-11-30T15:50:02.376+0000] {processor.py:839} INFO - DAG(s) dict_keys(['ETL_companies']) retrieved from /opt/airflow/dags/ETL_companies.py
