[2023-11-30T13:02:00.632+0000] {processor.py:157} INFO - Started process (PID=12) to work on /opt/airflow/dags/ETL_goals.py
[2023-11-30T13:02:00.633+0000] {processor.py:829} INFO - Processing file /opt/airflow/dags/ETL_goals.py for tasks to queue
[2023-11-30T13:02:00.646+0000] {logging_mixin.py:151} INFO - [2023-11-30T13:02:00.645+0000] {dagbag.py:536} INFO - Filling up the DagBag from /opt/airflow/dags/ETL_goals.py
[2023-11-30T13:02:00.779+0000] {processor.py:839} INFO - DAG(s) dict_keys(['ETL_goals']) retrieved from /opt/airflow/dags/ETL_goals.py
[2023-11-30T13:02:00.846+0000] {logging_mixin.py:151} INFO - [2023-11-30T13:02:00.846+0000] {dag.py:2941} INFO - Sync 1 DAGs
[2023-11-30T13:02:00.925+0000] {logging_mixin.py:151} INFO - [2023-11-30T13:02:00.925+0000] {dag.py:3722} INFO - Setting next_dagrun for ETL_goals to 2023-10-18T00:00:00+00:00, run_after=2023-10-19T00:00:00+00:00
[2023-11-30T13:02:00.971+0000] {processor.py:179} INFO - Processing /opt/airflow/dags/ETL_goals.py took 0.343 seconds
[2023-11-30T13:02:31.378+0000] {processor.py:157} INFO - Started process (PID=23) to work on /opt/airflow/dags/ETL_goals.py
[2023-11-30T13:02:31.380+0000] {processor.py:829} INFO - Processing file /opt/airflow/dags/ETL_goals.py for tasks to queue
[2023-11-30T13:02:31.384+0000] {logging_mixin.py:151} INFO - [2023-11-30T13:02:31.383+0000] {dagbag.py:536} INFO - Filling up the DagBag from /opt/airflow/dags/ETL_goals.py
[2023-11-30T13:02:31.423+0000] {processor.py:839} INFO - DAG(s) dict_keys(['ETL_goals']) retrieved from /opt/airflow/dags/ETL_goals.py
[2023-11-30T13:02:31.501+0000] {logging_mixin.py:151} INFO - [2023-11-30T13:02:31.501+0000] {dag.py:2941} INFO - Sync 1 DAGs
[2023-11-30T13:02:31.535+0000] {logging_mixin.py:151} INFO - [2023-11-30T13:02:31.535+0000] {dag.py:3722} INFO - Setting next_dagrun for ETL_goals to 2023-10-18T00:00:00+00:00, run_after=2023-10-19T00:00:00+00:00
[2023-11-30T13:02:31.570+0000] {processor.py:179} INFO - Processing /opt/airflow/dags/ETL_goals.py took 0.196 seconds
[2023-11-30T13:04:14.603+0000] {processor.py:157} INFO - Started process (PID=11) to work on /opt/airflow/dags/ETL_goals.py
[2023-11-30T13:04:14.605+0000] {processor.py:829} INFO - Processing file /opt/airflow/dags/ETL_goals.py for tasks to queue
[2023-11-30T13:04:14.614+0000] {logging_mixin.py:151} INFO - [2023-11-30T13:04:14.613+0000] {dagbag.py:536} INFO - Filling up the DagBag from /opt/airflow/dags/ETL_goals.py
[2023-11-30T13:04:14.698+0000] {processor.py:839} INFO - DAG(s) dict_keys(['ETL_goals']) retrieved from /opt/airflow/dags/ETL_goals.py
[2023-11-30T13:04:14.802+0000] {logging_mixin.py:151} INFO - [2023-11-30T13:04:14.801+0000] {dag.py:2941} INFO - Sync 1 DAGs
[2023-11-30T13:04:14.921+0000] {logging_mixin.py:151} INFO - [2023-11-30T13:04:14.920+0000] {dag.py:3722} INFO - Setting next_dagrun for ETL_goals to 2023-10-18T00:00:00+00:00, run_after=2023-10-19T00:00:00+00:00
[2023-11-30T13:04:15.044+0000] {processor.py:179} INFO - Processing /opt/airflow/dags/ETL_goals.py took 0.466 seconds
[2023-11-30T13:04:45.877+0000] {processor.py:157} INFO - Started process (PID=21) to work on /opt/airflow/dags/ETL_goals.py
[2023-11-30T13:04:45.883+0000] {processor.py:829} INFO - Processing file /opt/airflow/dags/ETL_goals.py for tasks to queue
[2023-11-30T13:04:45.897+0000] {logging_mixin.py:151} INFO - [2023-11-30T13:04:45.896+0000] {dagbag.py:536} INFO - Filling up the DagBag from /opt/airflow/dags/ETL_goals.py
[2023-11-30T13:04:45.957+0000] {processor.py:839} INFO - DAG(s) dict_keys(['ETL_goals']) retrieved from /opt/airflow/dags/ETL_goals.py
[2023-11-30T13:04:46.157+0000] {logging_mixin.py:151} INFO - [2023-11-30T13:04:46.157+0000] {dag.py:2941} INFO - Sync 1 DAGs
[2023-11-30T13:04:46.236+0000] {logging_mixin.py:151} INFO - [2023-11-30T13:04:46.227+0000] {dag.py:3722} INFO - Setting next_dagrun for ETL_goals to 2023-10-18T00:00:00+00:00, run_after=2023-10-19T00:00:00+00:00
[2023-11-30T13:04:46.333+0000] {processor.py:179} INFO - Processing /opt/airflow/dags/ETL_goals.py took 0.473 seconds
[2023-11-30T13:05:16.977+0000] {processor.py:157} INFO - Started process (PID=32) to work on /opt/airflow/dags/ETL_goals.py
[2023-11-30T13:05:16.988+0000] {processor.py:829} INFO - Processing file /opt/airflow/dags/ETL_goals.py for tasks to queue
[2023-11-30T13:05:16.992+0000] {logging_mixin.py:151} INFO - [2023-11-30T13:05:16.991+0000] {dagbag.py:536} INFO - Filling up the DagBag from /opt/airflow/dags/ETL_goals.py
[2023-11-30T13:05:17.023+0000] {processor.py:839} INFO - DAG(s) dict_keys(['ETL_goals']) retrieved from /opt/airflow/dags/ETL_goals.py
[2023-11-30T13:05:17.065+0000] {logging_mixin.py:151} INFO - [2023-11-30T13:05:17.065+0000] {dag.py:2941} INFO - Sync 1 DAGs
[2023-11-30T13:05:17.101+0000] {logging_mixin.py:151} INFO - [2023-11-30T13:05:17.101+0000] {dag.py:3722} INFO - Setting next_dagrun for ETL_goals to 2023-10-18T00:00:00+00:00, run_after=2023-10-19T00:00:00+00:00
[2023-11-30T13:05:17.465+0000] {processor.py:179} INFO - Processing /opt/airflow/dags/ETL_goals.py took 0.493 seconds
[2023-11-30T13:07:14.082+0000] {processor.py:157} INFO - Started process (PID=12) to work on /opt/airflow/dags/ETL_goals.py
[2023-11-30T13:07:14.088+0000] {processor.py:829} INFO - Processing file /opt/airflow/dags/ETL_goals.py for tasks to queue
[2023-11-30T13:07:14.093+0000] {logging_mixin.py:151} INFO - [2023-11-30T13:07:14.090+0000] {dagbag.py:536} INFO - Filling up the DagBag from /opt/airflow/dags/ETL_goals.py
[2023-11-30T13:07:14.277+0000] {processor.py:839} INFO - DAG(s) dict_keys(['ETL_goals']) retrieved from /opt/airflow/dags/ETL_goals.py
[2023-11-30T13:07:14.294+0000] {logging_mixin.py:151} INFO - [2023-11-30T13:07:14.294+0000] {dag.py:2941} INFO - Sync 1 DAGs
[2023-11-30T13:07:14.349+0000] {logging_mixin.py:151} INFO - [2023-11-30T13:07:14.349+0000] {dag.py:3722} INFO - Setting next_dagrun for ETL_goals to 2023-10-18T00:00:00+00:00, run_after=2023-10-19T00:00:00+00:00
[2023-11-30T13:07:14.377+0000] {processor.py:179} INFO - Processing /opt/airflow/dags/ETL_goals.py took 0.299 seconds
[2023-11-30T13:07:45.288+0000] {processor.py:157} INFO - Started process (PID=23) to work on /opt/airflow/dags/ETL_goals.py
[2023-11-30T13:07:45.299+0000] {processor.py:829} INFO - Processing file /opt/airflow/dags/ETL_goals.py for tasks to queue
[2023-11-30T13:07:45.302+0000] {logging_mixin.py:151} INFO - [2023-11-30T13:07:45.302+0000] {dagbag.py:536} INFO - Filling up the DagBag from /opt/airflow/dags/ETL_goals.py
[2023-11-30T13:07:45.349+0000] {processor.py:839} INFO - DAG(s) dict_keys(['ETL_goals']) retrieved from /opt/airflow/dags/ETL_goals.py
[2023-11-30T13:07:45.395+0000] {logging_mixin.py:151} INFO - [2023-11-30T13:07:45.395+0000] {dag.py:2941} INFO - Sync 1 DAGs
[2023-11-30T13:07:45.458+0000] {logging_mixin.py:151} INFO - [2023-11-30T13:07:45.458+0000] {dag.py:3722} INFO - Setting next_dagrun for ETL_goals to 2023-10-18T00:00:00+00:00, run_after=2023-10-19T00:00:00+00:00
[2023-11-30T13:07:45.495+0000] {processor.py:179} INFO - Processing /opt/airflow/dags/ETL_goals.py took 0.211 seconds
[2023-11-30T13:08:15.656+0000] {processor.py:157} INFO - Started process (PID=35) to work on /opt/airflow/dags/ETL_goals.py
[2023-11-30T13:08:15.659+0000] {processor.py:829} INFO - Processing file /opt/airflow/dags/ETL_goals.py for tasks to queue
[2023-11-30T13:08:15.662+0000] {logging_mixin.py:151} INFO - [2023-11-30T13:08:15.661+0000] {dagbag.py:536} INFO - Filling up the DagBag from /opt/airflow/dags/ETL_goals.py
[2023-11-30T13:08:15.690+0000] {processor.py:839} INFO - DAG(s) dict_keys(['ETL_goals']) retrieved from /opt/airflow/dags/ETL_goals.py
[2023-11-30T13:08:15.727+0000] {logging_mixin.py:151} INFO - [2023-11-30T13:08:15.726+0000] {dag.py:2941} INFO - Sync 1 DAGs
[2023-11-30T13:08:15.757+0000] {logging_mixin.py:151} INFO - [2023-11-30T13:08:15.757+0000] {dag.py:3722} INFO - Setting next_dagrun for ETL_goals to 2023-10-18T00:00:00+00:00, run_after=2023-10-19T00:00:00+00:00
[2023-11-30T13:08:16.127+0000] {processor.py:179} INFO - Processing /opt/airflow/dags/ETL_goals.py took 0.475 seconds
[2023-11-30T13:08:46.508+0000] {processor.py:157} INFO - Started process (PID=46) to work on /opt/airflow/dags/ETL_goals.py
[2023-11-30T13:08:46.510+0000] {processor.py:829} INFO - Processing file /opt/airflow/dags/ETL_goals.py for tasks to queue
[2023-11-30T13:08:46.518+0000] {logging_mixin.py:151} INFO - [2023-11-30T13:08:46.517+0000] {dagbag.py:536} INFO - Filling up the DagBag from /opt/airflow/dags/ETL_goals.py
[2023-11-30T13:08:46.571+0000] {processor.py:839} INFO - DAG(s) dict_keys(['ETL_goals']) retrieved from /opt/airflow/dags/ETL_goals.py
[2023-11-30T13:08:46.621+0000] {logging_mixin.py:151} INFO - [2023-11-30T13:08:46.621+0000] {dag.py:2941} INFO - Sync 1 DAGs
[2023-11-30T13:08:47.278+0000] {logging_mixin.py:151} INFO - [2023-11-30T13:08:47.278+0000] {dag.py:3722} INFO - Setting next_dagrun for ETL_goals to 2023-10-18T00:00:00+00:00, run_after=2023-10-19T00:00:00+00:00
[2023-11-30T13:08:47.406+0000] {processor.py:179} INFO - Processing /opt/airflow/dags/ETL_goals.py took 0.902 seconds
[2023-11-30T13:09:22.179+0000] {processor.py:157} INFO - Started process (PID=58) to work on /opt/airflow/dags/ETL_goals.py
[2023-11-30T13:09:22.195+0000] {processor.py:829} INFO - Processing file /opt/airflow/dags/ETL_goals.py for tasks to queue
[2023-11-30T13:09:22.199+0000] {logging_mixin.py:151} INFO - [2023-11-30T13:09:22.199+0000] {dagbag.py:536} INFO - Filling up the DagBag from /opt/airflow/dags/ETL_goals.py
[2023-11-30T13:09:22.272+0000] {processor.py:839} INFO - DAG(s) dict_keys(['ETL_goals']) retrieved from /opt/airflow/dags/ETL_goals.py
[2023-11-30T13:09:22.336+0000] {logging_mixin.py:151} INFO - [2023-11-30T13:09:22.336+0000] {dag.py:2941} INFO - Sync 1 DAGs
[2023-11-30T13:09:24.499+0000] {logging_mixin.py:151} INFO - [2023-11-30T13:09:24.499+0000] {dag.py:3722} INFO - Setting next_dagrun for ETL_goals to 2023-10-18T00:00:00+00:00, run_after=2023-10-19T00:00:00+00:00
[2023-11-30T13:09:24.554+0000] {processor.py:179} INFO - Processing /opt/airflow/dags/ETL_goals.py took 2.380 seconds
[2023-11-30T13:09:55.604+0000] {processor.py:157} INFO - Started process (PID=68) to work on /opt/airflow/dags/ETL_goals.py
[2023-11-30T13:09:55.615+0000] {processor.py:829} INFO - Processing file /opt/airflow/dags/ETL_goals.py for tasks to queue
[2023-11-30T13:09:55.621+0000] {logging_mixin.py:151} INFO - [2023-11-30T13:09:55.620+0000] {dagbag.py:536} INFO - Filling up the DagBag from /opt/airflow/dags/ETL_goals.py
[2023-11-30T13:50:14.599+0000] {processor.py:157} INFO - Started process (PID=12) to work on /opt/airflow/dags/ETL_goals.py
[2023-11-30T13:50:14.612+0000] {processor.py:829} INFO - Processing file /opt/airflow/dags/ETL_goals.py for tasks to queue
[2023-11-30T13:50:14.645+0000] {logging_mixin.py:151} INFO - [2023-11-30T13:50:14.644+0000] {dagbag.py:536} INFO - Filling up the DagBag from /opt/airflow/dags/ETL_goals.py
[2023-11-30T13:50:14.757+0000] {processor.py:839} INFO - DAG(s) dict_keys(['ETL_goals']) retrieved from /opt/airflow/dags/ETL_goals.py
[2023-11-30T13:50:14.826+0000] {logging_mixin.py:151} INFO - [2023-11-30T13:50:14.825+0000] {dag.py:2941} INFO - Sync 1 DAGs
[2023-11-30T13:50:14.957+0000] {logging_mixin.py:151} INFO - [2023-11-30T13:50:14.956+0000] {dag.py:3722} INFO - Setting next_dagrun for ETL_goals to 2023-10-18T00:00:00+00:00, run_after=2023-10-19T00:00:00+00:00
[2023-11-30T13:50:15.237+0000] {processor.py:179} INFO - Processing /opt/airflow/dags/ETL_goals.py took 0.642 seconds
[2023-11-30T13:50:45.418+0000] {processor.py:157} INFO - Started process (PID=23) to work on /opt/airflow/dags/ETL_goals.py
[2023-11-30T13:50:45.421+0000] {processor.py:829} INFO - Processing file /opt/airflow/dags/ETL_goals.py for tasks to queue
[2023-11-30T13:50:45.442+0000] {logging_mixin.py:151} INFO - [2023-11-30T13:50:45.438+0000] {dagbag.py:536} INFO - Filling up the DagBag from /opt/airflow/dags/ETL_goals.py
[2023-11-30T13:50:45.504+0000] {processor.py:839} INFO - DAG(s) dict_keys(['ETL_goals']) retrieved from /opt/airflow/dags/ETL_goals.py
[2023-11-30T13:50:45.585+0000] {logging_mixin.py:151} INFO - [2023-11-30T13:50:45.584+0000] {dag.py:2941} INFO - Sync 1 DAGs
[2023-11-30T13:50:45.614+0000] {logging_mixin.py:151} INFO - [2023-11-30T13:50:45.613+0000] {dag.py:3722} INFO - Setting next_dagrun for ETL_goals to 2023-10-18T00:00:00+00:00, run_after=2023-10-19T00:00:00+00:00
[2023-11-30T13:50:45.637+0000] {processor.py:179} INFO - Processing /opt/airflow/dags/ETL_goals.py took 0.226 seconds
[2023-11-30T13:51:15.978+0000] {processor.py:157} INFO - Started process (PID=34) to work on /opt/airflow/dags/ETL_goals.py
[2023-11-30T13:51:15.979+0000] {processor.py:829} INFO - Processing file /opt/airflow/dags/ETL_goals.py for tasks to queue
[2023-11-30T13:51:15.982+0000] {logging_mixin.py:151} INFO - [2023-11-30T13:51:15.982+0000] {dagbag.py:536} INFO - Filling up the DagBag from /opt/airflow/dags/ETL_goals.py
[2023-11-30T13:51:16.008+0000] {processor.py:839} INFO - DAG(s) dict_keys(['ETL_goals']) retrieved from /opt/airflow/dags/ETL_goals.py
[2023-11-30T13:51:16.038+0000] {logging_mixin.py:151} INFO - [2023-11-30T13:51:16.038+0000] {dag.py:2941} INFO - Sync 1 DAGs
[2023-11-30T13:51:16.073+0000] {logging_mixin.py:151} INFO - [2023-11-30T13:51:16.073+0000] {dag.py:3722} INFO - Setting next_dagrun for ETL_goals to 2023-10-18T00:00:00+00:00, run_after=2023-10-19T00:00:00+00:00
[2023-11-30T13:51:16.414+0000] {processor.py:179} INFO - Processing /opt/airflow/dags/ETL_goals.py took 0.440 seconds
[2023-11-30T13:51:46.764+0000] {processor.py:157} INFO - Started process (PID=45) to work on /opt/airflow/dags/ETL_goals.py
[2023-11-30T13:51:46.766+0000] {processor.py:829} INFO - Processing file /opt/airflow/dags/ETL_goals.py for tasks to queue
[2023-11-30T13:51:46.769+0000] {logging_mixin.py:151} INFO - [2023-11-30T13:51:46.769+0000] {dagbag.py:536} INFO - Filling up the DagBag from /opt/airflow/dags/ETL_goals.py
[2023-11-30T13:51:46.823+0000] {processor.py:839} INFO - DAG(s) dict_keys(['ETL_goals']) retrieved from /opt/airflow/dags/ETL_goals.py
[2023-11-30T13:51:46.902+0000] {logging_mixin.py:151} INFO - [2023-11-30T13:51:46.902+0000] {dag.py:2941} INFO - Sync 1 DAGs
[2023-11-30T13:51:47.270+0000] {logging_mixin.py:151} INFO - [2023-11-30T13:51:47.270+0000] {dag.py:3722} INFO - Setting next_dagrun for ETL_goals to 2023-10-18T00:00:00+00:00, run_after=2023-10-19T00:00:00+00:00
[2023-11-30T13:51:47.338+0000] {processor.py:179} INFO - Processing /opt/airflow/dags/ETL_goals.py took 0.592 seconds
[2023-11-30T13:52:17.635+0000] {processor.py:157} INFO - Started process (PID=56) to work on /opt/airflow/dags/ETL_goals.py
[2023-11-30T13:52:17.636+0000] {processor.py:829} INFO - Processing file /opt/airflow/dags/ETL_goals.py for tasks to queue
[2023-11-30T13:52:17.639+0000] {logging_mixin.py:151} INFO - [2023-11-30T13:52:17.639+0000] {dagbag.py:536} INFO - Filling up the DagBag from /opt/airflow/dags/ETL_goals.py
[2023-11-30T13:52:17.683+0000] {processor.py:839} INFO - DAG(s) dict_keys(['ETL_goals']) retrieved from /opt/airflow/dags/ETL_goals.py
[2023-11-30T13:52:17.755+0000] {logging_mixin.py:151} INFO - [2023-11-30T13:52:17.755+0000] {dag.py:2941} INFO - Sync 1 DAGs
[2023-11-30T13:52:18.504+0000] {logging_mixin.py:151} INFO - [2023-11-30T13:52:18.503+0000] {dag.py:3722} INFO - Setting next_dagrun for ETL_goals to 2023-10-18T00:00:00+00:00, run_after=2023-10-19T00:00:00+00:00
[2023-11-30T13:52:18.570+0000] {processor.py:179} INFO - Processing /opt/airflow/dags/ETL_goals.py took 0.949 seconds
[2023-11-30T13:52:49.074+0000] {processor.py:157} INFO - Started process (PID=68) to work on /opt/airflow/dags/ETL_goals.py
[2023-11-30T13:52:49.082+0000] {processor.py:829} INFO - Processing file /opt/airflow/dags/ETL_goals.py for tasks to queue
[2023-11-30T13:52:49.098+0000] {logging_mixin.py:151} INFO - [2023-11-30T13:52:49.097+0000] {dagbag.py:536} INFO - Filling up the DagBag from /opt/airflow/dags/ETL_goals.py
[2023-11-30T13:52:49.143+0000] {processor.py:839} INFO - DAG(s) dict_keys(['ETL_goals']) retrieved from /opt/airflow/dags/ETL_goals.py
[2023-11-30T13:52:49.706+0000] {logging_mixin.py:151} INFO - [2023-11-30T13:52:49.706+0000] {dag.py:2941} INFO - Sync 1 DAGs
[2023-11-30T13:52:49.747+0000] {logging_mixin.py:151} INFO - [2023-11-30T13:52:49.746+0000] {dag.py:3722} INFO - Setting next_dagrun for ETL_goals to 2023-10-18T00:00:00+00:00, run_after=2023-10-19T00:00:00+00:00
[2023-11-30T13:52:49.783+0000] {processor.py:179} INFO - Processing /opt/airflow/dags/ETL_goals.py took 0.736 seconds
[2023-11-30T13:53:20.144+0000] {processor.py:157} INFO - Started process (PID=79) to work on /opt/airflow/dags/ETL_goals.py
[2023-11-30T13:53:20.147+0000] {processor.py:829} INFO - Processing file /opt/airflow/dags/ETL_goals.py for tasks to queue
[2023-11-30T13:53:20.476+0000] {logging_mixin.py:151} INFO - [2023-11-30T13:53:20.476+0000] {dagbag.py:536} INFO - Filling up the DagBag from /opt/airflow/dags/ETL_goals.py
[2023-11-30T13:53:20.498+0000] {processor.py:839} INFO - DAG(s) dict_keys(['ETL_goals']) retrieved from /opt/airflow/dags/ETL_goals.py
[2023-11-30T13:53:20.539+0000] {logging_mixin.py:151} INFO - [2023-11-30T13:53:20.539+0000] {dag.py:2941} INFO - Sync 1 DAGs
[2023-11-30T13:53:20.623+0000] {logging_mixin.py:151} INFO - [2023-11-30T13:53:20.623+0000] {dag.py:3722} INFO - Setting next_dagrun for ETL_goals to 2023-10-18T00:00:00+00:00, run_after=2023-10-19T00:00:00+00:00
[2023-11-30T13:53:20.703+0000] {processor.py:179} INFO - Processing /opt/airflow/dags/ETL_goals.py took 0.565 seconds
[2023-11-30T13:53:51.601+0000] {processor.py:157} INFO - Started process (PID=90) to work on /opt/airflow/dags/ETL_goals.py
[2023-11-30T13:53:51.603+0000] {processor.py:829} INFO - Processing file /opt/airflow/dags/ETL_goals.py for tasks to queue
[2023-11-30T13:53:51.606+0000] {logging_mixin.py:151} INFO - [2023-11-30T13:53:51.606+0000] {dagbag.py:536} INFO - Filling up the DagBag from /opt/airflow/dags/ETL_goals.py
[2023-11-30T13:53:51.641+0000] {processor.py:839} INFO - DAG(s) dict_keys(['ETL_goals']) retrieved from /opt/airflow/dags/ETL_goals.py
[2023-11-30T13:53:51.670+0000] {logging_mixin.py:151} INFO - [2023-11-30T13:53:51.670+0000] {dag.py:2941} INFO - Sync 1 DAGs
[2023-11-30T13:53:51.699+0000] {logging_mixin.py:151} INFO - [2023-11-30T13:53:51.699+0000] {dag.py:3722} INFO - Setting next_dagrun for ETL_goals to 2023-10-18T00:00:00+00:00, run_after=2023-10-19T00:00:00+00:00
[2023-11-30T13:53:51.754+0000] {processor.py:179} INFO - Processing /opt/airflow/dags/ETL_goals.py took 0.158 seconds
[2023-11-30T13:54:22.569+0000] {processor.py:157} INFO - Started process (PID=101) to work on /opt/airflow/dags/ETL_goals.py
[2023-11-30T13:54:22.577+0000] {processor.py:829} INFO - Processing file /opt/airflow/dags/ETL_goals.py for tasks to queue
[2023-11-30T13:54:22.581+0000] {logging_mixin.py:151} INFO - [2023-11-30T13:54:22.581+0000] {dagbag.py:536} INFO - Filling up the DagBag from /opt/airflow/dags/ETL_goals.py
[2023-11-30T13:54:22.667+0000] {processor.py:839} INFO - DAG(s) dict_keys(['ETL_goals']) retrieved from /opt/airflow/dags/ETL_goals.py
[2023-11-30T13:54:22.746+0000] {logging_mixin.py:151} INFO - [2023-11-30T13:54:22.746+0000] {dag.py:2941} INFO - Sync 1 DAGs
[2023-11-30T13:54:22.836+0000] {logging_mixin.py:151} INFO - [2023-11-30T13:54:22.836+0000] {dag.py:3722} INFO - Setting next_dagrun for ETL_goals to 2023-10-18T00:00:00+00:00, run_after=2023-10-19T00:00:00+00:00
[2023-11-30T13:54:22.961+0000] {processor.py:179} INFO - Processing /opt/airflow/dags/ETL_goals.py took 0.397 seconds
[2023-11-30T13:54:53.236+0000] {processor.py:157} INFO - Started process (PID=112) to work on /opt/airflow/dags/ETL_goals.py
[2023-11-30T13:54:53.240+0000] {processor.py:829} INFO - Processing file /opt/airflow/dags/ETL_goals.py for tasks to queue
[2023-11-30T13:54:53.248+0000] {logging_mixin.py:151} INFO - [2023-11-30T13:54:53.248+0000] {dagbag.py:536} INFO - Filling up the DagBag from /opt/airflow/dags/ETL_goals.py
[2023-11-30T13:54:53.329+0000] {processor.py:839} INFO - DAG(s) dict_keys(['ETL_goals']) retrieved from /opt/airflow/dags/ETL_goals.py
[2023-11-30T13:54:53.353+0000] {logging_mixin.py:151} INFO - [2023-11-30T13:54:53.352+0000] {dag.py:2941} INFO - Sync 1 DAGs
[2023-11-30T13:54:53.403+0000] {logging_mixin.py:151} INFO - [2023-11-30T13:54:53.403+0000] {dag.py:3722} INFO - Setting next_dagrun for ETL_goals to 2023-10-18T00:00:00+00:00, run_after=2023-10-19T00:00:00+00:00
[2023-11-30T13:54:53.451+0000] {processor.py:179} INFO - Processing /opt/airflow/dags/ETL_goals.py took 0.229 seconds
[2023-11-30T13:55:23.578+0000] {processor.py:157} INFO - Started process (PID=123) to work on /opt/airflow/dags/ETL_goals.py
[2023-11-30T13:55:23.580+0000] {processor.py:829} INFO - Processing file /opt/airflow/dags/ETL_goals.py for tasks to queue
[2023-11-30T13:55:23.584+0000] {logging_mixin.py:151} INFO - [2023-11-30T13:55:23.584+0000] {dagbag.py:536} INFO - Filling up the DagBag from /opt/airflow/dags/ETL_goals.py
[2023-11-30T13:55:23.613+0000] {processor.py:839} INFO - DAG(s) dict_keys(['ETL_goals']) retrieved from /opt/airflow/dags/ETL_goals.py
[2023-11-30T13:55:23.645+0000] {logging_mixin.py:151} INFO - [2023-11-30T13:55:23.644+0000] {dag.py:2941} INFO - Sync 1 DAGs
[2023-11-30T13:55:23.678+0000] {logging_mixin.py:151} INFO - [2023-11-30T13:55:23.677+0000] {dag.py:3722} INFO - Setting next_dagrun for ETL_goals to 2023-10-18T00:00:00+00:00, run_after=2023-10-19T00:00:00+00:00
[2023-11-30T13:55:23.720+0000] {processor.py:179} INFO - Processing /opt/airflow/dags/ETL_goals.py took 0.147 seconds
[2023-11-30T13:55:54.189+0000] {processor.py:157} INFO - Started process (PID=140) to work on /opt/airflow/dags/ETL_goals.py
[2023-11-30T13:55:54.190+0000] {processor.py:829} INFO - Processing file /opt/airflow/dags/ETL_goals.py for tasks to queue
[2023-11-30T13:55:54.193+0000] {logging_mixin.py:151} INFO - [2023-11-30T13:55:54.192+0000] {dagbag.py:536} INFO - Filling up the DagBag from /opt/airflow/dags/ETL_goals.py
[2023-11-30T13:55:54.217+0000] {processor.py:839} INFO - DAG(s) dict_keys(['ETL_goals']) retrieved from /opt/airflow/dags/ETL_goals.py
[2023-11-30T13:55:54.315+0000] {logging_mixin.py:151} INFO - [2023-11-30T13:55:54.314+0000] {dag.py:2941} INFO - Sync 1 DAGs
[2023-11-30T13:55:54.373+0000] {logging_mixin.py:151} INFO - [2023-11-30T13:55:54.373+0000] {dag.py:3722} INFO - Setting next_dagrun for ETL_goals to 2023-10-18T00:00:00+00:00, run_after=2023-10-19T00:00:00+00:00
[2023-11-30T13:55:54.411+0000] {processor.py:179} INFO - Processing /opt/airflow/dags/ETL_goals.py took 0.234 seconds
[2023-11-30T13:56:25.057+0000] {processor.py:157} INFO - Started process (PID=151) to work on /opt/airflow/dags/ETL_goals.py
[2023-11-30T13:56:25.058+0000] {processor.py:829} INFO - Processing file /opt/airflow/dags/ETL_goals.py for tasks to queue
[2023-11-30T13:56:25.063+0000] {logging_mixin.py:151} INFO - [2023-11-30T13:56:25.062+0000] {dagbag.py:536} INFO - Filling up the DagBag from /opt/airflow/dags/ETL_goals.py
[2023-11-30T13:56:25.089+0000] {processor.py:839} INFO - DAG(s) dict_keys(['ETL_goals']) retrieved from /opt/airflow/dags/ETL_goals.py
[2023-11-30T13:56:25.139+0000] {logging_mixin.py:151} INFO - [2023-11-30T13:56:25.139+0000] {dag.py:2941} INFO - Sync 1 DAGs
[2023-11-30T13:56:25.174+0000] {logging_mixin.py:151} INFO - [2023-11-30T13:56:25.173+0000] {dag.py:3722} INFO - Setting next_dagrun for ETL_goals to 2023-10-18T00:00:00+00:00, run_after=2023-10-19T00:00:00+00:00
[2023-11-30T13:56:25.213+0000] {processor.py:179} INFO - Processing /opt/airflow/dags/ETL_goals.py took 0.162 seconds
[2023-11-30T13:56:55.707+0000] {processor.py:157} INFO - Started process (PID=163) to work on /opt/airflow/dags/ETL_goals.py
[2023-11-30T13:56:55.710+0000] {processor.py:829} INFO - Processing file /opt/airflow/dags/ETL_goals.py for tasks to queue
[2023-11-30T13:56:55.719+0000] {logging_mixin.py:151} INFO - [2023-11-30T13:56:55.718+0000] {dagbag.py:536} INFO - Filling up the DagBag from /opt/airflow/dags/ETL_goals.py
[2023-11-30T13:56:55.745+0000] {processor.py:839} INFO - DAG(s) dict_keys(['ETL_goals']) retrieved from /opt/airflow/dags/ETL_goals.py
[2023-11-30T13:56:55.760+0000] {logging_mixin.py:151} INFO - [2023-11-30T13:56:55.759+0000] {dag.py:2941} INFO - Sync 1 DAGs
[2023-11-30T13:56:55.789+0000] {logging_mixin.py:151} INFO - [2023-11-30T13:56:55.789+0000] {dag.py:3722} INFO - Setting next_dagrun for ETL_goals to 2023-10-18T00:00:00+00:00, run_after=2023-10-19T00:00:00+00:00
[2023-11-30T13:56:55.815+0000] {processor.py:179} INFO - Processing /opt/airflow/dags/ETL_goals.py took 0.112 seconds
[2023-11-30T13:57:26.516+0000] {processor.py:157} INFO - Started process (PID=174) to work on /opt/airflow/dags/ETL_goals.py
[2023-11-30T13:57:26.521+0000] {processor.py:829} INFO - Processing file /opt/airflow/dags/ETL_goals.py for tasks to queue
[2023-11-30T13:57:26.526+0000] {logging_mixin.py:151} INFO - [2023-11-30T13:57:26.525+0000] {dagbag.py:536} INFO - Filling up the DagBag from /opt/airflow/dags/ETL_goals.py
[2023-11-30T13:57:26.551+0000] {processor.py:839} INFO - DAG(s) dict_keys(['ETL_goals']) retrieved from /opt/airflow/dags/ETL_goals.py
[2023-11-30T13:57:26.618+0000] {logging_mixin.py:151} INFO - [2023-11-30T13:57:26.618+0000] {dag.py:2941} INFO - Sync 1 DAGs
[2023-11-30T13:57:26.675+0000] {logging_mixin.py:151} INFO - [2023-11-30T13:57:26.674+0000] {dag.py:3722} INFO - Setting next_dagrun for ETL_goals to 2023-10-18T00:00:00+00:00, run_after=2023-10-19T00:00:00+00:00
[2023-11-30T13:57:26.743+0000] {processor.py:179} INFO - Processing /opt/airflow/dags/ETL_goals.py took 0.232 seconds
[2023-11-30T13:57:57.202+0000] {processor.py:157} INFO - Started process (PID=185) to work on /opt/airflow/dags/ETL_goals.py
[2023-11-30T13:57:57.204+0000] {processor.py:829} INFO - Processing file /opt/airflow/dags/ETL_goals.py for tasks to queue
[2023-11-30T13:57:57.207+0000] {logging_mixin.py:151} INFO - [2023-11-30T13:57:57.207+0000] {dagbag.py:536} INFO - Filling up the DagBag from /opt/airflow/dags/ETL_goals.py
[2023-11-30T13:57:57.230+0000] {processor.py:839} INFO - DAG(s) dict_keys(['ETL_goals']) retrieved from /opt/airflow/dags/ETL_goals.py
[2023-11-30T13:57:57.275+0000] {logging_mixin.py:151} INFO - [2023-11-30T13:57:57.275+0000] {dag.py:2941} INFO - Sync 1 DAGs
[2023-11-30T13:57:57.316+0000] {logging_mixin.py:151} INFO - [2023-11-30T13:57:57.315+0000] {dag.py:3722} INFO - Setting next_dagrun for ETL_goals to 2023-10-18T00:00:00+00:00, run_after=2023-10-19T00:00:00+00:00
[2023-11-30T13:57:57.350+0000] {processor.py:179} INFO - Processing /opt/airflow/dags/ETL_goals.py took 0.153 seconds
[2023-11-30T13:58:27.888+0000] {processor.py:157} INFO - Started process (PID=196) to work on /opt/airflow/dags/ETL_goals.py
[2023-11-30T13:58:27.891+0000] {processor.py:829} INFO - Processing file /opt/airflow/dags/ETL_goals.py for tasks to queue
[2023-11-30T13:58:27.894+0000] {logging_mixin.py:151} INFO - [2023-11-30T13:58:27.894+0000] {dagbag.py:536} INFO - Filling up the DagBag from /opt/airflow/dags/ETL_goals.py
[2023-11-30T13:58:27.918+0000] {processor.py:839} INFO - DAG(s) dict_keys(['ETL_goals']) retrieved from /opt/airflow/dags/ETL_goals.py
[2023-11-30T13:58:27.980+0000] {logging_mixin.py:151} INFO - [2023-11-30T13:58:27.980+0000] {dag.py:2941} INFO - Sync 1 DAGs
[2023-11-30T13:58:28.030+0000] {logging_mixin.py:151} INFO - [2023-11-30T13:58:28.030+0000] {dag.py:3722} INFO - Setting next_dagrun for ETL_goals to 2023-10-18T00:00:00+00:00, run_after=2023-10-19T00:00:00+00:00
[2023-11-30T13:58:28.090+0000] {processor.py:179} INFO - Processing /opt/airflow/dags/ETL_goals.py took 0.206 seconds
[2023-11-30T13:58:58.878+0000] {processor.py:157} INFO - Started process (PID=207) to work on /opt/airflow/dags/ETL_goals.py
[2023-11-30T13:58:58.881+0000] {processor.py:829} INFO - Processing file /opt/airflow/dags/ETL_goals.py for tasks to queue
[2023-11-30T13:58:58.885+0000] {logging_mixin.py:151} INFO - [2023-11-30T13:58:58.884+0000] {dagbag.py:536} INFO - Filling up the DagBag from /opt/airflow/dags/ETL_goals.py
[2023-11-30T13:58:58.909+0000] {processor.py:839} INFO - DAG(s) dict_keys(['ETL_goals']) retrieved from /opt/airflow/dags/ETL_goals.py
[2023-11-30T13:58:58.977+0000] {logging_mixin.py:151} INFO - [2023-11-30T13:58:58.972+0000] {dag.py:2941} INFO - Sync 1 DAGs
[2023-11-30T13:58:59.031+0000] {logging_mixin.py:151} INFO - [2023-11-30T13:58:59.031+0000] {dag.py:3722} INFO - Setting next_dagrun for ETL_goals to 2023-10-18T00:00:00+00:00, run_after=2023-10-19T00:00:00+00:00
[2023-11-30T13:58:59.091+0000] {processor.py:179} INFO - Processing /opt/airflow/dags/ETL_goals.py took 0.217 seconds
[2023-11-30T13:59:29.942+0000] {processor.py:157} INFO - Started process (PID=218) to work on /opt/airflow/dags/ETL_goals.py
[2023-11-30T13:59:29.944+0000] {processor.py:829} INFO - Processing file /opt/airflow/dags/ETL_goals.py for tasks to queue
[2023-11-30T13:59:29.947+0000] {logging_mixin.py:151} INFO - [2023-11-30T13:59:29.947+0000] {dagbag.py:536} INFO - Filling up the DagBag from /opt/airflow/dags/ETL_goals.py
[2023-11-30T13:59:29.974+0000] {processor.py:839} INFO - DAG(s) dict_keys(['ETL_goals']) retrieved from /opt/airflow/dags/ETL_goals.py
[2023-11-30T13:59:30.011+0000] {logging_mixin.py:151} INFO - [2023-11-30T13:59:30.011+0000] {dag.py:2941} INFO - Sync 1 DAGs
[2023-11-30T13:59:30.123+0000] {logging_mixin.py:151} INFO - [2023-11-30T13:59:30.122+0000] {dag.py:3722} INFO - Setting next_dagrun for ETL_goals to 2023-10-18T00:00:00+00:00, run_after=2023-10-19T00:00:00+00:00
[2023-11-30T13:59:30.178+0000] {processor.py:179} INFO - Processing /opt/airflow/dags/ETL_goals.py took 0.244 seconds
[2023-11-30T14:00:01.171+0000] {processor.py:157} INFO - Started process (PID=229) to work on /opt/airflow/dags/ETL_goals.py
[2023-11-30T14:00:01.176+0000] {processor.py:829} INFO - Processing file /opt/airflow/dags/ETL_goals.py for tasks to queue
[2023-11-30T14:00:01.183+0000] {logging_mixin.py:151} INFO - [2023-11-30T14:00:01.180+0000] {dagbag.py:536} INFO - Filling up the DagBag from /opt/airflow/dags/ETL_goals.py
[2023-11-30T14:00:01.225+0000] {processor.py:839} INFO - DAG(s) dict_keys(['ETL_goals']) retrieved from /opt/airflow/dags/ETL_goals.py
[2023-11-30T14:00:01.288+0000] {logging_mixin.py:151} INFO - [2023-11-30T14:00:01.286+0000] {dag.py:2941} INFO - Sync 1 DAGs
[2023-11-30T14:00:01.748+0000] {logging_mixin.py:151} INFO - [2023-11-30T14:00:01.747+0000] {dag.py:3722} INFO - Setting next_dagrun for ETL_goals to 2023-10-18T00:00:00+00:00, run_after=2023-10-19T00:00:00+00:00
[2023-11-30T14:00:01.974+0000] {processor.py:179} INFO - Processing /opt/airflow/dags/ETL_goals.py took 0.817 seconds
[2023-11-30T14:00:32.188+0000] {processor.py:157} INFO - Started process (PID=240) to work on /opt/airflow/dags/ETL_goals.py
[2023-11-30T14:00:32.191+0000] {processor.py:829} INFO - Processing file /opt/airflow/dags/ETL_goals.py for tasks to queue
[2023-11-30T14:00:32.196+0000] {logging_mixin.py:151} INFO - [2023-11-30T14:00:32.196+0000] {dagbag.py:536} INFO - Filling up the DagBag from /opt/airflow/dags/ETL_goals.py
[2023-11-30T14:00:32.286+0000] {processor.py:839} INFO - DAG(s) dict_keys(['ETL_goals']) retrieved from /opt/airflow/dags/ETL_goals.py
[2023-11-30T14:00:32.320+0000] {logging_mixin.py:151} INFO - [2023-11-30T14:00:32.320+0000] {dag.py:2941} INFO - Sync 1 DAGs
[2023-11-30T14:00:32.401+0000] {logging_mixin.py:151} INFO - [2023-11-30T14:00:32.400+0000] {dag.py:3722} INFO - Setting next_dagrun for ETL_goals to 2023-10-18T00:00:00+00:00, run_after=2023-10-19T00:00:00+00:00
[2023-11-30T14:00:32.479+0000] {processor.py:179} INFO - Processing /opt/airflow/dags/ETL_goals.py took 0.296 seconds
[2023-11-30T14:01:03.079+0000] {processor.py:157} INFO - Started process (PID=251) to work on /opt/airflow/dags/ETL_goals.py
[2023-11-30T14:01:03.083+0000] {processor.py:829} INFO - Processing file /opt/airflow/dags/ETL_goals.py for tasks to queue
[2023-11-30T14:01:03.091+0000] {logging_mixin.py:151} INFO - [2023-11-30T14:01:03.089+0000] {dagbag.py:536} INFO - Filling up the DagBag from /opt/airflow/dags/ETL_goals.py
[2023-11-30T14:01:03.140+0000] {processor.py:839} INFO - DAG(s) dict_keys(['ETL_goals']) retrieved from /opt/airflow/dags/ETL_goals.py
[2023-11-30T14:01:03.258+0000] {logging_mixin.py:151} INFO - [2023-11-30T14:01:03.257+0000] {dag.py:2941} INFO - Sync 1 DAGs
[2023-11-30T14:01:03.352+0000] {logging_mixin.py:151} INFO - [2023-11-30T14:01:03.351+0000] {dag.py:3722} INFO - Setting next_dagrun for ETL_goals to 2023-10-18T00:00:00+00:00, run_after=2023-10-19T00:00:00+00:00
[2023-11-30T14:01:03.427+0000] {processor.py:179} INFO - Processing /opt/airflow/dags/ETL_goals.py took 0.358 seconds
[2023-11-30T14:01:33.694+0000] {processor.py:157} INFO - Started process (PID=262) to work on /opt/airflow/dags/ETL_goals.py
[2023-11-30T14:01:33.726+0000] {processor.py:829} INFO - Processing file /opt/airflow/dags/ETL_goals.py for tasks to queue
[2023-11-30T14:01:33.729+0000] {logging_mixin.py:151} INFO - [2023-11-30T14:01:33.729+0000] {dagbag.py:536} INFO - Filling up the DagBag from /opt/airflow/dags/ETL_goals.py
[2023-11-30T14:01:33.803+0000] {processor.py:839} INFO - DAG(s) dict_keys(['ETL_goals']) retrieved from /opt/airflow/dags/ETL_goals.py
[2023-11-30T14:01:33.896+0000] {logging_mixin.py:151} INFO - [2023-11-30T14:01:33.895+0000] {dag.py:2941} INFO - Sync 1 DAGs
[2023-11-30T14:01:33.998+0000] {logging_mixin.py:151} INFO - [2023-11-30T14:01:33.997+0000] {dag.py:3722} INFO - Setting next_dagrun for ETL_goals to 2023-10-18T00:00:00+00:00, run_after=2023-10-19T00:00:00+00:00
[2023-11-30T14:01:34.107+0000] {processor.py:179} INFO - Processing /opt/airflow/dags/ETL_goals.py took 0.424 seconds
[2023-11-30T14:02:04.197+0000] {processor.py:157} INFO - Started process (PID=273) to work on /opt/airflow/dags/ETL_goals.py
[2023-11-30T14:02:04.202+0000] {processor.py:829} INFO - Processing file /opt/airflow/dags/ETL_goals.py for tasks to queue
[2023-11-30T14:02:04.207+0000] {logging_mixin.py:151} INFO - [2023-11-30T14:02:04.206+0000] {dagbag.py:536} INFO - Filling up the DagBag from /opt/airflow/dags/ETL_goals.py
[2023-11-30T14:02:04.234+0000] {processor.py:839} INFO - DAG(s) dict_keys(['ETL_goals']) retrieved from /opt/airflow/dags/ETL_goals.py
[2023-11-30T14:02:04.262+0000] {logging_mixin.py:151} INFO - [2023-11-30T14:02:04.262+0000] {dag.py:2941} INFO - Sync 1 DAGs
[2023-11-30T14:02:04.289+0000] {logging_mixin.py:151} INFO - [2023-11-30T14:02:04.289+0000] {dag.py:3722} INFO - Setting next_dagrun for ETL_goals to 2023-10-18T00:00:00+00:00, run_after=2023-10-19T00:00:00+00:00
[2023-11-30T14:02:04.330+0000] {processor.py:179} INFO - Processing /opt/airflow/dags/ETL_goals.py took 0.140 seconds
[2023-11-30T14:02:35.058+0000] {processor.py:157} INFO - Started process (PID=283) to work on /opt/airflow/dags/ETL_goals.py
[2023-11-30T14:02:35.060+0000] {processor.py:829} INFO - Processing file /opt/airflow/dags/ETL_goals.py for tasks to queue
[2023-11-30T14:02:35.064+0000] {logging_mixin.py:151} INFO - [2023-11-30T14:02:35.063+0000] {dagbag.py:536} INFO - Filling up the DagBag from /opt/airflow/dags/ETL_goals.py
[2023-11-30T14:02:35.098+0000] {processor.py:839} INFO - DAG(s) dict_keys(['ETL_goals']) retrieved from /opt/airflow/dags/ETL_goals.py
[2023-11-30T14:02:35.131+0000] {logging_mixin.py:151} INFO - [2023-11-30T14:02:35.131+0000] {dag.py:2941} INFO - Sync 1 DAGs
[2023-11-30T14:02:35.165+0000] {logging_mixin.py:151} INFO - [2023-11-30T14:02:35.165+0000] {dag.py:3722} INFO - Setting next_dagrun for ETL_goals to 2023-10-18T00:00:00+00:00, run_after=2023-10-19T00:00:00+00:00
[2023-11-30T14:02:35.226+0000] {processor.py:179} INFO - Processing /opt/airflow/dags/ETL_goals.py took 0.181 seconds
[2023-11-30T14:03:05.983+0000] {processor.py:157} INFO - Started process (PID=294) to work on /opt/airflow/dags/ETL_goals.py
[2023-11-30T14:03:05.985+0000] {processor.py:829} INFO - Processing file /opt/airflow/dags/ETL_goals.py for tasks to queue
[2023-11-30T14:03:05.994+0000] {logging_mixin.py:151} INFO - [2023-11-30T14:03:05.991+0000] {dagbag.py:536} INFO - Filling up the DagBag from /opt/airflow/dags/ETL_goals.py
[2023-11-30T14:03:06.030+0000] {processor.py:839} INFO - DAG(s) dict_keys(['ETL_goals']) retrieved from /opt/airflow/dags/ETL_goals.py
[2023-11-30T14:03:06.085+0000] {logging_mixin.py:151} INFO - [2023-11-30T14:03:06.085+0000] {dag.py:2941} INFO - Sync 1 DAGs
[2023-11-30T14:03:06.155+0000] {logging_mixin.py:151} INFO - [2023-11-30T14:03:06.154+0000] {dag.py:3722} INFO - Setting next_dagrun for ETL_goals to 2023-10-18T00:00:00+00:00, run_after=2023-10-19T00:00:00+00:00
[2023-11-30T14:03:06.205+0000] {processor.py:179} INFO - Processing /opt/airflow/dags/ETL_goals.py took 0.232 seconds
[2023-11-30T14:03:36.580+0000] {processor.py:157} INFO - Started process (PID=304) to work on /opt/airflow/dags/ETL_goals.py
[2023-11-30T14:03:36.582+0000] {processor.py:829} INFO - Processing file /opt/airflow/dags/ETL_goals.py for tasks to queue
[2023-11-30T14:03:36.609+0000] {logging_mixin.py:151} INFO - [2023-11-30T14:03:36.589+0000] {dagbag.py:536} INFO - Filling up the DagBag from /opt/airflow/dags/ETL_goals.py
[2023-11-30T14:03:36.694+0000] {processor.py:839} INFO - DAG(s) dict_keys(['ETL_goals']) retrieved from /opt/airflow/dags/ETL_goals.py
[2023-11-30T14:03:36.717+0000] {logging_mixin.py:151} INFO - [2023-11-30T14:03:36.716+0000] {dag.py:2941} INFO - Sync 1 DAGs
[2023-11-30T14:03:36.796+0000] {logging_mixin.py:151} INFO - [2023-11-30T14:03:36.789+0000] {dag.py:3722} INFO - Setting next_dagrun for ETL_goals to 2023-10-18T00:00:00+00:00, run_after=2023-10-19T00:00:00+00:00
[2023-11-30T14:03:36.848+0000] {processor.py:179} INFO - Processing /opt/airflow/dags/ETL_goals.py took 0.289 seconds
[2023-11-30T14:04:07.473+0000] {processor.py:157} INFO - Started process (PID=315) to work on /opt/airflow/dags/ETL_goals.py
[2023-11-30T14:04:07.478+0000] {processor.py:829} INFO - Processing file /opt/airflow/dags/ETL_goals.py for tasks to queue
[2023-11-30T14:04:07.482+0000] {logging_mixin.py:151} INFO - [2023-11-30T14:04:07.481+0000] {dagbag.py:536} INFO - Filling up the DagBag from /opt/airflow/dags/ETL_goals.py
[2023-11-30T14:04:07.505+0000] {processor.py:839} INFO - DAG(s) dict_keys(['ETL_goals']) retrieved from /opt/airflow/dags/ETL_goals.py
[2023-11-30T14:04:07.540+0000] {logging_mixin.py:151} INFO - [2023-11-30T14:04:07.539+0000] {dag.py:2941} INFO - Sync 1 DAGs
[2023-11-30T14:04:07.570+0000] {logging_mixin.py:151} INFO - [2023-11-30T14:04:07.569+0000] {dag.py:3722} INFO - Setting next_dagrun for ETL_goals to 2023-10-18T00:00:00+00:00, run_after=2023-10-19T00:00:00+00:00
[2023-11-30T14:04:07.595+0000] {processor.py:179} INFO - Processing /opt/airflow/dags/ETL_goals.py took 0.130 seconds
[2023-11-30T14:04:38.066+0000] {processor.py:157} INFO - Started process (PID=326) to work on /opt/airflow/dags/ETL_goals.py
[2023-11-30T14:04:38.068+0000] {processor.py:829} INFO - Processing file /opt/airflow/dags/ETL_goals.py for tasks to queue
[2023-11-30T14:04:38.075+0000] {logging_mixin.py:151} INFO - [2023-11-30T14:04:38.075+0000] {dagbag.py:536} INFO - Filling up the DagBag from /opt/airflow/dags/ETL_goals.py
[2023-11-30T14:04:38.096+0000] {processor.py:839} INFO - DAG(s) dict_keys(['ETL_goals']) retrieved from /opt/airflow/dags/ETL_goals.py
[2023-11-30T14:04:38.125+0000] {logging_mixin.py:151} INFO - [2023-11-30T14:04:38.125+0000] {dag.py:2941} INFO - Sync 1 DAGs
[2023-11-30T14:04:38.151+0000] {logging_mixin.py:151} INFO - [2023-11-30T14:04:38.151+0000] {dag.py:3722} INFO - Setting next_dagrun for ETL_goals to 2023-10-18T00:00:00+00:00, run_after=2023-10-19T00:00:00+00:00
[2023-11-30T14:04:38.175+0000] {processor.py:179} INFO - Processing /opt/airflow/dags/ETL_goals.py took 0.113 seconds
[2023-11-30T14:05:08.835+0000] {processor.py:157} INFO - Started process (PID=337) to work on /opt/airflow/dags/ETL_goals.py
[2023-11-30T14:05:08.837+0000] {processor.py:829} INFO - Processing file /opt/airflow/dags/ETL_goals.py for tasks to queue
[2023-11-30T14:05:08.846+0000] {logging_mixin.py:151} INFO - [2023-11-30T14:05:08.845+0000] {dagbag.py:536} INFO - Filling up the DagBag from /opt/airflow/dags/ETL_goals.py
[2023-11-30T14:05:08.903+0000] {processor.py:839} INFO - DAG(s) dict_keys(['ETL_goals']) retrieved from /opt/airflow/dags/ETL_goals.py
[2023-11-30T14:05:08.949+0000] {logging_mixin.py:151} INFO - [2023-11-30T14:05:08.948+0000] {dag.py:2941} INFO - Sync 1 DAGs
[2023-11-30T14:05:08.988+0000] {logging_mixin.py:151} INFO - [2023-11-30T14:05:08.988+0000] {dag.py:3722} INFO - Setting next_dagrun for ETL_goals to 2023-10-18T00:00:00+00:00, run_after=2023-10-19T00:00:00+00:00
[2023-11-30T14:05:09.022+0000] {processor.py:179} INFO - Processing /opt/airflow/dags/ETL_goals.py took 0.195 seconds
[2023-11-30T14:05:39.707+0000] {processor.py:157} INFO - Started process (PID=348) to work on /opt/airflow/dags/ETL_goals.py
[2023-11-30T14:05:39.709+0000] {processor.py:829} INFO - Processing file /opt/airflow/dags/ETL_goals.py for tasks to queue
[2023-11-30T14:05:39.713+0000] {logging_mixin.py:151} INFO - [2023-11-30T14:05:39.712+0000] {dagbag.py:536} INFO - Filling up the DagBag from /opt/airflow/dags/ETL_goals.py
[2023-11-30T14:05:39.750+0000] {processor.py:839} INFO - DAG(s) dict_keys(['ETL_goals']) retrieved from /opt/airflow/dags/ETL_goals.py
[2023-11-30T14:05:39.804+0000] {logging_mixin.py:151} INFO - [2023-11-30T14:05:39.804+0000] {dag.py:2941} INFO - Sync 1 DAGs
[2023-11-30T14:05:39.866+0000] {logging_mixin.py:151} INFO - [2023-11-30T14:05:39.865+0000] {dag.py:3722} INFO - Setting next_dagrun for ETL_goals to 2023-10-18T00:00:00+00:00, run_after=2023-10-19T00:00:00+00:00
[2023-11-30T14:05:39.996+0000] {processor.py:179} INFO - Processing /opt/airflow/dags/ETL_goals.py took 0.310 seconds
[2023-11-30T14:13:13.653+0000] {processor.py:157} INFO - Started process (PID=12) to work on /opt/airflow/dags/ETL_goals.py
[2023-11-30T14:13:13.658+0000] {processor.py:829} INFO - Processing file /opt/airflow/dags/ETL_goals.py for tasks to queue
[2023-11-30T14:13:13.677+0000] {logging_mixin.py:151} INFO - [2023-11-30T14:13:13.677+0000] {dagbag.py:536} INFO - Filling up the DagBag from /opt/airflow/dags/ETL_goals.py
[2023-11-30T14:13:13.742+0000] {processor.py:839} INFO - DAG(s) dict_keys(['ETL_goals']) retrieved from /opt/airflow/dags/ETL_goals.py
[2023-11-30T14:13:13.786+0000] {logging_mixin.py:151} INFO - [2023-11-30T14:13:13.786+0000] {dag.py:2941} INFO - Sync 1 DAGs
[2023-11-30T14:13:13.868+0000] {logging_mixin.py:151} INFO - [2023-11-30T14:13:13.868+0000] {dag.py:3722} INFO - Setting next_dagrun for ETL_goals to 2023-10-18T00:00:00+00:00, run_after=2023-10-19T00:00:00+00:00
[2023-11-30T14:13:14.016+0000] {processor.py:179} INFO - Processing /opt/airflow/dags/ETL_goals.py took 0.367 seconds
[2023-11-30T14:24:08.455+0000] {processor.py:157} INFO - Started process (PID=12) to work on /opt/airflow/dags/ETL_goals.py
[2023-11-30T14:24:08.456+0000] {processor.py:829} INFO - Processing file /opt/airflow/dags/ETL_goals.py for tasks to queue
[2023-11-30T14:24:08.459+0000] {logging_mixin.py:151} INFO - [2023-11-30T14:24:08.459+0000] {dagbag.py:536} INFO - Filling up the DagBag from /opt/airflow/dags/ETL_goals.py
[2023-11-30T14:24:08.513+0000] {processor.py:839} INFO - DAG(s) dict_keys(['ETL_goals']) retrieved from /opt/airflow/dags/ETL_goals.py
[2023-11-30T14:24:08.579+0000] {logging_mixin.py:151} INFO - [2023-11-30T14:24:08.579+0000] {dag.py:2941} INFO - Sync 1 DAGs
[2023-11-30T14:24:08.720+0000] {logging_mixin.py:151} INFO - [2023-11-30T14:24:08.719+0000] {dag.py:3722} INFO - Setting next_dagrun for ETL_goals to 2023-10-18T00:00:00+00:00, run_after=2023-10-19T00:00:00+00:00
[2023-11-30T14:24:08.822+0000] {processor.py:179} INFO - Processing /opt/airflow/dags/ETL_goals.py took 0.388 seconds
[2023-11-30T14:24:39.319+0000] {processor.py:157} INFO - Started process (PID=23) to work on /opt/airflow/dags/ETL_goals.py
[2023-11-30T14:24:39.331+0000] {processor.py:829} INFO - Processing file /opt/airflow/dags/ETL_goals.py for tasks to queue
[2023-11-30T14:24:39.339+0000] {logging_mixin.py:151} INFO - [2023-11-30T14:24:39.339+0000] {dagbag.py:536} INFO - Filling up the DagBag from /opt/airflow/dags/ETL_goals.py
[2023-11-30T14:24:39.383+0000] {processor.py:839} INFO - DAG(s) dict_keys(['ETL_goals']) retrieved from /opt/airflow/dags/ETL_goals.py
[2023-11-30T14:24:39.432+0000] {logging_mixin.py:151} INFO - [2023-11-30T14:24:39.432+0000] {dag.py:2941} INFO - Sync 1 DAGs
[2023-11-30T14:24:39.464+0000] {logging_mixin.py:151} INFO - [2023-11-30T14:24:39.463+0000] {dag.py:3722} INFO - Setting next_dagrun for ETL_goals to 2023-10-18T00:00:00+00:00, run_after=2023-10-19T00:00:00+00:00
[2023-11-30T14:24:39.498+0000] {processor.py:179} INFO - Processing /opt/airflow/dags/ETL_goals.py took 0.183 seconds
[2023-11-30T14:27:55.846+0000] {processor.py:157} INFO - Started process (PID=12) to work on /opt/airflow/dags/ETL_goals.py
[2023-11-30T14:27:55.864+0000] {processor.py:829} INFO - Processing file /opt/airflow/dags/ETL_goals.py for tasks to queue
[2023-11-30T14:27:55.867+0000] {logging_mixin.py:151} INFO - [2023-11-30T14:27:55.867+0000] {dagbag.py:536} INFO - Filling up the DagBag from /opt/airflow/dags/ETL_goals.py
[2023-11-30T14:27:55.913+0000] {processor.py:839} INFO - DAG(s) dict_keys(['ETL_goals']) retrieved from /opt/airflow/dags/ETL_goals.py
[2023-11-30T14:27:55.929+0000] {logging_mixin.py:151} INFO - [2023-11-30T14:27:55.928+0000] {dag.py:2941} INFO - Sync 1 DAGs
[2023-11-30T14:27:55.974+0000] {logging_mixin.py:151} INFO - [2023-11-30T14:27:55.974+0000] {dag.py:3722} INFO - Setting next_dagrun for ETL_goals to 2023-10-18T00:00:00+00:00, run_after=2023-10-19T00:00:00+00:00
[2023-11-30T14:27:56.026+0000] {processor.py:179} INFO - Processing /opt/airflow/dags/ETL_goals.py took 0.194 seconds
[2023-11-30T14:28:26.711+0000] {processor.py:157} INFO - Started process (PID=22) to work on /opt/airflow/dags/ETL_goals.py
[2023-11-30T14:28:26.715+0000] {processor.py:829} INFO - Processing file /opt/airflow/dags/ETL_goals.py for tasks to queue
[2023-11-30T14:28:26.724+0000] {logging_mixin.py:151} INFO - [2023-11-30T14:28:26.723+0000] {dagbag.py:536} INFO - Filling up the DagBag from /opt/airflow/dags/ETL_goals.py
[2023-11-30T14:28:26.764+0000] {processor.py:839} INFO - DAG(s) dict_keys(['ETL_goals']) retrieved from /opt/airflow/dags/ETL_goals.py
[2023-11-30T14:28:26.794+0000] {logging_mixin.py:151} INFO - [2023-11-30T14:28:26.794+0000] {dag.py:2941} INFO - Sync 1 DAGs
[2023-11-30T14:28:26.824+0000] {logging_mixin.py:151} INFO - [2023-11-30T14:28:26.824+0000] {dag.py:3722} INFO - Setting next_dagrun for ETL_goals to 2023-10-18T00:00:00+00:00, run_after=2023-10-19T00:00:00+00:00
[2023-11-30T14:28:26.851+0000] {processor.py:179} INFO - Processing /opt/airflow/dags/ETL_goals.py took 0.161 seconds
[2023-11-30T15:12:11.600+0000] {processor.py:157} INFO - Started process (PID=11) to work on /opt/airflow/dags/ETL_goals.py
[2023-11-30T15:12:11.611+0000] {processor.py:829} INFO - Processing file /opt/airflow/dags/ETL_goals.py for tasks to queue
[2023-11-30T15:12:11.622+0000] {logging_mixin.py:151} INFO - [2023-11-30T15:12:11.622+0000] {dagbag.py:536} INFO - Filling up the DagBag from /opt/airflow/dags/ETL_goals.py
[2023-11-30T15:12:11.690+0000] {processor.py:839} INFO - DAG(s) dict_keys(['ETL_goals']) retrieved from /opt/airflow/dags/ETL_goals.py
[2023-11-30T15:12:11.729+0000] {logging_mixin.py:151} INFO - [2023-11-30T15:12:11.728+0000] {dag.py:2941} INFO - Sync 1 DAGs
[2023-11-30T15:12:11.780+0000] {logging_mixin.py:151} INFO - [2023-11-30T15:12:11.779+0000] {dag.py:3722} INFO - Setting next_dagrun for ETL_goals to 2023-10-18T00:00:00+00:00, run_after=2023-10-19T00:00:00+00:00
[2023-11-30T15:12:11.833+0000] {processor.py:179} INFO - Processing /opt/airflow/dags/ETL_goals.py took 0.245 seconds
[2023-11-30T15:12:42.607+0000] {processor.py:157} INFO - Started process (PID=22) to work on /opt/airflow/dags/ETL_goals.py
[2023-11-30T15:12:42.615+0000] {processor.py:829} INFO - Processing file /opt/airflow/dags/ETL_goals.py for tasks to queue
[2023-11-30T15:12:42.635+0000] {logging_mixin.py:151} INFO - [2023-11-30T15:12:42.635+0000] {dagbag.py:536} INFO - Filling up the DagBag from /opt/airflow/dags/ETL_goals.py
[2023-11-30T15:12:42.660+0000] {processor.py:839} INFO - DAG(s) dict_keys(['ETL_goals']) retrieved from /opt/airflow/dags/ETL_goals.py
[2023-11-30T15:12:42.755+0000] {logging_mixin.py:151} INFO - [2023-11-30T15:12:42.755+0000] {dag.py:2941} INFO - Sync 1 DAGs
[2023-11-30T15:12:42.845+0000] {logging_mixin.py:151} INFO - [2023-11-30T15:12:42.845+0000] {dag.py:3722} INFO - Setting next_dagrun for ETL_goals to 2023-10-18T00:00:00+00:00, run_after=2023-10-19T00:00:00+00:00
[2023-11-30T15:12:42.935+0000] {processor.py:179} INFO - Processing /opt/airflow/dags/ETL_goals.py took 0.334 seconds
[2023-11-30T15:22:06.462+0000] {processor.py:157} INFO - Started process (PID=12) to work on /opt/airflow/dags/ETL_goals.py
[2023-11-30T15:22:06.463+0000] {processor.py:829} INFO - Processing file /opt/airflow/dags/ETL_goals.py for tasks to queue
[2023-11-30T15:22:06.466+0000] {logging_mixin.py:151} INFO - [2023-11-30T15:22:06.466+0000] {dagbag.py:536} INFO - Filling up the DagBag from /opt/airflow/dags/ETL_goals.py
[2023-11-30T15:22:06.513+0000] {processor.py:839} INFO - DAG(s) dict_keys(['ETL_goals']) retrieved from /opt/airflow/dags/ETL_goals.py
[2023-11-30T15:22:06.601+0000] {logging_mixin.py:151} INFO - [2023-11-30T15:22:06.600+0000] {dag.py:2941} INFO - Sync 1 DAGs
[2023-11-30T15:22:06.721+0000] {logging_mixin.py:151} INFO - [2023-11-30T15:22:06.719+0000] {dag.py:3722} INFO - Setting next_dagrun for ETL_goals to 2023-10-18T00:00:00+00:00, run_after=2023-10-19T00:00:00+00:00
[2023-11-30T15:22:06.807+0000] {processor.py:179} INFO - Processing /opt/airflow/dags/ETL_goals.py took 0.350 seconds
[2023-11-30T15:22:37.367+0000] {processor.py:157} INFO - Started process (PID=22) to work on /opt/airflow/dags/ETL_goals.py
[2023-11-30T15:22:37.376+0000] {processor.py:829} INFO - Processing file /opt/airflow/dags/ETL_goals.py for tasks to queue
[2023-11-30T15:22:37.379+0000] {logging_mixin.py:151} INFO - [2023-11-30T15:22:37.379+0000] {dagbag.py:536} INFO - Filling up the DagBag from /opt/airflow/dags/ETL_goals.py
[2023-11-30T15:22:37.401+0000] {processor.py:839} INFO - DAG(s) dict_keys(['ETL_goals']) retrieved from /opt/airflow/dags/ETL_goals.py
[2023-11-30T15:22:37.429+0000] {logging_mixin.py:151} INFO - [2023-11-30T15:22:37.429+0000] {dag.py:2941} INFO - Sync 1 DAGs
[2023-11-30T15:22:37.456+0000] {logging_mixin.py:151} INFO - [2023-11-30T15:22:37.456+0000] {dag.py:3722} INFO - Setting next_dagrun for ETL_goals to 2023-10-18T00:00:00+00:00, run_after=2023-10-19T00:00:00+00:00
[2023-11-30T15:22:37.480+0000] {processor.py:179} INFO - Processing /opt/airflow/dags/ETL_goals.py took 0.118 seconds
[2023-11-30T15:30:42.338+0000] {processor.py:157} INFO - Started process (PID=11) to work on /opt/airflow/dags/ETL_goals.py
[2023-11-30T15:30:42.339+0000] {processor.py:829} INFO - Processing file /opt/airflow/dags/ETL_goals.py for tasks to queue
[2023-11-30T15:30:42.348+0000] {logging_mixin.py:151} INFO - [2023-11-30T15:30:42.347+0000] {dagbag.py:536} INFO - Filling up the DagBag from /opt/airflow/dags/ETL_goals.py
[2023-11-30T15:30:42.414+0000] {processor.py:839} INFO - DAG(s) dict_keys(['ETL_goals']) retrieved from /opt/airflow/dags/ETL_goals.py
[2023-11-30T15:30:42.461+0000] {logging_mixin.py:151} INFO - [2023-11-30T15:30:42.460+0000] {dag.py:2941} INFO - Sync 1 DAGs
[2023-11-30T15:30:42.495+0000] {logging_mixin.py:151} INFO - [2023-11-30T15:30:42.495+0000] {dag.py:3722} INFO - Setting next_dagrun for ETL_goals to 2023-10-18T00:00:00+00:00, run_after=2023-10-19T00:00:00+00:00
[2023-11-30T15:30:42.571+0000] {processor.py:179} INFO - Processing /opt/airflow/dags/ETL_goals.py took 0.246 seconds
[2023-11-30T15:31:13.092+0000] {processor.py:157} INFO - Started process (PID=22) to work on /opt/airflow/dags/ETL_goals.py
[2023-11-30T15:31:13.094+0000] {processor.py:829} INFO - Processing file /opt/airflow/dags/ETL_goals.py for tasks to queue
[2023-11-30T15:31:13.097+0000] {logging_mixin.py:151} INFO - [2023-11-30T15:31:13.097+0000] {dagbag.py:536} INFO - Filling up the DagBag from /opt/airflow/dags/ETL_goals.py
[2023-11-30T15:31:13.118+0000] {processor.py:839} INFO - DAG(s) dict_keys(['ETL_goals']) retrieved from /opt/airflow/dags/ETL_goals.py
[2023-11-30T15:31:13.145+0000] {logging_mixin.py:151} INFO - [2023-11-30T15:31:13.145+0000] {dag.py:2941} INFO - Sync 1 DAGs
[2023-11-30T15:31:13.179+0000] {logging_mixin.py:151} INFO - [2023-11-30T15:31:13.179+0000] {dag.py:3722} INFO - Setting next_dagrun for ETL_goals to 2023-10-18T00:00:00+00:00, run_after=2023-10-19T00:00:00+00:00
[2023-11-30T15:31:13.488+0000] {processor.py:179} INFO - Processing /opt/airflow/dags/ETL_goals.py took 0.403 seconds
[2023-11-30T15:31:43.656+0000] {processor.py:157} INFO - Started process (PID=34) to work on /opt/airflow/dags/ETL_goals.py
[2023-11-30T15:31:43.658+0000] {processor.py:829} INFO - Processing file /opt/airflow/dags/ETL_goals.py for tasks to queue
[2023-11-30T15:31:43.661+0000] {logging_mixin.py:151} INFO - [2023-11-30T15:31:43.661+0000] {dagbag.py:536} INFO - Filling up the DagBag from /opt/airflow/dags/ETL_goals.py
[2023-11-30T15:31:43.687+0000] {processor.py:839} INFO - DAG(s) dict_keys(['ETL_goals']) retrieved from /opt/airflow/dags/ETL_goals.py
[2023-11-30T15:31:43.723+0000] {logging_mixin.py:151} INFO - [2023-11-30T15:31:43.720+0000] {dag.py:2941} INFO - Sync 1 DAGs
[2023-11-30T15:31:44.133+0000] {logging_mixin.py:151} INFO - [2023-11-30T15:31:44.133+0000] {dag.py:3722} INFO - Setting next_dagrun for ETL_goals to 2023-10-18T00:00:00+00:00, run_after=2023-10-19T00:00:00+00:00
[2023-11-30T15:31:44.166+0000] {processor.py:179} INFO - Processing /opt/airflow/dags/ETL_goals.py took 0.515 seconds
[2023-11-30T15:32:14.241+0000] {processor.py:157} INFO - Started process (PID=45) to work on /opt/airflow/dags/ETL_goals.py
[2023-11-30T15:32:14.246+0000] {processor.py:829} INFO - Processing file /opt/airflow/dags/ETL_goals.py for tasks to queue
[2023-11-30T15:32:14.252+0000] {logging_mixin.py:151} INFO - [2023-11-30T15:32:14.252+0000] {dagbag.py:536} INFO - Filling up the DagBag from /opt/airflow/dags/ETL_goals.py
[2023-11-30T15:32:14.277+0000] {processor.py:839} INFO - DAG(s) dict_keys(['ETL_goals']) retrieved from /opt/airflow/dags/ETL_goals.py
[2023-11-30T15:32:14.311+0000] {logging_mixin.py:151} INFO - [2023-11-30T15:32:14.311+0000] {dag.py:2941} INFO - Sync 1 DAGs
[2023-11-30T15:32:14.562+0000] {logging_mixin.py:151} INFO - [2023-11-30T15:32:14.561+0000] {dag.py:3722} INFO - Setting next_dagrun for ETL_goals to 2023-10-18T00:00:00+00:00, run_after=2023-10-19T00:00:00+00:00
[2023-11-30T15:32:14.590+0000] {processor.py:179} INFO - Processing /opt/airflow/dags/ETL_goals.py took 0.355 seconds
[2023-11-30T15:32:46.110+0000] {processor.py:157} INFO - Started process (PID=56) to work on /opt/airflow/dags/ETL_goals.py
[2023-11-30T15:32:46.119+0000] {processor.py:829} INFO - Processing file /opt/airflow/dags/ETL_goals.py for tasks to queue
[2023-11-30T15:32:46.123+0000] {logging_mixin.py:151} INFO - [2023-11-30T15:32:46.122+0000] {dagbag.py:536} INFO - Filling up the DagBag from /opt/airflow/dags/ETL_goals.py
[2023-11-30T15:32:46.166+0000] {processor.py:839} INFO - DAG(s) dict_keys(['ETL_goals']) retrieved from /opt/airflow/dags/ETL_goals.py
[2023-11-30T15:32:46.599+0000] {logging_mixin.py:151} INFO - [2023-11-30T15:32:46.599+0000] {dag.py:2941} INFO - Sync 1 DAGs
[2023-11-30T15:32:46.644+0000] {logging_mixin.py:151} INFO - [2023-11-30T15:32:46.644+0000] {dag.py:3722} INFO - Setting next_dagrun for ETL_goals to 2023-10-18T00:00:00+00:00, run_after=2023-10-19T00:00:00+00:00
[2023-11-30T15:32:46.671+0000] {processor.py:179} INFO - Processing /opt/airflow/dags/ETL_goals.py took 0.572 seconds
[2023-11-30T15:33:16.972+0000] {processor.py:157} INFO - Started process (PID=66) to work on /opt/airflow/dags/ETL_goals.py
[2023-11-30T15:33:16.974+0000] {processor.py:829} INFO - Processing file /opt/airflow/dags/ETL_goals.py for tasks to queue
[2023-11-30T15:33:16.978+0000] {logging_mixin.py:151} INFO - [2023-11-30T15:33:16.978+0000] {dagbag.py:536} INFO - Filling up the DagBag from /opt/airflow/dags/ETL_goals.py
[2023-11-30T15:33:17.248+0000] {processor.py:839} INFO - DAG(s) dict_keys(['ETL_goals']) retrieved from /opt/airflow/dags/ETL_goals.py
[2023-11-30T15:33:17.276+0000] {logging_mixin.py:151} INFO - [2023-11-30T15:33:17.276+0000] {dag.py:2941} INFO - Sync 1 DAGs
[2023-11-30T15:33:17.302+0000] {logging_mixin.py:151} INFO - [2023-11-30T15:33:17.302+0000] {dag.py:3722} INFO - Setting next_dagrun for ETL_goals to 2023-10-18T00:00:00+00:00, run_after=2023-10-19T00:00:00+00:00
[2023-11-30T15:33:17.327+0000] {processor.py:179} INFO - Processing /opt/airflow/dags/ETL_goals.py took 0.359 seconds
[2023-11-30T15:33:47.575+0000] {processor.py:157} INFO - Started process (PID=77) to work on /opt/airflow/dags/ETL_goals.py
[2023-11-30T15:33:47.577+0000] {processor.py:829} INFO - Processing file /opt/airflow/dags/ETL_goals.py for tasks to queue
[2023-11-30T15:33:47.580+0000] {logging_mixin.py:151} INFO - [2023-11-30T15:33:47.579+0000] {dagbag.py:536} INFO - Filling up the DagBag from /opt/airflow/dags/ETL_goals.py
[2023-11-30T15:33:47.626+0000] {processor.py:839} INFO - DAG(s) dict_keys(['ETL_goals']) retrieved from /opt/airflow/dags/ETL_goals.py
[2023-11-30T15:33:47.687+0000] {logging_mixin.py:151} INFO - [2023-11-30T15:33:47.686+0000] {dag.py:2941} INFO - Sync 1 DAGs
[2023-11-30T15:33:47.731+0000] {logging_mixin.py:151} INFO - [2023-11-30T15:33:47.731+0000] {dag.py:3722} INFO - Setting next_dagrun for ETL_goals to 2023-10-18T00:00:00+00:00, run_after=2023-10-19T00:00:00+00:00
[2023-11-30T15:33:47.848+0000] {processor.py:179} INFO - Processing /opt/airflow/dags/ETL_goals.py took 0.314 seconds
[2023-11-30T15:34:18.643+0000] {processor.py:157} INFO - Started process (PID=88) to work on /opt/airflow/dags/ETL_goals.py
[2023-11-30T15:34:18.664+0000] {processor.py:829} INFO - Processing file /opt/airflow/dags/ETL_goals.py for tasks to queue
[2023-11-30T15:34:18.669+0000] {logging_mixin.py:151} INFO - [2023-11-30T15:34:18.668+0000] {dagbag.py:536} INFO - Filling up the DagBag from /opt/airflow/dags/ETL_goals.py
[2023-11-30T15:34:18.725+0000] {processor.py:839} INFO - DAG(s) dict_keys(['ETL_goals']) retrieved from /opt/airflow/dags/ETL_goals.py
[2023-11-30T15:34:18.811+0000] {logging_mixin.py:151} INFO - [2023-11-30T15:34:18.811+0000] {dag.py:2941} INFO - Sync 1 DAGs
[2023-11-30T15:34:18.864+0000] {logging_mixin.py:151} INFO - [2023-11-30T15:34:18.863+0000] {dag.py:3722} INFO - Setting next_dagrun for ETL_goals to 2023-10-18T00:00:00+00:00, run_after=2023-10-19T00:00:00+00:00
[2023-11-30T15:34:18.905+0000] {processor.py:179} INFO - Processing /opt/airflow/dags/ETL_goals.py took 0.266 seconds
[2023-11-30T15:34:49.242+0000] {processor.py:157} INFO - Started process (PID=99) to work on /opt/airflow/dags/ETL_goals.py
[2023-11-30T15:34:49.244+0000] {processor.py:829} INFO - Processing file /opt/airflow/dags/ETL_goals.py for tasks to queue
[2023-11-30T15:34:49.248+0000] {logging_mixin.py:151} INFO - [2023-11-30T15:34:49.247+0000] {dagbag.py:536} INFO - Filling up the DagBag from /opt/airflow/dags/ETL_goals.py
[2023-11-30T15:34:49.268+0000] {processor.py:839} INFO - DAG(s) dict_keys(['ETL_goals']) retrieved from /opt/airflow/dags/ETL_goals.py
[2023-11-30T15:34:49.296+0000] {logging_mixin.py:151} INFO - [2023-11-30T15:34:49.296+0000] {dag.py:2941} INFO - Sync 1 DAGs
[2023-11-30T15:34:49.323+0000] {logging_mixin.py:151} INFO - [2023-11-30T15:34:49.323+0000] {dag.py:3722} INFO - Setting next_dagrun for ETL_goals to 2023-10-18T00:00:00+00:00, run_after=2023-10-19T00:00:00+00:00
[2023-11-30T15:34:49.345+0000] {processor.py:179} INFO - Processing /opt/airflow/dags/ETL_goals.py took 0.107 seconds
[2023-11-30T15:35:19.794+0000] {processor.py:157} INFO - Started process (PID=110) to work on /opt/airflow/dags/ETL_goals.py
[2023-11-30T15:35:19.796+0000] {processor.py:829} INFO - Processing file /opt/airflow/dags/ETL_goals.py for tasks to queue
[2023-11-30T15:35:19.799+0000] {logging_mixin.py:151} INFO - [2023-11-30T15:35:19.799+0000] {dagbag.py:536} INFO - Filling up the DagBag from /opt/airflow/dags/ETL_goals.py
[2023-11-30T15:35:19.850+0000] {processor.py:839} INFO - DAG(s) dict_keys(['ETL_goals']) retrieved from /opt/airflow/dags/ETL_goals.py
[2023-11-30T15:35:19.892+0000] {logging_mixin.py:151} INFO - [2023-11-30T15:35:19.892+0000] {dag.py:2941} INFO - Sync 1 DAGs
[2023-11-30T15:35:19.940+0000] {logging_mixin.py:151} INFO - [2023-11-30T15:35:19.939+0000] {dag.py:3722} INFO - Setting next_dagrun for ETL_goals to 2023-10-18T00:00:00+00:00, run_after=2023-10-19T00:00:00+00:00
[2023-11-30T15:35:19.982+0000] {processor.py:179} INFO - Processing /opt/airflow/dags/ETL_goals.py took 0.192 seconds
[2023-11-30T15:42:09.128+0000] {processor.py:157} INFO - Started process (PID=120) to work on /opt/airflow/dags/ETL_goals.py
[2023-11-30T15:42:09.156+0000] {processor.py:829} INFO - Processing file /opt/airflow/dags/ETL_goals.py for tasks to queue
[2023-11-30T15:42:09.187+0000] {logging_mixin.py:151} INFO - [2023-11-30T15:42:09.186+0000] {dagbag.py:536} INFO - Filling up the DagBag from /opt/airflow/dags/ETL_goals.py
[2023-11-30T15:42:09.399+0000] {processor.py:839} INFO - DAG(s) dict_keys(['ETL_goals']) retrieved from /opt/airflow/dags/ETL_goals.py
[2023-11-30T15:42:09.816+0000] {logging_mixin.py:151} INFO - [2023-11-30T15:42:09.816+0000] {dag.py:2941} INFO - Sync 1 DAGs
[2023-11-30T15:42:10.027+0000] {logging_mixin.py:151} INFO - [2023-11-30T15:42:10.027+0000] {dag.py:3722} INFO - Setting next_dagrun for ETL_goals to 2023-10-18T00:00:00+00:00, run_after=2023-10-19T00:00:00+00:00
[2023-11-30T15:42:10.202+0000] {processor.py:179} INFO - Processing /opt/airflow/dags/ETL_goals.py took 1.094 seconds
